<<<<<<< Updated upstream
{"config":"74a92223-0e1c-4b50-83c0-1eb6a6563b7b","error":"Request failed with status code 500","level":"error","message":"Data fetch failed","timestamp":"2026-01-31T13:37:01.015Z"}
{"config":"74a92223-0e1c-4b50-83c0-1eb6a6563b7b","error":"Request failed with status code 500","level":"error","message":"Data fetch failed","timestamp":"2026-01-31T13:38:01.461Z"}
{"config":"74a92223-0e1c-4b50-83c0-1eb6a6563b7b","error":"Request failed with status code 500","level":"error","message":"Data fetch failed","timestamp":"2026-01-31T13:39:00.783Z"}
{"config":"74a92223-0e1c-4b50-83c0-1eb6a6563b7b","error":"Request failed with status code 500","level":"error","message":"Data fetch failed","timestamp":"2026-01-31T13:40:00.858Z"}
{"config":"74a92223-0e1c-4b50-83c0-1eb6a6563b7b","error":"Request failed with status code 500","level":"error","message":"Data fetch failed","timestamp":"2026-01-31T13:41:01.211Z"}
{"config":"74a92223-0e1c-4b50-83c0-1eb6a6563b7b","error":"Request failed with status code 500","level":"error","message":"Data fetch failed","timestamp":"2026-01-31T13:42:01.002Z"}
{"config":"74a92223-0e1c-4b50-83c0-1eb6a6563b7b","error":"Request failed with status code 500","level":"error","message":"Data fetch failed","timestamp":"2026-01-31T13:43:00.824Z"}
{"config":"74a92223-0e1c-4b50-83c0-1eb6a6563b7b","error":"Request failed with status code 500","level":"error","message":"Data fetch failed","timestamp":"2026-01-31T13:44:00.872Z"}
{"config":"74a92223-0e1c-4b50-83c0-1eb6a6563b7b","error":"Request failed with status code 500","level":"error","message":"Data fetch failed","timestamp":"2026-01-31T13:45:01.094Z"}
{"config":"74a92223-0e1c-4b50-83c0-1eb6a6563b7b","error":"Request failed with status code 500","level":"error","message":"Data fetch failed","timestamp":"2026-01-31T13:46:01.660Z"}
{"config":"74a92223-0e1c-4b50-83c0-1eb6a6563b7b","error":"Request failed with status code 500","level":"error","message":"Data fetch failed","timestamp":"2026-01-31T13:48:01.161Z"}
{"config":"74a92223-0e1c-4b50-83c0-1eb6a6563b7b","error":"Request failed with status code 500","level":"error","message":"Data fetch failed","timestamp":"2026-01-31T13:49:00.787Z"}
{"config":"74a92223-0e1c-4b50-83c0-1eb6a6563b7b","error":"Request failed with status code 500","level":"error","message":"Data fetch failed","timestamp":"2026-01-31T13:50:00.935Z"}
{"config":"74a92223-0e1c-4b50-83c0-1eb6a6563b7b","error":"Request failed with status code 500","level":"error","message":"Data fetch failed","timestamp":"2026-01-31T13:51:00.861Z"}
{"config":"74a92223-0e1c-4b50-83c0-1eb6a6563b7b","error":"Request failed with status code 500","level":"error","message":"Data fetch failed","timestamp":"2026-01-31T13:52:01.057Z"}
{"config":"74a92223-0e1c-4b50-83c0-1eb6a6563b7b","error":"Request failed with status code 500","level":"error","message":"Data fetch failed","timestamp":"2026-01-31T13:53:01.344Z"}
{"config":"74a92223-0e1c-4b50-83c0-1eb6a6563b7b","error":"Request failed with status code 500","level":"error","message":"Data fetch failed","timestamp":"2026-01-31T13:54:00.837Z"}
{"config":"74a92223-0e1c-4b50-83c0-1eb6a6563b7b","error":"Request failed with status code 500","level":"error","message":"Data fetch failed","timestamp":"2026-01-31T13:55:00.895Z"}
{"config":"74a92223-0e1c-4b50-83c0-1eb6a6563b7b","error":"Request failed with status code 500","level":"error","message":"Data fetch failed","timestamp":"2026-01-31T13:56:01.042Z"}
{"config":"74a92223-0e1c-4b50-83c0-1eb6a6563b7b","error":"Request failed with status code 500","level":"error","message":"Data fetch failed","timestamp":"2026-01-31T13:57:00.808Z"}
{"config":"74a92223-0e1c-4b50-83c0-1eb6a6563b7b","error":"isPaytm is not defined","level":"error","message":"Data fetch failed","timestamp":"2026-01-31T14:06:00.091Z"}
{"config":"74a92223-0e1c-4b50-83c0-1eb6a6563b7b","error":"isPaytm is not defined","level":"error","message":"Data fetch failed","timestamp":"2026-01-31T14:07:00.164Z"}
{"config":"74a92223-0e1c-4b50-83c0-1eb6a6563b7b","error":"isPaytm is not defined","level":"error","message":"Data fetch failed","timestamp":"2026-01-31T14:08:00.334Z"}
{"config":"74a92223-0e1c-4b50-83c0-1eb6a6563b7b","error":"isPaytm is not defined","level":"error","message":"Data fetch failed","timestamp":"2026-01-31T14:09:00.217Z"}
{"config":"74a92223-0e1c-4b50-83c0-1eb6a6563b7b","error":"isPaytm is not defined","level":"error","message":"Data fetch failed","timestamp":"2026-01-31T14:10:00.226Z"}
{"config":"74a92223-0e1c-4b50-83c0-1eb6a6563b7b","error":"isPaytm is not defined","level":"error","message":"Data fetch failed","timestamp":"2026-01-31T14:11:00.309Z"}
{"config":"74a92223-0e1c-4b50-83c0-1eb6a6563b7b","error":"isPaytm is not defined","level":"error","message":"Data fetch failed","timestamp":"2026-01-31T14:12:00.290Z"}
{"config":"74a92223-0e1c-4b50-83c0-1eb6a6563b7b","error":"isPaytm is not defined","level":"error","message":"Data fetch failed","timestamp":"2026-01-31T14:13:00.285Z"}
{"config":"74a92223-0e1c-4b50-83c0-1eb6a6563b7b","error":"isPaytm is not defined","level":"error","message":"Data fetch failed","timestamp":"2026-01-31T14:14:00.322Z"}
{"config":"74a92223-0e1c-4b50-83c0-1eb6a6563b7b","error":"isPaytm is not defined","level":"error","message":"Data fetch failed","timestamp":"2026-01-31T14:15:00.131Z"}
{"config":"74a92223-0e1c-4b50-83c0-1eb6a6563b7b","error":"isPaytm is not defined","level":"error","message":"Data fetch failed","timestamp":"2026-01-31T14:16:00.237Z"}
{"config":"74a92223-0e1c-4b50-83c0-1eb6a6563b7b","error":"isPaytm is not defined","level":"error","message":"Data fetch failed","timestamp":"2026-01-31T14:17:00.208Z"}
{"config":"74a92223-0e1c-4b50-83c0-1eb6a6563b7b","error":"isPaytm is not defined","level":"error","message":"Data fetch failed","timestamp":"2026-01-31T14:18:00.106Z"}
{"config":"74a92223-0e1c-4b50-83c0-1eb6a6563b7b","error":"fromEpochMs is not defined","level":"error","message":"Data fetch failed","timestamp":"2026-01-31T14:19:00.225Z"}
{"config":"74a92223-0e1c-4b50-83c0-1eb6a6563b7b","error":"fromEpochMs is not defined","level":"error","message":"Data fetch failed","timestamp":"2026-01-31T14:20:00.207Z"}
{"level":"info","message":"Inserting aggregated items","timestamp":"2026-01-31T14:21:02.751Z","values":["cd9ad9c1-0418-4d26-9015-d17dff4033ad","c9f3562d-e569-4453-abf6-a72615771818","IPA8YY-3730","VVC00095","CRAFTSLANE",null,"DOMESTIC 1","TERMINAL 1",null,"2025-12-31T22:18:55.000Z","2026-01-01",["02KVJZFSQL300"],["CL Fridge magnet"],[null],["Piece"],[1],[199],[199],[0],[21.32],[0],[0],[0],null,null,"SALE",[0],["9701"]]}
=======
{"config":"2df4853f-c68a-4711-a3cf-2348318f2565","error":"Request failed with status code 401","level":"error","message":"Data fetch failed","timestamp":"2026-01-31T11:22:01.173Z"}
{"config":"2df4853f-c68a-4711-a3cf-2348318f2565","error":"Request failed with status code 401","level":"error","message":"Data fetch failed","timestamp":"2026-01-31T11:23:00.946Z"}
{"config":"2df4853f-c68a-4711-a3cf-2348318f2565","error":"Request failed with status code 401","level":"error","message":"Data fetch failed","timestamp":"2026-01-31T11:24:00.848Z"}
{"config":"2df4853f-c68a-4711-a3cf-2348318f2565","error":"Request failed with status code 401","level":"error","message":"Data fetch failed","timestamp":"2026-01-31T11:25:00.865Z"}
{"config":"2df4853f-c68a-4711-a3cf-2348318f2565","error":"Request failed with status code 401","level":"error","message":"Data fetch failed","timestamp":"2026-01-31T11:26:00.469Z"}
{"config":"2df4853f-c68a-4711-a3cf-2348318f2565","error":"Request failed with status code 401","level":"error","message":"Data fetch failed","timestamp":"2026-01-31T11:27:00.657Z"}
{"config":"2df4853f-c68a-4711-a3cf-2348318f2565","error":"Request failed with status code 401","level":"error","message":"Data fetch failed","timestamp":"2026-01-31T11:28:00.520Z"}
{"config":"2df4853f-c68a-4711-a3cf-2348318f2565","error":"Request failed with status code 401","level":"error","message":"Data fetch failed","timestamp":"2026-01-31T13:18:01.071Z"}
{"config":"2df4853f-c68a-4711-a3cf-2348318f2565","error":"Request failed with status code 401","level":"error","message":"Data fetch failed","timestamp":"2026-01-31T13:19:00.821Z"}
{"config":"2df4853f-c68a-4711-a3cf-2348318f2565","error":"Request failed with status code 401","level":"error","message":"Data fetch failed","timestamp":"2026-01-31T13:21:00.767Z"}
{"config":"2df4853f-c68a-4711-a3cf-2348318f2565","error":"Request failed with status code 401","level":"error","message":"Data fetch failed","timestamp":"2026-01-31T13:22:00.790Z"}
{"config":"2df4853f-c68a-4711-a3cf-2348318f2565","error":"Request failed with status code 401","level":"error","message":"Data fetch failed","timestamp":"2026-01-31T13:27:01.052Z"}
{"config":"2df4853f-c68a-4711-a3cf-2348318f2565","error":"Request failed with status code 401","level":"error","message":"Data fetch failed","timestamp":"2026-01-31T13:28:00.866Z"}
{"config":"2df4853f-c68a-4711-a3cf-2348318f2565","error":"Request failed with status code 401","level":"error","message":"Data fetch failed","timestamp":"2026-01-31T13:29:00.794Z"}
{"config":"2df4853f-c68a-4711-a3cf-2348318f2565","error":"Request failed with status code 401","level":"error","message":"Data fetch failed","timestamp":"2026-01-31T13:30:00.554Z"}
{"config":"2df4853f-c68a-4711-a3cf-2348318f2565","error":"Request failed with status code 401","level":"error","message":"Data fetch failed","timestamp":"2026-01-31T13:31:00.607Z"}
{"headers":["Authorization"],"level":"info","message":"Calling API","method":"GET","params":["end","start"],"timestamp":"2026-01-31T13:32:00.313Z","url":"https://portal-pos.paytm.com/api/branch/311968493/transactiondetail"}
{"config":"2df4853f-c68a-4711-a3cf-2348318f2565","error":"Request failed with status code 401","level":"error","message":"Data fetch failed","timestamp":"2026-01-31T13:32:01.156Z"}
{"headers":["Authorization"],"level":"info","message":"Calling API","method":"GET","params":["end","start"],"timestamp":"2026-01-31T13:33:00.129Z","url":"https://portal-pos.paytm.com/api/branch/311968493/transactiondetail"}
{"config":"2df4853f-c68a-4711-a3cf-2348318f2565","error":"Request failed with status code 401","level":"error","message":"Data fetch failed","timestamp":"2026-01-31T13:33:00.638Z"}
{"headers":["Authorization"],"level":"info","message":"Calling API","method":"GET","params":{"end":"1769866440281","start":"1769731200000"},"timestamp":"2026-01-31T13:34:00.283Z","url":"https://portal-pos.paytm.com/api/branch/311968493/transactiondetail"}
{"config":"2df4853f-c68a-4711-a3cf-2348318f2565","error":"Request failed with status code 401","level":"error","message":"Data fetch failed","timestamp":"2026-01-31T13:34:01.299Z"}
{"headers":["Authorization"],"level":"info","message":"Calling API","method":"GET","params":{"end":"1769866500232","start":"1769731200000"},"timestamp":"2026-01-31T13:35:00.236Z","url":"https://portal-pos.paytm.com/api/branch/311968493/transactiondetail"}
{"config":"2df4853f-c68a-4711-a3cf-2348318f2565","error":"Request failed with status code 401","level":"error","message":"Data fetch failed","timestamp":"2026-01-31T13:35:00.848Z"}
{"headers":["Authorization"],"level":"info","message":"Calling API","method":"GET","params":{"end":"1769866560219","start":"1769731200000"},"timestamp":"2026-01-31T13:36:00.223Z","url":"https://portal-pos.paytm.com/api/branch/311968493/transactiondetail"}
{"config":"2df4853f-c68a-4711-a3cf-2348318f2565","error":"Request failed with status code 401","level":"error","message":"Data fetch failed","timestamp":"2026-01-31T13:36:00.955Z"}
{"headers":["Authorization"],"level":"info","message":"Calling API","method":"GET","params":{"end":"1769866620228","start":"1769731200000"},"timestamp":"2026-01-31T13:37:00.230Z","url":"https://portal-pos.paytm.com/api/branch/311968493/transactiondetail"}
{"config":"2df4853f-c68a-4711-a3cf-2348318f2565","error":"Request failed with status code 401","level":"error","message":"Data fetch failed","timestamp":"2026-01-31T13:37:00.915Z"}
{"headers":["Authorization"],"level":"info","message":"Calling API","method":"GET","params":{"end":"1769866680227","start":"1769731200000"},"timestamp":"2026-01-31T13:38:00.236Z","url":"https://portal-pos.paytm.com/api/branch/311968493/transactiondetail"}
{"config":"2df4853f-c68a-4711-a3cf-2348318f2565","error":"Request failed with status code 401","level":"error","message":"Data fetch failed","timestamp":"2026-01-31T13:38:00.892Z"}
{"headers":["Authorization"],"level":"info","message":"Calling API","method":"GET","params":{"end":"1769866740216","start":"1769731200000"},"timestamp":"2026-01-31T13:39:00.216Z","url":"https://portal-pos.paytm.com/api/branch/311968493/transactiondetail"}
{"config":"2df4853f-c68a-4711-a3cf-2348318f2565","error":"Request failed with status code 401","level":"error","message":"Data fetch failed","timestamp":"2026-01-31T13:39:00.753Z"}
{"headers":["Authorization"],"level":"info","message":"Calling API","method":"GET","params":{"end":"1769866800239","start":"1769731200000"},"timestamp":"2026-01-31T13:40:00.240Z","url":"https://portal-pos.paytm.com/api/branch/311968493/transactiondetail"}
{"config":"2df4853f-c68a-4711-a3cf-2348318f2565","error":"Request failed with status code 401","level":"error","message":"Data fetch failed","timestamp":"2026-01-31T13:40:00.667Z"}
{"headers":["Authorization"],"level":"info","message":"Calling API","method":"GET","params":{"end":"1769866860249","start":"1769731200000"},"timestamp":"2026-01-31T13:41:00.251Z","url":"https://portal-pos.paytm.com/api/branch/311968493/transactiondetail"}
{"config":"2df4853f-c68a-4711-a3cf-2348318f2565","error":"Request failed with status code 401","level":"error","message":"Data fetch failed","timestamp":"2026-01-31T13:41:00.772Z"}
{"headers":["Authorization"],"level":"info","message":"Calling API","method":"GET","params":{"end":"1769866920279","start":"1769731200000"},"timestamp":"2026-01-31T13:42:00.280Z","url":"https://portal-pos.paytm.com/api/branch/311968493/transactiondetail"}
{"config":"2df4853f-c68a-4711-a3cf-2348318f2565","error":"Request failed with status code 401","level":"error","message":"Data fetch failed","timestamp":"2026-01-31T13:42:00.717Z"}
{"headers":["Authorization"],"level":"info","message":"Calling API","method":"GET","params":{"end":"1769866980234","start":"1769731200000"},"timestamp":"2026-01-31T13:43:00.234Z","url":"https://portal-pos.paytm.com/api/branch/311968493/transactiondetail"}
{"config":"2df4853f-c68a-4711-a3cf-2348318f2565","error":"Request failed with status code 401","level":"error","message":"Data fetch failed","timestamp":"2026-01-31T13:43:00.749Z"}
{"headers":["Authorization"],"level":"info","message":"Calling API","method":"GET","params":{"end":"1769867040218","start":"1769731200000"},"timestamp":"2026-01-31T13:44:00.219Z","url":"https://portal-pos.paytm.com/api/branch/311968493/transactiondetail"}
{"config":"2df4853f-c68a-4711-a3cf-2348318f2565","error":"Request failed with status code 401","level":"error","message":"Data fetch failed","timestamp":"2026-01-31T13:44:01.095Z"}
{"headers":["Authorization"],"level":"info","message":"Calling API","method":"GET","params":{"end":"1769867100216","start":"1769731200000"},"timestamp":"2026-01-31T13:45:00.216Z","url":"https://portal-pos.paytm.com/api/branch/311968493/transactiondetail"}
{"config":"2df4853f-c68a-4711-a3cf-2348318f2565","error":"Request failed with status code 401","level":"error","message":"Data fetch failed","timestamp":"2026-01-31T13:45:00.659Z"}
{"headers":["Authorization"],"level":"info","message":"Calling API","method":"GET","params":{"end":"1769867160096","start":"1769731200000"},"timestamp":"2026-01-31T13:46:00.097Z","url":"https://portal-pos.paytm.com/api/branch/311968493/transactiondetail"}
{"config":"2df4853f-c68a-4711-a3cf-2348318f2565","error":"Request failed with status code 401","level":"error","message":"Data fetch failed","timestamp":"2026-01-31T13:46:00.818Z"}
{"headers":["Authorization"],"level":"info","message":"Calling API","method":"GET","params":{"end":"1769867220106","start":"1769731200000"},"timestamp":"2026-01-31T13:47:00.106Z","url":"https://portal-pos.paytm.com/api/branch/311968493/transactiondetail"}
{"config":"2df4853f-c68a-4711-a3cf-2348318f2565","error":"Request failed with status code 401","level":"error","message":"Data fetch failed","timestamp":"2026-01-31T13:47:00.593Z"}
{"headers":["Authorization"],"level":"info","message":"Calling API","method":"GET","params":{"end":"1769867280100","start":"1769731200000"},"timestamp":"2026-01-31T13:48:00.101Z","url":"https://portal-pos.paytm.com/api/branch/311968493/transactiondetail"}
{"config":"2df4853f-c68a-4711-a3cf-2348318f2565","error":"Request failed with status code 401","level":"error","message":"Data fetch failed","timestamp":"2026-01-31T13:48:00.489Z"}
{"headers":["Authorization"],"level":"info","message":"Calling API","method":"GET","params":{"end":"1769867340209","start":"1769731200000"},"timestamp":"2026-01-31T13:49:00.218Z","url":"https://portal-pos.paytm.com/api/branch/311968493/transactiondetail"}
{"config":"2df4853f-c68a-4711-a3cf-2348318f2565","error":"Request failed with status code 401","level":"error","message":"Data fetch failed","timestamp":"2026-01-31T13:49:00.601Z"}
{"headers":["Authorization"],"level":"info","message":"Calling API","method":"GET","params":{"end":"1769867400227","start":"1769731200000"},"timestamp":"2026-01-31T13:50:00.230Z","url":"https://portal-pos.paytm.com/api/branch/311968493/transactiondetail"}
{"config":"2df4853f-c68a-4711-a3cf-2348318f2565","error":"Request failed with status code 401","level":"error","message":"Data fetch failed","timestamp":"2026-01-31T13:50:00.521Z"}
{"headers":["Authorization"],"level":"info","message":"Calling API","method":"GET","params":{"end":"1769867460220","start":"1769731200000"},"timestamp":"2026-01-31T13:51:00.220Z","url":"https://portal-pos.paytm.com/api/branch/311968493/transactiondetail"}
{"config":"2df4853f-c68a-4711-a3cf-2348318f2565","error":"Request failed with status code 401","level":"error","message":"Data fetch failed","timestamp":"2026-01-31T13:51:00.518Z"}
{"headers":["Authorization"],"level":"info","message":"Calling API","method":"GET","params":{"end":"1769867520212","start":"1769731200000"},"timestamp":"2026-01-31T13:52:00.214Z","url":"https://portal-pos.paytm.com/api/branch/311968493/transactiondetail"}
{"config":"2df4853f-c68a-4711-a3cf-2348318f2565","error":"Request failed with status code 401","level":"error","message":"Data fetch failed","timestamp":"2026-01-31T13:52:01.107Z"}
{"headers":["Authorization"],"level":"info","message":"Calling API","method":"GET","params":{"end":"1769867580190","start":"1769731200000"},"timestamp":"2026-01-31T13:53:00.191Z","url":"https://portal-pos.paytm.com/api/branch/311968493/transactiondetail"}
{"config":"2df4853f-c68a-4711-a3cf-2348318f2565","error":"Request failed with status code 401","level":"error","message":"Data fetch failed","timestamp":"2026-01-31T13:53:01.335Z"}
{"headers":["Authorization"],"level":"info","message":"Calling API","method":"GET","params":{"end":"1769867640202","start":"1769731200000"},"timestamp":"2026-01-31T13:54:00.203Z","url":"https://portal-pos.paytm.com/api/branch/311968493/transactiondetail"}
{"config":"2df4853f-c68a-4711-a3cf-2348318f2565","error":"Request failed with status code 401","level":"error","message":"Data fetch failed","timestamp":"2026-01-31T13:54:00.735Z"}
{"headers":["Authorization"],"level":"info","message":"Calling API","method":"GET","params":{"end":"1769867700222","start":"1769731200000"},"timestamp":"2026-01-31T13:55:00.224Z","url":"https://portal-pos.paytm.com/api/branch/311968493/transactiondetail"}
{"config":"2df4853f-c68a-4711-a3cf-2348318f2565","error":"Request failed with status code 401","level":"error","message":"Data fetch failed","timestamp":"2026-01-31T13:55:00.936Z"}
{"headers":["Authorization"],"level":"info","message":"Calling API","method":"GET","params":{"end":"1769867760221","start":"1769731200000"},"timestamp":"2026-01-31T13:56:00.222Z","url":"https://portal-pos.paytm.com/api/branch/311968493/transactiondetail"}
{"config":"2df4853f-c68a-4711-a3cf-2348318f2565","error":"Request failed with status code 401","level":"error","message":"Data fetch failed","timestamp":"2026-01-31T13:56:00.467Z"}
{"headers":["Authorization"],"level":"info","message":"Calling API","method":"GET","params":{"end":"1769867820175","start":"1769731200000"},"timestamp":"2026-01-31T13:57:00.176Z","url":"https://portal-pos.paytm.com/api/branch/311968493/transactiondetail"}
{"config":"2df4853f-c68a-4711-a3cf-2348318f2565","error":"Request failed with status code 401","level":"error","message":"Data fetch failed","timestamp":"2026-01-31T13:57:00.948Z"}
{"headers":["Authorization"],"level":"info","message":"Calling API","method":"GET","params":{"end":"1769867880215","start":"1769731200000"},"timestamp":"2026-01-31T13:58:00.215Z","url":"https://portal-pos.paytm.com/api/branch/311968493/transactiondetail"}
{"config":"2df4853f-c68a-4711-a3cf-2348318f2565","error":"Request failed with status code 401","level":"error","message":"Data fetch failed","timestamp":"2026-01-31T13:58:00.753Z"}
{"headers":["Authorization"],"level":"info","message":"Calling API","method":"GET","params":{"end":"1769867940178","start":"1769731200000"},"timestamp":"2026-01-31T13:59:00.178Z","url":"https://portal-pos.paytm.com/api/branch/311968493/transactiondetail"}
{"config":"2df4853f-c68a-4711-a3cf-2348318f2565","error":"Request failed with status code 401","level":"error","message":"Data fetch failed","timestamp":"2026-01-31T13:59:00.870Z"}
{"headers":["Authorization"],"level":"info","message":"Calling API","method":"GET","params":{"end":"1769868000204","start":"1769731200000"},"timestamp":"2026-01-31T14:00:00.205Z","url":"https://portal-pos.paytm.com/api/branch/311968493/transactiondetail"}
{"config":"2df4853f-c68a-4711-a3cf-2348318f2565","error":"Request failed with status code 401","level":"error","message":"Data fetch failed","timestamp":"2026-01-31T14:00:00.918Z"}
{"headers":["Authorization"],"level":"info","message":"Calling API","method":"GET","params":{"end":"1769868060205","start":"1769731200000"},"timestamp":"2026-01-31T14:01:00.206Z","url":"https://portal-pos.paytm.com/api/branch/311968493/transactiondetail"}
{"config":"2df4853f-c68a-4711-a3cf-2348318f2565","error":"Request failed with status code 401","level":"error","message":"Data fetch failed","timestamp":"2026-01-31T14:01:00.752Z"}
{"headers":["Authorization"],"level":"info","message":"Calling API","method":"GET","params":{"end":"1769868120202","start":"1769731200000"},"timestamp":"2026-01-31T14:02:00.204Z","url":"https://portal-pos.paytm.com/api/branch/311968493/transactiondetail"}
{"config":"2df4853f-c68a-4711-a3cf-2348318f2565","error":"Request failed with status code 401","level":"error","message":"Data fetch failed","timestamp":"2026-01-31T14:02:01.058Z"}
{"headers":["Authorization"],"level":"info","message":"Calling API","method":"GET","params":{"end":"1769868180210","start":"1769731200000"},"timestamp":"2026-01-31T14:03:00.210Z","url":"https://portal-pos.paytm.com/api/branch/311968493/transactiondetail"}
{"config":"2df4853f-c68a-4711-a3cf-2348318f2565","error":"Request failed with status code 401","level":"error","message":"Data fetch failed","timestamp":"2026-01-31T14:03:00.746Z"}
{"headers":["Authorization"],"level":"info","message":"Calling API","method":"GET","params":{"end":"1769868240227","start":"1769731200000"},"timestamp":"2026-01-31T14:04:00.229Z","url":"https://portal-pos.paytm.com/api/branch/311968493/transactiondetail"}
{"config":"2df4853f-c68a-4711-a3cf-2348318f2565","error":"Request failed with status code 401","level":"error","message":"Data fetch failed","timestamp":"2026-01-31T14:04:01.464Z"}
{"headers":["Authorization"],"level":"info","message":"Calling API","method":"GET","params":{"end":"1769868300215","start":"1769731200000"},"timestamp":"2026-01-31T14:05:00.216Z","url":"https://portal-pos.paytm.com/api/branch/311968493/transactiondetail"}
{"config":"2df4853f-c68a-4711-a3cf-2348318f2565","error":"Request failed with status code 401","level":"error","message":"Data fetch failed","timestamp":"2026-01-31T14:05:00.735Z"}
{"headers":["Authorization"],"level":"info","message":"Calling API","method":"GET","params":{"end":"1769868360233","start":"1769731200000"},"timestamp":"2026-01-31T14:06:00.235Z","url":"https://portal-pos.paytm.com/api/branch/311968493/transactiondetail"}
{"config":"2df4853f-c68a-4711-a3cf-2348318f2565","error":"Request failed with status code 401","level":"error","message":"Data fetch failed","timestamp":"2026-01-31T14:06:01.166Z"}
{"headers":["Authorization"],"level":"info","message":"Calling API","method":"GET","params":{"end":"1769868420193","start":"1769731200000"},"timestamp":"2026-01-31T14:07:00.194Z","url":"https://portal-pos.paytm.com/api/branch/311968493/transactiondetail"}
{"config":"2df4853f-c68a-4711-a3cf-2348318f2565","error":"Request failed with status code 401","level":"error","message":"Data fetch failed","timestamp":"2026-01-31T14:07:00.530Z"}
{"headers":["Authorization"],"level":"info","message":"Calling API","method":"GET","params":{"end":"1769868480225","start":"1769731200000"},"timestamp":"2026-01-31T14:08:00.226Z","url":"https://portal-pos.paytm.com/api/branch/311968493/transactiondetail"}
{"config":"2df4853f-c68a-4711-a3cf-2348318f2565","error":"Request failed with status code 401","level":"error","message":"Data fetch failed","timestamp":"2026-01-31T14:08:00.920Z"}
{"headers":["Authorization"],"level":"info","message":"Calling API","method":"GET","params":{"end":"1769868540184","start":"1769731200000"},"timestamp":"2026-01-31T14:09:00.185Z","url":"https://portal-pos.paytm.com/api/branch/311968493/transactiondetail"}
{"config":"2df4853f-c68a-4711-a3cf-2348318f2565","error":"Request failed with status code 401","level":"error","message":"Data fetch failed","timestamp":"2026-01-31T14:09:01.051Z"}
{"headers":["Authorization"],"level":"info","message":"Calling API","method":"GET","params":{"end":"1769868600209","start":"1769731200000"},"timestamp":"2026-01-31T14:10:00.210Z","url":"https://portal-pos.paytm.com/api/branch/311968493/transactiondetail"}
{"config":"2df4853f-c68a-4711-a3cf-2348318f2565","error":"Request failed with status code 401","level":"error","message":"Data fetch failed","timestamp":"2026-01-31T14:10:00.908Z"}
{"headers":["Authorization"],"level":"info","message":"Calling API","method":"GET","params":{"end":"1769868660203","start":"1769731200000"},"timestamp":"2026-01-31T14:11:00.206Z","url":"https://portal-pos.paytm.com/api/branch/311968493/transactiondetail"}
{"config":"2df4853f-c68a-4711-a3cf-2348318f2565","error":"Request failed with status code 401","level":"error","message":"Data fetch failed","timestamp":"2026-01-31T14:11:01.098Z"}
{"headers":["Authorization"],"level":"info","message":"Calling API","method":"GET","params":{"end":"1769868720203","start":"1769731200000"},"timestamp":"2026-01-31T14:12:00.206Z","url":"https://portal-pos.paytm.com/api/branch/311968493/transactiondetail"}
{"config":"2df4853f-c68a-4711-a3cf-2348318f2565","error":"Request failed with status code 401","level":"error","message":"Data fetch failed","timestamp":"2026-01-31T14:12:00.671Z"}
{"headers":["Authorization"],"level":"info","message":"Calling API","method":"GET","params":{"end":"1769868780179","start":"1769731200000"},"timestamp":"2026-01-31T14:13:00.181Z","url":"https://portal-pos.paytm.com/api/branch/311968493/transactiondetail"}
{"config":"2df4853f-c68a-4711-a3cf-2348318f2565","error":"Request failed with status code 401","level":"error","message":"Data fetch failed","timestamp":"2026-01-31T14:13:01.088Z"}
{"headers":["Authorization"],"level":"info","message":"Calling API","method":"GET","params":{"end":"1769868840204","start":"1769731200000"},"timestamp":"2026-01-31T14:14:00.206Z","url":"https://portal-pos.paytm.com/api/branch/311968493/transactiondetail"}
{"config":"2df4853f-c68a-4711-a3cf-2348318f2565","error":"Request failed with status code 401","level":"error","message":"Data fetch failed","timestamp":"2026-01-31T14:14:00.701Z"}
{"headers":["Authorization"],"level":"info","message":"Calling API","method":"GET","params":{"end":"1769868900198","start":"1769731200000"},"timestamp":"2026-01-31T14:15:00.198Z","url":"https://portal-pos.paytm.com/api/branch/311968493/transactiondetail"}
{"config":"2df4853f-c68a-4711-a3cf-2348318f2565","error":"Request failed with status code 401","level":"error","message":"Data fetch failed","timestamp":"2026-01-31T14:15:00.597Z"}
{"headers":["Authorization"],"level":"info","message":"Calling API","method":"GET","params":{"end":"1769868960190","start":"1769731200000"},"timestamp":"2026-01-31T14:16:00.191Z","url":"https://portal-pos.paytm.com/api/branch/311968493/transactiondetail"}
{"config":"2df4853f-c68a-4711-a3cf-2348318f2565","error":"Request failed with status code 401","level":"error","message":"Data fetch failed","timestamp":"2026-01-31T14:16:00.702Z"}
{"headers":["Authorization"],"level":"info","message":"Calling API","method":"GET","params":{"end":"1769869020390","start":"1769731200000"},"timestamp":"2026-01-31T14:17:00.395Z","url":"https://portal-pos.paytm.com/api/branch/311968493/transactiondetail"}
{"config":"2df4853f-c68a-4711-a3cf-2348318f2565","error":"Request failed with status code 401","level":"error","message":"Data fetch failed","timestamp":"2026-01-31T14:17:01.134Z"}
{"headers":["Authorization"],"level":"info","message":"Calling API","method":"GET","params":{"end":"1769869080209","start":"1769731200000"},"timestamp":"2026-01-31T14:18:00.209Z","url":"https://portal-pos.paytm.com/api/branch/311968493/transactiondetail"}
{"config":"2df4853f-c68a-4711-a3cf-2348318f2565","error":"Request failed with status code 401","level":"error","message":"Data fetch failed","timestamp":"2026-01-31T14:18:00.915Z"}
{"headers":["Authorization"],"level":"info","message":"Calling API","method":"GET","params":{"end":"1769869140202","start":"1769731200000"},"timestamp":"2026-01-31T14:19:00.202Z","url":"https://portal-pos.paytm.com/api/branch/311968493/transactiondetail"}
{"config":"2df4853f-c68a-4711-a3cf-2348318f2565","error":"Request failed with status code 401","level":"error","message":"Data fetch failed","timestamp":"2026-01-31T14:19:00.597Z"}
{"headers":["Authorization"],"level":"info","message":"Calling API","method":"GET","params":{"end":"1769869200208","start":"1769731200000"},"timestamp":"2026-01-31T14:20:00.211Z","url":"https://portal-pos.paytm.com/api/branch/311968493/transactiondetail"}
{"config":"2df4853f-c68a-4711-a3cf-2348318f2565","error":"Request failed with status code 401","level":"error","message":"Data fetch failed","timestamp":"2026-01-31T14:20:00.640Z"}
{"headers":["Authorization"],"level":"info","message":"Calling API","method":"GET","params":{"end":"1769869260213","start":"1769731200000"},"timestamp":"2026-01-31T14:21:00.214Z","url":"https://portal-pos.paytm.com/api/branch/311968493/transactiondetail"}
{"config":"2df4853f-c68a-4711-a3cf-2348318f2565","error":"Request failed with status code 401","level":"error","message":"Data fetch failed","timestamp":"2026-01-31T14:21:00.739Z"}
{"config":"2df4853f-c68a-4711-a3cf-2348318f2565","error":"Request failed with status code 401","level":"error","message":"Data fetch failed","timestamp":"2026-01-31T14:40:01.032Z"}
{"config":"2df4853f-c68a-4711-a3cf-2348318f2565","error":"Request failed with status code 401","level":"error","message":"Data fetch failed","timestamp":"2026-01-31T14:41:00.674Z"}
{"config":"2df4853f-c68a-4711-a3cf-2348318f2565","error":"Request failed with status code 401","level":"error","message":"Data fetch failed","timestamp":"2026-01-31T14:42:00.705Z"}
{"config":"2df4853f-c68a-4711-a3cf-2348318f2565","error":"Request failed with status code 401","level":"error","message":"Data fetch failed","timestamp":"2026-01-31T14:43:00.785Z"}
{"config":"2df4853f-c68a-4711-a3cf-2348318f2565","error":"Request failed with status code 401","level":"error","message":"Data fetch failed","timestamp":"2026-01-31T14:44:00.841Z"}
{"config":"2df4853f-c68a-4711-a3cf-2348318f2565","error":"Request failed with status code 401","level":"error","message":"Data fetch failed","timestamp":"2026-01-31T14:45:01.115Z"}
{"config":"2df4853f-c68a-4711-a3cf-2348318f2565","error":"Request failed with status code 401","level":"error","message":"Data fetch failed","timestamp":"2026-01-31T14:46:00.485Z"}
{"config":"2df4853f-c68a-4711-a3cf-2348318f2565","error":"Request failed with status code 401","level":"error","message":"Data fetch failed","timestamp":"2026-01-31T14:47:00.572Z"}
{"config":"2df4853f-c68a-4711-a3cf-2348318f2565","error":"Request failed with status code 401","level":"error","message":"Data fetch failed","timestamp":"2026-01-31T14:48:01.177Z"}
{"config":"2df4853f-c68a-4711-a3cf-2348318f2565","error":"Request failed with status code 401","level":"error","message":"Data fetch failed","timestamp":"2026-01-31T14:49:00.794Z"}
{"config":"2df4853f-c68a-4711-a3cf-2348318f2565","error":"Request failed with status code 401","level":"error","message":"Data fetch failed","timestamp":"2026-01-31T14:50:00.809Z"}
{"config":"2df4853f-c68a-4711-a3cf-2348318f2565","error":"Request failed with status code 401","level":"error","message":"Data fetch failed","timestamp":"2026-01-31T14:51:01.358Z"}
{"config":"2df4853f-c68a-4711-a3cf-2348318f2565","error":"Request failed with status code 401","level":"error","message":"Data fetch failed","timestamp":"2026-01-31T14:52:01.228Z"}
{"config":"2df4853f-c68a-4711-a3cf-2348318f2565","error":"Request failed with status code 401","level":"error","message":"Data fetch failed","timestamp":"2026-01-31T14:53:00.568Z"}
{"config":"2df4853f-c68a-4711-a3cf-2348318f2565","error":"Request failed with status code 401","level":"error","message":"Data fetch failed","timestamp":"2026-01-31T14:54:00.601Z"}
{"config":"2df4853f-c68a-4711-a3cf-2348318f2565","error":"read ECONNRESET","level":"error","message":"Data fetch failed","timestamp":"2026-02-02T04:38:14.433Z"}
>>>>>>> Stashed changes
