{"level":"info","maxDate":"2025-12-31T18:30:00.000Z","message":"Max transaction date retrieved","timestamp":"2026-01-02T05:12:25.609Z"}
{"isArray":true,"level":"info","message":"RAW API RESPONSE STRUCTURE","timestamp":"2026-01-02T05:12:27.223Z","topKeys":["0","1","2","3","4","5","6","7","8","9","10","11","12","13","14","15","16","17","18","19"],"type":"object"}
{"level":"info","maxDate":"2026-01-01T18:30:00.000Z","message":"Max transaction date retrieved","timestamp":"2026-01-02T05:22:16.138Z"}
{"isArray":true,"level":"info","message":"RAW API RESPONSE STRUCTURE","timestamp":"2026-01-02T05:22:17.657Z","topKeys":["0","1","2","3","4","5","6","7","8","9","10","11"],"type":"object"}
{"level":"info","maxDate":"2026-01-01T18:30:00.000Z","message":"Max transaction date retrieved","timestamp":"2026-01-02T05:25:01.295Z"}
{"isArray":true,"level":"info","message":"RAW API RESPONSE STRUCTURE","timestamp":"2026-01-02T05:25:03.562Z","topKeys":["0","1","2","3","4","5","6","7","8","9","10","11"],"type":"object"}
{"level":"info","maxDate":"2026-01-01T18:30:00.000Z","message":"Max transaction date retrieved","timestamp":"2026-01-02T05:27:01.792Z"}
{"isArray":true,"level":"info","message":"RAW API RESPONSE STRUCTURE","timestamp":"2026-01-02T05:27:03.270Z","topKeys":["0","1","2","3","4","5","6","7","8","9","10","11"],"type":"object"}
{"level":"info","maxDate":"2026-01-01T18:30:00.000Z","message":"Max transaction date retrieved","timestamp":"2026-01-02T05:27:53.730Z"}
{"isArray":true,"level":"info","message":"RAW API RESPONSE STRUCTURE","timestamp":"2026-01-02T05:27:55.187Z","topKeys":["0","1","2","3","4","5","6","7","8","9","10","11"],"type":"object"}
{"level":"info","maxDate":"2026-01-01T18:30:00.000Z","message":"Max transaction date retrieved","timestamp":"2026-01-02T05:30:01.051Z"}
{"isArray":true,"level":"info","message":"RAW API RESPONSE STRUCTURE","timestamp":"2026-01-02T05:30:02.717Z","topKeys":["0","1","2","3","4","5","6","7","8","9","10","11"],"type":"object"}
{"level":"info","maxDate":"2026-01-01T18:30:00.000Z","message":"Max transaction date retrieved","timestamp":"2026-01-02T05:35:01.172Z"}
{"isArray":true,"level":"info","message":"RAW API RESPONSE STRUCTURE","timestamp":"2026-01-02T05:35:02.508Z","topKeys":["0","1","2","3","4","5","6","7","8","9","10","11"],"type":"object"}
{"level":"info","maxDate":"2026-01-01T18:30:00.000Z","message":"Max transaction date retrieved","timestamp":"2026-01-02T05:40:00.882Z"}
{"isArray":true,"level":"info","message":"RAW API RESPONSE STRUCTURE","timestamp":"2026-01-02T05:40:02.230Z","topKeys":["0","1","2","3","4","5","6","7","8","9","10","11"],"type":"object"}
{"level":"info","maxDate":"2026-01-01T18:30:00.000Z","message":"Max transaction date retrieved","timestamp":"2026-01-02T06:02:59.770Z"}
{"isArray":true,"level":"info","message":"RAW API RESPONSE STRUCTURE","timestamp":"2026-01-02T06:03:01.099Z","topKeys":["0","1","2","3","4","5","6","7","8","9","10","11"],"type":"object"}
{"level":"info","maxDate":"2026-01-01T18:30:00.000Z","message":"Max transaction date retrieved","timestamp":"2026-01-02T06:03:18.024Z"}
{"isArray":true,"level":"info","message":"RAW API RESPONSE STRUCTURE","timestamp":"2026-01-02T06:03:20.057Z","topKeys":["0","1","2","3","4","5","6","7","8","9","10","11"],"type":"object"}
{"level":"info","maxDate":"2026-01-01T18:30:00.000Z","message":"Max transaction date retrieved","timestamp":"2026-01-02T06:52:16.265Z"}
{"isArray":true,"level":"info","message":"RAW API RESPONSE STRUCTURE","timestamp":"2026-01-02T06:52:17.699Z","topKeys":["0","1","2","3","4","5","6","7","8","9","10","11"],"type":"object"}
{"level":"info","maxDate":"2026-01-01","message":"Max transaction date retrieved","timestamp":"2026-01-02T07:43:20.730Z"}
{"isArray":true,"level":"info","message":"RAW API RESPONSE STRUCTURE","timestamp":"2026-01-02T07:43:24.060Z","topKeys":["0","1","2","3","4","5","6","7","8","9","10","11","12","13","14","15","16","17","18","19","20"],"type":"object"}
{"level":"info","maxDate":"2026-01-01","message":"Max transaction date retrieved","timestamp":"2026-01-02T07:45:00.619Z"}
{"isArray":true,"level":"info","message":"RAW API RESPONSE STRUCTURE","timestamp":"2026-01-02T07:45:02.029Z","topKeys":["0","1","2","3","4","5","6","7","8","9","10","11","12","13","14","15","16","17","18","19","20"],"type":"object"}
{"level":"info","maxDate":"2026-01-01","message":"Max transaction date retrieved","timestamp":"2026-01-02T07:47:07.515Z"}
{"isArray":true,"level":"info","message":"RAW API RESPONSE STRUCTURE","timestamp":"2026-01-02T07:47:08.765Z","topKeys":["0","1","2","3","4","5","6","7","8","9","10","11","12","13","14","15","16","17","18","19","20"],"type":"object"}
{"level":"info","maxDate":"2026-01-01","message":"Max transaction date retrieved","timestamp":"2026-01-02T07:48:28.462Z"}
{"isArray":true,"level":"info","message":"RAW API RESPONSE STRUCTURE","timestamp":"2026-01-02T07:48:29.819Z","topKeys":["0","1","2","3","4","5","6","7","8","9","10","11","12","13","14","15","16","17","18","19","20"],"type":"object"}
{"level":"info","maxDate":"2026-01-01","message":"Max transaction date retrieved","timestamp":"2026-01-02T07:48:40.790Z"}
{"isArray":true,"level":"info","message":"RAW API RESPONSE STRUCTURE","timestamp":"2026-01-02T07:48:45.975Z","topKeys":["0","1","2","3","4","5","6","7","8","9","10","11","12","13","14","15","16","17","18","19","20"],"type":"object"}
{"level":"info","maxDate":"2026-01-01","message":"Max transaction date retrieved","timestamp":"2026-01-02T07:50:00.667Z"}
{"isArray":true,"level":"info","message":"RAW API RESPONSE STRUCTURE","timestamp":"2026-01-02T07:50:02.004Z","topKeys":["0","1","2","3","4","5","6","7","8","9","10","11","12","13","14","15","16","17","18","19","20"],"type":"object"}
{"level":"info","maxDate":"2026-01-01","message":"Max transaction date retrieved","timestamp":"2026-01-02T07:53:01.467Z"}
{"isArray":true,"level":"info","message":"RAW API RESPONSE STRUCTURE","timestamp":"2026-01-02T07:53:05.921Z","topKeys":["0","1","2","3","4","5","6","7","8","9","10","11","12","13","14","15","16","17","18","19","20"],"type":"object"}
{"level":"info","maxDate":"2026-01-01","message":"Max transaction date retrieved","timestamp":"2026-01-02T08:00:01.117Z"}
{"isArray":true,"level":"info","message":"RAW API RESPONSE STRUCTURE","timestamp":"2026-01-02T08:00:02.413Z","topKeys":["0","1","2","3","4","5","6","7","8","9","10","11","12","13","14","15","16","17","18","19","20"],"type":"object"}
{"level":"info","maxDate":"2026-01-01T18:30:00.000Z","message":"Max transaction date retrieved","timestamp":"2026-01-02T08:02:12.001Z"}
{"isArray":true,"level":"info","message":"RAW API RESPONSE STRUCTURE","timestamp":"2026-01-02T08:02:13.286Z","topKeys":["0","1","2","3","4","5","6","7","8","9","10","11","12"],"type":"object"}
{"level":"info","maxDate":"2026-01-01T18:30:00.000Z","message":"Max transaction date retrieved","timestamp":"2026-01-02T08:43:04.636Z"}
{"isArray":true,"level":"info","message":"RAW API RESPONSE STRUCTURE","timestamp":"2026-01-02T08:43:07.535Z","topKeys":["0","1","2","3","4","5","6","7","8","9","10","11","12"],"type":"object"}
{"level":"info","maxDate":"2026-01-01T18:30:00.000Z","message":"Max transaction date retrieved","timestamp":"2026-01-02T08:45:00.840Z"}
{"isArray":true,"level":"info","message":"RAW API RESPONSE STRUCTURE","timestamp":"2026-01-02T08:45:03.552Z","topKeys":["0","1","2","3","4","5","6","7","8","9","10","11","12"],"type":"object"}
{"level":"info","maxDate":"2026-01-01T18:30:00.000Z","message":"Max transaction date retrieved","timestamp":"2026-01-02T08:50:01.224Z"}
{"isArray":true,"level":"info","message":"RAW API RESPONSE STRUCTURE","timestamp":"2026-01-02T08:50:02.681Z","topKeys":["0","1","2","3","4","5","6","7","8","9","10","11","12"],"type":"object"}
{"level":"info","maxDate":"2026-01-01T18:30:00.000Z","message":"Max transaction date retrieved","timestamp":"2026-01-02T08:55:00.979Z"}
{"isArray":true,"level":"info","message":"RAW API RESPONSE STRUCTURE","timestamp":"2026-01-02T08:55:05.578Z","topKeys":["0","1","2","3","4","5","6","7","8","9","10","11","12"],"type":"object"}
{"level":"info","maxDate":"2026-01-01T18:30:00.000Z","message":"Max transaction date retrieved","timestamp":"2026-01-02T09:00:01.297Z"}
{"isArray":true,"level":"info","message":"RAW API RESPONSE STRUCTURE","timestamp":"2026-01-02T09:00:03.789Z","topKeys":["0","1","2","3","4","5","6","7","8","9","10","11","12"],"type":"object"}
{"level":"info","maxDate":"2026-01-01T18:30:00.000Z","message":"Max transaction date retrieved","timestamp":"2026-01-02T09:05:01.357Z"}
{"isArray":true,"level":"info","message":"RAW API RESPONSE STRUCTURE","timestamp":"2026-01-02T09:05:03.188Z","topKeys":["0","1","2","3","4","5","6","7","8","9","10","11","12"],"type":"object"}
{"level":"info","maxDate":"2026-01-01T18:30:00.000Z","message":"Max transaction date retrieved","timestamp":"2026-01-02T09:10:01.185Z"}
{"isArray":true,"level":"info","message":"RAW API RESPONSE STRUCTURE","timestamp":"2026-01-02T09:10:02.740Z","topKeys":["0","1","2","3","4","5","6","7","8","9","10","11","12"],"type":"object"}
{"level":"info","maxDate":"2026-01-01T18:30:00.000Z","message":"Max transaction date retrieved","timestamp":"2026-01-02T09:15:01.149Z"}
{"isArray":true,"level":"info","message":"RAW API RESPONSE STRUCTURE","timestamp":"2026-01-02T09:15:02.467Z","topKeys":["0","1","2","3","4","5","6","7","8","9","10","11","12"],"type":"object"}
{"level":"info","maxDate":"2026-01-01T18:30:00.000Z","message":"Max transaction date retrieved","timestamp":"2026-01-02T09:20:01.074Z"}
{"isArray":true,"level":"info","message":"RAW API RESPONSE STRUCTURE","timestamp":"2026-01-02T09:20:02.676Z","topKeys":["0","1","2","3","4","5","6","7","8","9","10","11","12"],"type":"object"}
{"level":"info","maxDate":"2026-01-01T18:30:00.000Z","message":"Max transaction date retrieved","timestamp":"2026-01-02T09:25:01.254Z"}
{"isArray":true,"level":"info","message":"RAW API RESPONSE STRUCTURE","timestamp":"2026-01-02T09:25:03.501Z","topKeys":["0","1","2","3","4","5","6","7","8","9","10","11","12"],"type":"object"}
{"level":"info","maxDate":"2026-01-01T18:30:00.000Z","message":"Max transaction date retrieved","timestamp":"2026-01-02T09:35:01.288Z"}
{"level":"info","maxDate":"2026-01-01T18:30:00.000Z","message":"Max transaction date retrieved","timestamp":"2026-01-02T09:35:01.300Z"}
{"isArray":true,"level":"info","message":"RAW API RESPONSE STRUCTURE","timestamp":"2026-01-02T09:35:02.600Z","topKeys":["0","1","2","3","4","5","6","7","8","9","10","11","12"],"type":"object"}
{"isArray":true,"level":"info","message":"RAW API RESPONSE STRUCTURE","timestamp":"2026-01-02T09:35:02.971Z","topKeys":["0","1","2","3","4","5","6","7","8","9","10","11","12"],"type":"object"}
{"level":"info","maxDate":"2026-01-01T18:30:00.000Z","message":"Max transaction date retrieved","timestamp":"2026-01-02T09:45:01.013Z"}
{"isArray":true,"level":"info","message":"RAW API RESPONSE STRUCTURE","timestamp":"2026-01-02T09:45:03.179Z","topKeys":["0","1","2","3","4","5","6","7","8","9","10","11","12"],"type":"object"}
{"level":"info","maxDate":"2026-01-01T18:30:00.000Z","message":"Max transaction date retrieved","timestamp":"2026-01-02T09:50:00.943Z"}
{"isArray":true,"level":"info","message":"RAW API RESPONSE STRUCTURE","timestamp":"2026-01-02T09:50:03.780Z","topKeys":["0","1","2","3","4","5","6","7","8","9","10","11","12"],"type":"object"}
