<<<<<<< Updated upstream
{"level":"info","message":"Fetching auth token","timestamp":"2026-01-29T03:09:00.140Z"}
{"level":"info","message":"Auth token retrieved successfully","timestamp":"2026-01-29T03:09:00.770Z"}
{"level":"info","message":"Fetching auth token","timestamp":"2026-01-29T03:36:00.266Z"}
{"level":"info","message":"Auth token retrieved successfully","timestamp":"2026-01-29T03:36:01.516Z"}
{"level":"info","message":"Fetching auth token","timestamp":"2026-01-29T09:52:00.123Z"}
{"level":"info","message":"Auth token retrieved successfully","timestamp":"2026-01-29T09:52:01.352Z"}
{"level":"info","message":"Fetching auth token","timestamp":"2026-01-29T09:53:00.307Z"}
{"level":"info","message":"Auth token retrieved successfully","timestamp":"2026-01-29T09:53:00.846Z"}
{"level":"info","message":"Fetching auth token","timestamp":"2026-01-29T09:54:00.283Z"}
{"level":"info","message":"Auth token retrieved successfully","timestamp":"2026-01-29T09:54:00.682Z"}
{"level":"info","message":"Fetching auth token","timestamp":"2026-01-29T09:55:00.289Z"}
{"level":"info","message":"Auth token retrieved successfully","timestamp":"2026-01-29T09:55:00.659Z"}
{"level":"info","message":"Fetching auth token","timestamp":"2026-01-29T09:56:00.278Z"}
{"level":"info","message":"Auth token retrieved successfully","timestamp":"2026-01-29T09:56:00.905Z"}
{"level":"info","message":"Fetching auth token","timestamp":"2026-01-29T09:57:00.275Z"}
{"level":"info","message":"Auth token retrieved successfully","timestamp":"2026-01-29T09:57:00.687Z"}
{"level":"info","message":"Fetching auth token","timestamp":"2026-01-29T09:58:00.354Z"}
{"level":"info","message":"Auth token retrieved successfully","timestamp":"2026-01-29T09:58:00.694Z"}
{"level":"info","message":"Fetching auth token","timestamp":"2026-01-29T09:59:00.258Z"}
{"level":"info","message":"Auth token retrieved successfully","timestamp":"2026-01-29T09:59:00.599Z"}
{"level":"info","message":"Fetching auth token","timestamp":"2026-01-29T10:00:00.207Z"}
{"level":"info","message":"Auth token retrieved successfully","timestamp":"2026-01-29T10:00:00.623Z"}
{"level":"info","message":"Fetching auth token","timestamp":"2026-01-29T10:01:00.423Z"}
{"level":"info","message":"Auth token retrieved successfully","timestamp":"2026-01-29T10:01:00.967Z"}
{"level":"info","message":"Fetching auth token","timestamp":"2026-01-29T10:02:00.412Z"}
{"level":"info","message":"Auth token retrieved successfully","timestamp":"2026-01-29T10:02:01.183Z"}
=======
{"level":"info","message":"Fetching auth token","timestamp":"2026-01-29T06:06:00.246Z"}
{"level":"info","message":"Auth token retrieved successfully","timestamp":"2026-01-29T06:06:00.537Z"}
{"level":"info","message":"Fetching auth token","timestamp":"2026-01-29T06:07:00.186Z"}
{"level":"info","message":"Auth token retrieved successfully","timestamp":"2026-01-29T06:07:00.351Z"}
>>>>>>> Stashed changes
