{"items_count":0,"level":"info","message":"Transaction mapped","payments_count":0,"timestamp":"2025-12-23T15:51:56.479Z","transaction_id":"e31b548f-5903-4ba2-b8ef-79f6415249cf"}
{"items_count":0,"level":"info","message":"Transaction mapped","payments_count":0,"timestamp":"2025-12-23T15:51:56.481Z","transaction_id":"a8faf61c-4801-4ee7-b60b-03f491dfb819"}
{"items_count":0,"level":"info","message":"Transaction mapped","payments_count":0,"timestamp":"2025-12-23T15:51:56.482Z","transaction_id":"94f59d55-d45d-4244-a915-a79cfc3c2bab"}
{"items_count":0,"level":"info","message":"Transaction mapped","payments_count":0,"timestamp":"2025-12-23T15:51:56.483Z","transaction_id":"015500da-8054-4683-858e-907a1057a94e"}
{"items_count":0,"level":"info","message":"Transaction mapped","payments_count":0,"timestamp":"2025-12-23T15:51:56.484Z","transaction_id":"1fa2b3f7-754f-4b52-ae88-d3513b92ecf8"}
{"items_count":0,"level":"info","message":"Transaction mapped","payments_count":0,"timestamp":"2025-12-23T15:51:56.485Z","transaction_id":"319fa8aa-752f-4c3f-8119-282c76ca6561"}
{"items_count":0,"level":"info","message":"Transaction mapped","payments_count":0,"timestamp":"2025-12-23T15:51:56.486Z","transaction_id":"184def54-8064-44cd-bf4c-7c7a7142feb6"}
{"items_count":0,"level":"info","message":"Transaction mapped","payments_count":0,"timestamp":"2025-12-23T15:51:56.487Z","transaction_id":"f9cabd7f-06ac-4ea4-94f5-ba3e5c4c91fb"}
{"items_count":0,"level":"info","message":"Transaction mapped","payments_count":0,"timestamp":"2025-12-23T15:51:56.488Z","transaction_id":"6b0b613c-0ead-49f8-9822-0ec2f2700d24"}
{"items_count":0,"level":"info","message":"Transaction mapped","payments_count":0,"timestamp":"2025-12-23T15:51:56.489Z","transaction_id":"df79587d-6b14-47ad-bf71-47edf4324e3b"}
{"items_count":0,"level":"info","message":"Transaction mapped","payments_count":0,"timestamp":"2025-12-23T15:51:56.490Z","transaction_id":"6d4dd506-4b48-4df1-b634-84c7f0423927"}
{"items_count":0,"level":"info","message":"Transaction mapped","payments_count":0,"timestamp":"2025-12-23T15:51:56.493Z","transaction_id":"6067cebd-99d5-4475-9e17-eee5bc81d9aa"}
{"items_count":0,"level":"info","message":"Transaction mapped","payments_count":0,"timestamp":"2025-12-23T15:51:56.494Z","transaction_id":"a696b427-4130-4215-a643-a0c4ff515e26"}
{"items_count":0,"level":"info","message":"Transaction mapped","payments_count":0,"timestamp":"2025-12-23T15:51:56.495Z","transaction_id":"e6df2c80-da38-47d9-9994-1fdf5bf762ce"}
{"items_count":0,"level":"info","message":"Transaction mapped","payments_count":0,"timestamp":"2025-12-23T15:51:56.496Z","transaction_id":"a40c2a47-e654-4368-84e6-9e4619fd0fed"}
{"items_count":0,"level":"info","message":"Transaction mapped","payments_count":0,"timestamp":"2025-12-23T15:51:56.497Z","transaction_id":"e2aae240-760a-44fe-8ccf-1af7908d622d"}
{"items_count":0,"level":"info","message":"Transaction mapped","payments_count":0,"timestamp":"2025-12-23T15:51:56.498Z","transaction_id":"d4c560b9-2ed4-48ad-bbf1-0c02ad908fe4"}
{"items_count":0,"level":"info","message":"Transaction mapped","payments_count":0,"timestamp":"2025-12-23T15:55:01.326Z","transaction_id":"24c35740-bd8e-4b44-a951-77bd28952e5d"}
{"items_count":0,"level":"info","message":"Transaction mapped","payments_count":0,"timestamp":"2025-12-23T15:55:01.327Z","transaction_id":"4157de3c-c1f7-420d-8288-3f02ce697bb0"}
{"items_count":0,"level":"info","message":"Transaction mapped","payments_count":0,"timestamp":"2025-12-23T15:55:01.327Z","transaction_id":"90aca743-deca-4e16-84d2-dcd6ebe73eea"}
{"items_count":0,"level":"info","message":"Transaction mapped","payments_count":0,"timestamp":"2025-12-23T15:55:01.328Z","transaction_id":"55225a34-c381-4e8d-be21-8f7ff62a14b1"}
{"items_count":0,"level":"info","message":"Transaction mapped","payments_count":0,"timestamp":"2025-12-23T15:55:01.328Z","transaction_id":"b99e4aea-4e13-430d-9c11-b6e5a819af14"}
{"items_count":0,"level":"info","message":"Transaction mapped","payments_count":0,"timestamp":"2025-12-23T15:55:01.328Z","transaction_id":"b73d0f37-e553-4a95-8e20-d654d1deec69"}
{"items_count":0,"level":"info","message":"Transaction mapped","payments_count":0,"timestamp":"2025-12-23T15:55:01.329Z","transaction_id":"e386f75f-4a13-4d03-a77d-21fb31a1c3dd"}
{"items_count":0,"level":"info","message":"Transaction mapped","payments_count":0,"timestamp":"2025-12-23T15:55:01.329Z","transaction_id":"e4a00ddb-e362-4376-a0b0-e53861fa3d80"}
{"items_count":0,"level":"info","message":"Transaction mapped","payments_count":0,"timestamp":"2025-12-23T15:55:01.330Z","transaction_id":"e253cf60-680e-49a4-842f-5cce56aeeefc"}
{"items_count":0,"level":"info","message":"Transaction mapped","payments_count":0,"timestamp":"2025-12-23T15:55:01.331Z","transaction_id":"67bc1e06-8ea2-44c8-8c41-a86cf687d693"}
{"items_count":0,"level":"info","message":"Transaction mapped","payments_count":0,"timestamp":"2025-12-23T15:55:01.331Z","transaction_id":"aee4932f-4cb5-441d-9986-168cc9d1a019"}
{"items_count":0,"level":"info","message":"Transaction mapped","payments_count":0,"timestamp":"2025-12-23T15:55:01.332Z","transaction_id":"50ef2cb4-0b75-47db-b4b5-788404910a19"}
{"items_count":0,"level":"info","message":"Transaction mapped","payments_count":0,"timestamp":"2025-12-23T15:55:01.333Z","transaction_id":"79271be0-95b0-4af9-8796-6356bbf6864e"}
{"items_count":0,"level":"info","message":"Transaction mapped","payments_count":0,"timestamp":"2025-12-23T15:55:01.334Z","transaction_id":"54fb8a7f-9a03-4256-8617-90df722814ae"}
{"items_count":0,"level":"info","message":"Transaction mapped","payments_count":0,"timestamp":"2025-12-23T15:55:01.334Z","transaction_id":"12b6607e-5bbf-4189-866b-c90d21228da7"}
{"items_count":0,"level":"info","message":"Transaction mapped","payments_count":0,"timestamp":"2025-12-23T15:55:01.335Z","transaction_id":"f8cf23d9-b8b6-46f0-88cf-de6ea6b3ce89"}
{"items_count":0,"level":"info","message":"Transaction mapped","payments_count":0,"timestamp":"2025-12-23T15:55:01.335Z","transaction_id":"150810c8-c53b-4f31-b061-a2fa3af11cf3"}
{"level":"warn","message":"No mappings found for table","tableName":"raw_transaction_items","timestamp":"2025-12-23T16:07:50.961Z"}
{"level":"warn","message":"No mappings found for table","tableName":"raw_payment","timestamp":"2025-12-23T16:07:50.963Z"}
{"items_count":0,"level":"info","message":"Transaction mapped","payments_count":0,"timestamp":"2025-12-23T16:07:50.964Z","transaction_id":"bbf44b48-5b1c-4298-b82f-09d92e3fbca3"}
{"level":"warn","message":"No mappings found for table","tableName":"raw_transaction_items","timestamp":"2025-12-23T16:07:50.965Z"}
{"level":"warn","message":"No mappings found for table","tableName":"raw_payment","timestamp":"2025-12-23T16:07:50.966Z"}
{"items_count":0,"level":"info","message":"Transaction mapped","payments_count":0,"timestamp":"2025-12-23T16:07:50.967Z","transaction_id":"c0b3f252-a9a2-441d-aca0-4ae0e1a36c82"}
{"level":"warn","message":"No mappings found for table","tableName":"raw_transaction_items","timestamp":"2025-12-23T16:07:50.968Z"}
{"level":"warn","message":"No mappings found for table","tableName":"raw_payment","timestamp":"2025-12-23T16:07:50.969Z"}
{"items_count":0,"level":"info","message":"Transaction mapped","payments_count":0,"timestamp":"2025-12-23T16:07:50.970Z","transaction_id":"de36afdc-5210-4daa-958a-3db6002d5beb"}
{"level":"warn","message":"No mappings found for table","tableName":"raw_transaction_items","timestamp":"2025-12-23T16:07:50.971Z"}
{"level":"warn","message":"No mappings found for table","tableName":"raw_payment","timestamp":"2025-12-23T16:07:50.972Z"}
{"items_count":0,"level":"info","message":"Transaction mapped","payments_count":0,"timestamp":"2025-12-23T16:07:50.973Z","transaction_id":"36476280-65dd-4782-a509-78e0602e9327"}
{"level":"warn","message":"No mappings found for table","tableName":"raw_transaction_items","timestamp":"2025-12-23T16:07:50.974Z"}
{"level":"warn","message":"No mappings found for table","tableName":"raw_payment","timestamp":"2025-12-23T16:07:50.975Z"}
{"items_count":0,"level":"info","message":"Transaction mapped","payments_count":0,"timestamp":"2025-12-23T16:07:50.976Z","transaction_id":"26c03ad2-d01e-486d-ada4-559875cedc49"}
{"level":"warn","message":"No mappings found for table","tableName":"raw_transaction_items","timestamp":"2025-12-23T16:07:50.977Z"}
{"level":"warn","message":"No mappings found for table","tableName":"raw_payment","timestamp":"2025-12-23T16:07:50.978Z"}
{"items_count":0,"level":"info","message":"Transaction mapped","payments_count":0,"timestamp":"2025-12-23T16:07:50.979Z","transaction_id":"f0719300-3095-4f00-aa58-51151313af82"}
{"level":"warn","message":"No mappings found for table","tableName":"raw_transaction_items","timestamp":"2025-12-23T16:07:50.980Z"}
{"level":"warn","message":"No mappings found for table","tableName":"raw_payment","timestamp":"2025-12-23T16:07:50.981Z"}
{"items_count":0,"level":"info","message":"Transaction mapped","payments_count":0,"timestamp":"2025-12-23T16:07:50.982Z","transaction_id":"8dabea5d-ee02-477b-b9c6-0bd3d47546bf"}
{"level":"warn","message":"No mappings found for table","tableName":"raw_transaction_items","timestamp":"2025-12-23T16:07:50.983Z"}
{"level":"warn","message":"No mappings found for table","tableName":"raw_payment","timestamp":"2025-12-23T16:07:50.984Z"}
{"items_count":0,"level":"info","message":"Transaction mapped","payments_count":0,"timestamp":"2025-12-23T16:07:50.985Z","transaction_id":"05bd2c65-ea82-4b10-ab37-8ef575554e09"}
{"level":"warn","message":"No mappings found for table","tableName":"raw_transaction_items","timestamp":"2025-12-23T16:07:50.986Z"}
{"level":"warn","message":"No mappings found for table","tableName":"raw_payment","timestamp":"2025-12-23T16:07:50.987Z"}
{"items_count":0,"level":"info","message":"Transaction mapped","payments_count":0,"timestamp":"2025-12-23T16:07:50.988Z","transaction_id":"3d1335cc-1e7f-4122-835a-d17b88542b2a"}
{"level":"warn","message":"No mappings found for table","tableName":"raw_transaction_items","timestamp":"2025-12-23T16:07:50.989Z"}
{"level":"warn","message":"No mappings found for table","tableName":"raw_payment","timestamp":"2025-12-23T16:07:50.990Z"}
{"items_count":0,"level":"info","message":"Transaction mapped","payments_count":0,"timestamp":"2025-12-23T16:07:50.991Z","transaction_id":"cbba917c-88f9-4ba8-88f1-c5213c9f7e8d"}
{"level":"warn","message":"No mappings found for table","tableName":"raw_transaction_items","timestamp":"2025-12-23T16:07:50.992Z"}
{"level":"warn","message":"No mappings found for table","tableName":"raw_payment","timestamp":"2025-12-23T16:07:50.993Z"}
{"items_count":0,"level":"info","message":"Transaction mapped","payments_count":0,"timestamp":"2025-12-23T16:07:50.994Z","transaction_id":"476c1d58-69af-4c0e-b861-5408b80d526d"}
{"level":"warn","message":"No mappings found for table","tableName":"raw_transaction_items","timestamp":"2025-12-23T16:07:50.995Z"}
{"level":"warn","message":"No mappings found for table","tableName":"raw_payment","timestamp":"2025-12-23T16:07:50.996Z"}
{"items_count":0,"level":"info","message":"Transaction mapped","payments_count":0,"timestamp":"2025-12-23T16:07:50.997Z","transaction_id":"e0814101-8f54-4fe0-bcd9-34dba4540fe5"}
{"level":"warn","message":"No mappings found for table","tableName":"raw_transaction_items","timestamp":"2025-12-23T16:07:50.997Z"}
{"level":"warn","message":"No mappings found for table","tableName":"raw_payment","timestamp":"2025-12-23T16:07:50.998Z"}
{"items_count":0,"level":"info","message":"Transaction mapped","payments_count":0,"timestamp":"2025-12-23T16:07:50.999Z","transaction_id":"ee473434-5206-4555-a678-f6292c910035"}
{"level":"warn","message":"No mappings found for table","tableName":"raw_transaction_items","timestamp":"2025-12-23T16:07:51.000Z"}
{"level":"warn","message":"No mappings found for table","tableName":"raw_payment","timestamp":"2025-12-23T16:07:51.001Z"}
{"items_count":0,"level":"info","message":"Transaction mapped","payments_count":0,"timestamp":"2025-12-23T16:07:51.002Z","transaction_id":"d62d5fcd-3163-4445-a8ae-976c4cc17e38"}
{"level":"warn","message":"No mappings found for table","tableName":"raw_transaction_items","timestamp":"2025-12-23T16:07:51.003Z"}
{"level":"warn","message":"No mappings found for table","tableName":"raw_payment","timestamp":"2025-12-23T16:07:51.004Z"}
{"items_count":0,"level":"info","message":"Transaction mapped","payments_count":0,"timestamp":"2025-12-23T16:07:51.005Z","transaction_id":"3caff46a-0251-477c-a6a4-76d9aefbae70"}
{"level":"warn","message":"No mappings found for table","tableName":"raw_transaction_items","timestamp":"2025-12-23T16:07:51.006Z"}
{"level":"warn","message":"No mappings found for table","tableName":"raw_payment","timestamp":"2025-12-23T16:07:51.007Z"}
{"items_count":0,"level":"info","message":"Transaction mapped","payments_count":0,"timestamp":"2025-12-23T16:07:51.008Z","transaction_id":"3d21dab5-d0fc-4065-be7c-0e76a01e0dd7"}
{"level":"warn","message":"No mappings found for table","tableName":"raw_transaction_items","timestamp":"2025-12-23T16:07:51.010Z"}
{"level":"warn","message":"No mappings found for table","tableName":"raw_payment","timestamp":"2025-12-23T16:07:51.011Z"}
{"items_count":0,"level":"info","message":"Transaction mapped","payments_count":0,"timestamp":"2025-12-23T16:07:51.012Z","transaction_id":"81f0e62e-6347-4117-8f54-3c6352154c33"}
{"level":"warn","message":"No mappings found for table","tableName":"raw_transaction_items","timestamp":"2025-12-23T16:10:01.412Z"}
{"level":"warn","message":"No mappings found for table","tableName":"raw_payment","timestamp":"2025-12-23T16:10:01.412Z"}
{"items_count":0,"level":"info","message":"Transaction mapped","payments_count":0,"timestamp":"2025-12-23T16:10:01.413Z","transaction_id":"aa207d88-d06f-4f70-9361-86bda16920b2"}
{"level":"warn","message":"No mappings found for table","tableName":"raw_transaction_items","timestamp":"2025-12-23T16:10:01.413Z"}
{"level":"warn","message":"No mappings found for table","tableName":"raw_payment","timestamp":"2025-12-23T16:10:01.414Z"}
{"items_count":0,"level":"info","message":"Transaction mapped","payments_count":0,"timestamp":"2025-12-23T16:10:01.414Z","transaction_id":"27752989-f404-4fd4-a462-708e18de0744"}
{"level":"warn","message":"No mappings found for table","tableName":"raw_transaction_items","timestamp":"2025-12-23T16:10:01.415Z"}
{"level":"warn","message":"No mappings found for table","tableName":"raw_payment","timestamp":"2025-12-23T16:10:01.415Z"}
{"items_count":0,"level":"info","message":"Transaction mapped","payments_count":0,"timestamp":"2025-12-23T16:10:01.415Z","transaction_id":"65a159eb-5c63-4361-8585-4be5244198ad"}
{"level":"warn","message":"No mappings found for table","tableName":"raw_transaction_items","timestamp":"2025-12-23T16:10:01.416Z"}
{"level":"warn","message":"No mappings found for table","tableName":"raw_payment","timestamp":"2025-12-23T16:10:01.416Z"}
{"items_count":0,"level":"info","message":"Transaction mapped","payments_count":0,"timestamp":"2025-12-23T16:10:01.416Z","transaction_id":"6b1780af-55f2-444c-ae17-0903924642af"}
{"level":"warn","message":"No mappings found for table","tableName":"raw_transaction_items","timestamp":"2025-12-23T16:10:01.417Z"}
{"level":"warn","message":"No mappings found for table","tableName":"raw_payment","timestamp":"2025-12-23T16:10:01.417Z"}
{"items_count":0,"level":"info","message":"Transaction mapped","payments_count":0,"timestamp":"2025-12-23T16:10:01.417Z","transaction_id":"93ef7072-8e90-455d-b148-68d3a5aed7ec"}
{"level":"warn","message":"No mappings found for table","tableName":"raw_transaction_items","timestamp":"2025-12-23T16:10:01.418Z"}
{"level":"warn","message":"No mappings found for table","tableName":"raw_payment","timestamp":"2025-12-23T16:10:01.418Z"}
{"items_count":0,"level":"info","message":"Transaction mapped","payments_count":0,"timestamp":"2025-12-23T16:10:01.418Z","transaction_id":"60454aea-70bd-4106-8906-705944c049f2"}
{"level":"warn","message":"No mappings found for table","tableName":"raw_transaction_items","timestamp":"2025-12-23T16:10:01.419Z"}
{"level":"warn","message":"No mappings found for table","tableName":"raw_payment","timestamp":"2025-12-23T16:10:01.419Z"}
{"items_count":0,"level":"info","message":"Transaction mapped","payments_count":0,"timestamp":"2025-12-23T16:10:01.419Z","transaction_id":"52ecf968-99ad-4f62-8712-6442895e0df6"}
{"level":"warn","message":"No mappings found for table","tableName":"raw_transaction_items","timestamp":"2025-12-23T16:10:01.420Z"}
{"level":"warn","message":"No mappings found for table","tableName":"raw_payment","timestamp":"2025-12-23T16:10:01.420Z"}
{"items_count":0,"level":"info","message":"Transaction mapped","payments_count":0,"timestamp":"2025-12-23T16:10:01.420Z","transaction_id":"a298f993-932d-4b9d-b0c8-369659cc03fc"}
{"level":"warn","message":"No mappings found for table","tableName":"raw_transaction_items","timestamp":"2025-12-23T16:10:01.421Z"}
{"level":"warn","message":"No mappings found for table","tableName":"raw_payment","timestamp":"2025-12-23T16:10:01.421Z"}
{"items_count":0,"level":"info","message":"Transaction mapped","payments_count":0,"timestamp":"2025-12-23T16:10:01.421Z","transaction_id":"c6e56cd4-d4f9-4907-ba72-0e55985a53c9"}
{"level":"warn","message":"No mappings found for table","tableName":"raw_transaction_items","timestamp":"2025-12-23T16:10:01.422Z"}
{"level":"warn","message":"No mappings found for table","tableName":"raw_payment","timestamp":"2025-12-23T16:10:01.422Z"}
{"items_count":0,"level":"info","message":"Transaction mapped","payments_count":0,"timestamp":"2025-12-23T16:10:01.423Z","transaction_id":"2141d028-47ad-433d-8a67-634a1021e6f0"}
{"level":"warn","message":"No mappings found for table","tableName":"raw_transaction_items","timestamp":"2025-12-23T16:10:01.423Z"}
{"level":"warn","message":"No mappings found for table","tableName":"raw_payment","timestamp":"2025-12-23T16:10:01.423Z"}
{"items_count":0,"level":"info","message":"Transaction mapped","payments_count":0,"timestamp":"2025-12-23T16:10:01.424Z","transaction_id":"c70712c7-29e5-4496-a70f-348054e9b868"}
{"level":"warn","message":"No mappings found for table","tableName":"raw_transaction_items","timestamp":"2025-12-23T16:10:01.424Z"}
{"level":"warn","message":"No mappings found for table","tableName":"raw_payment","timestamp":"2025-12-23T16:10:01.425Z"}
{"items_count":0,"level":"info","message":"Transaction mapped","payments_count":0,"timestamp":"2025-12-23T16:10:01.425Z","transaction_id":"c76fd309-fb08-4aa9-8146-090f1ad8b508"}
{"level":"warn","message":"No mappings found for table","tableName":"raw_transaction_items","timestamp":"2025-12-23T16:10:01.425Z"}
{"level":"warn","message":"No mappings found for table","tableName":"raw_payment","timestamp":"2025-12-23T16:10:01.426Z"}
{"items_count":0,"level":"info","message":"Transaction mapped","payments_count":0,"timestamp":"2025-12-23T16:10:01.426Z","transaction_id":"a0ec135d-a395-42ef-af6f-8bcb4e0efc1c"}
{"level":"warn","message":"No mappings found for table","tableName":"raw_transaction_items","timestamp":"2025-12-23T16:10:01.426Z"}
{"level":"warn","message":"No mappings found for table","tableName":"raw_payment","timestamp":"2025-12-23T16:10:01.427Z"}
{"items_count":0,"level":"info","message":"Transaction mapped","payments_count":0,"timestamp":"2025-12-23T16:10:01.427Z","transaction_id":"37e0c83d-abbd-4563-9b25-f65565b467a5"}
{"level":"warn","message":"No mappings found for table","tableName":"raw_transaction_items","timestamp":"2025-12-23T16:10:01.428Z"}
{"level":"warn","message":"No mappings found for table","tableName":"raw_payment","timestamp":"2025-12-23T16:10:01.428Z"}
{"items_count":0,"level":"info","message":"Transaction mapped","payments_count":0,"timestamp":"2025-12-23T16:10:01.428Z","transaction_id":"3fd7c4b9-c330-4b24-8fcd-26454f81ebd0"}
{"level":"warn","message":"No mappings found for table","tableName":"raw_transaction_items","timestamp":"2025-12-23T16:10:01.429Z"}
{"level":"warn","message":"No mappings found for table","tableName":"raw_payment","timestamp":"2025-12-23T16:10:01.429Z"}
{"items_count":0,"level":"info","message":"Transaction mapped","payments_count":0,"timestamp":"2025-12-23T16:10:01.429Z","transaction_id":"6e46c5d4-7f98-4c57-b583-280122e4acc1"}
{"level":"warn","message":"No mappings found for table","tableName":"raw_transaction_items","timestamp":"2025-12-23T16:10:01.430Z"}
{"level":"warn","message":"No mappings found for table","tableName":"raw_payment","timestamp":"2025-12-23T16:10:01.430Z"}
{"items_count":0,"level":"info","message":"Transaction mapped","payments_count":0,"timestamp":"2025-12-23T16:10:01.431Z","transaction_id":"c40e7ea6-9ca9-4e37-a0db-991ce7406eef"}
{"level":"warn","message":"No mappings found for table","tableName":"raw_transaction_items","timestamp":"2025-12-23T16:15:01.368Z"}
{"level":"warn","message":"No mappings found for table","tableName":"raw_payment","timestamp":"2025-12-23T16:15:01.369Z"}
{"items_count":0,"level":"info","message":"Transaction mapped","payments_count":0,"timestamp":"2025-12-23T16:15:01.370Z","transaction_id":"f70ab66e-dcf5-410e-b83f-1b705cd80003"}
{"level":"warn","message":"No mappings found for table","tableName":"raw_transaction_items","timestamp":"2025-12-23T16:15:01.372Z"}
{"level":"warn","message":"No mappings found for table","tableName":"raw_payment","timestamp":"2025-12-23T16:15:01.372Z"}
{"items_count":0,"level":"info","message":"Transaction mapped","payments_count":0,"timestamp":"2025-12-23T16:15:01.373Z","transaction_id":"f61847d5-f799-4320-94cf-5fc6c1386e15"}
{"level":"warn","message":"No mappings found for table","tableName":"raw_transaction_items","timestamp":"2025-12-23T16:15:01.374Z"}
{"level":"warn","message":"No mappings found for table","tableName":"raw_payment","timestamp":"2025-12-23T16:15:01.375Z"}
{"items_count":0,"level":"info","message":"Transaction mapped","payments_count":0,"timestamp":"2025-12-23T16:15:01.376Z","transaction_id":"31f9492e-6812-4693-918b-cb77879dbbd0"}
{"level":"warn","message":"No mappings found for table","tableName":"raw_transaction_items","timestamp":"2025-12-23T16:15:01.377Z"}
{"level":"warn","message":"No mappings found for table","tableName":"raw_payment","timestamp":"2025-12-23T16:15:01.378Z"}
{"items_count":0,"level":"info","message":"Transaction mapped","payments_count":0,"timestamp":"2025-12-23T16:15:01.379Z","transaction_id":"4f3378c0-be3d-46e5-9477-3ff718094e8e"}
{"level":"warn","message":"No mappings found for table","tableName":"raw_transaction_items","timestamp":"2025-12-23T16:15:01.380Z"}
{"level":"warn","message":"No mappings found for table","tableName":"raw_payment","timestamp":"2025-12-23T16:15:01.381Z"}
{"items_count":0,"level":"info","message":"Transaction mapped","payments_count":0,"timestamp":"2025-12-23T16:15:01.382Z","transaction_id":"c0763369-2c82-437e-a611-fb27d1422923"}
{"level":"warn","message":"No mappings found for table","tableName":"raw_transaction_items","timestamp":"2025-12-23T16:15:01.383Z"}
{"level":"warn","message":"No mappings found for table","tableName":"raw_payment","timestamp":"2025-12-23T16:15:01.384Z"}
{"items_count":0,"level":"info","message":"Transaction mapped","payments_count":0,"timestamp":"2025-12-23T16:15:01.385Z","transaction_id":"5177ca7e-6db9-42fd-9fbf-782d3d79b320"}
{"level":"warn","message":"No mappings found for table","tableName":"raw_transaction_items","timestamp":"2025-12-23T16:15:01.386Z"}
{"level":"warn","message":"No mappings found for table","tableName":"raw_payment","timestamp":"2025-12-23T16:15:01.387Z"}
{"items_count":0,"level":"info","message":"Transaction mapped","payments_count":0,"timestamp":"2025-12-23T16:15:01.388Z","transaction_id":"4ac1e37b-d6d6-4ad9-bfe8-7d41c8ac42f4"}
{"level":"warn","message":"No mappings found for table","tableName":"raw_transaction_items","timestamp":"2025-12-23T16:15:01.389Z"}
{"level":"warn","message":"No mappings found for table","tableName":"raw_payment","timestamp":"2025-12-23T16:15:01.390Z"}
{"items_count":0,"level":"info","message":"Transaction mapped","payments_count":0,"timestamp":"2025-12-23T16:15:01.391Z","transaction_id":"6e867cd8-34ca-48c6-8498-06c20af8a11c"}
{"level":"warn","message":"No mappings found for table","tableName":"raw_transaction_items","timestamp":"2025-12-23T16:15:01.392Z"}
{"level":"warn","message":"No mappings found for table","tableName":"raw_payment","timestamp":"2025-12-23T16:15:01.393Z"}
{"items_count":0,"level":"info","message":"Transaction mapped","payments_count":0,"timestamp":"2025-12-23T16:15:01.394Z","transaction_id":"968be0d6-b852-4451-91e2-f504a5117007"}
{"level":"warn","message":"No mappings found for table","tableName":"raw_transaction_items","timestamp":"2025-12-23T16:15:01.395Z"}
{"level":"warn","message":"No mappings found for table","tableName":"raw_payment","timestamp":"2025-12-23T16:15:01.396Z"}
{"items_count":0,"level":"info","message":"Transaction mapped","payments_count":0,"timestamp":"2025-12-23T16:15:01.396Z","transaction_id":"e5034a58-bbc9-4526-9b87-5605141b4619"}
{"level":"warn","message":"No mappings found for table","tableName":"raw_transaction_items","timestamp":"2025-12-23T16:15:01.397Z"}
{"level":"warn","message":"No mappings found for table","tableName":"raw_payment","timestamp":"2025-12-23T16:15:01.398Z"}
{"items_count":0,"level":"info","message":"Transaction mapped","payments_count":0,"timestamp":"2025-12-23T16:15:01.399Z","transaction_id":"f4ff3735-f18a-4958-8907-bdcaeba1ad8d"}
{"level":"warn","message":"No mappings found for table","tableName":"raw_transaction_items","timestamp":"2025-12-23T16:15:01.400Z"}
{"level":"warn","message":"No mappings found for table","tableName":"raw_payment","timestamp":"2025-12-23T16:15:01.401Z"}
{"items_count":0,"level":"info","message":"Transaction mapped","payments_count":0,"timestamp":"2025-12-23T16:15:01.402Z","transaction_id":"e9d8a63f-4554-4c5b-aac7-537e5b4d782b"}
{"level":"warn","message":"No mappings found for table","tableName":"raw_transaction_items","timestamp":"2025-12-23T16:15:01.403Z"}
{"level":"warn","message":"No mappings found for table","tableName":"raw_payment","timestamp":"2025-12-23T16:15:01.404Z"}
{"items_count":0,"level":"info","message":"Transaction mapped","payments_count":0,"timestamp":"2025-12-23T16:15:01.405Z","transaction_id":"2afca4e0-aab1-4901-8504-a53f66c68d2e"}
{"level":"warn","message":"No mappings found for table","tableName":"raw_transaction_items","timestamp":"2025-12-23T16:15:01.407Z"}
{"level":"warn","message":"No mappings found for table","tableName":"raw_payment","timestamp":"2025-12-23T16:15:01.408Z"}
{"items_count":0,"level":"info","message":"Transaction mapped","payments_count":0,"timestamp":"2025-12-23T16:15:01.409Z","transaction_id":"f203d832-015f-44dc-8eab-d8aa9a162747"}
{"level":"warn","message":"No mappings found for table","tableName":"raw_transaction_items","timestamp":"2025-12-23T16:15:01.410Z"}
{"level":"warn","message":"No mappings found for table","tableName":"raw_payment","timestamp":"2025-12-23T16:15:01.411Z"}
{"items_count":0,"level":"info","message":"Transaction mapped","payments_count":0,"timestamp":"2025-12-23T16:15:01.412Z","transaction_id":"aceeecc7-84f6-4622-bb84-8d0e75921cea"}
{"level":"warn","message":"No mappings found for table","tableName":"raw_transaction_items","timestamp":"2025-12-23T16:15:01.413Z"}
{"level":"warn","message":"No mappings found for table","tableName":"raw_payment","timestamp":"2025-12-23T16:15:01.414Z"}
{"items_count":0,"level":"info","message":"Transaction mapped","payments_count":0,"timestamp":"2025-12-23T16:15:01.415Z","transaction_id":"7f8513a6-a4b6-447c-962c-8f90e1ce8338"}
{"level":"warn","message":"No mappings found for table","tableName":"raw_transaction_items","timestamp":"2025-12-23T16:15:01.416Z"}
{"level":"warn","message":"No mappings found for table","tableName":"raw_payment","timestamp":"2025-12-23T16:15:01.417Z"}
{"items_count":0,"level":"info","message":"Transaction mapped","payments_count":0,"timestamp":"2025-12-23T16:15:01.418Z","transaction_id":"d9222b9b-ed07-4cfa-bb11-6583ca034337"}
{"level":"warn","message":"No mappings found for table","tableName":"raw_transaction_items","timestamp":"2025-12-23T16:20:01.294Z"}
{"level":"warn","message":"No mappings found for table","tableName":"raw_payment","timestamp":"2025-12-23T16:20:01.295Z"}
{"items_count":0,"level":"info","message":"Transaction mapped","payments_count":0,"timestamp":"2025-12-23T16:20:01.296Z","transaction_id":"96377ec1-df47-41a8-908f-89bbff5112a1"}
{"level":"warn","message":"No mappings found for table","tableName":"raw_transaction_items","timestamp":"2025-12-23T16:20:01.297Z"}
{"level":"warn","message":"No mappings found for table","tableName":"raw_payment","timestamp":"2025-12-23T16:20:01.298Z"}
{"items_count":0,"level":"info","message":"Transaction mapped","payments_count":0,"timestamp":"2025-12-23T16:20:01.299Z","transaction_id":"e5a2d0a4-0e4d-47dd-9b1f-0fe26d51ed54"}
{"level":"warn","message":"No mappings found for table","tableName":"raw_transaction_items","timestamp":"2025-12-23T16:20:01.299Z"}
{"level":"warn","message":"No mappings found for table","tableName":"raw_payment","timestamp":"2025-12-23T16:20:01.300Z"}
{"items_count":0,"level":"info","message":"Transaction mapped","payments_count":0,"timestamp":"2025-12-23T16:20:01.301Z","transaction_id":"c5ee943d-29f9-461d-996c-9b18f9294f40"}
{"level":"warn","message":"No mappings found for table","tableName":"raw_transaction_items","timestamp":"2025-12-23T16:20:01.302Z"}
{"level":"warn","message":"No mappings found for table","tableName":"raw_payment","timestamp":"2025-12-23T16:20:01.303Z"}
{"items_count":0,"level":"info","message":"Transaction mapped","payments_count":0,"timestamp":"2025-12-23T16:20:01.304Z","transaction_id":"45f93632-6629-4525-818c-ea3aa8ff01b3"}
{"level":"warn","message":"No mappings found for table","tableName":"raw_transaction_items","timestamp":"2025-12-23T16:20:01.304Z"}
{"level":"warn","message":"No mappings found for table","tableName":"raw_payment","timestamp":"2025-12-23T16:20:01.305Z"}
{"items_count":0,"level":"info","message":"Transaction mapped","payments_count":0,"timestamp":"2025-12-23T16:20:01.306Z","transaction_id":"77c15e63-32fe-45e1-8eb3-af448d2b5272"}
{"level":"warn","message":"No mappings found for table","tableName":"raw_transaction_items","timestamp":"2025-12-23T16:20:01.307Z"}
{"level":"warn","message":"No mappings found for table","tableName":"raw_payment","timestamp":"2025-12-23T16:20:01.307Z"}
{"items_count":0,"level":"info","message":"Transaction mapped","payments_count":0,"timestamp":"2025-12-23T16:20:01.308Z","transaction_id":"1ad4ee20-d0e6-4cb8-b8f5-b7fb2b224d3e"}
{"level":"warn","message":"No mappings found for table","tableName":"raw_transaction_items","timestamp":"2025-12-23T16:20:01.309Z"}
{"level":"warn","message":"No mappings found for table","tableName":"raw_payment","timestamp":"2025-12-23T16:20:01.310Z"}
{"items_count":0,"level":"info","message":"Transaction mapped","payments_count":0,"timestamp":"2025-12-23T16:20:01.310Z","transaction_id":"044a38a0-b4e3-4040-8bd0-40d5ba28e264"}
{"level":"warn","message":"No mappings found for table","tableName":"raw_transaction_items","timestamp":"2025-12-23T16:20:01.311Z"}
{"level":"warn","message":"No mappings found for table","tableName":"raw_payment","timestamp":"2025-12-23T16:20:01.312Z"}
{"items_count":0,"level":"info","message":"Transaction mapped","payments_count":0,"timestamp":"2025-12-23T16:20:01.313Z","transaction_id":"e17a5898-012b-4b16-980a-4e81315c0c7b"}
{"level":"warn","message":"No mappings found for table","tableName":"raw_transaction_items","timestamp":"2025-12-23T16:20:01.314Z"}
{"level":"warn","message":"No mappings found for table","tableName":"raw_payment","timestamp":"2025-12-23T16:20:01.314Z"}
{"items_count":0,"level":"info","message":"Transaction mapped","payments_count":0,"timestamp":"2025-12-23T16:20:01.315Z","transaction_id":"6f0e9c02-8d82-4328-9ac2-167e94631a8d"}
{"level":"warn","message":"No mappings found for table","tableName":"raw_transaction_items","timestamp":"2025-12-23T16:20:01.316Z"}
{"level":"warn","message":"No mappings found for table","tableName":"raw_payment","timestamp":"2025-12-23T16:20:01.317Z"}
{"items_count":0,"level":"info","message":"Transaction mapped","payments_count":0,"timestamp":"2025-12-23T16:20:01.318Z","transaction_id":"10a21443-9cb7-489b-aad1-fb865b39b3e9"}
{"level":"warn","message":"No mappings found for table","tableName":"raw_transaction_items","timestamp":"2025-12-23T16:20:01.319Z"}
{"level":"warn","message":"No mappings found for table","tableName":"raw_payment","timestamp":"2025-12-23T16:20:01.319Z"}
{"items_count":0,"level":"info","message":"Transaction mapped","payments_count":0,"timestamp":"2025-12-23T16:20:01.320Z","transaction_id":"e5e3d27c-6728-4116-a65c-16c127164aa7"}
{"level":"warn","message":"No mappings found for table","tableName":"raw_transaction_items","timestamp":"2025-12-23T16:20:01.321Z"}
{"level":"warn","message":"No mappings found for table","tableName":"raw_payment","timestamp":"2025-12-23T16:20:01.322Z"}
{"items_count":0,"level":"info","message":"Transaction mapped","payments_count":0,"timestamp":"2025-12-23T16:20:01.322Z","transaction_id":"a9500865-a0cb-4391-ba38-80cc8eba0f56"}
{"level":"warn","message":"No mappings found for table","tableName":"raw_transaction_items","timestamp":"2025-12-23T16:20:01.323Z"}
{"level":"warn","message":"No mappings found for table","tableName":"raw_payment","timestamp":"2025-12-23T16:20:01.324Z"}
{"items_count":0,"level":"info","message":"Transaction mapped","payments_count":0,"timestamp":"2025-12-23T16:20:01.325Z","transaction_id":"57c01a79-f82f-41a1-9240-8feee2c7bd24"}
{"level":"warn","message":"No mappings found for table","tableName":"raw_transaction_items","timestamp":"2025-12-23T16:20:01.325Z"}
{"level":"warn","message":"No mappings found for table","tableName":"raw_payment","timestamp":"2025-12-23T16:20:01.326Z"}
{"items_count":0,"level":"info","message":"Transaction mapped","payments_count":0,"timestamp":"2025-12-23T16:20:01.327Z","transaction_id":"c86ee29f-c670-4336-b09a-d6be2ff32101"}
{"level":"warn","message":"No mappings found for table","tableName":"raw_transaction_items","timestamp":"2025-12-23T16:20:01.328Z"}
{"level":"warn","message":"No mappings found for table","tableName":"raw_payment","timestamp":"2025-12-23T16:20:01.328Z"}
{"items_count":0,"level":"info","message":"Transaction mapped","payments_count":0,"timestamp":"2025-12-23T16:20:01.329Z","transaction_id":"c2f68ecf-bd28-4e85-9ea4-9e6a42a972ee"}
{"level":"warn","message":"No mappings found for table","tableName":"raw_transaction_items","timestamp":"2025-12-23T16:20:01.330Z"}
{"level":"warn","message":"No mappings found for table","tableName":"raw_payment","timestamp":"2025-12-23T16:20:01.331Z"}
{"items_count":0,"level":"info","message":"Transaction mapped","payments_count":0,"timestamp":"2025-12-23T16:20:01.331Z","transaction_id":"f8175a7e-8c72-4747-af33-70ec0318ad3c"}
{"level":"warn","message":"No mappings found for table","tableName":"raw_transaction_items","timestamp":"2025-12-23T16:20:01.332Z"}
{"level":"warn","message":"No mappings found for table","tableName":"raw_payment","timestamp":"2025-12-23T16:20:01.333Z"}
{"items_count":0,"level":"info","message":"Transaction mapped","payments_count":0,"timestamp":"2025-12-23T16:20:01.334Z","transaction_id":"bf63f115-080f-4db5-87c8-b16756764251"}
{"level":"warn","message":"No mappings found for table","tableName":"raw_transaction_items","timestamp":"2025-12-23T16:25:01.426Z"}
{"level":"warn","message":"No mappings found for table","tableName":"raw_payment","timestamp":"2025-12-23T16:25:01.427Z"}
{"items_count":0,"level":"info","message":"Transaction mapped","payments_count":0,"timestamp":"2025-12-23T16:25:01.428Z","transaction_id":"e78b8567-e20e-4551-b889-f507902b5e5b"}
{"level":"warn","message":"No mappings found for table","tableName":"raw_transaction_items","timestamp":"2025-12-23T16:25:01.429Z"}
{"level":"warn","message":"No mappings found for table","tableName":"raw_payment","timestamp":"2025-12-23T16:25:01.430Z"}
{"items_count":0,"level":"info","message":"Transaction mapped","payments_count":0,"timestamp":"2025-12-23T16:25:01.431Z","transaction_id":"e84c00c3-66a0-495c-8439-e6862fc25f0b"}
{"level":"warn","message":"No mappings found for table","tableName":"raw_transaction_items","timestamp":"2025-12-23T16:25:01.432Z"}
{"level":"warn","message":"No mappings found for table","tableName":"raw_payment","timestamp":"2025-12-23T16:25:01.433Z"}
{"items_count":0,"level":"info","message":"Transaction mapped","payments_count":0,"timestamp":"2025-12-23T16:25:01.434Z","transaction_id":"4265d49a-cd8c-45c4-a701-a5769dbf3421"}
{"level":"warn","message":"No mappings found for table","tableName":"raw_transaction_items","timestamp":"2025-12-23T16:25:01.435Z"}
{"level":"warn","message":"No mappings found for table","tableName":"raw_payment","timestamp":"2025-12-23T16:25:01.436Z"}
{"items_count":0,"level":"info","message":"Transaction mapped","payments_count":0,"timestamp":"2025-12-23T16:25:01.437Z","transaction_id":"d786221b-ab45-4fa6-830f-4f420f9ad13a"}
{"level":"warn","message":"No mappings found for table","tableName":"raw_transaction_items","timestamp":"2025-12-23T16:25:01.438Z"}
{"level":"warn","message":"No mappings found for table","tableName":"raw_payment","timestamp":"2025-12-23T16:25:01.438Z"}
{"items_count":0,"level":"info","message":"Transaction mapped","payments_count":0,"timestamp":"2025-12-23T16:25:01.439Z","transaction_id":"b0e49dec-d479-493c-8b87-a760b3c62903"}
{"level":"warn","message":"No mappings found for table","tableName":"raw_transaction_items","timestamp":"2025-12-23T16:25:01.440Z"}
{"level":"warn","message":"No mappings found for table","tableName":"raw_payment","timestamp":"2025-12-23T16:25:01.441Z"}
{"items_count":0,"level":"info","message":"Transaction mapped","payments_count":0,"timestamp":"2025-12-23T16:25:01.442Z","transaction_id":"e187fbcb-c310-4e0d-80ee-b8f87ce14759"}
{"level":"warn","message":"No mappings found for table","tableName":"raw_transaction_items","timestamp":"2025-12-23T16:25:01.443Z"}
{"level":"warn","message":"No mappings found for table","tableName":"raw_payment","timestamp":"2025-12-23T16:25:01.444Z"}
{"items_count":0,"level":"info","message":"Transaction mapped","payments_count":0,"timestamp":"2025-12-23T16:25:01.445Z","transaction_id":"7f9cdbf8-db18-4d20-b4c0-8298daaed709"}
{"level":"warn","message":"No mappings found for table","tableName":"raw_transaction_items","timestamp":"2025-12-23T16:25:01.446Z"}
{"level":"warn","message":"No mappings found for table","tableName":"raw_payment","timestamp":"2025-12-23T16:25:01.447Z"}
{"items_count":0,"level":"info","message":"Transaction mapped","payments_count":0,"timestamp":"2025-12-23T16:25:01.448Z","transaction_id":"71f93790-3345-4dda-ac76-525146bd20cd"}
{"level":"warn","message":"No mappings found for table","tableName":"raw_transaction_items","timestamp":"2025-12-23T16:25:01.449Z"}
{"level":"warn","message":"No mappings found for table","tableName":"raw_payment","timestamp":"2025-12-23T16:25:01.450Z"}
{"items_count":0,"level":"info","message":"Transaction mapped","payments_count":0,"timestamp":"2025-12-23T16:25:01.451Z","transaction_id":"ebc87a0c-0c55-4a81-9e01-7e4f549c7039"}
{"level":"warn","message":"No mappings found for table","tableName":"raw_transaction_items","timestamp":"2025-12-23T16:25:01.452Z"}
{"level":"warn","message":"No mappings found for table","tableName":"raw_payment","timestamp":"2025-12-23T16:25:01.453Z"}
{"items_count":0,"level":"info","message":"Transaction mapped","payments_count":0,"timestamp":"2025-12-23T16:25:01.454Z","transaction_id":"761c8957-56ed-4a6d-bdce-63815725e6dd"}
{"level":"warn","message":"No mappings found for table","tableName":"raw_transaction_items","timestamp":"2025-12-23T16:25:01.455Z"}
{"level":"warn","message":"No mappings found for table","tableName":"raw_payment","timestamp":"2025-12-23T16:25:01.456Z"}
{"items_count":0,"level":"info","message":"Transaction mapped","payments_count":0,"timestamp":"2025-12-23T16:25:01.457Z","transaction_id":"5ee8661d-caf0-4e06-8108-3c1f24e83543"}
{"level":"warn","message":"No mappings found for table","tableName":"raw_transaction_items","timestamp":"2025-12-23T16:25:01.458Z"}
{"level":"warn","message":"No mappings found for table","tableName":"raw_payment","timestamp":"2025-12-23T16:25:01.460Z"}
{"items_count":0,"level":"info","message":"Transaction mapped","payments_count":0,"timestamp":"2025-12-23T16:25:01.461Z","transaction_id":"6fcbfc28-0692-4354-97b5-7f7a66e8cbf1"}
{"level":"warn","message":"No mappings found for table","tableName":"raw_transaction_items","timestamp":"2025-12-23T16:25:01.462Z"}
{"level":"warn","message":"No mappings found for table","tableName":"raw_payment","timestamp":"2025-12-23T16:25:01.463Z"}
{"items_count":0,"level":"info","message":"Transaction mapped","payments_count":0,"timestamp":"2025-12-23T16:25:01.464Z","transaction_id":"6720d6f1-e483-450e-b3e6-02c26a9332b2"}
{"level":"warn","message":"No mappings found for table","tableName":"raw_transaction_items","timestamp":"2025-12-23T16:25:01.466Z"}
{"level":"warn","message":"No mappings found for table","tableName":"raw_payment","timestamp":"2025-12-23T16:25:01.466Z"}
{"items_count":0,"level":"info","message":"Transaction mapped","payments_count":0,"timestamp":"2025-12-23T16:25:01.467Z","transaction_id":"d6ac1394-2f64-4911-9482-d6730b41c485"}
{"level":"warn","message":"No mappings found for table","tableName":"raw_transaction_items","timestamp":"2025-12-23T16:25:01.468Z"}
{"level":"warn","message":"No mappings found for table","tableName":"raw_payment","timestamp":"2025-12-23T16:25:01.469Z"}
{"items_count":0,"level":"info","message":"Transaction mapped","payments_count":0,"timestamp":"2025-12-23T16:25:01.470Z","transaction_id":"70dd3f1a-ae73-4e99-bf9e-1af8c31058f8"}
{"level":"warn","message":"No mappings found for table","tableName":"raw_transaction_items","timestamp":"2025-12-23T16:25:01.471Z"}
{"level":"warn","message":"No mappings found for table","tableName":"raw_payment","timestamp":"2025-12-23T16:25:01.472Z"}
{"items_count":0,"level":"info","message":"Transaction mapped","payments_count":0,"timestamp":"2025-12-23T16:25:01.473Z","transaction_id":"d01b99ce-8021-49b2-843d-8d391efcd4e5"}
{"level":"warn","message":"No mappings found for table","tableName":"raw_transaction_items","timestamp":"2025-12-23T16:25:01.474Z"}
{"level":"warn","message":"No mappings found for table","tableName":"raw_payment","timestamp":"2025-12-23T16:25:01.475Z"}
{"items_count":0,"level":"info","message":"Transaction mapped","payments_count":0,"timestamp":"2025-12-23T16:25:01.476Z","transaction_id":"3f4c712a-7b0e-41ae-9799-b61ed67185b2"}
