{"level":"error","message":"❌ ItemdetailsGet failed","timestamp":"2026-01-27T14:11:00.896Z"}
{"level":"error","message":"❌ PaymentdetailsGet failed","timestamp":"2026-01-27T14:11:00.897Z"}
{"level":"error","message":"❌ TransactiondetailsGet failed","timestamp":"2026-01-27T14:11:00.898Z"}
{"level":"error","message":"❌ ItemdetailsGet failed","timestamp":"2026-01-27T14:12:01.230Z"}
{"level":"error","message":"❌ PaymentdetailsGet failed","timestamp":"2026-01-27T14:12:01.231Z"}
{"level":"error","message":"❌ TransactiondetailsGet failed","timestamp":"2026-01-27T14:12:01.232Z"}
{"level":"error","message":"❌ ItemdetailsGet failed","timestamp":"2026-01-27T14:13:00.990Z"}
{"level":"error","message":"❌ PaymentdetailsGet failed","timestamp":"2026-01-27T14:13:00.990Z"}
{"level":"error","message":"❌ TransactiondetailsGet failed","timestamp":"2026-01-27T14:13:00.991Z"}
{"level":"error","message":"❌ ItemdetailsGet failed","timestamp":"2026-01-27T14:14:00.703Z"}
{"level":"error","message":"❌ PaymentdetailsGet failed","timestamp":"2026-01-27T14:14:00.703Z"}
{"level":"error","message":"❌ TransactiondetailsGet failed","timestamp":"2026-01-27T14:14:00.703Z"}
{"level":"error","message":"❌ ItemdetailsGet failed","timestamp":"2026-01-27T14:15:00.528Z"}
{"level":"error","message":"❌ PaymentdetailsGet failed","timestamp":"2026-01-27T14:15:00.529Z"}
{"level":"error","message":"❌ TransactiondetailsGet failed","timestamp":"2026-01-27T14:15:00.529Z"}
{"config":"74d15eed-2b7b-4672-8875-c1e0afc84757","error":"cac_api_url is not defined","level":"error","message":"Data fetch failed","timestamp":"2026-01-27T14:16:00.955Z"}
{"level":"error","message":"❌ ItemdetailsGet failed","timestamp":"2026-01-27T14:19:03.903Z"}
{"level":"error","message":"❌ PaymentdetailsGet failed","timestamp":"2026-01-27T14:19:03.904Z"}
{"level":"error","message":"❌ TransactiondetailsGet failed","timestamp":"2026-01-27T14:19:03.905Z"}
{"level":"error","message":"❌ ItemdetailsGet failed","timestamp":"2026-01-27T14:20:00.971Z"}
{"level":"error","message":"❌ PaymentdetailsGet failed","timestamp":"2026-01-27T14:20:00.972Z"}
{"level":"error","message":"❌ TransactiondetailsGet failed","timestamp":"2026-01-27T14:20:00.973Z"}
{"level":"error","message":"❌ ItemdetailsGet failed","timestamp":"2026-01-27T14:21:00.658Z"}
{"level":"error","message":"❌ PaymentdetailsGet failed","timestamp":"2026-01-27T14:21:00.659Z"}
{"level":"error","message":"❌ TransactiondetailsGet failed","timestamp":"2026-01-27T14:21:00.660Z"}
{"level":"error","message":"❌ ItemdetailsGet failed","timestamp":"2026-01-27T14:23:00.884Z"}
{"level":"error","message":"❌ PaymentdetailsGet failed","timestamp":"2026-01-27T14:23:00.885Z"}
{"level":"error","message":"❌ TransactiondetailsGet failed","timestamp":"2026-01-27T14:23:00.886Z"}
{"level":"error","message":"❌ ItemdetailsGet failed","timestamp":"2026-01-27T14:24:00.595Z"}
{"level":"error","message":"❌ PaymentdetailsGet failed","timestamp":"2026-01-27T14:24:00.597Z"}
{"level":"error","message":"❌ TransactiondetailsGet failed","timestamp":"2026-01-27T14:24:00.597Z"}
{"level":"error","message":"❌ ItemdetailsGet failed","timestamp":"2026-01-27T14:25:00.932Z"}
{"level":"error","message":"❌ PaymentdetailsGet failed","timestamp":"2026-01-27T14:25:00.933Z"}
{"level":"error","message":"❌ TransactiondetailsGet failed","timestamp":"2026-01-27T14:25:00.933Z"}
{"level":"error","message":"❌ ItemdetailsGet failed","timestamp":"2026-01-27T14:26:00.891Z"}
{"level":"error","message":"❌ PaymentdetailsGet failed","timestamp":"2026-01-27T14:26:00.891Z"}
{"level":"error","message":"❌ TransactiondetailsGet failed","timestamp":"2026-01-27T14:26:00.892Z"}
{"level":"error","message":"❌ ItemdetailsGet failed","timestamp":"2026-01-27T14:27:00.713Z"}
{"level":"error","message":"❌ PaymentdetailsGet failed","timestamp":"2026-01-27T14:27:00.714Z"}
{"level":"error","message":"❌ TransactiondetailsGet failed","timestamp":"2026-01-27T14:27:00.714Z"}
{"level":"error","message":"❌ ItemdetailsGet failed","timestamp":"2026-01-27T14:28:00.704Z"}
{"level":"error","message":"❌ PaymentdetailsGet failed","timestamp":"2026-01-27T14:28:00.705Z"}
{"level":"error","message":"❌ TransactiondetailsGet failed","timestamp":"2026-01-27T14:28:00.706Z"}
{"level":"error","message":"❌ ItemdetailsGet failed","timestamp":"2026-01-27T14:29:01.238Z"}
{"level":"error","message":"❌ PaymentdetailsGet failed","timestamp":"2026-01-27T14:29:01.239Z"}
{"level":"error","message":"❌ TransactiondetailsGet failed","timestamp":"2026-01-27T14:29:01.240Z"}
{"level":"error","message":"❌ ItemdetailsGet failed","timestamp":"2026-01-27T14:30:01.137Z"}
{"level":"error","message":"❌ PaymentdetailsGet failed","timestamp":"2026-01-27T14:30:01.139Z"}
{"level":"error","message":"❌ TransactiondetailsGet failed","timestamp":"2026-01-27T14:30:01.140Z"}
{"level":"error","message":"❌ ItemdetailsGet failed","timestamp":"2026-01-27T14:31:01.219Z"}
{"level":"error","message":"❌ PaymentdetailsGet failed","timestamp":"2026-01-27T14:31:01.221Z"}
{"level":"error","message":"❌ TransactiondetailsGet failed","timestamp":"2026-01-27T14:31:01.223Z"}
{"level":"error","message":"❌ ItemdetailsGet failed","timestamp":"2026-01-27T14:32:01.179Z"}
{"level":"error","message":"❌ PaymentdetailsGet failed","timestamp":"2026-01-27T14:32:01.181Z"}
{"level":"error","message":"❌ TransactiondetailsGet failed","timestamp":"2026-01-27T14:32:01.183Z"}
{"level":"error","message":"❌ ItemdetailsGet failed","timestamp":"2026-01-27T14:33:01.590Z"}
{"level":"error","message":"❌ PaymentdetailsGet failed","timestamp":"2026-01-27T14:33:01.594Z"}
{"level":"error","message":"❌ TransactiondetailsGet failed","timestamp":"2026-01-27T14:33:01.597Z"}
{"level":"error","message":"❌ ItemdetailsGet failed","timestamp":"2026-01-27T14:34:01.563Z"}
{"level":"error","message":"❌ PaymentdetailsGet failed","timestamp":"2026-01-27T14:34:01.566Z"}
{"level":"error","message":"❌ TransactiondetailsGet failed","timestamp":"2026-01-27T14:34:01.568Z"}
{"level":"error","message":"❌ ItemdetailsGet failed","timestamp":"2026-01-27T14:35:01.164Z"}
{"level":"error","message":"❌ PaymentdetailsGet failed","timestamp":"2026-01-27T14:35:01.167Z"}
{"level":"error","message":"❌ TransactiondetailsGet failed","timestamp":"2026-01-27T14:35:01.169Z"}
{"level":"error","message":"❌ ItemdetailsGet failed","timestamp":"2026-01-27T14:36:01.279Z"}
{"level":"error","message":"❌ PaymentdetailsGet failed","timestamp":"2026-01-27T14:36:01.282Z"}
{"level":"error","message":"❌ TransactiondetailsGet failed","timestamp":"2026-01-27T14:36:01.286Z"}
{"level":"error","message":"❌ ItemdetailsGet failed","timestamp":"2026-01-27T14:37:01.434Z"}
{"level":"error","message":"❌ PaymentdetailsGet failed","timestamp":"2026-01-27T14:37:01.439Z"}
{"level":"error","message":"❌ TransactiondetailsGet failed","timestamp":"2026-01-27T14:37:01.446Z"}
{"level":"error","message":"❌ ItemdetailsGet failed","timestamp":"2026-01-27T14:38:00.364Z"}
{"level":"error","message":"❌ PaymentdetailsGet failed","timestamp":"2026-01-27T14:38:00.366Z"}
{"level":"error","message":"❌ TransactiondetailsGet failed","timestamp":"2026-01-27T14:38:00.367Z"}
{"level":"error","message":"❌ ItemdetailsGet failed","timestamp":"2026-01-27T14:39:00.341Z"}
{"level":"error","message":"❌ PaymentdetailsGet failed","timestamp":"2026-01-27T14:39:00.343Z"}
{"level":"error","message":"❌ TransactiondetailsGet failed","timestamp":"2026-01-27T14:39:00.344Z"}
{"level":"error","message":"❌ ItemdetailsGet failed","timestamp":"2026-01-27T15:06:00.302Z"}
{"level":"error","message":"❌ PaymentdetailsGet failed","timestamp":"2026-01-27T15:06:00.305Z"}
{"level":"error","message":"❌ TransactiondetailsGet failed","timestamp":"2026-01-27T15:06:00.307Z"}
{"level":"error","message":"Fetching multi-API data","timestamp":"2026-01-27T15:24:00.380Z"}
{"level":"error","message":"Fetching multi-API data","timestamp":"2026-01-27T15:25:00.321Z"}
{"level":"error","message":"Fetching multi-API data","timestamp":"2026-01-27T15:26:00.287Z"}
{"level":"error","message":"Fetching multi-API data","timestamp":"2026-01-27T15:27:00.350Z"}
{"level":"error","message":"Fetching multi-API data","timestamp":"2026-01-27T15:28:00.461Z"}
{"level":"error","message":"Fetching multi-API data","timestamp":"2026-01-27T15:29:00.338Z"}
{"level":"error","message":"Fetching multi-API data","timestamp":"2026-01-27T15:30:00.424Z"}
{"level":"error","message":"Fetching multi-API data","timestamp":"2026-01-27T15:31:00.333Z"}
{"level":"error","message":"Fetching multi-API data","timestamp":"2026-01-27T15:32:00.151Z"}
{"level":"error","message":"Fetching multi-API data","timestamp":"2026-01-27T15:33:00.133Z"}
{"baseUrl":"http://198.38.89.30:9020//api/App","level":"error","message":"Fetching multi-API data","timestamp":"2026-01-27T15:35:00.382Z"}
{"baseUrl":"http://198.38.89.30:9020//api/App","level":"error","message":"Fetching multi-API data","timestamp":"2026-01-27T15:36:00.450Z"}
{"baseUrl":"http://198.38.89.30:9020//api/App","level":"error","message":"Fetching multi-API data","timestamp":"2026-01-27T15:37:00.427Z"}
{"baseUrl":"http://198.38.89.30:9020//api/App","level":"error","message":"Fetching multi-API data","timestamp":"2026-01-27T15:38:00.341Z"}
{"baseUrl":"http://198.38.89.30:9020//api/App","level":"error","message":"Fetching multi-API data","timestamp":"2026-01-27T15:39:00.446Z"}
{"baseUrl":"http://198.38.89.30:9020//api/App","level":"error","message":"Fetching multi-API data","timestamp":"2026-01-27T15:40:00.352Z"}
{"baseUrl":"http://198.38.89.30:9020//api/App","level":"error","message":"Fetching multi-API data","timestamp":"2026-01-27T15:41:00.344Z"}
{"baseUrl":"http://198.38.89.30:9020//api/App","level":"error","message":"Fetching multi-API data","timestamp":"2026-01-27T15:42:00.415Z"}
{"baseUrl":"http://198.38.89.30:9020//api/App","level":"error","message":"Fetching multi-API data","timestamp":"2026-01-27T15:43:00.386Z"}
{"baseUrl":"http://198.38.89.30:9020//api/App","level":"error","message":"Fetching multi-API data","timestamp":"2026-01-27T15:44:00.468Z"}
{"baseUrl":"http://198.38.89.30:9020//api/App","level":"error","message":"Fetching multi-API data","timestamp":"2026-01-27T15:45:00.296Z"}
