{"level":"info","message":"Fetching data from API","timestamp":"2025-12-21T14:00:13.105Z","url":"https://api.giva.co/pos/posTransactions?from=1764527400000&to=1766130599000"}
{"headers":{},"level":"info","message":"API request details","method":"GET","timestamp":"2025-12-21T14:00:13.106Z","url":"https://api.giva.co/pos/posTransactions?from=1764527400000&to=1766130599000"}
{"config":"5836e259-a2d5-4dfb-8d7f-0336956f6819","error":"Request failed with status code 400","level":"error","message":"Data fetch failed","timestamp":"2025-12-21T14:00:13.528Z"}
{"level":"info","message":"Fetching data from API","timestamp":"2025-12-21T14:36:31.691Z","url":"https://api.giva.co/pos/posTransactions?from=1764527400000&to=1766130599000"}
{"headers":{},"level":"info","message":"API request details","method":"GET","timestamp":"2025-12-21T14:36:31.692Z","url":"https://api.giva.co/pos/posTransactions?from=1764527400000&to=1766130599000"}
{"config":"5836e259-a2d5-4dfb-8d7f-0336956f6819","error":"Request failed with status code 400","level":"error","message":"Data fetch failed","timestamp":"2025-12-21T14:36:32.017Z"}
{"level":"info","message":"Fetching data from API","timestamp":"2025-12-21T14:40:00.236Z","url":"https://api.giva.co/pos/posTransactions?from=1764527400000&to=1766130599000"}
{"headers":{},"level":"info","message":"API request details","method":"GET","timestamp":"2025-12-21T14:40:00.236Z","url":"https://api.giva.co/pos/posTransactions?from=1764527400000&to=1766130599000"}
{"config":"5836e259-a2d5-4dfb-8d7f-0336956f6819","error":"Request failed with status code 400","level":"error","message":"Data fetch failed","timestamp":"2025-12-21T14:40:00.378Z"}
{"level":"info","message":"Fetching data from API","timestamp":"2025-12-21T14:45:00.374Z","url":"https://api.giva.co/pos/posTransactions?from=1764527400000&to=1766130599000"}
{"headers":{},"level":"info","message":"API request details","method":"Get","timestamp":"2025-12-21T14:45:00.374Z","url":"https://api.giva.co/pos/posTransactions?from=1764527400000&to=1766130599000"}
{"config":"5836e259-a2d5-4dfb-8d7f-0336956f6819","error":"Request failed with status code 400","level":"error","message":"Data fetch failed","timestamp":"2025-12-21T14:45:00.490Z"}
{"level":"info","message":"Fetching data from API","timestamp":"2025-12-21T14:50:00.211Z","url":"https://api.giva.co/pos/posTransactions?from=1764527400000&to=1766130599000"}
{"headers":{},"level":"info","message":"API request details","method":"Get","timestamp":"2025-12-21T14:50:00.212Z","url":"https://api.giva.co/pos/posTransactions?from=1764527400000&to=1766130599000"}
{"config":"5836e259-a2d5-4dfb-8d7f-0336956f6819","error":"Request failed with status code 400","level":"error","message":"Data fetch failed","timestamp":"2025-12-21T14:50:00.465Z"}
{"level":"info","message":"Fetching data from API","timestamp":"2025-12-21T14:55:00.202Z","url":"https://api.giva.co/pos/posTransactions?from=1764527400000&to=1766130599000"}
{"headers":{},"level":"info","message":"API request details","method":"Get","timestamp":"2025-12-21T14:55:00.203Z","url":"https://api.giva.co/pos/posTransactions?from=1764527400000&to=1766130599000"}
{"config":"5836e259-a2d5-4dfb-8d7f-0336956f6819","error":"Request failed with status code 400","level":"error","message":"Data fetch failed","timestamp":"2025-12-21T14:55:00.316Z"}
{"level":"info","message":"Fetching data from API","timestamp":"2025-12-21T16:30:00.365Z","url":"https://api.giva.co/pos/posTransactions?from=1764527400000&to=1766130599000"}
{"headers":{},"level":"info","message":"API request details","method":"Get","timestamp":"2025-12-21T16:30:00.365Z","url":"https://api.giva.co/pos/posTransactions?from=1764527400000&to=1766130599000"}
{"config":"5836e259-a2d5-4dfb-8d7f-0336956f6819","error":"Request failed with status code 400","level":"error","message":"Data fetch failed","timestamp":"2025-12-21T16:30:00.514Z"}
{"level":"info","message":"Fetching data from API","timestamp":"2025-12-21T16:31:05.532Z","url":"https://api.giva.co/pos/posTransactions?from=1764527400000&to=1766130599000"}
{"headers":{},"level":"info","message":"API request details","method":"Get","timestamp":"2025-12-21T16:31:05.538Z","url":"https://api.giva.co/pos/posTransactions?from=1764527400000&to=1766130599000"}
{"config":"5836e259-a2d5-4dfb-8d7f-0336956f6819","error":"Request failed with status code 400","level":"error","message":"Data fetch failed","timestamp":"2025-12-21T16:31:05.791Z"}
{"cac_auth_header_key":"storeid","cac_auth_header_value":"","level":"info","message":"Fetching data from API","timestamp":"2025-12-21T16:32:57.666Z","url":"https://api.giva.co/pos/posTransactions?from=1764527400000&to=1766130599000"}
{"headers":{},"level":"info","message":"API request details","method":"Get","timestamp":"2025-12-21T16:32:57.667Z","url":"https://api.giva.co/pos/posTransactions?from=1764527400000&to=1766130599000"}
{"config":"5836e259-a2d5-4dfb-8d7f-0336956f6819","error":"Request failed with status code 400","level":"error","message":"Data fetch failed","timestamp":"2025-12-21T16:32:57.991Z"}
{"cac_auth_header_key":"storeid","cac_auth_header_value":"","level":"info","message":"Fetching data from API","timestamp":"2025-12-21T16:35:13.617Z","url":"https://api.giva.co/pos/posTransactions?from=1764527400000&to=1766130599000"}
{"headers":{},"level":"info","message":"API request details","method":"Get","timestamp":"2025-12-21T16:35:13.618Z","url":"https://api.giva.co/pos/posTransactions?from=1764527400000&to=1766130599000"}
{"config":"5836e259-a2d5-4dfb-8d7f-0336956f6819","error":"Request failed with status code 400","level":"error","message":"Data fetch failed","timestamp":"2025-12-21T16:35:13.844Z"}
{"cac_auth_header_key":"storeid","cac_auth_header_value":"","level":"info","message":"Fetching data from API","timestamp":"2025-12-21T16:36:19.249Z","url":"https://api.giva.co/pos/posTransactions?from=1764527400000&to=1766130599000"}
{"headers":{},"level":"info","message":"API request details","method":"Get","timestamp":"2025-12-21T16:36:19.250Z","url":"https://api.giva.co/pos/posTransactions?from=1764527400000&to=1766130599000"}
{"config":"5836e259-a2d5-4dfb-8d7f-0336956f6819","error":"Request failed with status code 400","level":"error","message":"Data fetch failed","timestamp":"2025-12-21T16:36:19.482Z"}
{"cac_auth_header_key":"storeid","cac_auth_header_value":"","level":"info","message":"Fetching data from API","timestamp":"2025-12-21T16:40:00.142Z","url":"https://api.giva.co/pos/posTransactions?from=1764527400000&to=1766130599000"}
{"headers":{},"level":"info","message":"API request details","method":"Get","timestamp":"2025-12-21T16:40:00.143Z","url":"https://api.giva.co/pos/posTransactions?from=1764527400000&to=1766130599000"}
{"config":"5836e259-a2d5-4dfb-8d7f-0336956f6819","error":"Request failed with status code 400","level":"error","message":"Data fetch failed","timestamp":"2025-12-21T16:40:00.262Z"}
{"cac_auth_header_key":"storeid","cac_auth_header_value":"","level":"info","message":"Fetching data from API","timestamp":"2025-12-21T16:45:00.353Z","url":"https://api.giva.co/pos/posTransactions?from=1764527400000&to=1766130599000"}
{"headers":{},"level":"info","message":"API request details","method":"Get","timestamp":"2025-12-21T16:45:00.354Z","url":"https://api.giva.co/pos/posTransactions?from=1764527400000&to=1766130599000"}
{"config":"5836e259-a2d5-4dfb-8d7f-0336956f6819","error":"Request failed with status code 400","level":"error","message":"Data fetch failed","timestamp":"2025-12-21T16:45:00.495Z"}
{"cac_auth_header_key":"storeid","cac_auth_header_value":"","level":"info","message":"Fetching data from API","timestamp":"2025-12-21T16:50:00.251Z","url":"https://api.giva.co/pos/posTransactions?from=1764527400000&to=1766130599000"}
{"headers":{},"level":"info","message":"API request details","method":"Get","timestamp":"2025-12-21T16:50:00.252Z","url":"https://api.giva.co/pos/posTransactions?from=1764527400000&to=1766130599000"}
{"config":"5836e259-a2d5-4dfb-8d7f-0336956f6819","error":"Request failed with status code 400","level":"error","message":"Data fetch failed","timestamp":"2025-12-21T16:50:00.416Z"}
{"cac_auth_header_key":"storeid","cac_auth_header_value":"","level":"info","message":"Fetching data from API","timestamp":"2025-12-21T16:55:00.223Z","url":"https://api.giva.co/pos/posTransactions?from=1764527400000&to=1766130599000"}
{"headers":{},"level":"info","message":"API request details","method":"Get","timestamp":"2025-12-21T16:55:00.224Z","url":"https://api.giva.co/pos/posTransactions?from=1764527400000&to=1766130599000"}
{"config":"5836e259-a2d5-4dfb-8d7f-0336956f6819","error":"Request failed with status code 400","level":"error","message":"Data fetch failed","timestamp":"2025-12-21T16:55:00.349Z"}
{"cac_auth_header_key":"storeid","cac_auth_header_value":"72639545506","level":"info","message":"Fetching data from API","timestamp":"2025-12-21T16:58:32.154Z","url":"https://api.giva.co/pos/posTransactions?from=1764527400000&to=1766130599000"}
{"headers":{},"level":"info","message":"API request details","method":"Get","timestamp":"2025-12-21T16:58:32.155Z","url":"https://api.giva.co/pos/posTransactions?from=1764527400000&to=1766130599000"}
{"config":"5836e259-a2d5-4dfb-8d7f-0336956f6819","error":"Request failed with status code 400","level":"error","message":"Data fetch failed","timestamp":"2025-12-21T16:58:32.382Z"}
{"cac_auth_header_key":"storeid","cac_auth_header_value":"72639545506","level":"info","message":"Fetch]ing data from API","timestamp":"2025-12-21T16:59:35.091Z","url":"https://api.giva.co/pos/posTransactions?from=1764527400000&to=1766130599000"}
{"headers":{"storeid":"72639545506"},"level":"info","message":"API request details","method":"Get","timestamp":"2025-12-21T16:59:35.092Z","url":"https://api.giva.co/pos/posTransactions?from=1764527400000&to=1766130599000"}
{"cac_auth_header_key":"storeid","cac_auth_header_value":"72639545506","level":"info","message":"Fetch]ing data from API","timestamp":"2025-12-21T16:59:48.359Z","url":"https://api.giva.co/pos/posTransactions?from=1764527400000&to=1766130599000"}
{"headers":{"storeid":"72639545506"},"level":"info","message":"API request details","method":"Get","timestamp":"2025-12-21T16:59:48.360Z","url":"https://api.giva.co/pos/posTransactions?from=1764527400000&to=1766130599000"}
{"level":"info","message":"API data fetched successfully","recordCount":121,"timestamp":"2025-12-21T16:59:49.338Z"}
{"cac_auth_header_key":"storeid","cac_auth_header_value":"72639545506","level":"info","message":"Fetch]ing data from API","timestamp":"2025-12-21T17:00:00.238Z","url":"https://api.giva.co/pos/posTransactions?from=1764527400000&to=1766130599000"}
{"headers":{"storeid":"72639545506"},"level":"info","message":"API request details","method":"Get","timestamp":"2025-12-21T17:00:00.239Z","url":"https://api.giva.co/pos/posTransactions?from=1764527400000&to=1766130599000"}
{"level":"info","message":"API data fetched successfully","recordCount":121,"timestamp":"2025-12-21T17:00:01.216Z"}
{"cac_auth_header_key":"storeid","cac_auth_header_value":"72639545506","level":"info","message":"Fetch]ing data from API","timestamp":"2025-12-21T17:05:00.237Z","url":"https://api.giva.co/pos/posTransactions?from=1764527400000&to=1766130599000"}
{"headers":{"storeid":"72639545506"},"level":"info","message":"API request details","method":"Get","timestamp":"2025-12-21T17:05:00.238Z","url":"https://api.giva.co/pos/posTransactions?from=1764527400000&to=1766130599000"}
{"level":"info","message":"API data fetched successfully","recordCount":121,"timestamp":"2025-12-21T17:05:01.476Z"}
{"cac_auth_header_key":"storeid","cac_auth_header_value":"72639545506","level":"info","message":"Fetch]ing data from API","timestamp":"2025-12-21T17:10:00.249Z","url":"https://api.giva.co/pos/posTransactions?from=1764527400000&to=1766130599000"}
{"headers":{"storeid":"72639545506"},"level":"info","message":"API request details","method":"Get","timestamp":"2025-12-21T17:10:00.249Z","url":"https://api.giva.co/pos/posTransactions?from=1764527400000&to=1766130599000"}
{"level":"info","message":"API data fetched successfully","recordCount":121,"timestamp":"2025-12-21T17:10:01.242Z"}
{"cac_auth_header_key":"storeid","cac_auth_header_value":"72639545506","level":"info","message":"Fetch]ing data from API","timestamp":"2025-12-21T17:15:00.252Z","url":"https://api.giva.co/pos/posTransactions?from=1764527400000&to=1766130599000"}
{"headers":{"storeid":"72639545506"},"level":"info","message":"API request details","method":"Get","timestamp":"2025-12-21T17:15:00.253Z","url":"https://api.giva.co/pos/posTransactions?from=1764527400000&to=1766130599000"}
{"level":"info","message":"API data fetched successfully","recordCount":121,"timestamp":"2025-12-21T17:15:01.261Z"}
{"cac_auth_header_key":"storeid","cac_auth_header_value":"72639545506","level":"info","message":"Fetch]ing data from API","timestamp":"2025-12-21T17:20:00.232Z","url":"https://api.giva.co/pos/posTransactions?from=1764527400000&to=1766130599000"}
{"headers":{"storeid":"72639545506"},"level":"info","message":"API request details","method":"Get","timestamp":"2025-12-21T17:20:00.233Z","url":"https://api.giva.co/pos/posTransactions?from=1764527400000&to=1766130599000"}
{"level":"info","message":"API data fetched successfully","recordCount":121,"timestamp":"2025-12-21T17:20:01.364Z"}
{"cac_auth_header_key":"storeid","cac_auth_header_value":"72639545506","level":"info","message":"Fetch]ing data from API","timestamp":"2025-12-21T17:25:00.495Z","url":"https://api.giva.co/pos/posTransactions?from=1764527400000&to=1766130599000"}
{"headers":{"storeid":"72639545506"},"level":"info","message":"API request details","method":"Get","timestamp":"2025-12-21T17:25:00.496Z","url":"https://api.giva.co/pos/posTransactions?from=1764527400000&to=1766130599000"}
{"level":"info","message":"API data fetched successfully","recordCount":121,"timestamp":"2025-12-21T17:25:01.804Z"}
{"config":"5836e259-a2d5-4dfb-8d7f-0336956f6818","error":"Unknown source type: soap","level":"error","message":"Data fetch failed","timestamp":"2025-12-21T17:25:01.880Z"}
{"cac_auth_header_key":"storeid","cac_auth_header_value":"72639545506","level":"info","message":"Fetch]ing data from API","timestamp":"2025-12-21T17:27:33.923Z","url":"https://api.giva.co/pos/posTransactions?from=1764527400000&to=1766130599000"}
{"headers":{"storeid":"72639545506"},"level":"info","message":"API request details","method":"Get","timestamp":"2025-12-21T17:27:33.924Z","url":"https://api.giva.co/pos/posTransactions?from=1764527400000&to=1766130599000"}
{"cac_auth_header_key":"storeid","cac_auth_header_value":"72639545506","level":"info","message":"Fetch]ing data from API","timestamp":"2025-12-21T17:27:48.227Z","url":"https://api.giva.co/pos/posTransactions?from=1764527400000&to=1766130599000"}
{"headers":{"storeid":"72639545506"},"level":"info","message":"API request details","method":"Get","timestamp":"2025-12-21T17:27:48.228Z","url":"https://api.giva.co/pos/posTransactions?from=1764527400000&to=1766130599000"}
{"level":"info","message":"API data fetched successfully","recordCount":121,"timestamp":"2025-12-21T17:27:49.295Z"}
{"config":"5836e259-a2d5-4dfb-8d7f-0336956f6818","error":"Unknown source type: soap","level":"error","message":"Data fetch failed","timestamp":"2025-12-21T17:27:49.342Z"}
{"cac_auth_header_key":"storeid","cac_auth_header_value":"72639545506","level":"info","message":"Fetch]ing data from API","timestamp":"2025-12-21T17:30:00.236Z","url":"https://api.giva.co/pos/posTransactions?from=1764527400000&to=1766130599000"}
{"headers":{"storeid":"72639545506"},"level":"info","message":"API request details","method":"Get","timestamp":"2025-12-21T17:30:00.237Z","url":"https://api.giva.co/pos/posTransactions?from=1764527400000&to=1766130599000"}
{"level":"info","message":"API data fetched successfully","recordCount":121,"timestamp":"2025-12-21T17:30:01.819Z"}
{"config":"5836e259-a2d5-4dfb-8d7f-0336956f6818","error":"Unknown source type: soap","level":"error","message":"Data fetch failed","timestamp":"2025-12-21T17:30:01.880Z"}
{"cac_auth_header_key":"storeid","cac_auth_header_value":"72639545506","level":"info","message":"Fetch]ing data from API","timestamp":"2025-12-21T17:36:01.671Z","url":"https://api.giva.co/pos/posTransactions?from=1764527400000&to=1766130599000"}
{"headers":{"storeid":"72639545506"},"level":"info","message":"API request details","method":"Get","timestamp":"2025-12-21T17:36:01.672Z","url":"https://api.giva.co/pos/posTransactions?from=1764527400000&to=1766130599000"}
{"level":"info","message":"API data fetched successfully","recordCount":121,"timestamp":"2025-12-21T17:36:02.909Z"}
{"config":"5836e259-a2d5-4dfb-8d7f-0336956f6818","error":"Unknown source type: soap","level":"error","message":"Data fetch failed","timestamp":"2025-12-21T17:36:02.969Z"}
{"cac_auth_header_key":"storeid","cac_auth_header_value":"72639545506","level":"info","message":"Fetch]ing data from API","timestamp":"2025-12-21T17:39:43.727Z","url":"https://api.giva.co/pos/posTransactions?from=1764527400000&to=1766130599000"}
{"headers":{"storeid":"72639545506"},"level":"info","message":"API request details","method":"Get","timestamp":"2025-12-21T17:39:43.728Z","url":"https://api.giva.co/pos/posTransactions?from=1764527400000&to=1766130599000"}
{"level":"info","message":"API data fetched successfully","recordCount":121,"timestamp":"2025-12-21T17:39:45.156Z"}
{"config":"5836e259-a2d5-4dfb-8d7f-0336956f6818","error":"Unknown source type: soap","level":"error","message":"Data fetch failed","timestamp":"2025-12-21T17:39:45.567Z"}
{"cac_auth_header_key":"storeid","cac_auth_header_value":"72639545506","level":"info","message":"Fetch]ing data from API","timestamp":"2025-12-21T17:40:00.068Z","url":"https://api.giva.co/pos/posTransactions?from=1764527400000&to=1766130599000"}
{"headers":{"storeid":"72639545506"},"level":"info","message":"API request details","method":"Get","timestamp":"2025-12-21T17:40:00.070Z","url":"https://api.giva.co/pos/posTransactions?from=1764527400000&to=1766130599000"}
{"level":"info","message":"API data fetched successfully","recordCount":121,"timestamp":"2025-12-21T17:40:01.185Z"}
{"config":"5836e259-a2d5-4dfb-8d7f-0336956f6818","error":"Unknown source type: soap","level":"error","message":"Data fetch failed","timestamp":"2025-12-21T17:40:01.528Z"}
{"cac_auth_header_key":"storeid","cac_auth_header_value":"72639545506","level":"info","message":"Fetch]ing data from API","timestamp":"2025-12-21T17:45:34.604Z","url":"https://api.giva.co/pos/posTransactions?from=1764527400000&to=1766130599000"}
{"headers":{"storeid":"72639545506"},"level":"info","message":"API request details","method":"Get","timestamp":"2025-12-21T17:45:34.606Z","url":"https://api.giva.co/pos/posTransactions?from=1764527400000&to=1766130599000"}
{"level":"info","message":"API data fetched successfully","recordCount":121,"timestamp":"2025-12-21T17:45:36.151Z"}
{"config":"5836e259-a2d5-4dfb-8d7f-0336956f6818","error":"Unknown source type: soap","level":"error","message":"Data fetch failed","timestamp":"2025-12-21T17:45:36.632Z"}
{"cac_auth_header_key":"storeid","cac_auth_header_value":"72639545506","level":"info","message":"Fetch]ing data from API","timestamp":"2025-12-21T17:50:00.272Z","url":"https://api.giva.co/pos/posTransactions?from=1764527400000&to=1766130599000"}
{"headers":{"storeid":"72639545506"},"level":"info","message":"API request details","method":"Get","timestamp":"2025-12-21T17:50:00.273Z","url":"https://api.giva.co/pos/posTransactions?from=1764527400000&to=1766130599000"}
{"level":"info","message":"API data fetched successfully","recordCount":121,"timestamp":"2025-12-21T17:50:01.366Z"}
{"config":"5836e259-a2d5-4dfb-8d7f-0336956f6818","error":"Unknown source type: soap","level":"error","message":"Data fetch failed","timestamp":"2025-12-21T17:50:01.757Z"}
