{"level":"info","maxDate":"2026-01-06","message":"Max transaction date retrieved","timestamp":"2026-01-07T04:36:00.114Z"}
{"dbType":"pgsql","fromDate":"2026-01-06","host":"localhost","level":"info","message":"Fetching data from database","timestamp":"2026-01-07T04:36:00.115Z"}
{"config":"ac44b043-d818-4de1-8094-731bcfc8b896","error":"pgsql is not a constructor","level":"error","message":"Data fetch failed","timestamp":"2026-01-07T04:36:00.115Z"}
{"level":"info","maxDate":"2026-01-06","message":"Max transaction date retrieved","timestamp":"2026-01-07T04:37:00.098Z"}
{"dbType":"pgsql","fromDate":"2026-01-06","host":"localhost","level":"info","message":"Fetching data from database","timestamp":"2026-01-07T04:37:00.099Z"}
{"config":"ac44b043-d818-4de1-8094-731bcfc8b896","error":"pgsql is not a constructor","level":"error","message":"Data fetch failed","timestamp":"2026-01-07T04:37:00.099Z"}
{"level":"info","maxDate":"2026-01-06","message":"Max transaction date retrieved","timestamp":"2026-01-07T04:38:00.135Z"}
{"dbType":"pgsql","fromDate":"2026-01-06","host":"localhost","level":"info","message":"Fetching data from database","timestamp":"2026-01-07T04:38:00.136Z"}
{"config":"ac44b043-d818-4de1-8094-731bcfc8b896","error":"pgsql is not a constructor","level":"error","message":"Data fetch failed","timestamp":"2026-01-07T04:38:00.136Z"}
{"level":"info","maxDate":"2026-01-06","message":"Max transaction date retrieved","timestamp":"2026-01-07T04:39:00.107Z"}
{"dbType":"pgsql","fromDate":"2026-01-06","host":"localhost","level":"info","message":"Fetching data from database","timestamp":"2026-01-07T04:39:00.108Z"}
{"config":"ac44b043-d818-4de1-8094-731bcfc8b896","error":"pgsql is not a constructor","level":"error","message":"Data fetch failed","timestamp":"2026-01-07T04:39:00.108Z"}
{"level":"info","maxDate":"2026-01-06","message":"Max transaction date retrieved","timestamp":"2026-01-07T04:40:00.041Z"}
{"dbType":"pgsql","fromDate":"2026-01-06","host":"localhost","level":"info","message":"Fetching data from database","timestamp":"2026-01-07T04:40:00.042Z"}
{"config":"ac44b043-d818-4de1-8094-731bcfc8b896","error":"pgsql is not a constructor","level":"error","message":"Data fetch failed","timestamp":"2026-01-07T04:40:00.043Z"}
{"level":"info","maxDate":"2026-01-06","message":"Max transaction date retrieved","timestamp":"2026-01-07T04:41:00.098Z"}
{"dbType":"pgsql","fromDate":"2026-01-06","host":"localhost","level":"info","message":"Fetching data from database","timestamp":"2026-01-07T04:41:00.098Z"}
{"config":"ac44b043-d818-4de1-8094-731bcfc8b896","error":"pgsql is not a constructor","level":"error","message":"Data fetch failed","timestamp":"2026-01-07T04:41:00.099Z"}
{"level":"info","maxDate":"2026-01-06","message":"Max transaction date retrieved","timestamp":"2026-01-07T04:42:00.086Z"}
{"dbType":"pgsql","fromDate":"2026-01-06","host":"localhost","level":"info","message":"Fetching data from database","timestamp":"2026-01-07T04:42:00.087Z"}
{"config":"ac44b043-d818-4de1-8094-731bcfc8b896","error":"pgsql is not a constructor","level":"error","message":"Data fetch failed","timestamp":"2026-01-07T04:42:00.087Z"}
{"level":"info","maxDate":"2026-01-06","message":"Max transaction date retrieved","timestamp":"2026-01-07T04:43:00.092Z"}
{"dbType":"pgsql","fromDate":"2026-01-06","host":"localhost","level":"info","message":"Fetching data from database","timestamp":"2026-01-07T04:43:00.092Z"}
{"config":"ac44b043-d818-4de1-8094-731bcfc8b896","error":"pgsql is not a constructor","level":"error","message":"Data fetch failed","timestamp":"2026-01-07T04:43:00.092Z"}
{"level":"info","maxDate":"2026-01-06","message":"Max transaction date retrieved","timestamp":"2026-01-07T04:44:00.115Z"}
{"dbType":"pgsql","fromDate":"2026-01-06","host":"localhost","level":"info","message":"Fetching data from database","timestamp":"2026-01-07T04:44:00.115Z"}
{"config":"ac44b043-d818-4de1-8094-731bcfc8b896","error":"pgsql is not a constructor","level":"error","message":"Data fetch failed","timestamp":"2026-01-07T04:44:00.115Z"}
{"level":"info","maxDate":"2026-01-06","message":"Max transaction date retrieved","timestamp":"2026-01-07T04:45:00.047Z"}
{"dbType":"pgsql","fromDate":"2026-01-06","host":"localhost","level":"info","message":"Fetching data from database","timestamp":"2026-01-07T04:45:00.048Z"}
{"config":"ac44b043-d818-4de1-8094-731bcfc8b896","error":"Cannot access 'pool' before initialization","level":"error","message":"Data fetch failed","timestamp":"2026-01-07T04:45:00.048Z"}
{"level":"info","maxDate":"2026-01-06","message":"Max transaction date retrieved","timestamp":"2026-01-07T04:46:00.097Z"}
{"dbType":"pgsql","fromDate":"2026-01-06","host":"localhost","level":"info","message":"Fetching data from database","timestamp":"2026-01-07T04:46:00.098Z"}
{"config":"ac44b043-d818-4de1-8094-731bcfc8b896","error":"Cannot access 'pool' before initialization","level":"error","message":"Data fetch failed","timestamp":"2026-01-07T04:46:00.098Z"}
{"level":"info","maxDate":"2026-01-06","message":"Max transaction date retrieved","timestamp":"2026-01-07T04:50:00.098Z"}
{"dbType":"pgsql","fromDate":"2026-01-06","host":"localhost","level":"info","message":"Fetching data from database","timestamp":"2026-01-07T04:50:00.098Z"}
{"config":"ac44b043-d818-4de1-8094-731bcfc8b896","error":"role \"Hp\" does not exist","level":"error","message":"Data fetch failed","timestamp":"2026-01-07T04:50:00.148Z"}
{"level":"info","maxDate":"2026-01-06","message":"Max transaction date retrieved","timestamp":"2026-01-07T04:52:00.107Z"}
{"dbType":"pgsql","fromDate":"2026-01-06","host":"localhost","level":"info","message":"Fetching data from database","timestamp":"2026-01-07T04:52:00.108Z"}
{"config":"ac44b043-d818-4de1-8094-731bcfc8b896","error":"role \"Hp\" does not exist","level":"error","message":"Data fetch failed","timestamp":"2026-01-07T04:52:00.157Z"}
{"level":"info","maxDate":"2026-01-06","message":"Max transaction date retrieved","timestamp":"2026-01-07T04:53:00.048Z"}
{"dbType":"pgsql","fromDate":"2026-01-06","host":"localhost","level":"info","message":"Fetching data from database","timestamp":"2026-01-07T04:53:00.048Z"}
{"config":"ac44b043-d818-4de1-8094-731bcfc8b896","error":"relation \"transactions\" does not exist","level":"error","message":"Data fetch failed","timestamp":"2026-01-07T04:53:00.102Z"}
{"level":"info","maxDate":"2026-01-06","message":"Max transaction date retrieved","timestamp":"2026-01-07T04:54:00.156Z"}
{"dbType":"pgsql","fromDate":"2026-01-06","host":"localhost","level":"info","message":"Fetching data from database","timestamp":"2026-01-07T04:54:00.156Z"}
{"config":"ac44b043-d818-4de1-8094-731bcfc8b896","error":"relation \"transactions\" does not exist","level":"error","message":"Data fetch failed","timestamp":"2026-01-07T04:54:00.219Z"}
{"level":"info","maxDate":"2026-01-06","message":"Max transaction date retrieved","timestamp":"2026-01-07T04:55:00.108Z"}
{"dbType":"pgsql","fromDate":"2026-01-06","host":"localhost","level":"info","message":"Fetching data from database","timestamp":"2026-01-07T04:55:00.109Z"}
{"level":"info","maxDate":"2026-01-06","message":"Max transaction date retrieved","timestamp":"2026-01-07T05:01:00.095Z"}
{"dbType":"pgsql","fromDate":"2026-01-06","host":"localhost","level":"info","message":"Fetching data from database","timestamp":"2026-01-07T05:01:00.096Z"}
{"level":"info","maxDate":"2026-01-06","message":"Max transaction date retrieved","timestamp":"2026-01-07T05:09:00.123Z"}
{"dbType":"pgsql","fromDate":"2026-01-06","host":"localhost","level":"info","message":"Fetching data from database","timestamp":"2026-01-07T05:09:00.124Z"}
{"level":"info","maxDate":"2026-01-06","message":"Max transaction date retrieved","timestamp":"2026-01-07T05:10:00.109Z"}
{"dbType":"pgsql","fromDate":"2026-01-06","host":"localhost","level":"info","message":"Fetching data from database","timestamp":"2026-01-07T05:10:00.109Z"}
{"level":"info","maxDate":"2026-01-06","message":"Max transaction date retrieved","timestamp":"2026-01-07T05:11:00.125Z"}
{"dbType":"pgsql","fromDate":"2026-01-06","host":"localhost","level":"info","message":"Fetching data from database","timestamp":"2026-01-07T05:11:00.125Z"}
{"level":"info","maxDate":"2026-01-06","message":"Max transaction date retrieved","timestamp":"2026-01-07T05:12:00.124Z"}
{"dbType":"pgsql","fromDate":"2026-01-06","host":"localhost","level":"info","message":"Fetching data from database","timestamp":"2026-01-07T05:12:00.124Z"}
{"level":"info","maxDate":"2026-01-06","message":"Max transaction date retrieved","timestamp":"2026-01-07T05:13:00.130Z"}
{"dbType":"pgsql","fromDate":"2026-01-06","host":"localhost","level":"info","message":"Fetching data from database","timestamp":"2026-01-07T05:13:00.131Z"}
{"level":"info","maxDate":"2026-01-06","message":"Max transaction date retrieved","timestamp":"2026-01-07T05:14:00.207Z"}
{"dbType":"pgsql","fromDate":"2026-01-06","host":"localhost","level":"info","message":"Fetching data from database","timestamp":"2026-01-07T05:14:00.208Z"}
{"level":"info","maxDate":"2026-01-06","message":"Max transaction date retrieved","timestamp":"2026-01-07T05:15:00.219Z"}
{"dbType":"pgsql","fromDate":"2026-01-06","host":"localhost","level":"info","message":"Fetching data from database","timestamp":"2026-01-07T05:15:00.219Z"}
{"level":"info","maxDate":"2026-01-06","message":"Max transaction date retrieved","timestamp":"2026-01-07T05:16:00.268Z"}
{"dbType":"pgsql","fromDate":"2026-01-06","host":"localhost","level":"info","message":"Fetching data from database","timestamp":"2026-01-07T05:16:00.268Z"}
{"level":"info","maxDate":"2026-01-06","message":"Max transaction date retrieved","timestamp":"2026-01-07T05:17:00.151Z"}
{"dbType":"pgsql","fromDate":"2026-01-06","host":"localhost","level":"info","message":"Fetching data from database","timestamp":"2026-01-07T05:17:00.152Z"}
{"level":"info","maxDate":"2026-01-06","message":"Max transaction date retrieved","timestamp":"2026-01-07T05:18:00.115Z"}
{"dbType":"pgsql","fromDate":"2026-01-06","host":"localhost","level":"info","message":"Fetching data from database","timestamp":"2026-01-07T05:18:00.115Z"}
{"level":"info","maxDate":"2026-01-06","message":"Max transaction date retrieved","timestamp":"2026-01-07T05:19:00.147Z"}
{"dbType":"pgsql","fromDate":"2026-01-06","host":"localhost","level":"info","message":"Fetching data from database","timestamp":"2026-01-07T05:19:00.148Z"}
{"level":"info","maxDate":"2026-01-06","message":"Max transaction date retrieved","timestamp":"2026-01-07T05:20:00.162Z"}
{"dbType":"pgsql","fromDate":"2026-01-06","host":"localhost","level":"info","message":"Fetching data from database","timestamp":"2026-01-07T05:20:00.162Z"}
{"level":"info","maxDate":"2026-01-06","message":"Max transaction date retrieved","timestamp":"2026-01-07T05:21:00.137Z"}
{"dbType":"pgsql","fromDate":"2026-01-06","host":"localhost","level":"info","message":"Fetching data from database","timestamp":"2026-01-07T05:21:00.138Z"}
{"level":"info","maxDate":"2026-01-06","message":"Max transaction date retrieved","timestamp":"2026-01-07T05:22:00.102Z"}
{"dbType":"pgsql","fromDate":"2026-01-06","host":"localhost","level":"info","message":"Fetching data from database","timestamp":"2026-01-07T05:22:00.103Z"}
{"level":"info","maxDate":"2026-01-06","message":"Max transaction date retrieved","timestamp":"2026-01-07T05:23:00.125Z"}
{"dbType":"pgsql","fromDate":"2026-01-06","host":"localhost","level":"info","message":"Fetching data from database","timestamp":"2026-01-07T05:23:00.125Z"}
{"level":"info","maxDate":"2026-01-06","message":"Max transaction date retrieved","timestamp":"2026-01-07T05:24:00.119Z"}
{"dbType":"pgsql","fromDate":"2026-01-06","host":"localhost","level":"info","message":"Fetching data from database","timestamp":"2026-01-07T05:24:00.120Z"}
{"level":"info","maxDate":"2026-01-06","message":"Max transaction date retrieved","timestamp":"2026-01-07T05:25:00.115Z"}
{"dbType":"pgsql","fromDate":"2026-01-06","host":"localhost","level":"info","message":"Fetching data from database","timestamp":"2026-01-07T05:25:00.115Z"}
{"level":"info","maxDate":"2026-01-06","message":"Max transaction date retrieved","timestamp":"2026-01-07T05:26:00.091Z"}
{"dbType":"pgsql","fromDate":"2026-01-06","host":"localhost","level":"info","message":"Fetching data from database","timestamp":"2026-01-07T05:26:00.091Z"}
{"level":"info","maxDate":"2026-01-06","message":"Max transaction date retrieved","timestamp":"2026-01-07T05:28:00.100Z"}
{"dbType":"pgsql","fromDate":"2026-01-06","host":"localhost","level":"info","message":"Fetching data from database","timestamp":"2026-01-07T05:28:00.100Z"}
{"level":"info","maxDate":"2026-01-06","message":"Max transaction date retrieved","timestamp":"2026-01-07T05:55:00.039Z"}
{"dbType":"pgsql","fromDate":"2026-01-06","host":"localhost","level":"info","message":"Fetching data from database","timestamp":"2026-01-07T05:55:00.040Z"}
{"level":"info","maxDate":"2026-01-06","message":"Max transaction date retrieved","timestamp":"2026-01-07T05:56:00.105Z"}
{"dbType":"pgsql","fromDate":"2026-01-06","host":"localhost","level":"info","message":"Fetching data from database","timestamp":"2026-01-07T05:56:00.106Z"}
{"level":"info","maxDate":"2026-01-06","message":"Max transaction date retrieved","timestamp":"2026-01-07T06:05:00.111Z"}
{"dbType":"pgsql","fromDate":"2026-01-06","host":"localhost","level":"info","message":"Fetching data from database","timestamp":"2026-01-07T06:05:00.111Z"}
{"level":"info","maxDate":"2026-01-06","message":"Max transaction date retrieved","timestamp":"2026-01-07T06:06:00.103Z"}
{"dbType":"pgsql","fromDate":"2026-01-06","host":"localhost","level":"info","message":"Fetching data from database","timestamp":"2026-01-07T06:06:00.104Z"}
{"level":"info","maxDate":"2026-01-06","message":"Max transaction date retrieved","timestamp":"2026-01-07T06:07:00.105Z"}
{"dbType":"pgsql","fromDate":"2026-01-06","host":"localhost","level":"info","message":"Fetching data from database","timestamp":"2026-01-07T06:07:00.106Z"}
{"level":"info","maxDate":"2026-01-06","message":"Max transaction date retrieved","timestamp":"2026-01-07T06:08:00.050Z"}
{"dbType":"pgsql","fromDate":"2026-01-06","host":"localhost","level":"info","message":"Fetching data from database","timestamp":"2026-01-07T06:08:00.051Z"}
{"level":"info","maxDate":"2026-01-06","message":"Max transaction date retrieved","timestamp":"2026-01-07T06:09:00.141Z"}
{"dbType":"pgsql","fromDate":"2026-01-06","host":"localhost","level":"info","message":"Fetching data from database","timestamp":"2026-01-07T06:09:00.142Z"}
{"level":"info","maxDate":"2026-01-06","message":"Max transaction date retrieved","timestamp":"2026-01-07T06:10:00.107Z"}
{"dbType":"pgsql","fromDate":"2026-01-06","host":"localhost","level":"info","message":"Fetching data from database","timestamp":"2026-01-07T06:10:00.107Z"}
{"level":"info","maxDate":"2026-01-06","message":"Max transaction date retrieved","timestamp":"2026-01-07T06:11:00.118Z"}
{"dbType":"pgsql","fromDate":"2026-01-06","host":"localhost","level":"info","message":"Fetching data from database","timestamp":"2026-01-07T06:11:00.119Z"}
{"level":"info","maxDate":"2026-01-06","message":"Max transaction date retrieved","timestamp":"2026-01-07T06:23:00.122Z"}
{"dbType":"pgsql","fromDate":"2026-01-06","host":"localhost","level":"info","message":"Fetching data from database","timestamp":"2026-01-07T06:23:00.122Z"}
{"level":"info","maxDate":"2026-01-06","message":"Max transaction date retrieved","timestamp":"2026-01-07T06:24:00.110Z"}
{"dbType":"pgsql","fromDate":"2026-01-06","host":"localhost","level":"info","message":"Fetching data from database","timestamp":"2026-01-07T06:24:00.110Z"}
{"level":"info","maxDate":"2026-01-06","message":"Max transaction date retrieved","timestamp":"2026-01-07T06:25:00.095Z"}
{"dbType":"pgsql","fromDate":"2026-01-06","host":"localhost","level":"info","message":"Fetching data from database","timestamp":"2026-01-07T06:25:00.095Z"}
{"level":"info","maxDate":"2026-01-06","message":"Max transaction date retrieved","timestamp":"2026-01-07T06:33:00.049Z"}
{"dbType":"pgsql","fromDate":"2026-01-06","host":"localhost","level":"info","message":"Fetching data from database","timestamp":"2026-01-07T06:33:00.050Z"}
{"level":"info","maxDate":"2026-01-06","message":"Max transaction date retrieved","timestamp":"2026-01-07T06:34:00.114Z"}
{"dbType":"pgsql","fromDate":"2026-01-06","host":"localhost","level":"info","message":"Fetching data from database","timestamp":"2026-01-07T06:34:00.114Z"}
{"level":"info","maxDate":"2026-01-06","message":"Max transaction date retrieved","timestamp":"2026-01-07T06:35:00.105Z"}
{"dbType":"pgsql","fromDate":"2026-01-06","host":"localhost","level":"info","message":"Fetching data from database","timestamp":"2026-01-07T06:35:00.105Z"}
{"level":"info","maxDate":"2026-01-06","message":"Max transaction date retrieved","timestamp":"2026-01-07T06:36:00.105Z"}
{"dbType":"pgsql","fromDate":"2026-01-06","host":"localhost","level":"info","message":"Fetching data from database","timestamp":"2026-01-07T06:36:00.105Z"}
{"level":"info","maxDate":"2026-01-06","message":"Max transaction date retrieved","timestamp":"2026-01-07T06:37:00.109Z"}
{"dbType":"pgsql","fromDate":"2026-01-06","host":"localhost","level":"info","message":"Fetching data from database","timestamp":"2026-01-07T06:37:00.110Z"}
{"level":"info","maxDate":"2026-01-06","message":"Max transaction date retrieved","timestamp":"2026-01-07T06:38:00.114Z"}
{"dbType":"pgsql","fromDate":"2026-01-06","host":"localhost","level":"info","message":"Fetching data from database","timestamp":"2026-01-07T06:38:00.115Z"}
{"level":"info","maxDate":"2026-01-06","message":"Max transaction date retrieved","timestamp":"2026-01-07T06:39:00.050Z"}
{"dbType":"pgsql","fromDate":"2026-01-06","host":"localhost","level":"info","message":"Fetching data from database","timestamp":"2026-01-07T06:39:00.051Z"}
{"level":"info","maxDate":"2026-01-06","message":"Max transaction date retrieved","timestamp":"2026-01-07T06:40:00.111Z"}
{"dbType":"pgsql","fromDate":"2026-01-06","host":"localhost","level":"info","message":"Fetching data from database","timestamp":"2026-01-07T06:40:00.112Z"}
{"level":"info","maxDate":"2026-01-06","message":"Max transaction date retrieved","timestamp":"2026-01-07T06:41:00.208Z"}
{"dbType":"pgsql","fromDate":"2026-01-06","host":"localhost","level":"info","message":"Fetching data from database","timestamp":"2026-01-07T06:41:00.208Z"}
{"level":"info","maxDate":"2026-01-06","message":"Max transaction date retrieved","timestamp":"2026-01-07T06:42:00.114Z"}
{"dbType":"pgsql","fromDate":"2026-01-06","host":"localhost","level":"info","message":"Fetching data from database","timestamp":"2026-01-07T06:42:00.115Z"}
{"level":"info","maxDate":"2026-01-06","message":"Max transaction date retrieved","timestamp":"2026-01-07T06:44:00.043Z"}
{"dbType":"pgsql","fromDate":"2026-01-06","host":"localhost","level":"info","message":"Fetching data from database","timestamp":"2026-01-07T06:44:00.046Z"}
{"level":"info","maxDate":"2026-01-06","message":"Max transaction date retrieved","timestamp":"2026-01-07T06:45:00.102Z"}
{"dbType":"pgsql","fromDate":"2026-01-06","host":"localhost","level":"info","message":"Fetching data from database","timestamp":"2026-01-07T06:45:00.102Z"}
{"level":"info","maxDate":"2026-01-06","message":"Max transaction date retrieved","timestamp":"2026-01-07T09:05:00.273Z"}
{"dbType":"pgsql","fromDate":"2026-01-06","host":"localhost","level":"info","message":"Fetching data from database","timestamp":"2026-01-07T09:05:00.288Z"}
{"level":"info","maxDate":"2026-01-06","message":"Max transaction date retrieved","timestamp":"2026-01-07T09:06:00.246Z"}
{"dbType":"pgsql","fromDate":"2026-01-06","host":"localhost","level":"info","message":"Fetching data from database","timestamp":"2026-01-07T09:06:00.247Z"}
{"level":"info","maxDate":"2026-01-06","message":"Max transaction date retrieved","timestamp":"2026-01-07T09:07:00.211Z"}
{"dbType":"pgsql","fromDate":"2026-01-06","host":"localhost","level":"info","message":"Fetching data from database","timestamp":"2026-01-07T09:07:00.212Z"}
{"level":"info","maxDate":"2026-01-06","message":"Max transaction date retrieved","timestamp":"2026-01-07T09:08:00.288Z"}
{"dbType":"pgsql","fromDate":"2026-01-06","host":"localhost","level":"info","message":"Fetching data from database","timestamp":"2026-01-07T09:08:00.289Z"}
{"level":"info","maxDate":"2026-01-06","message":"Max transaction date retrieved","timestamp":"2026-01-07T09:12:00.388Z"}
{"dbType":"pgsql","fromDate":"2026-01-06","host":"localhost","level":"info","message":"Fetching data from database","timestamp":"2026-01-07T09:12:00.389Z"}
{"level":"info","maxDate":"2026-01-06","message":"Max transaction date retrieved","timestamp":"2026-01-07T09:13:00.342Z"}
{"dbType":"pgsql","fromDate":"2026-01-06","host":"localhost","level":"info","message":"Fetching data from database","timestamp":"2026-01-07T09:13:00.343Z"}
{"level":"info","maxDate":"2026-01-06","message":"Max transaction date retrieved","timestamp":"2026-01-07T09:14:00.423Z"}
{"dbType":"pgsql","fromDate":"2026-01-06","host":"localhost","level":"info","message":"Fetching data from database","timestamp":"2026-01-07T09:14:00.424Z"}
{"level":"info","maxDate":"2026-01-06","message":"Max transaction date retrieved","timestamp":"2026-01-07T09:15:00.263Z"}
{"dbType":"pgsql","fromDate":"2026-01-06","host":"localhost","level":"info","message":"Fetching data from database","timestamp":"2026-01-07T09:15:00.265Z"}
{"level":"info","maxDate":"2026-01-06","message":"Max transaction date retrieved","timestamp":"2026-01-07T09:16:00.068Z"}
{"dbType":"pgsql","fromDate":"2026-01-06","host":"localhost","level":"info","message":"Fetching data from database","timestamp":"2026-01-07T09:16:00.069Z"}
{"level":"info","maxDate":"2026-01-06","message":"Max transaction date retrieved","timestamp":"2026-01-07T09:17:00.375Z"}
{"dbType":"pgsql","fromDate":"2026-01-06","host":"localhost","level":"info","message":"Fetching data from database","timestamp":"2026-01-07T09:17:00.377Z"}
{"level":"info","maxDate":"2026-01-06","message":"Max transaction date retrieved","timestamp":"2026-01-07T09:19:00.443Z"}
{"dbType":"pgsql","fromDate":"2026-01-06","host":"localhost","level":"info","message":"Fetching data from database","timestamp":"2026-01-07T09:19:00.445Z"}
{"level":"info","maxDate":"2026-01-06","message":"Max transaction date retrieved","timestamp":"2026-01-07T09:20:00.418Z"}
{"dbType":"pgsql","fromDate":"2026-01-06","host":"localhost","level":"info","message":"Fetching data from database","timestamp":"2026-01-07T09:20:00.421Z"}
{"level":"info","maxDate":"2026-01-06","message":"Max transaction date retrieved","timestamp":"2026-01-07T09:21:00.167Z"}
{"dbType":"pgsql","fromDate":"2026-01-06","host":"localhost","level":"info","message":"Fetching data from database","timestamp":"2026-01-07T09:21:00.171Z"}
{"level":"info","maxDate":"2026-01-06","message":"Max transaction date retrieved","timestamp":"2026-01-07T09:36:00.256Z"}
{"dbType":"pgsql","fromDate":"2026-01-06","host":"localhost","level":"info","message":"Fetching data from database","timestamp":"2026-01-07T09:36:00.257Z"}
{"level":"info","maxDate":"2026-01-06","message":"Max transaction date retrieved","timestamp":"2026-01-07T09:37:00.149Z"}
{"dbType":"pgsql","fromDate":"2026-01-06","host":"localhost","level":"info","message":"Fetching data from database","timestamp":"2026-01-07T09:37:00.153Z"}
{"level":"info","maxDate":"2026-01-06","message":"Max transaction date retrieved","timestamp":"2026-01-07T09:38:00.217Z"}
{"dbType":"pgsql","fromDate":"2026-01-06","host":"localhost","level":"info","message":"Fetching data from database","timestamp":"2026-01-07T09:38:00.220Z"}
{"level":"info","maxDate":"2026-01-06","message":"Max transaction date retrieved","timestamp":"2026-01-07T09:39:00.365Z"}
{"dbType":"pgsql","fromDate":"2026-01-06","host":"localhost","level":"info","message":"Fetching data from database","timestamp":"2026-01-07T09:39:00.366Z"}
{"level":"info","maxDate":"2026-01-06","message":"Max transaction date retrieved","timestamp":"2026-01-07T09:43:00.398Z"}
{"dbType":"pgsql","fromDate":"2026-01-06","host":"localhost","level":"info","message":"Fetching data from database","timestamp":"2026-01-07T09:43:00.400Z"}
{"level":"info","maxDate":"2026-01-06","message":"Max transaction date retrieved","timestamp":"2026-01-07T09:44:00.250Z"}
{"dbType":"pgsql","fromDate":"2026-01-06","host":"localhost","level":"info","message":"Fetching data from database","timestamp":"2026-01-07T09:44:00.251Z"}
{"level":"info","maxDate":"2026-01-06","message":"Max transaction date retrieved","timestamp":"2026-01-07T09:47:00.134Z"}
{"dbType":"pgsql","fromDate":"2026-01-06","host":"localhost","level":"info","message":"Fetching data from database","timestamp":"2026-01-07T09:47:00.137Z"}
{"level":"info","maxDate":"2026-01-06","message":"Max transaction date retrieved","timestamp":"2026-01-07T09:48:00.412Z"}
{"dbType":"pgsql","fromDate":"2026-01-06","host":"localhost","level":"info","message":"Fetching data from database","timestamp":"2026-01-07T09:48:00.414Z"}
{"level":"info","maxDate":"2026-01-06","message":"Max transaction date retrieved","timestamp":"2026-01-07T09:49:00.388Z"}
{"dbType":"pgsql","fromDate":"2026-01-06","host":"localhost","level":"info","message":"Fetching data from database","timestamp":"2026-01-07T09:49:00.391Z"}
{"level":"info","maxDate":"2026-01-06","message":"Max transaction date retrieved","timestamp":"2026-01-07T09:50:00.086Z"}
{"dbType":"pgsql","fromDate":"2026-01-06","host":"localhost","level":"info","message":"Fetching data from database","timestamp":"2026-01-07T09:50:00.088Z"}
{"level":"info","maxDate":"2026-01-06","message":"Max transaction date retrieved","timestamp":"2026-01-07T09:51:00.120Z"}
{"dbType":"pgsql","fromDate":"2026-01-06","host":"localhost","level":"info","message":"Fetching data from database","timestamp":"2026-01-07T09:51:00.122Z"}
{"level":"info","maxDate":"2026-01-06","message":"Max transaction date retrieved","timestamp":"2026-01-07T09:52:00.318Z"}
{"dbType":"pgsql","fromDate":"2026-01-06","host":"localhost","level":"info","message":"Fetching data from database","timestamp":"2026-01-07T09:52:00.319Z"}
{"level":"info","maxDate":"2026-01-06","message":"Max transaction date retrieved","timestamp":"2026-01-07T09:53:00.308Z"}
{"dbType":"pgsql","fromDate":"2026-01-06","host":"localhost","level":"info","message":"Fetching data from database","timestamp":"2026-01-07T09:53:00.310Z"}
{"level":"info","maxDate":"2026-01-06","message":"Max transaction date retrieved","timestamp":"2026-01-07T09:54:00.401Z"}
{"dbType":"pgsql","fromDate":"2026-01-06","host":"localhost","level":"info","message":"Fetching data from database","timestamp":"2026-01-07T09:54:00.403Z"}
{"level":"info","maxDate":"2026-01-06","message":"Max transaction date retrieved","timestamp":"2026-01-07T09:55:00.267Z"}
{"dbType":"pgsql","fromDate":"2026-01-06","host":"localhost","level":"info","message":"Fetching data from database","timestamp":"2026-01-07T09:55:00.268Z"}
{"level":"info","maxDate":"2026-01-06","message":"Max transaction date retrieved","timestamp":"2026-01-07T09:56:00.333Z"}
{"dbType":"pgsql","fromDate":"2026-01-06","host":"localhost","level":"info","message":"Fetching data from database","timestamp":"2026-01-07T09:56:00.334Z"}
{"level":"info","maxDate":"2026-01-06","message":"Max transaction date retrieved","timestamp":"2026-01-07T09:57:00.092Z"}
{"dbType":"pgsql","fromDate":"2026-01-06","host":"localhost","level":"info","message":"Fetching data from database","timestamp":"2026-01-07T09:57:00.094Z"}
{"level":"info","maxDate":"2026-01-06","message":"Max transaction date retrieved","timestamp":"2026-01-07T09:58:00.323Z"}
{"dbType":"pgsql","fromDate":"2026-01-06","host":"localhost","level":"info","message":"Fetching data from database","timestamp":"2026-01-07T09:58:00.324Z"}
{"level":"info","maxDate":"2026-01-06","message":"Max transaction date retrieved","timestamp":"2026-01-07T10:02:00.472Z"}
{"dbType":"pgsql","fromDate":"2026-01-06","host":"localhost","level":"info","message":"Fetching data from database","timestamp":"2026-01-07T10:02:00.475Z"}
{"level":"info","maxDate":"2026-01-06","message":"Max transaction date retrieved","timestamp":"2026-01-07T10:03:00.402Z"}
{"dbType":"pgsql","fromDate":"2026-01-06","host":"localhost","level":"info","message":"Fetching data from database","timestamp":"2026-01-07T10:03:00.404Z"}
{"level":"info","maxDate":"2026-01-06","message":"Max transaction date retrieved","timestamp":"2026-01-07T10:04:00.146Z"}
{"dbType":"pgsql","fromDate":"2026-01-06","host":"localhost","level":"info","message":"Fetching data from database","timestamp":"2026-01-07T10:04:00.148Z"}
{"level":"info","maxDate":"2026-01-06","message":"Max transaction date retrieved","timestamp":"2026-01-07T10:05:00.288Z"}
{"dbType":"pgsql","fromDate":"2026-01-06","host":"localhost","level":"info","message":"Fetching data from database","timestamp":"2026-01-07T10:05:00.289Z"}
{"level":"info","maxDate":"2026-01-06","message":"Max transaction date retrieved","timestamp":"2026-01-07T10:06:00.303Z"}
{"dbType":"pgsql","fromDate":"2026-01-06","host":"localhost","level":"info","message":"Fetching data from database","timestamp":"2026-01-07T10:06:00.304Z"}
{"level":"info","maxDate":"2026-01-06","message":"Max transaction date retrieved","timestamp":"2026-01-07T10:07:00.151Z"}
{"dbType":"pgsql","fromDate":"2026-01-06","host":"localhost","level":"info","message":"Fetching data from database","timestamp":"2026-01-07T10:07:00.151Z"}
{"level":"info","maxDate":"2026-01-06","message":"Max transaction date retrieved","timestamp":"2026-01-07T10:08:00.114Z"}
{"dbType":"pgsql","fromDate":"2026-01-06","host":"localhost","level":"info","message":"Fetching data from database","timestamp":"2026-01-07T10:08:00.116Z"}
{"level":"info","maxDate":"2026-01-06","message":"Max transaction date retrieved","timestamp":"2026-01-07T10:14:00.072Z"}
{"dbType":"pgsql","fromDate":"2026-01-06","host":"localhost","level":"info","message":"Fetching data from database","timestamp":"2026-01-07T10:14:00.074Z"}
{"level":"info","maxDate":"2026-01-06","message":"Max transaction date retrieved","timestamp":"2026-01-07T10:15:00.204Z"}
{"dbType":"pgsql","fromDate":"2026-01-06","host":"localhost","level":"info","message":"Fetching data from database","timestamp":"2026-01-07T10:15:00.205Z"}
{"level":"info","maxDate":"2026-01-06","message":"Max transaction date retrieved","timestamp":"2026-01-07T10:23:00.245Z"}
{"dbType":"pgsql","fromDate":"2026-01-06","host":"localhost","level":"info","message":"Fetching data from database","timestamp":"2026-01-07T10:23:00.247Z"}
{"level":"info","maxDate":"2026-01-06","message":"Max transaction date retrieved","timestamp":"2026-01-07T10:24:00.303Z"}
{"dbType":"pgsql","fromDate":"2026-01-06","host":"localhost","level":"info","message":"Fetching data from database","timestamp":"2026-01-07T10:24:00.304Z"}
{"level":"info","maxDate":"2026-01-06","message":"Max transaction date retrieved","timestamp":"2026-01-07T10:25:00.148Z"}
{"dbType":"pgsql","fromDate":"2026-01-06","host":"localhost","level":"info","message":"Fetching data from database","timestamp":"2026-01-07T10:25:00.151Z"}
{"level":"info","maxDate":"2026-01-06","message":"Max transaction date retrieved","timestamp":"2026-01-07T10:26:00.323Z"}
{"dbType":"pgsql","fromDate":"2026-01-06","host":"localhost","level":"info","message":"Fetching data from database","timestamp":"2026-01-07T10:26:00.324Z"}
{"level":"info","maxDate":"2026-01-06","message":"Max transaction date retrieved","timestamp":"2026-01-07T10:27:00.261Z"}
{"dbType":"pgsql","fromDate":"2026-01-06","host":"localhost","level":"info","message":"Fetching data from database","timestamp":"2026-01-07T10:27:00.262Z"}
{"level":"info","maxDate":"2026-01-06","message":"Max transaction date retrieved","timestamp":"2026-01-07T10:28:00.115Z"}
{"dbType":"pgsql","fromDate":"2026-01-06","host":"localhost","level":"info","message":"Fetching data from database","timestamp":"2026-01-07T10:28:00.118Z"}
{"level":"info","maxDate":"2026-01-06","message":"Max transaction date retrieved","timestamp":"2026-01-07T10:29:00.275Z"}
{"dbType":"pgsql","fromDate":"2026-01-06","host":"localhost","level":"info","message":"Fetching data from database","timestamp":"2026-01-07T10:29:00.277Z"}
{"level":"info","maxDate":"2026-01-06","message":"Max transaction date retrieved","timestamp":"2026-01-07T10:30:00.258Z"}
{"dbType":"pgsql","fromDate":"2026-01-06","host":"localhost","level":"info","message":"Fetching data from database","timestamp":"2026-01-07T10:30:00.259Z"}
{"level":"info","maxDate":"2026-01-06","message":"Max transaction date retrieved","timestamp":"2026-01-07T10:36:00.410Z"}
{"dbType":"pgsql","fromDate":"2026-01-06","host":"localhost","level":"info","message":"Fetching data from database","timestamp":"2026-01-07T10:36:00.413Z"}
{"level":"info","maxDate":"2026-01-06","message":"Max transaction date retrieved","timestamp":"2026-01-07T10:37:00.241Z"}
{"dbType":"pgsql","fromDate":"2026-01-06","host":"localhost","level":"info","message":"Fetching data from database","timestamp":"2026-01-07T10:37:00.242Z"}
{"level":"info","maxDate":"2026-01-06","message":"Max transaction date retrieved","timestamp":"2026-01-07T10:38:00.115Z"}
{"dbType":"pgsql","fromDate":"2026-01-06","host":"localhost","level":"info","message":"Fetching data from database","timestamp":"2026-01-07T10:38:00.118Z"}
{"level":"info","maxDate":"2026-01-06","message":"Max transaction date retrieved","timestamp":"2026-01-07T10:39:00.272Z"}
{"dbType":"pgsql","fromDate":"2026-01-06","host":"localhost","level":"info","message":"Fetching data from database","timestamp":"2026-01-07T10:39:00.273Z"}
{"level":"info","maxDate":"2026-01-06","message":"Max transaction date retrieved","timestamp":"2026-01-07T11:16:00.123Z"}
{"dbType":"pgsql","fromDate":"2026-01-06","host":"localhost","level":"info","message":"Fetching data from database","timestamp":"2026-01-07T11:16:00.126Z"}
{"level":"info","maxDate":"2026-01-06","message":"Max transaction date retrieved","timestamp":"2026-01-07T11:17:00.258Z"}
{"dbType":"pgsql","fromDate":"2026-01-06","host":"localhost","level":"info","message":"Fetching data from database","timestamp":"2026-01-07T11:17:00.260Z"}
{"level":"info","maxDate":"2026-01-06","message":"Max transaction date retrieved","timestamp":"2026-01-07T11:18:00.386Z"}
{"dbType":"pgsql","fromDate":"2026-01-06","host":"localhost","level":"info","message":"Fetching data from database","timestamp":"2026-01-07T11:18:00.387Z"}
