{"config":"5836e259-a2d5-4dfb-8d7f-0336956f6818","error":"[SOAP:TransactionSegment] read ECONNRESET","level":"error","message":"Data fetch failed","timestamp":"2026-01-22T13:27:08.135Z"}
{"config":"5836e259-a2d5-4dfb-8d7f-0336956f6818","error":"[SOAP:TransactionSegment] connect ETIMEDOUT 3.109.140.79:443","level":"error","message":"Data fetch failed","timestamp":"2026-01-22T13:57:21.524Z"}
{"config":"5836e259-a2d5-4dfb-8d7f-0336956f6818","error":"[SOAP:TransactionSegment] getaddrinfo ENOTFOUND accessorize.eshopaid.com","level":"error","message":"Data fetch failed","timestamp":"2026-01-22T13:57:21.565Z"}
{"config":"5836e259-a2d5-4dfb-8d7f-0336956f6818","error":"[SOAP:PaymentSegment] read ECONNRESET","level":"error","message":"Data fetch failed","timestamp":"2026-01-22T14:40:04.967Z"}
{"config":"5836e259-a2d5-4dfb-8d7f-0336956f6818","error":"[SOAP:TransactionSegment] getaddrinfo ENOTFOUND accessorize.eshopaid.com","level":"error","message":"Data fetch failed","timestamp":"2026-01-22T14:59:00.292Z"}
{"config":"5836e259-a2d5-4dfb-8d7f-0336956f6818","error":"[SOAP:TransactionSegment] getaddrinfo ENOTFOUND accessorize.eshopaid.com","level":"error","message":"Data fetch failed","timestamp":"2026-01-22T14:59:00.323Z"}
{"config":"5836e259-a2d5-4dfb-8d7f-0336956f6818","error":"[SOAP:TransactionSegment] getaddrinfo ENOTFOUND accessorize.eshopaid.com","level":"error","message":"Data fetch failed","timestamp":"2026-01-22T15:00:00.261Z"}
{"config":"5836e259-a2d5-4dfb-8d7f-0336956f6818","error":"[SOAP:TransactionSegment] getaddrinfo ENOTFOUND accessorize.eshopaid.com","level":"error","message":"Data fetch failed","timestamp":"2026-01-22T15:00:00.297Z"}
{"config":"5836e259-a2d5-4dfb-8d7f-0336956f6818","error":"[SOAP:TransactionSegment] getaddrinfo ENOTFOUND accessorize.eshopaid.com","level":"error","message":"Data fetch failed","timestamp":"2026-01-22T15:01:00.270Z"}
{"config":"5836e259-a2d5-4dfb-8d7f-0336956f6818","error":"[SOAP:TransactionSegment] getaddrinfo ENOTFOUND accessorize.eshopaid.com","level":"error","message":"Data fetch failed","timestamp":"2026-01-22T15:01:00.296Z"}
{"config":"5836e259-a2d5-4dfb-8d7f-0336956f6818","error":"[SOAP:TransactionSegment] getaddrinfo ENOTFOUND accessorize.eshopaid.com","level":"error","message":"Data fetch failed","timestamp":"2026-01-22T15:02:00.279Z"}
{"config":"5836e259-a2d5-4dfb-8d7f-0336956f6818","error":"[SOAP:TransactionSegment] getaddrinfo ENOTFOUND accessorize.eshopaid.com","level":"error","message":"Data fetch failed","timestamp":"2026-01-22T15:02:00.307Z"}
{"config":"5836e259-a2d5-4dfb-8d7f-0336956f6818","error":"[SOAP:TransactionSegment] getaddrinfo ENOTFOUND accessorize.eshopaid.com","level":"error","message":"Data fetch failed","timestamp":"2026-01-22T15:03:00.257Z"}
{"config":"5836e259-a2d5-4dfb-8d7f-0336956f6818","error":"[SOAP:TransactionSegment] getaddrinfo ENOTFOUND accessorize.eshopaid.com","level":"error","message":"Data fetch failed","timestamp":"2026-01-22T15:03:00.285Z"}
{"config":"5836e259-a2d5-4dfb-8d7f-0336956f6818","error":"[SOAP:TransactionSegment] getaddrinfo ENOTFOUND accessorize.eshopaid.com","level":"error","message":"Data fetch failed","timestamp":"2026-01-22T15:04:00.291Z"}
{"config":"5836e259-a2d5-4dfb-8d7f-0336956f6818","error":"[SOAP:TransactionSegment] getaddrinfo ENOTFOUND accessorize.eshopaid.com","level":"error","message":"Data fetch failed","timestamp":"2026-01-22T15:04:00.323Z"}
{"config":"5836e259-a2d5-4dfb-8d7f-0336956f6818","error":"[SOAP:TransactionSegment] getaddrinfo ENOTFOUND accessorize.eshopaid.com","level":"error","message":"Data fetch failed","timestamp":"2026-01-22T15:05:00.281Z"}
{"config":"5836e259-a2d5-4dfb-8d7f-0336956f6818","error":"[SOAP:TransactionSegment] getaddrinfo ENOTFOUND accessorize.eshopaid.com","level":"error","message":"Data fetch failed","timestamp":"2026-01-22T15:05:00.312Z"}
{"config":"5836e259-a2d5-4dfb-8d7f-0336956f6818","error":"[SOAP:TransactionSegment] getaddrinfo ENOTFOUND accessorize.eshopaid.com","level":"error","message":"Data fetch failed","timestamp":"2026-01-22T15:06:00.296Z"}
{"config":"5836e259-a2d5-4dfb-8d7f-0336956f6818","error":"[SOAP:TransactionSegment] getaddrinfo ENOTFOUND accessorize.eshopaid.com","level":"error","message":"Data fetch failed","timestamp":"2026-01-22T15:06:00.325Z"}
{"config":"5836e259-a2d5-4dfb-8d7f-0336956f6818","error":"[SOAP:TransactionSegment] getaddrinfo ENOTFOUND accessorize.eshopaid.com","level":"error","message":"Data fetch failed","timestamp":"2026-01-22T15:07:00.361Z"}
{"config":"5836e259-a2d5-4dfb-8d7f-0336956f6818","error":"[SOAP:TransactionSegment] getaddrinfo ENOTFOUND accessorize.eshopaid.com","level":"error","message":"Data fetch failed","timestamp":"2026-01-22T15:07:00.391Z"}
{"config":"5836e259-a2d5-4dfb-8d7f-0336956f6818","error":"[SOAP:TransactionSegment] getaddrinfo ENOTFOUND accessorize.eshopaid.com","level":"error","message":"Data fetch failed","timestamp":"2026-01-22T15:08:00.297Z"}
{"config":"5836e259-a2d5-4dfb-8d7f-0336956f6818","error":"[SOAP:TransactionSegment] getaddrinfo ENOTFOUND accessorize.eshopaid.com","level":"error","message":"Data fetch failed","timestamp":"2026-01-22T15:08:00.330Z"}
{"config":"5836e259-a2d5-4dfb-8d7f-0336956f6818","error":"[SOAP:TransactionSegment] getaddrinfo ENOTFOUND accessorize.eshopaid.com","level":"error","message":"Data fetch failed","timestamp":"2026-01-22T15:09:00.288Z"}
{"config":"5836e259-a2d5-4dfb-8d7f-0336956f6818","error":"[SOAP:TransactionSegment] getaddrinfo ENOTFOUND accessorize.eshopaid.com","level":"error","message":"Data fetch failed","timestamp":"2026-01-22T15:09:00.322Z"}
{"config":"5836e259-a2d5-4dfb-8d7f-0336956f6818","error":"[SOAP:TransactionSegment] getaddrinfo ENOTFOUND accessorize.eshopaid.com","level":"error","message":"Data fetch failed","timestamp":"2026-01-22T15:10:00.297Z"}
{"config":"5836e259-a2d5-4dfb-8d7f-0336956f6818","error":"[SOAP:TransactionSegment] getaddrinfo ENOTFOUND accessorize.eshopaid.com","level":"error","message":"Data fetch failed","timestamp":"2026-01-22T15:10:00.328Z"}
{"config":"5836e259-a2d5-4dfb-8d7f-0336956f6818","error":"[SOAP:TransactionSegment] getaddrinfo ENOTFOUND accessorize.eshopaid.com","level":"error","message":"Data fetch failed","timestamp":"2026-01-22T15:11:00.277Z"}
{"config":"5836e259-a2d5-4dfb-8d7f-0336956f6818","error":"[SOAP:TransactionSegment] getaddrinfo ENOTFOUND accessorize.eshopaid.com","level":"error","message":"Data fetch failed","timestamp":"2026-01-22T15:11:00.305Z"}
{"config":"5836e259-a2d5-4dfb-8d7f-0336956f6818","error":"[SOAP:TransactionSegment] getaddrinfo ENOTFOUND accessorize.eshopaid.com","level":"error","message":"Data fetch failed","timestamp":"2026-01-22T15:12:00.283Z"}
{"config":"5836e259-a2d5-4dfb-8d7f-0336956f6818","error":"[SOAP:TransactionSegment] getaddrinfo ENOTFOUND accessorize.eshopaid.com","level":"error","message":"Data fetch failed","timestamp":"2026-01-22T15:12:00.317Z"}
{"config":"5836e259-a2d5-4dfb-8d7f-0336956f6818","error":"[SOAP:TransactionSegment] timeout of 30000ms exceeded","level":"error","message":"Data fetch failed","timestamp":"2026-01-22T15:15:30.467Z"}
{"config":"5836e259-a2d5-4dfb-8d7f-0336956f6818","error":"[SOAP:ItemSegment] timeout of 30000ms exceeded","level":"error","message":"Data fetch failed","timestamp":"2026-01-22T15:18:30.348Z"}
{"config":"5836e259-a2d5-4dfb-8d7f-0336956f6818","error":"[SOAP:TransactionSegment] read ECONNRESET","level":"error","message":"Data fetch failed","timestamp":"2026-01-22T15:18:36.899Z"}
{"config":"5836e259-a2d5-4dfb-8d7f-0336956f6818","error":"[SOAP:TransactionSegment] read ECONNRESET","level":"error","message":"Data fetch failed","timestamp":"2026-01-22T15:21:28.061Z"}
