{"level":"info","message":"Calling Zoho API","params":{"dFrmDate":"07-FEB-2026","dToDate":"08-FEB-2026","publickey":"Q8Me1rv8uJOjxGDbg1rsmsH5s"},"timestamp":"2026-02-08T14:05:00.050Z","url":"https://www.zohoapis.in/creator/custom/rayhan/ChennaiAirport_BIllDetails"}
{"level":"info","message":"Calling Zoho API","params":{"dFrmDate":"07-FEB-2026","dToDate":"08-FEB-2026","publickey":"8KQvasT6UFA6SPb3MYFRNTPSX"},"timestamp":"2026-02-08T14:05:00.320Z","url":"https://www.zohoapis.in/creator/custom/rayhan/ChennaiAIrport_ItemDetails"}
{"level":"info","message":"Calling Zoho API","params":{"dFrmDate":"07-FEB-2026","dToDate":"08-FEB-2026","publickey":"RpXPkVsKEd59yuCGVh6FuWpGN"},"timestamp":"2026-02-08T14:05:00.500Z","url":"https://www.zohoapis.in/creator/custom/rayhan/ChennaiAirport_PymtDetails"}
{"level":"info","message":"Calling Zoho API","params":{"dFrmDate":"07-FEB-2026","dToDate":"08-FEB-2026","publickey":"Q8Me1rv8uJOjxGDbg1rsmsH5s"},"timestamp":"2026-02-08T14:06:00.094Z","url":"https://www.zohoapis.in/creator/custom/rayhan/ChennaiAirport_BIllDetails"}
{"level":"info","message":"Calling Zoho API","params":{"dFrmDate":"07-FEB-2026","dToDate":"08-FEB-2026","publickey":"8KQvasT6UFA6SPb3MYFRNTPSX"},"timestamp":"2026-02-08T14:06:00.280Z","url":"https://www.zohoapis.in/creator/custom/rayhan/ChennaiAIrport_ItemDetails"}
{"level":"info","message":"Calling Zoho API","params":{"dFrmDate":"07-FEB-2026","dToDate":"08-FEB-2026","publickey":"RpXPkVsKEd59yuCGVh6FuWpGN"},"timestamp":"2026-02-08T14:06:00.442Z","url":"https://www.zohoapis.in/creator/custom/rayhan/ChennaiAirport_PymtDetails"}
{"level":"info","message":"Calling Zoho API","params":{"dFrmDate":"07-FEB-2026","dToDate":"08-FEB-2026","publickey":"Q8Me1rv8uJOjxGDbg1rsmsH5s"},"timestamp":"2026-02-08T14:07:00.090Z","url":"https://www.zohoapis.in/creator/custom/rayhan/ChennaiAirport_BIllDetails"}
{"level":"info","message":"Calling Zoho API","params":{"dFrmDate":"07-FEB-2026","dToDate":"08-FEB-2026","publickey":"8KQvasT6UFA6SPb3MYFRNTPSX"},"timestamp":"2026-02-08T14:07:00.310Z","url":"https://www.zohoapis.in/creator/custom/rayhan/ChennaiAIrport_ItemDetails"}
{"level":"info","message":"Calling Zoho API","params":{"dFrmDate":"07-FEB-2026","dToDate":"08-FEB-2026","publickey":"RpXPkVsKEd59yuCGVh6FuWpGN"},"timestamp":"2026-02-08T14:07:00.600Z","url":"https://www.zohoapis.in/creator/custom/rayhan/ChennaiAirport_PymtDetails"}
{"level":"info","message":"Calling Zoho API","params":{"dFrmDate":"07-FEB-2026","dToDate":"08-FEB-2026","publickey":"Q8Me1rv8uJOjxGDbg1rsmsH5s"},"timestamp":"2026-02-08T14:08:00.093Z","url":"https://www.zohoapis.in/creator/custom/rayhan/ChennaiAirport_BIllDetails"}
{"level":"info","message":"Calling Zoho API","params":{"dFrmDate":"07-FEB-2026","dToDate":"08-FEB-2026","publickey":"8KQvasT6UFA6SPb3MYFRNTPSX"},"timestamp":"2026-02-08T14:08:00.262Z","url":"https://www.zohoapis.in/creator/custom/rayhan/ChennaiAIrport_ItemDetails"}
{"level":"info","message":"Calling Zoho API","params":{"dFrmDate":"07-FEB-2026","dToDate":"08-FEB-2026","publickey":"RpXPkVsKEd59yuCGVh6FuWpGN"},"timestamp":"2026-02-08T14:08:00.476Z","url":"https://www.zohoapis.in/creator/custom/rayhan/ChennaiAirport_PymtDetails"}
{"level":"info","message":"Calling Zoho API","params":{"dFrmDate":"07-FEB-2026","dToDate":"08-FEB-2026","publickey":"Q8Me1rv8uJOjxGDbg1rsmsH5s"},"timestamp":"2026-02-08T14:09:00.082Z","url":"https://www.zohoapis.in/creator/custom/rayhan/ChennaiAirport_BIllDetails"}
{"level":"info","message":"Calling Zoho API","params":{"dFrmDate":"07-FEB-2026","dToDate":"08-FEB-2026","publickey":"8KQvasT6UFA6SPb3MYFRNTPSX"},"timestamp":"2026-02-08T14:09:00.279Z","url":"https://www.zohoapis.in/creator/custom/rayhan/ChennaiAIrport_ItemDetails"}
{"level":"info","message":"Calling Zoho API","params":{"dFrmDate":"07-FEB-2026","dToDate":"08-FEB-2026","publickey":"RpXPkVsKEd59yuCGVh6FuWpGN"},"timestamp":"2026-02-08T14:09:00.482Z","url":"https://www.zohoapis.in/creator/custom/rayhan/ChennaiAirport_PymtDetails"}
{"level":"info","message":"Calling Zoho API","params":{"dFrmDate":"07-FEB-2026","dToDate":"08-FEB-2026","publickey":"Q8Me1rv8uJOjxGDbg1rsmsH5s"},"timestamp":"2026-02-08T14:10:00.097Z","url":"https://www.zohoapis.in/creator/custom/rayhan/ChennaiAirport_BIllDetails"}
{"level":"info","message":"Calling Zoho API","params":{"dFrmDate":"07-FEB-2026","dToDate":"08-FEB-2026","publickey":"8KQvasT6UFA6SPb3MYFRNTPSX"},"timestamp":"2026-02-08T14:10:00.265Z","url":"https://www.zohoapis.in/creator/custom/rayhan/ChennaiAIrport_ItemDetails"}
{"level":"info","message":"Calling Zoho API","params":{"dFrmDate":"07-FEB-2026","dToDate":"08-FEB-2026","publickey":"RpXPkVsKEd59yuCGVh6FuWpGN"},"timestamp":"2026-02-08T14:10:00.412Z","url":"https://www.zohoapis.in/creator/custom/rayhan/ChennaiAirport_PymtDetails"}
{"level":"info","message":"Calling Zoho API","params":{"dFrmDate":"07-FEB-2026","dToDate":"08-FEB-2026","publickey":"Q8Me1rv8uJOjxGDbg1rsmsH5s"},"timestamp":"2026-02-08T14:11:00.097Z","url":"https://www.zohoapis.in/creator/custom/rayhan/ChennaiAirport_BIllDetails"}
{"level":"info","message":"Calling Zoho API","params":{"dFrmDate":"07-FEB-2026","dToDate":"08-FEB-2026","publickey":"8KQvasT6UFA6SPb3MYFRNTPSX"},"timestamp":"2026-02-08T14:11:00.267Z","url":"https://www.zohoapis.in/creator/custom/rayhan/ChennaiAIrport_ItemDetails"}
{"level":"info","message":"Calling Zoho API","params":{"dFrmDate":"07-FEB-2026","dToDate":"08-FEB-2026","publickey":"RpXPkVsKEd59yuCGVh6FuWpGN"},"timestamp":"2026-02-08T14:11:00.386Z","url":"https://www.zohoapis.in/creator/custom/rayhan/ChennaiAirport_PymtDetails"}
{"level":"info","message":"Calling Zoho API","params":{"dFrmDate":"07-FEB-2026","dToDate":"08-FEB-2026","publickey":"Q8Me1rv8uJOjxGDbg1rsmsH5s"},"timestamp":"2026-02-08T14:12:00.082Z","url":"https://www.zohoapis.in/creator/custom/rayhan/ChennaiAirport_BIllDetails"}
{"level":"info","message":"Calling Zoho API","params":{"dFrmDate":"07-FEB-2026","dToDate":"08-FEB-2026","publickey":"8KQvasT6UFA6SPb3MYFRNTPSX"},"timestamp":"2026-02-08T14:12:00.261Z","url":"https://www.zohoapis.in/creator/custom/rayhan/ChennaiAIrport_ItemDetails"}
{"level":"info","message":"Calling Zoho API","params":{"dFrmDate":"07-FEB-2026","dToDate":"08-FEB-2026","publickey":"RpXPkVsKEd59yuCGVh6FuWpGN"},"timestamp":"2026-02-08T14:12:00.376Z","url":"https://www.zohoapis.in/creator/custom/rayhan/ChennaiAirport_PymtDetails"}
{"level":"info","message":"Calling Zoho API","params":{"dFrmDate":"07-FEB-2026","dToDate":"08-FEB-2026","publickey":"Q8Me1rv8uJOjxGDbg1rsmsH5s"},"timestamp":"2026-02-08T14:13:00.120Z","url":"https://www.zohoapis.in/creator/custom/rayhan/ChennaiAirport_BIllDetails"}
{"level":"info","message":"Calling Zoho API","params":{"dFrmDate":"07-FEB-2026","dToDate":"08-FEB-2026","publickey":"8KQvasT6UFA6SPb3MYFRNTPSX"},"timestamp":"2026-02-08T14:13:00.315Z","url":"https://www.zohoapis.in/creator/custom/rayhan/ChennaiAIrport_ItemDetails"}
{"level":"info","message":"Calling Zoho API","params":{"dFrmDate":"07-FEB-2026","dToDate":"08-FEB-2026","publickey":"RpXPkVsKEd59yuCGVh6FuWpGN"},"timestamp":"2026-02-08T14:13:00.469Z","url":"https://www.zohoapis.in/creator/custom/rayhan/ChennaiAirport_PymtDetails"}
{"level":"info","message":"Calling Zoho API","params":{"dFrmDate":"07-FEB-2026","dToDate":"08-FEB-2026","publickey":"Q8Me1rv8uJOjxGDbg1rsmsH5s"},"timestamp":"2026-02-08T14:14:00.219Z","url":"https://www.zohoapis.in/creator/custom/rayhan/ChennaiAirport_BIllDetails"}
{"level":"info","message":"Calling Zoho API","params":{"dFrmDate":"07-FEB-2026","dToDate":"08-FEB-2026","publickey":"8KQvasT6UFA6SPb3MYFRNTPSX"},"timestamp":"2026-02-08T14:14:00.414Z","url":"https://www.zohoapis.in/creator/custom/rayhan/ChennaiAIrport_ItemDetails"}
{"level":"info","message":"Calling Zoho API","params":{"dFrmDate":"07-FEB-2026","dToDate":"08-FEB-2026","publickey":"RpXPkVsKEd59yuCGVh6FuWpGN"},"timestamp":"2026-02-08T14:14:00.571Z","url":"https://www.zohoapis.in/creator/custom/rayhan/ChennaiAirport_PymtDetails"}
{"level":"info","message":"Calling Zoho API","params":{"dFrmDate":"07-FEB-2026","dToDate":"08-FEB-2026","publickey":"Q8Me1rv8uJOjxGDbg1rsmsH5s"},"timestamp":"2026-02-08T14:33:00.056Z","url":"https://www.zohoapis.in/creator/custom/rayhan/ChennaiAirport_BIllDetails"}
{"level":"info","message":"Calling Zoho API","params":{"dFrmDate":"07-FEB-2026","dToDate":"08-FEB-2026","publickey":"8KQvasT6UFA6SPb3MYFRNTPSX"},"timestamp":"2026-02-08T14:33:01.554Z","url":"https://www.zohoapis.in/creator/custom/rayhan/ChennaiAIrport_ItemDetails"}
{"level":"info","message":"Calling Zoho API","params":{"dFrmDate":"07-FEB-2026","dToDate":"08-FEB-2026","publickey":"RpXPkVsKEd59yuCGVh6FuWpGN"},"timestamp":"2026-02-08T14:33:01.687Z","url":"https://www.zohoapis.in/creator/custom/rayhan/ChennaiAirport_PymtDetails"}
{"error":"s is not defined","level":"error","message":"❌ Transaction mapping failed","timestamp":"2026-02-08T14:33:01.838Z"}
{"error":"s is not defined","level":"error","message":"❌ Transaction mapping failed","timestamp":"2026-02-08T14:33:01.840Z"}
{"error":"s is not defined","level":"error","message":"❌ Transaction mapping failed","timestamp":"2026-02-08T14:33:01.841Z"}
{"error":"s is not defined","level":"error","message":"❌ Transaction mapping failed","timestamp":"2026-02-08T14:33:01.843Z"}
{"error":"s is not defined","level":"error","message":"❌ Transaction mapping failed","timestamp":"2026-02-08T14:33:01.844Z"}
{"error":"s is not defined","level":"error","message":"❌ Transaction mapping failed","timestamp":"2026-02-08T14:33:01.845Z"}
{"error":"s is not defined","level":"error","message":"❌ Transaction mapping failed","timestamp":"2026-02-08T14:33:01.845Z"}
{"error":"s is not defined","level":"error","message":"❌ Transaction mapping failed","timestamp":"2026-02-08T14:33:01.846Z"}
{"error":"s is not defined","level":"error","message":"❌ Transaction mapping failed","timestamp":"2026-02-08T14:33:01.847Z"}
{"level":"info","message":"Calling Zoho API","params":{"dFrmDate":"07-FEB-2026","dToDate":"08-FEB-2026","publickey":"Q8Me1rv8uJOjxGDbg1rsmsH5s"},"timestamp":"2026-02-08T14:34:00.114Z","url":"https://www.zohoapis.in/creator/custom/rayhan/ChennaiAirport_BIllDetails"}
{"level":"info","message":"Calling Zoho API","params":{"dFrmDate":"07-FEB-2026","dToDate":"08-FEB-2026","publickey":"8KQvasT6UFA6SPb3MYFRNTPSX"},"timestamp":"2026-02-08T14:34:00.336Z","url":"https://www.zohoapis.in/creator/custom/rayhan/ChennaiAIrport_ItemDetails"}
{"level":"info","message":"Calling Zoho API","params":{"dFrmDate":"07-FEB-2026","dToDate":"08-FEB-2026","publickey":"RpXPkVsKEd59yuCGVh6FuWpGN"},"timestamp":"2026-02-08T14:34:00.601Z","url":"https://www.zohoapis.in/creator/custom/rayhan/ChennaiAirport_PymtDetails"}
{"error":"s is not defined","level":"error","message":"❌ Transaction mapping failed","timestamp":"2026-02-08T14:34:00.812Z"}
{"error":"s is not defined","level":"error","message":"❌ Transaction mapping failed","timestamp":"2026-02-08T14:34:00.814Z"}
{"error":"s is not defined","level":"error","message":"❌ Transaction mapping failed","timestamp":"2026-02-08T14:34:00.814Z"}
{"error":"s is not defined","level":"error","message":"❌ Transaction mapping failed","timestamp":"2026-02-08T14:34:00.815Z"}
{"error":"s is not defined","level":"error","message":"❌ Transaction mapping failed","timestamp":"2026-02-08T14:34:00.816Z"}
{"error":"s is not defined","level":"error","message":"❌ Transaction mapping failed","timestamp":"2026-02-08T14:34:00.816Z"}
{"error":"s is not defined","level":"error","message":"❌ Transaction mapping failed","timestamp":"2026-02-08T14:34:00.817Z"}
{"error":"s is not defined","level":"error","message":"❌ Transaction mapping failed","timestamp":"2026-02-08T14:34:00.818Z"}
{"error":"s is not defined","level":"error","message":"❌ Transaction mapping failed","timestamp":"2026-02-08T14:34:00.818Z"}
{"level":"info","message":"Calling Zoho API","params":{"dFrmDate":"07-FEB-2026","dToDate":"08-FEB-2026","publickey":"Q8Me1rv8uJOjxGDbg1rsmsH5s"},"timestamp":"2026-02-08T14:35:00.099Z","url":"https://www.zohoapis.in/creator/custom/rayhan/ChennaiAirport_BIllDetails"}
{"level":"info","message":"Calling Zoho API","params":{"dFrmDate":"07-FEB-2026","dToDate":"08-FEB-2026","publickey":"8KQvasT6UFA6SPb3MYFRNTPSX"},"timestamp":"2026-02-08T14:35:00.276Z","url":"https://www.zohoapis.in/creator/custom/rayhan/ChennaiAIrport_ItemDetails"}
{"level":"info","message":"Calling Zoho API","params":{"dFrmDate":"07-FEB-2026","dToDate":"08-FEB-2026","publickey":"RpXPkVsKEd59yuCGVh6FuWpGN"},"timestamp":"2026-02-08T14:35:00.423Z","url":"https://www.zohoapis.in/creator/custom/rayhan/ChennaiAirport_PymtDetails"}
{"error":"s is not defined","level":"error","message":"❌ Transaction mapping failed","timestamp":"2026-02-08T14:35:00.596Z"}
{"error":"s is not defined","level":"error","message":"❌ Transaction mapping failed","timestamp":"2026-02-08T14:35:00.598Z"}
{"error":"s is not defined","level":"error","message":"❌ Transaction mapping failed","timestamp":"2026-02-08T14:35:00.599Z"}
{"error":"s is not defined","level":"error","message":"❌ Transaction mapping failed","timestamp":"2026-02-08T14:35:00.599Z"}
{"error":"s is not defined","level":"error","message":"❌ Transaction mapping failed","timestamp":"2026-02-08T14:35:00.600Z"}
{"error":"s is not defined","level":"error","message":"❌ Transaction mapping failed","timestamp":"2026-02-08T14:35:00.601Z"}
{"error":"s is not defined","level":"error","message":"❌ Transaction mapping failed","timestamp":"2026-02-08T14:35:00.602Z"}
{"error":"s is not defined","level":"error","message":"❌ Transaction mapping failed","timestamp":"2026-02-08T14:35:00.602Z"}
{"error":"s is not defined","level":"error","message":"❌ Transaction mapping failed","timestamp":"2026-02-08T14:35:00.603Z"}
{"level":"info","message":"Calling Zoho API","params":{"dFrmDate":"07-FEB-2026","dToDate":"08-FEB-2026","publickey":"Q8Me1rv8uJOjxGDbg1rsmsH5s"},"timestamp":"2026-02-08T14:36:00.101Z","url":"https://www.zohoapis.in/creator/custom/rayhan/ChennaiAirport_BIllDetails"}
{"level":"info","message":"Calling Zoho API","params":{"dFrmDate":"07-FEB-2026","dToDate":"08-FEB-2026","publickey":"8KQvasT6UFA6SPb3MYFRNTPSX"},"timestamp":"2026-02-08T14:36:00.317Z","url":"https://www.zohoapis.in/creator/custom/rayhan/ChennaiAIrport_ItemDetails"}
{"level":"info","message":"Calling Zoho API","params":{"dFrmDate":"07-FEB-2026","dToDate":"08-FEB-2026","publickey":"RpXPkVsKEd59yuCGVh6FuWpGN"},"timestamp":"2026-02-08T14:36:00.474Z","url":"https://www.zohoapis.in/creator/custom/rayhan/ChennaiAirport_PymtDetails"}
{"error":"s is not defined","level":"error","message":"❌ Transaction mapping failed","timestamp":"2026-02-08T14:36:00.689Z"}
{"error":"s is not defined","level":"error","message":"❌ Transaction mapping failed","timestamp":"2026-02-08T14:36:00.690Z"}
{"error":"s is not defined","level":"error","message":"❌ Transaction mapping failed","timestamp":"2026-02-08T14:36:00.691Z"}
{"error":"s is not defined","level":"error","message":"❌ Transaction mapping failed","timestamp":"2026-02-08T14:36:00.692Z"}
{"error":"s is not defined","level":"error","message":"❌ Transaction mapping failed","timestamp":"2026-02-08T14:36:00.693Z"}
{"error":"s is not defined","level":"error","message":"❌ Transaction mapping failed","timestamp":"2026-02-08T14:36:00.693Z"}
{"error":"s is not defined","level":"error","message":"❌ Transaction mapping failed","timestamp":"2026-02-08T14:36:00.694Z"}
{"error":"s is not defined","level":"error","message":"❌ Transaction mapping failed","timestamp":"2026-02-08T14:36:00.695Z"}
{"error":"s is not defined","level":"error","message":"❌ Transaction mapping failed","timestamp":"2026-02-08T14:36:00.696Z"}
{"level":"info","message":"Calling Zoho API","params":{"dFrmDate":"07-FEB-2026","dToDate":"08-FEB-2026","publickey":"Q8Me1rv8uJOjxGDbg1rsmsH5s"},"timestamp":"2026-02-08T14:37:00.087Z","url":"https://www.zohoapis.in/creator/custom/rayhan/ChennaiAirport_BIllDetails"}
{"level":"info","message":"Calling Zoho API","params":{"dFrmDate":"07-FEB-2026","dToDate":"08-FEB-2026","publickey":"8KQvasT6UFA6SPb3MYFRNTPSX"},"timestamp":"2026-02-08T14:37:00.259Z","url":"https://www.zohoapis.in/creator/custom/rayhan/ChennaiAIrport_ItemDetails"}
{"level":"info","message":"Calling Zoho API","params":{"dFrmDate":"07-FEB-2026","dToDate":"08-FEB-2026","publickey":"RpXPkVsKEd59yuCGVh6FuWpGN"},"timestamp":"2026-02-08T14:37:00.438Z","url":"https://www.zohoapis.in/creator/custom/rayhan/ChennaiAirport_PymtDetails"}
{"error":"s is not defined","level":"error","message":"❌ Transaction mapping failed","timestamp":"2026-02-08T14:37:00.606Z"}
{"error":"s is not defined","level":"error","message":"❌ Transaction mapping failed","timestamp":"2026-02-08T14:37:00.607Z"}
{"error":"s is not defined","level":"error","message":"❌ Transaction mapping failed","timestamp":"2026-02-08T14:37:00.607Z"}
{"error":"s is not defined","level":"error","message":"❌ Transaction mapping failed","timestamp":"2026-02-08T14:37:00.608Z"}
{"error":"s is not defined","level":"error","message":"❌ Transaction mapping failed","timestamp":"2026-02-08T14:37:00.608Z"}
{"error":"s is not defined","level":"error","message":"❌ Transaction mapping failed","timestamp":"2026-02-08T14:37:00.608Z"}
{"error":"s is not defined","level":"error","message":"❌ Transaction mapping failed","timestamp":"2026-02-08T14:37:00.609Z"}
{"error":"s is not defined","level":"error","message":"❌ Transaction mapping failed","timestamp":"2026-02-08T14:37:00.609Z"}
{"error":"s is not defined","level":"error","message":"❌ Transaction mapping failed","timestamp":"2026-02-08T14:37:00.610Z"}
{"level":"info","message":"Calling Zoho API","params":{"dFrmDate":"07-FEB-2026","dToDate":"08-FEB-2026","publickey":"Q8Me1rv8uJOjxGDbg1rsmsH5s"},"timestamp":"2026-02-08T14:38:00.101Z","url":"https://www.zohoapis.in/creator/custom/rayhan/ChennaiAirport_BIllDetails"}
{"level":"info","message":"Calling Zoho API","params":{"dFrmDate":"07-FEB-2026","dToDate":"08-FEB-2026","publickey":"8KQvasT6UFA6SPb3MYFRNTPSX"},"timestamp":"2026-02-08T14:38:00.258Z","url":"https://www.zohoapis.in/creator/custom/rayhan/ChennaiAIrport_ItemDetails"}
{"level":"info","message":"Calling Zoho API","params":{"dFrmDate":"07-FEB-2026","dToDate":"08-FEB-2026","publickey":"RpXPkVsKEd59yuCGVh6FuWpGN"},"timestamp":"2026-02-08T14:38:00.419Z","url":"https://www.zohoapis.in/creator/custom/rayhan/ChennaiAirport_PymtDetails"}
{"error":"s is not defined","level":"error","message":"❌ Transaction mapping failed","timestamp":"2026-02-08T14:38:00.592Z"}
{"error":"s is not defined","level":"error","message":"❌ Transaction mapping failed","timestamp":"2026-02-08T14:38:00.592Z"}
{"error":"s is not defined","level":"error","message":"❌ Transaction mapping failed","timestamp":"2026-02-08T14:38:00.593Z"}
{"error":"s is not defined","level":"error","message":"❌ Transaction mapping failed","timestamp":"2026-02-08T14:38:00.594Z"}
{"error":"s is not defined","level":"error","message":"❌ Transaction mapping failed","timestamp":"2026-02-08T14:38:00.594Z"}
{"error":"s is not defined","level":"error","message":"❌ Transaction mapping failed","timestamp":"2026-02-08T14:38:00.595Z"}
{"error":"s is not defined","level":"error","message":"❌ Transaction mapping failed","timestamp":"2026-02-08T14:38:00.596Z"}
{"error":"s is not defined","level":"error","message":"❌ Transaction mapping failed","timestamp":"2026-02-08T14:38:00.596Z"}
{"error":"s is not defined","level":"error","message":"❌ Transaction mapping failed","timestamp":"2026-02-08T14:38:00.597Z"}
{"level":"info","message":"Calling Zoho API","params":{"dFrmDate":"07-FEB-2026","dToDate":"08-FEB-2026","publickey":"Q8Me1rv8uJOjxGDbg1rsmsH5s"},"timestamp":"2026-02-08T14:39:00.145Z","url":"https://www.zohoapis.in/creator/custom/rayhan/ChennaiAirport_BIllDetails"}
{"level":"info","message":"Calling Zoho API","params":{"dFrmDate":"07-FEB-2026","dToDate":"08-FEB-2026","publickey":"8KQvasT6UFA6SPb3MYFRNTPSX"},"timestamp":"2026-02-08T14:39:00.373Z","url":"https://www.zohoapis.in/creator/custom/rayhan/ChennaiAIrport_ItemDetails"}
{"level":"info","message":"Calling Zoho API","params":{"dFrmDate":"07-FEB-2026","dToDate":"08-FEB-2026","publickey":"RpXPkVsKEd59yuCGVh6FuWpGN"},"timestamp":"2026-02-08T14:39:00.506Z","url":"https://www.zohoapis.in/creator/custom/rayhan/ChennaiAirport_PymtDetails"}
{"level":"info","message":"Calling Zoho API","params":{"dFrmDate":"07-FEB-2026","dToDate":"08-FEB-2026","publickey":"Q8Me1rv8uJOjxGDbg1rsmsH5s"},"timestamp":"2026-02-08T14:40:00.193Z","url":"https://www.zohoapis.in/creator/custom/rayhan/ChennaiAirport_BIllDetails"}
{"level":"info","message":"Calling Zoho API","params":{"dFrmDate":"07-FEB-2026","dToDate":"08-FEB-2026","publickey":"8KQvasT6UFA6SPb3MYFRNTPSX"},"timestamp":"2026-02-08T14:40:00.361Z","url":"https://www.zohoapis.in/creator/custom/rayhan/ChennaiAIrport_ItemDetails"}
{"level":"info","message":"Calling Zoho API","params":{"dFrmDate":"07-FEB-2026","dToDate":"08-FEB-2026","publickey":"RpXPkVsKEd59yuCGVh6FuWpGN"},"timestamp":"2026-02-08T14:40:00.500Z","url":"https://www.zohoapis.in/creator/custom/rayhan/ChennaiAirport_PymtDetails"}
{"level":"info","message":"Calling Zoho API","params":{"dFrmDate":"07-FEB-2026","dToDate":"08-FEB-2026","publickey":"Q8Me1rv8uJOjxGDbg1rsmsH5s"},"timestamp":"2026-02-08T14:41:00.053Z","url":"https://www.zohoapis.in/creator/custom/rayhan/ChennaiAirport_BIllDetails"}
{"level":"info","message":"Calling Zoho API","params":{"dFrmDate":"07-FEB-2026","dToDate":"08-FEB-2026","publickey":"8KQvasT6UFA6SPb3MYFRNTPSX"},"timestamp":"2026-02-08T14:41:00.304Z","url":"https://www.zohoapis.in/creator/custom/rayhan/ChennaiAIrport_ItemDetails"}
{"level":"info","message":"Calling Zoho API","params":{"dFrmDate":"07-FEB-2026","dToDate":"08-FEB-2026","publickey":"RpXPkVsKEd59yuCGVh6FuWpGN"},"timestamp":"2026-02-08T14:41:00.687Z","url":"https://www.zohoapis.in/creator/custom/rayhan/ChennaiAirport_PymtDetails"}
{"level":"info","message":"Calling Zoho API","params":{"dFrmDate":"07-FEB-2026","dToDate":"08-FEB-2026","publickey":"Q8Me1rv8uJOjxGDbg1rsmsH5s"},"timestamp":"2026-02-08T14:48:00.112Z","url":"https://www.zohoapis.in/creator/custom/rayhan/ChennaiAirport_BIllDetails"}
{"level":"info","message":"Calling Zoho API","params":{"dFrmDate":"07-FEB-2026","dToDate":"08-FEB-2026","publickey":"8KQvasT6UFA6SPb3MYFRNTPSX"},"timestamp":"2026-02-08T14:48:02.799Z","url":"https://www.zohoapis.in/creator/custom/rayhan/ChennaiAIrport_ItemDetails"}
{"level":"info","message":"Calling Zoho API","params":{"dFrmDate":"07-FEB-2026","dToDate":"08-FEB-2026","publickey":"RpXPkVsKEd59yuCGVh6FuWpGN"},"timestamp":"2026-02-08T14:48:02.979Z","url":"https://www.zohoapis.in/creator/custom/rayhan/ChennaiAirport_PymtDetails"}
{"level":"info","message":"Calling Zoho API","params":{"dFrmDate":"07-FEB-2026","dToDate":"08-FEB-2026","publickey":"Q8Me1rv8uJOjxGDbg1rsmsH5s"},"timestamp":"2026-02-08T14:49:00.095Z","url":"https://www.zohoapis.in/creator/custom/rayhan/ChennaiAirport_BIllDetails"}
{"level":"info","message":"Calling Zoho API","params":{"dFrmDate":"07-FEB-2026","dToDate":"08-FEB-2026","publickey":"8KQvasT6UFA6SPb3MYFRNTPSX"},"timestamp":"2026-02-08T14:49:00.273Z","url":"https://www.zohoapis.in/creator/custom/rayhan/ChennaiAIrport_ItemDetails"}
{"level":"info","message":"Calling Zoho API","params":{"dFrmDate":"07-FEB-2026","dToDate":"08-FEB-2026","publickey":"RpXPkVsKEd59yuCGVh6FuWpGN"},"timestamp":"2026-02-08T14:49:00.426Z","url":"https://www.zohoapis.in/creator/custom/rayhan/ChennaiAirport_PymtDetails"}
{"level":"info","message":"Calling Zoho API","params":{"dFrmDate":"07-FEB-2026","dToDate":"08-FEB-2026","publickey":"Q8Me1rv8uJOjxGDbg1rsmsH5s"},"timestamp":"2026-02-08T14:51:00.250Z","url":"https://www.zohoapis.in/creator/custom/rayhan/ChennaiAirport_BIllDetails"}
{"level":"info","message":"Calling Zoho API","params":{"dFrmDate":"07-FEB-2026","dToDate":"08-FEB-2026","publickey":"8KQvasT6UFA6SPb3MYFRNTPSX"},"timestamp":"2026-02-08T14:51:00.507Z","url":"https://www.zohoapis.in/creator/custom/rayhan/ChennaiAIrport_ItemDetails"}
{"level":"info","message":"Calling Zoho API","params":{"dFrmDate":"07-FEB-2026","dToDate":"08-FEB-2026","publickey":"RpXPkVsKEd59yuCGVh6FuWpGN"},"timestamp":"2026-02-08T14:51:00.686Z","url":"https://www.zohoapis.in/creator/custom/rayhan/ChennaiAirport_PymtDetails"}
{"level":"info","message":"Calling Zoho API","params":{"dFrmDate":"07-FEB-2026","dToDate":"08-FEB-2026","publickey":"Q8Me1rv8uJOjxGDbg1rsmsH5s"},"timestamp":"2026-02-08T15:03:00.048Z","url":"https://www.zohoapis.in/creator/custom/rayhan/ChennaiAirport_BIllDetails"}
{"level":"info","message":"Calling Zoho API","params":{"dFrmDate":"07-FEB-2026","dToDate":"08-FEB-2026","publickey":"8KQvasT6UFA6SPb3MYFRNTPSX"},"timestamp":"2026-02-08T15:03:00.365Z","url":"https://www.zohoapis.in/creator/custom/rayhan/ChennaiAIrport_ItemDetails"}
{"level":"info","message":"Calling Zoho API","params":{"dFrmDate":"07-FEB-2026","dToDate":"08-FEB-2026","publickey":"RpXPkVsKEd59yuCGVh6FuWpGN"},"timestamp":"2026-02-08T15:03:00.541Z","url":"https://www.zohoapis.in/creator/custom/rayhan/ChennaiAirport_PymtDetails"}
{"level":"info","message":"Calling Zoho API","params":{"dFrmDate":"07-FEB-2026","dToDate":"08-FEB-2026","publickey":"Q8Me1rv8uJOjxGDbg1rsmsH5s"},"timestamp":"2026-02-08T15:04:00.115Z","url":"https://www.zohoapis.in/creator/custom/rayhan/ChennaiAirport_BIllDetails"}
{"level":"info","message":"Calling Zoho API","params":{"dFrmDate":"07-FEB-2026","dToDate":"08-FEB-2026","publickey":"8KQvasT6UFA6SPb3MYFRNTPSX"},"timestamp":"2026-02-08T15:04:00.328Z","url":"https://www.zohoapis.in/creator/custom/rayhan/ChennaiAIrport_ItemDetails"}
{"level":"info","message":"Calling Zoho API","params":{"dFrmDate":"07-FEB-2026","dToDate":"08-FEB-2026","publickey":"RpXPkVsKEd59yuCGVh6FuWpGN"},"timestamp":"2026-02-08T15:04:00.491Z","url":"https://www.zohoapis.in/creator/custom/rayhan/ChennaiAirport_PymtDetails"}
{"level":"info","message":"Calling Zoho API","params":{"dFrmDate":"07-FEB-2026","dToDate":"08-FEB-2026","publickey":"Q8Me1rv8uJOjxGDbg1rsmsH5s"},"timestamp":"2026-02-08T15:06:00.125Z","url":"https://www.zohoapis.in/creator/custom/rayhan/ChennaiAirport_BIllDetails"}
{"level":"info","message":"Calling Zoho API","params":{"dFrmDate":"07-FEB-2026","dToDate":"08-FEB-2026","publickey":"8KQvasT6UFA6SPb3MYFRNTPSX"},"timestamp":"2026-02-08T15:06:00.388Z","url":"https://www.zohoapis.in/creator/custom/rayhan/ChennaiAIrport_ItemDetails"}
{"level":"info","message":"Calling Zoho API","params":{"dFrmDate":"07-FEB-2026","dToDate":"08-FEB-2026","publickey":"RpXPkVsKEd59yuCGVh6FuWpGN"},"timestamp":"2026-02-08T15:06:00.541Z","url":"https://www.zohoapis.in/creator/custom/rayhan/ChennaiAirport_PymtDetails"}
{"level":"info","message":"Calling Zoho API","params":{"dFrmDate":"07-FEB-2026","dToDate":"08-FEB-2026","publickey":"Q8Me1rv8uJOjxGDbg1rsmsH5s"},"timestamp":"2026-02-08T15:07:00.111Z","url":"https://www.zohoapis.in/creator/custom/rayhan/ChennaiAirport_BIllDetails"}
{"level":"info","message":"Calling Zoho API","params":{"dFrmDate":"07-FEB-2026","dToDate":"08-FEB-2026","publickey":"8KQvasT6UFA6SPb3MYFRNTPSX"},"timestamp":"2026-02-08T15:07:01.322Z","url":"https://www.zohoapis.in/creator/custom/rayhan/ChennaiAIrport_ItemDetails"}
{"level":"info","message":"Calling Zoho API","params":{"dFrmDate":"07-FEB-2026","dToDate":"08-FEB-2026","publickey":"RpXPkVsKEd59yuCGVh6FuWpGN"},"timestamp":"2026-02-08T15:07:01.476Z","url":"https://www.zohoapis.in/creator/custom/rayhan/ChennaiAirport_PymtDetails"}
{"level":"info","message":"Calling Zoho API","params":{"dFrmDate":"07-FEB-2026","dToDate":"08-FEB-2026","publickey":"Q8Me1rv8uJOjxGDbg1rsmsH5s"},"timestamp":"2026-02-08T15:14:00.135Z","url":"https://www.zohoapis.in/creator/custom/rayhan/ChennaiAirport_BIllDetails"}
{"level":"info","message":"Calling Zoho API","params":{"dFrmDate":"07-FEB-2026","dToDate":"08-FEB-2026","publickey":"8KQvasT6UFA6SPb3MYFRNTPSX"},"timestamp":"2026-02-08T15:14:00.406Z","url":"https://www.zohoapis.in/creator/custom/rayhan/ChennaiAIrport_ItemDetails"}
{"level":"info","message":"Calling Zoho API","params":{"dFrmDate":"07-FEB-2026","dToDate":"08-FEB-2026","publickey":"RpXPkVsKEd59yuCGVh6FuWpGN"},"timestamp":"2026-02-08T15:14:00.618Z","url":"https://www.zohoapis.in/creator/custom/rayhan/ChennaiAirport_PymtDetails"}
{"level":"info","message":"Calling Zoho API","params":{"dFrmDate":"07-FEB-2026","dToDate":"08-FEB-2026","publickey":"Q8Me1rv8uJOjxGDbg1rsmsH5s"},"timestamp":"2026-02-08T15:25:00.102Z","url":"https://www.zohoapis.in/creator/custom/rayhan/ChennaiAirport_BIllDetails"}
{"level":"info","message":"Calling Zoho API","params":{"dFrmDate":"07-FEB-2026","dToDate":"08-FEB-2026","publickey":"8KQvasT6UFA6SPb3MYFRNTPSX"},"timestamp":"2026-02-08T15:25:00.405Z","url":"https://www.zohoapis.in/creator/custom/rayhan/ChennaiAIrport_ItemDetails"}
{"level":"info","message":"Calling Zoho API","params":{"dFrmDate":"07-FEB-2026","dToDate":"08-FEB-2026","publickey":"RpXPkVsKEd59yuCGVh6FuWpGN"},"timestamp":"2026-02-08T15:25:00.547Z","url":"https://www.zohoapis.in/creator/custom/rayhan/ChennaiAirport_PymtDetails"}
{"level":"info","message":"Inserting aggregated items","timestamp":"2026-02-08T15:25:00.905Z","values":["94fb7e60-21bf-4414-b1cd-3f9d7bc1c6ef",641524,641524,"VVC00077","MYOP(MAKE YOUR OWN PERFUME)",53830000066915944,"BUS LOUNGE",53830000066915944,null,"2026-02-01 08:03:57","2026-02-01",[53830000142221420,53830000142221420,53830000142221430,53830000142221430,53830000142221430],["Paper Carry Bag MYOP [NA] 48192020","MYOP Perfume Pod 5ml [NA] 70109000","Ocean Bliss - 60% | The Valentine - 40% 33029090","Crystal - 60% | Queen - 40% 33029090","Calicut Spice - 50% | Men's Code - 50% 33029090"],[null,null,null,null,null],[null,null,null,null,null],[1,1,1,1,1],[0,699,2199,2199,2199],[0,699,2199,2199,2199],[null,null,null,null,null],[null,null,null,null,null],[0,0,0,0,0],[0,0,0,0,0],[0,0,0,0,0],null,"01","SALE",[0,0,0,0,0],[null,null,null,null,null]]}
{"level":"info","message":"Inserting aggregated items","timestamp":"2026-02-08T15:25:00.925Z","values":["02359571-e3cf-40c4-b491-32e593f1e6f4",641525,641525,"VVC00077","MYOP(MAKE YOUR OWN PERFUME)",53830000066915944,"BUS LOUNGE",53830000066915944,null,"2026-02-01 08:05:21","2026-02-01",[53830000142224670,53830000142224670],["Paper Carry Bag MYOP [NA] 48192020","Oud for Greatness 100ml [265] 33030040"],[null,null],[null,null],[1,1],[0,2199],[0,2199],[null,null],[null,null],[0,0],[0,0],[0,0],null,"01","SALE",[0,0],[null,null]]}
{"level":"info","message":"Inserting aggregated items","timestamp":"2026-02-08T15:25:00.932Z","values":["ec3a3b85-d9d0-4812-9366-59cc8af3fdab",641526,641526,"VVC00077","MYOP(MAKE YOUR OWN PERFUME)",53830000066915944,"BUS LOUNGE",53830000066915944,null,"2026-02-01 08:07:04","2026-02-01",[53830000142203440,53830000142203440],["Paper Carry Bag MYOP [NA] 48192020","Oud for Greatness - 50% | The Woody - 50% 33029090"],[null,null],[null,null],[1,1],[0,2499],[0,2499],[null,null],[null,null],[0,0],[0,0],[0,0],null,"01","SALE",[0,0],[null,null]]}
{"level":"info","message":"Inserting aggregated items","timestamp":"2026-02-08T15:25:00.939Z","values":["f8872374-e00f-47dd-bf6b-2d6e8043e1e2",641531,641531,"VVC00077","MYOP(MAKE YOUR OWN PERFUME)",53830000066915944,"BUS LOUNGE",53830000066915944,null,"2026-02-01 10:45:11","2026-02-01",[53830000142218184,53830000142218184],["Paper Carry Bag MYOP [NA] 48192020","Men's Code - 50% | Ocean Bliss - 50% 33029090"],[null,null],[null,null],[1,1],[0,999],[0,999],[null,null],[null,null],[0,0],[0,0],[0,0],null,"01","SALE",[0,0],[null,null]]}
{"level":"info","message":"Inserting aggregated items","timestamp":"2026-02-08T15:25:00.945Z","values":["8c0ba411-b3b0-43dd-b8f2-5342b04a1f99",641584,641584,"VVC00077","MYOP(MAKE YOUR OWN PERFUME)",53830000066915944,"BUS LOUNGE",53830000066915944,null,"2026-02-01 12:32:54","2026-02-01",[53830000142222300,53830000142222300],["Paper Carry Bag MYOP [NA] 48192020","Ocean Bliss 100ml [269] 33030040"],[null,null],[null,null],[1,1],[0,1899],[0,1899],[null,null],[null,null],[0,0],[0,0],[0,0],null,"01","SALE",[0,0],[null,null]]}
{"level":"info","message":"Inserting aggregated items","timestamp":"2026-02-08T15:25:00.951Z","values":["65308c42-a8a4-43bd-a8ff-4d6c13a7a811",641858,641858,"VVC00077","MYOP(MAKE YOUR OWN PERFUME)",53830000066915944,"BUS LOUNGE",53830000066915944,null,"2026-02-01 15:50:01","2026-02-01",[53830000142290470,53830000142290480,53830000142290480,53830000142290480,53830000142290480],["Paper Carry Bag MYOP [NA] 48192020","Madras Malar 100ml [177] 33030040","Marshmallow Fluff 100ml [262] 33030040","MYOP Perfume Pod 5ml [NA] 70109000","Calicut Spice - 25% | Gold - 75% 33029090"],[null,null,null,null,null],[null,null,null,null,null],[1,1,1,1,1],[0,2199,2199,699,2199],[0,2199,2199,699,2199],[null,null,null,null,null],[null,null,null,null,null],[0,0,0,0,0],[0,0,0,0,0],[0,0,0,0,0],null,"01","SALE",[0,0,0,0,0],[null,null,null,null,null]]}
{"level":"info","message":"Inserting aggregated items","timestamp":"2026-02-08T15:25:00.959Z","values":["612f37e8-7fce-47db-95d6-8ef4a791c566",641971,641971,"VVC00077","MYOP(MAKE YOUR OWN PERFUME)",53830000066915944,"BUS LOUNGE",53830000066915944,null,"2026-02-01 16:51:37","2026-02-01",[53830000142296440,53830000142296440],["Paper Carry Bag MYOP [NA] 48192020","Purple Mystique 50ml [249] 33030040"],[null,null],[null,null],[1,1],[0,1199],[0,1199],[null,null],[null,null],[0,0],[0,0],[0,0],null,"01","SALE",[0,0],[null,null]]}
{"level":"info","message":"Inserting aggregated items","timestamp":"2026-02-08T15:25:00.965Z","values":["8d3e2e31-4720-4b89-b0c4-3099670b6992",642011,642011,"VVC00077","MYOP(MAKE YOUR OWN PERFUME)",53830000066915944,"BUS LOUNGE",53830000066915944,null,"2026-02-01 17:13:56","2026-02-01",[53830000142303120,53830000142303130,53830000142303130,53830000142303130,53830000142303130],["Paper Carry Bag MYOP [NA] 48192020","Marshmallow Fluff 100ml [262] 33030040","Ibiza 100ml [248] 33030040","MYOP Perfume Pod 5ml [NA] 70109000","Florence - 44% | Madras Malar - 56% 33029090"],[null,null,null,null,null],[null,null,null,null,null],[1,1,1,1,1],[0,2199,2499,699,2199],[0,2199,2499,699,2199],[null,null,null,null,null],[null,null,null,null,null],[0,0,0,0,0],[0,0,0,0,0],[0,0,0,0,0],null,"01","SALE",[0,0,0,0,0],[null,null,null,null,null]]}
{"level":"info","message":"Inserting aggregated items","timestamp":"2026-02-08T15:25:00.972Z","values":["2048b96d-ce27-4efd-937b-e87b3a8c3fca",642169,642169,"VVC00077","MYOP(MAKE YOUR OWN PERFUME)",53830000066915944,"BUS LOUNGE",53830000066915944,null,"2026-02-01 18:49:48","2026-02-01",[53830000142308380,53830000142308380],["Paper Carry Bag MYOP [NA] 48192020","MYOP Perfume Pod 5ml [NA] 70109000"],[null,null],[null,null],[1,1],[0,699],[0,699],[null,null],[null,null],[0,0],[0,0],[0,0],null,"01","SALE",[0,0],[null,null]]}
{"level":"info","message":"Calling Zoho API","params":{"dFrmDate":"07-FEB-2026","dToDate":"08-FEB-2026","publickey":"Q8Me1rv8uJOjxGDbg1rsmsH5s"},"timestamp":"2026-02-08T15:26:00.096Z","url":"https://www.zohoapis.in/creator/custom/rayhan/ChennaiAirport_BIllDetails"}
{"level":"info","message":"Calling Zoho API","params":{"dFrmDate":"07-FEB-2026","dToDate":"08-FEB-2026","publickey":"8KQvasT6UFA6SPb3MYFRNTPSX"},"timestamp":"2026-02-08T15:26:00.271Z","url":"https://www.zohoapis.in/creator/custom/rayhan/ChennaiAIrport_ItemDetails"}
{"level":"info","message":"Calling Zoho API","params":{"dFrmDate":"07-FEB-2026","dToDate":"08-FEB-2026","publickey":"RpXPkVsKEd59yuCGVh6FuWpGN"},"timestamp":"2026-02-08T15:26:00.436Z","url":"https://www.zohoapis.in/creator/custom/rayhan/ChennaiAirport_PymtDetails"}
{"level":"info","message":"Calling Zoho API","params":{"dFrmDate":"07-FEB-2026","dToDate":"08-FEB-2026","publickey":"Q8Me1rv8uJOjxGDbg1rsmsH5s"},"timestamp":"2026-02-08T15:27:00.105Z","url":"https://www.zohoapis.in/creator/custom/rayhan/ChennaiAirport_BIllDetails"}
{"level":"info","message":"Calling Zoho API","params":{"dFrmDate":"07-FEB-2026","dToDate":"08-FEB-2026","publickey":"8KQvasT6UFA6SPb3MYFRNTPSX"},"timestamp":"2026-02-08T15:27:00.283Z","url":"https://www.zohoapis.in/creator/custom/rayhan/ChennaiAIrport_ItemDetails"}
{"level":"info","message":"Calling Zoho API","params":{"dFrmDate":"07-FEB-2026","dToDate":"08-FEB-2026","publickey":"RpXPkVsKEd59yuCGVh6FuWpGN"},"timestamp":"2026-02-08T15:27:00.392Z","url":"https://www.zohoapis.in/creator/custom/rayhan/ChennaiAirport_PymtDetails"}
{"level":"info","message":"Calling Zoho API","params":{"dFrmDate":"07-FEB-2026","dToDate":"08-FEB-2026","publickey":"Q8Me1rv8uJOjxGDbg1rsmsH5s"},"timestamp":"2026-02-08T15:28:00.109Z","url":"https://www.zohoapis.in/creator/custom/rayhan/ChennaiAirport_BIllDetails"}
{"level":"info","message":"Calling Zoho API","params":{"dFrmDate":"07-FEB-2026","dToDate":"08-FEB-2026","publickey":"8KQvasT6UFA6SPb3MYFRNTPSX"},"timestamp":"2026-02-08T15:28:00.289Z","url":"https://www.zohoapis.in/creator/custom/rayhan/ChennaiAIrport_ItemDetails"}
{"level":"info","message":"Calling Zoho API","params":{"dFrmDate":"07-FEB-2026","dToDate":"08-FEB-2026","publickey":"RpXPkVsKEd59yuCGVh6FuWpGN"},"timestamp":"2026-02-08T15:28:00.475Z","url":"https://www.zohoapis.in/creator/custom/rayhan/ChennaiAirport_PymtDetails"}
{"level":"info","message":"Calling Zoho API","params":{"dFrmDate":"07-FEB-2026","dToDate":"08-FEB-2026","publickey":"Q8Me1rv8uJOjxGDbg1rsmsH5s"},"timestamp":"2026-02-08T15:29:00.103Z","url":"https://www.zohoapis.in/creator/custom/rayhan/ChennaiAirport_BIllDetails"}
{"level":"info","message":"Calling Zoho API","params":{"dFrmDate":"07-FEB-2026","dToDate":"08-FEB-2026","publickey":"8KQvasT6UFA6SPb3MYFRNTPSX"},"timestamp":"2026-02-08T15:29:00.303Z","url":"https://www.zohoapis.in/creator/custom/rayhan/ChennaiAIrport_ItemDetails"}
{"level":"info","message":"Calling Zoho API","params":{"dFrmDate":"07-FEB-2026","dToDate":"08-FEB-2026","publickey":"RpXPkVsKEd59yuCGVh6FuWpGN"},"timestamp":"2026-02-08T15:29:00.468Z","url":"https://www.zohoapis.in/creator/custom/rayhan/ChennaiAirport_PymtDetails"}
{"level":"info","message":"Calling Zoho API","params":{"dFrmDate":"07-FEB-2026","dToDate":"08-FEB-2026","publickey":"Q8Me1rv8uJOjxGDbg1rsmsH5s"},"timestamp":"2026-02-08T15:30:00.109Z","url":"https://www.zohoapis.in/creator/custom/rayhan/ChennaiAirport_BIllDetails"}
{"level":"info","message":"Calling Zoho API","params":{"dFrmDate":"07-FEB-2026","dToDate":"08-FEB-2026","publickey":"8KQvasT6UFA6SPb3MYFRNTPSX"},"timestamp":"2026-02-08T15:30:00.267Z","url":"https://www.zohoapis.in/creator/custom/rayhan/ChennaiAIrport_ItemDetails"}
{"level":"info","message":"Calling Zoho API","params":{"dFrmDate":"07-FEB-2026","dToDate":"08-FEB-2026","publickey":"RpXPkVsKEd59yuCGVh6FuWpGN"},"timestamp":"2026-02-08T15:30:00.374Z","url":"https://www.zohoapis.in/creator/custom/rayhan/ChennaiAirport_PymtDetails"}
{"level":"info","message":"Calling Zoho API","params":{"dFrmDate":"07-FEB-2026","dToDate":"08-FEB-2026","publickey":"Q8Me1rv8uJOjxGDbg1rsmsH5s"},"timestamp":"2026-02-08T15:31:00.093Z","url":"https://www.zohoapis.in/creator/custom/rayhan/ChennaiAirport_BIllDetails"}
{"level":"info","message":"Calling Zoho API","params":{"dFrmDate":"07-FEB-2026","dToDate":"08-FEB-2026","publickey":"8KQvasT6UFA6SPb3MYFRNTPSX"},"timestamp":"2026-02-08T15:31:00.274Z","url":"https://www.zohoapis.in/creator/custom/rayhan/ChennaiAIrport_ItemDetails"}
{"level":"info","message":"Calling Zoho API","params":{"dFrmDate":"07-FEB-2026","dToDate":"08-FEB-2026","publickey":"RpXPkVsKEd59yuCGVh6FuWpGN"},"timestamp":"2026-02-08T15:31:00.434Z","url":"https://www.zohoapis.in/creator/custom/rayhan/ChennaiAirport_PymtDetails"}
{"level":"info","message":"Calling Zoho API","params":{"dFrmDate":"07-FEB-2026","dToDate":"08-FEB-2026","publickey":"Q8Me1rv8uJOjxGDbg1rsmsH5s"},"timestamp":"2026-02-08T15:32:00.093Z","url":"https://www.zohoapis.in/creator/custom/rayhan/ChennaiAirport_BIllDetails"}
{"level":"info","message":"Calling Zoho API","params":{"dFrmDate":"07-FEB-2026","dToDate":"08-FEB-2026","publickey":"8KQvasT6UFA6SPb3MYFRNTPSX"},"timestamp":"2026-02-08T15:32:00.269Z","url":"https://www.zohoapis.in/creator/custom/rayhan/ChennaiAIrport_ItemDetails"}
{"level":"info","message":"Calling Zoho API","params":{"dFrmDate":"07-FEB-2026","dToDate":"08-FEB-2026","publickey":"RpXPkVsKEd59yuCGVh6FuWpGN"},"timestamp":"2026-02-08T15:32:00.383Z","url":"https://www.zohoapis.in/creator/custom/rayhan/ChennaiAirport_PymtDetails"}
{"level":"info","message":"Calling Zoho API","params":{"dFrmDate":"07-FEB-2026","dToDate":"08-FEB-2026","publickey":"Q8Me1rv8uJOjxGDbg1rsmsH5s"},"timestamp":"2026-02-08T15:33:00.111Z","url":"https://www.zohoapis.in/creator/custom/rayhan/ChennaiAirport_BIllDetails"}
{"level":"info","message":"Calling Zoho API","params":{"dFrmDate":"07-FEB-2026","dToDate":"08-FEB-2026","publickey":"8KQvasT6UFA6SPb3MYFRNTPSX"},"timestamp":"2026-02-08T15:33:00.288Z","url":"https://www.zohoapis.in/creator/custom/rayhan/ChennaiAIrport_ItemDetails"}
{"level":"info","message":"Calling Zoho API","params":{"dFrmDate":"07-FEB-2026","dToDate":"08-FEB-2026","publickey":"RpXPkVsKEd59yuCGVh6FuWpGN"},"timestamp":"2026-02-08T15:33:00.429Z","url":"https://www.zohoapis.in/creator/custom/rayhan/ChennaiAirport_PymtDetails"}
