{"cronExpression":"*/5 * * * *","level":"info","message":"POS Data Collector Agent starting","syncInterval":"5 minutes","timestamp":"2025-12-27T07:38:50.216Z"}
{"cronExpression":"*/5 * * * *","level":"info","message":"Cron scheduler started","syncInterval":5,"timestamp":"2025-12-27T07:38:50.604Z"}
{"level":"info","message":"Running initial ingestion","timestamp":"2025-12-27T07:38:50.605Z"}
{"level":"info","message":"Initial ingestion completed successfully","timestamp":"2025-12-27T07:38:51.714Z"}
{"level":"info","message":"POS Data Collector Agent is running","timestamp":"2025-12-27T07:38:51.717Z"}
{"level":"info","message":"Scheduled ingestion triggered","timestamp":"2025-12-27T07:40:00.062Z"}
{"level":"info","message":"Scheduled ingestion triggered","timestamp":"2025-12-27T07:45:00.040Z"}
{"cronExpression":"*/5 * * * *","level":"info","message":"POS Data Collector Agent starting","syncInterval":"5 minutes","timestamp":"2025-12-27T07:45:24.902Z"}
{"cronExpression":"*/5 * * * *","level":"info","message":"Cron scheduler started","syncInterval":5,"timestamp":"2025-12-27T07:45:25.155Z"}
{"level":"info","message":"Running initial ingestion","timestamp":"2025-12-27T07:45:25.156Z"}
{"level":"info","message":"Initial ingestion completed successfully","timestamp":"2025-12-27T07:45:26.417Z"}
{"level":"info","message":"POS Data Collector Agent is running","timestamp":"2025-12-27T07:45:26.422Z"}
{"cronExpression":"*/5 * * * *","level":"info","message":"POS Data Collector Agent starting","syncInterval":"5 minutes","timestamp":"2025-12-27T07:45:30.143Z"}
{"cronExpression":"*/5 * * * *","level":"info","message":"Cron scheduler started","syncInterval":5,"timestamp":"2025-12-27T07:45:30.400Z"}
{"level":"info","message":"Running initial ingestion","timestamp":"2025-12-27T07:45:30.402Z"}
{"level":"info","message":"Initial ingestion completed successfully","timestamp":"2025-12-27T07:45:31.661Z"}
{"level":"info","message":"POS Data Collector Agent is running","timestamp":"2025-12-27T07:45:31.664Z"}
{"level":"info","message":"Received SIGINT, shutting down gracefully","timestamp":"2025-12-27T07:45:33.049Z"}
{"cronExpression":"*/5 * * * *","level":"info","message":"POS Data Collector Agent starting","syncInterval":"5 minutes","timestamp":"2025-12-27T07:45:41.600Z"}
{"cronExpression":"*/5 * * * *","level":"info","message":"Cron scheduler started","syncInterval":5,"timestamp":"2025-12-27T07:45:42.021Z"}
{"level":"info","message":"Running initial ingestion","timestamp":"2025-12-27T07:45:42.023Z"}
{"level":"info","message":"Initial ingestion completed successfully","timestamp":"2025-12-27T07:45:43.327Z"}
{"level":"info","message":"POS Data Collector Agent is running","timestamp":"2025-12-27T07:45:43.330Z"}
{"level":"info","message":"Scheduled ingestion triggered","timestamp":"2025-12-27T07:50:00.058Z"}
{"level":"info","message":"Scheduled ingestion triggered","timestamp":"2025-12-27T07:55:00.033Z"}
{"level":"info","message":"Scheduled ingestion triggered","timestamp":"2025-12-27T08:00:00.041Z"}
{"level":"info","message":"Scheduled ingestion triggered","timestamp":"2025-12-27T08:05:00.047Z"}
{"level":"info","message":"Scheduled ingestion triggered","timestamp":"2025-12-27T08:10:00.034Z"}
{"level":"info","message":"Scheduled ingestion triggered","timestamp":"2025-12-27T08:15:00.035Z"}
{"level":"info","message":"Scheduled ingestion triggered","timestamp":"2025-12-27T08:20:00.048Z"}
{"level":"info","message":"Received SIGINT, shutting down gracefully","timestamp":"2025-12-27T09:03:40.703Z"}
{"cronExpression":"*/5 * * * *","level":"info","message":"POS Data Collector Agent starting","syncInterval":"5 minutes","timestamp":"2025-12-27T17:59:10.952Z"}
{"cronExpression":"*/5 * * * *","level":"info","message":"Cron scheduler started","syncInterval":5,"timestamp":"2025-12-27T17:59:11.202Z"}
{"level":"info","message":"Running initial ingestion","timestamp":"2025-12-27T17:59:11.204Z"}
{"level":"info","message":"Initial ingestion completed successfully","timestamp":"2025-12-27T17:59:13.214Z"}
{"level":"info","message":"POS Data Collector Agent is running","timestamp":"2025-12-27T17:59:13.218Z"}
{"level":"info","message":"Scheduled ingestion triggered","timestamp":"2025-12-27T18:00:00.057Z"}
{"level":"info","message":"Scheduled ingestion triggered","timestamp":"2025-12-27T18:05:00.045Z"}
{"level":"info","message":"Scheduled ingestion triggered","timestamp":"2025-12-27T18:10:00.025Z"}
{"level":"info","message":"Scheduled ingestion triggered","timestamp":"2025-12-27T18:15:00.025Z"}
{"level":"info","message":"Scheduled ingestion triggered","timestamp":"2025-12-27T18:20:00.041Z"}
{"level":"info","message":"Scheduled ingestion triggered","timestamp":"2025-12-27T18:25:00.058Z"}
{"level":"info","message":"Scheduled ingestion triggered","timestamp":"2025-12-27T18:30:00.022Z"}
{"level":"info","message":"Scheduled ingestion triggered","timestamp":"2025-12-27T18:35:00.044Z"}
{"level":"info","message":"Scheduled ingestion triggered","timestamp":"2025-12-27T18:40:00.040Z"}
{"level":"info","message":"Received SIGINT, shutting down gracefully","timestamp":"2025-12-27T18:44:50.778Z"}
{"cronExpression":"*/5 * * * *","level":"info","message":"POS Data Collector Agent starting","syncInterval":"5 minutes","timestamp":"2025-12-27T18:45:08.901Z"}
{"cronExpression":"*/5 * * * *","level":"info","message":"Cron scheduler started","syncInterval":5,"timestamp":"2025-12-27T18:45:09.242Z"}
{"level":"info","message":"Running initial ingestion","timestamp":"2025-12-27T18:45:09.244Z"}
{"level":"info","message":"Initial ingestion completed successfully","timestamp":"2025-12-27T18:45:10.653Z"}
{"level":"info","message":"POS Data Collector Agent is running","timestamp":"2025-12-27T18:45:10.656Z"}
{"cronExpression":"*/5 * * * *","level":"info","message":"POS Data Collector Agent starting","syncInterval":"5 minutes","timestamp":"2025-12-27T18:48:00.681Z"}
{"cronExpression":"*/5 * * * *","level":"info","message":"Cron scheduler started","syncInterval":5,"timestamp":"2025-12-27T18:48:00.939Z"}
{"level":"info","message":"Running initial ingestion","timestamp":"2025-12-27T18:48:00.941Z"}
{"level":"info","message":"Initial ingestion completed successfully","timestamp":"2025-12-27T18:48:02.406Z"}
{"level":"info","message":"POS Data Collector Agent is running","timestamp":"2025-12-27T18:48:02.408Z"}
{"cronExpression":"*/5 * * * *","level":"info","message":"POS Data Collector Agent starting","syncInterval":"5 minutes","timestamp":"2025-12-27T18:48:07.660Z"}
{"cronExpression":"*/5 * * * *","level":"info","message":"Cron scheduler started","syncInterval":5,"timestamp":"2025-12-27T18:48:07.921Z"}
{"level":"info","message":"Running initial ingestion","timestamp":"2025-12-27T18:48:07.923Z"}
{"level":"info","message":"Initial ingestion completed successfully","timestamp":"2025-12-27T18:48:09.118Z"}
{"level":"info","message":"POS Data Collector Agent is running","timestamp":"2025-12-27T18:48:09.122Z"}
{"level":"info","message":"Received SIGINT, shutting down gracefully","timestamp":"2025-12-27T18:48:37.430Z"}
{"cronExpression":"*/5 * * * *","level":"info","message":"POS Data Collector Agent starting","syncInterval":"5 minutes","timestamp":"2025-12-27T18:48:46.241Z"}
{"cronExpression":"*/5 * * * *","level":"info","message":"Cron scheduler started","syncInterval":5,"timestamp":"2025-12-27T18:48:46.495Z"}
{"level":"info","message":"Running initial ingestion","timestamp":"2025-12-27T18:48:46.497Z"}
{"level":"info","message":"Initial ingestion completed successfully","timestamp":"2025-12-27T18:48:48.146Z"}
{"level":"info","message":"POS Data Collector Agent is running","timestamp":"2025-12-27T18:48:48.150Z"}
{"level":"info","message":"Received SIGINT, shutting down gracefully","timestamp":"2025-12-27T18:49:29.899Z"}
{"cronExpression":"*/5 * * * *","level":"info","message":"POS Data Collector Agent starting","syncInterval":"5 minutes","timestamp":"2025-12-27T19:07:09.113Z"}
{"cronExpression":"*/5 * * * *","level":"info","message":"Cron scheduler started","syncInterval":5,"timestamp":"2025-12-27T19:07:09.366Z"}
{"level":"info","message":"Running initial ingestion","timestamp":"2025-12-27T19:07:09.367Z"}
{"level":"info","message":"Initial ingestion completed successfully","timestamp":"2025-12-27T19:07:10.914Z"}
{"level":"info","message":"POS Data Collector Agent is running","timestamp":"2025-12-27T19:07:10.917Z"}
{"cronExpression":"*/5 * * * *","level":"info","message":"POS Data Collector Agent starting","syncInterval":"5 minutes","timestamp":"2025-12-27T19:09:34.595Z"}
{"cronExpression":"*/5 * * * *","level":"info","message":"Cron scheduler started","syncInterval":5,"timestamp":"2025-12-27T19:09:34.808Z"}
{"level":"info","message":"Running initial ingestion","timestamp":"2025-12-27T19:09:34.810Z"}
{"level":"info","message":"Initial ingestion completed successfully","timestamp":"2025-12-27T19:09:36.377Z"}
{"level":"info","message":"POS Data Collector Agent is running","timestamp":"2025-12-27T19:09:36.381Z"}
{"level":"info","message":"Received SIGINT, shutting down gracefully","timestamp":"2025-12-27T19:09:57.318Z"}
{"cronExpression":"*/5 * * * *","level":"info","message":"POS Data Collector Agent starting","syncInterval":"5 minutes","timestamp":"2025-12-27T19:16:59.294Z"}
{"cronExpression":"*/5 * * * *","level":"info","message":"Cron scheduler started","syncInterval":5,"timestamp":"2025-12-27T19:16:59.706Z"}
{"level":"info","message":"Running initial ingestion","timestamp":"2025-12-27T19:16:59.708Z"}
{"level":"info","message":"Initial ingestion completed successfully","timestamp":"2025-12-27T19:17:02.028Z"}
{"level":"info","message":"POS Data Collector Agent is running","timestamp":"2025-12-27T19:17:02.030Z"}
{"cronExpression":"*/5 * * * *","level":"info","message":"POS Data Collector Agent starting","syncInterval":"5 minutes","timestamp":"2025-12-27T19:18:16.100Z"}
{"cronExpression":"*/5 * * * *","level":"info","message":"Cron scheduler started","syncInterval":5,"timestamp":"2025-12-27T19:18:16.372Z"}
{"level":"info","message":"Running initial ingestion","timestamp":"2025-12-27T19:18:16.374Z"}
{"level":"info","message":"Initial ingestion completed successfully","timestamp":"2025-12-27T19:18:18.173Z"}
{"level":"info","message":"POS Data Collector Agent is running","timestamp":"2025-12-27T19:18:18.177Z"}
{"level":"info","message":"Received SIGINT, shutting down gracefully","timestamp":"2025-12-27T19:19:53.539Z"}
{"cronExpression":"*/5 * * * *","level":"info","message":"POS Data Collector Agent starting","syncInterval":"5 minutes","timestamp":"2025-12-27T19:20:01.385Z"}
{"cronExpression":"*/5 * * * *","level":"info","message":"Cron scheduler started","syncInterval":5,"timestamp":"2025-12-27T19:20:01.625Z"}
{"level":"info","message":"Running initial ingestion","timestamp":"2025-12-27T19:20:01.627Z"}
{"level":"info","message":"Initial ingestion completed successfully","timestamp":"2025-12-27T19:20:03.189Z"}
{"level":"info","message":"POS Data Collector Agent is running","timestamp":"2025-12-27T19:20:03.190Z"}
{"cronExpression":"*/5 * * * *","level":"info","message":"POS Data Collector Agent starting","syncInterval":"5 minutes","timestamp":"2025-12-27T19:22:48.048Z"}
{"cronExpression":"*/5 * * * *","level":"info","message":"Cron scheduler started","syncInterval":5,"timestamp":"2025-12-27T19:22:48.343Z"}
{"level":"info","message":"Running initial ingestion","timestamp":"2025-12-27T19:22:48.345Z"}
{"level":"info","message":"Initial ingestion completed successfully","timestamp":"2025-12-27T19:22:50.081Z"}
{"level":"info","message":"POS Data Collector Agent is running","timestamp":"2025-12-27T19:22:50.086Z"}
{"level":"info","message":"Received SIGINT, shutting down gracefully","timestamp":"2025-12-27T19:22:53.438Z"}
{"cronExpression":"*/5 * * * *","level":"info","message":"POS Data Collector Agent starting","syncInterval":"5 minutes","timestamp":"2025-12-27T19:23:19.444Z"}
{"cronExpression":"*/5 * * * *","level":"info","message":"Cron scheduler started","syncInterval":5,"timestamp":"2025-12-27T19:23:19.700Z"}
{"level":"info","message":"Running initial ingestion","timestamp":"2025-12-27T19:23:19.702Z"}
{"level":"info","message":"Initial ingestion completed successfully","timestamp":"2025-12-27T19:23:21.041Z"}
{"level":"info","message":"POS Data Collector Agent is running","timestamp":"2025-12-27T19:23:21.044Z"}
{"level":"info","message":"Scheduled ingestion triggered","timestamp":"2025-12-27T19:25:00.049Z"}
{"level":"info","message":"Received SIGINT, shutting down gracefully","timestamp":"2025-12-27T19:25:49.421Z"}
{"cronExpression":"*/5 * * * *","level":"info","message":"POS Data Collector Agent starting","syncInterval":"5 minutes","timestamp":"2025-12-27T19:26:53.660Z"}
{"cronExpression":"*/5 * * * *","level":"info","message":"Cron scheduler started","syncInterval":5,"timestamp":"2025-12-27T19:26:53.915Z"}
{"level":"info","message":"Running initial ingestion","timestamp":"2025-12-27T19:26:53.916Z"}
{"level":"info","message":"Initial ingestion completed successfully","timestamp":"2025-12-27T19:26:55.469Z"}
{"level":"info","message":"POS Data Collector Agent is running","timestamp":"2025-12-27T19:26:55.472Z"}
{"cronExpression":"*/5 * * * *","level":"info","message":"POS Data Collector Agent starting","syncInterval":"5 minutes","timestamp":"2025-12-27T19:28:56.133Z"}
{"cronExpression":"*/5 * * * *","level":"info","message":"Cron scheduler started","syncInterval":5,"timestamp":"2025-12-27T19:28:56.412Z"}
{"level":"info","message":"Running initial ingestion","timestamp":"2025-12-27T19:28:56.414Z"}
{"level":"info","message":"Initial ingestion completed successfully","timestamp":"2025-12-27T19:28:58.742Z"}
{"level":"info","message":"POS Data Collector Agent is running","timestamp":"2025-12-27T19:28:58.746Z"}
{"level":"info","message":"Scheduled ingestion triggered","timestamp":"2025-12-27T19:30:00.062Z"}
{"level":"info","message":"Received SIGINT, shutting down gracefully","timestamp":"2025-12-28T16:19:10.377Z"}
