{"cronExpression":"*/5 * * * *","level":"info","message":"POS Data Collector Agent starting","syncInterval":"5 minutes","timestamp":"2025-12-22T07:23:30.510Z"}
{"cronExpression":"*/5 * * * *","level":"info","message":"Cron scheduler started","syncInterval":5,"timestamp":"2025-12-22T07:23:30.725Z"}
{"level":"info","message":"Running initial ingestion","timestamp":"2025-12-22T07:23:30.726Z"}
{"level":"info","message":"Initial ingestion completed successfully","timestamp":"2025-12-22T07:23:32.483Z"}
{"level":"info","message":"POS Data Collector Agent is running","timestamp":"2025-12-22T07:23:32.484Z"}
{"cronExpression":"*/5 * * * *","level":"info","message":"POS Data Collector Agent starting","syncInterval":"5 minutes","timestamp":"2025-12-22T07:23:35.159Z"}
{"cronExpression":"*/5 * * * *","level":"info","message":"Cron scheduler started","syncInterval":5,"timestamp":"2025-12-22T07:23:35.263Z"}
{"level":"info","message":"Running initial ingestion","timestamp":"2025-12-22T07:23:35.264Z"}
{"level":"info","message":"Initial ingestion completed successfully","timestamp":"2025-12-22T07:23:36.469Z"}
{"level":"info","message":"POS Data Collector Agent is running","timestamp":"2025-12-22T07:23:36.470Z"}
{"level":"info","message":"Received SIGINT, shutting down gracefully","timestamp":"2025-12-22T07:23:42.989Z"}
{"cronExpression":"*/5 * * * *","level":"info","message":"POS Data Collector Agent starting","syncInterval":"5 minutes","timestamp":"2025-12-22T07:27:07.410Z"}
{"cronExpression":"*/5 * * * *","level":"info","message":"Cron scheduler started","syncInterval":5,"timestamp":"2025-12-22T07:27:07.517Z"}
{"level":"info","message":"Running initial ingestion","timestamp":"2025-12-22T07:27:07.518Z"}
{"level":"info","message":"Initial ingestion completed successfully","timestamp":"2025-12-22T07:27:08.617Z"}
{"level":"info","message":"POS Data Collector Agent is running","timestamp":"2025-12-22T07:27:08.619Z"}
{"level":"info","message":"Scheduled ingestion triggered","timestamp":"2025-12-22T07:30:00.018Z"}
{"cronExpression":"*/5 * * * *","level":"info","message":"POS Data Collector Agent starting","syncInterval":"5 minutes","timestamp":"2025-12-22T07:30:48.696Z"}
{"cronExpression":"*/5 * * * *","level":"info","message":"Cron scheduler started","syncInterval":5,"timestamp":"2025-12-22T07:30:48.804Z"}
{"level":"info","message":"Running initial ingestion","timestamp":"2025-12-22T07:30:48.805Z"}
{"level":"info","message":"Initial ingestion completed successfully","timestamp":"2025-12-22T07:30:50.055Z"}
{"level":"info","message":"POS Data Collector Agent is running","timestamp":"2025-12-22T07:30:50.056Z"}
{"level":"info","message":"Received SIGINT, shutting down gracefully","timestamp":"2025-12-22T07:30:52.887Z"}
{"cronExpression":"*/5 * * * *","level":"info","message":"POS Data Collector Agent starting","syncInterval":"5 minutes","timestamp":"2025-12-22T07:31:01.358Z"}
{"cronExpression":"*/5 * * * *","level":"info","message":"Cron scheduler started","syncInterval":5,"timestamp":"2025-12-22T07:31:01.586Z"}
{"level":"info","message":"Running initial ingestion","timestamp":"2025-12-22T07:31:01.588Z"}
{"level":"info","message":"Initial ingestion completed successfully","timestamp":"2025-12-22T07:31:02.723Z"}
{"level":"info","message":"POS Data Collector Agent is running","timestamp":"2025-12-22T07:31:02.724Z"}
{"cronExpression":"*/5 * * * *","level":"info","message":"POS Data Collector Agent starting","syncInterval":"5 minutes","timestamp":"2025-12-22T07:32:34.228Z"}
{"cronExpression":"*/5 * * * *","level":"info","message":"Cron scheduler started","syncInterval":5,"timestamp":"2025-12-22T07:32:34.335Z"}
{"level":"info","message":"Running initial ingestion","timestamp":"2025-12-22T07:32:34.336Z"}
{"level":"info","message":"Initial ingestion completed successfully","timestamp":"2025-12-22T07:32:35.564Z"}
{"level":"info","message":"POS Data Collector Agent is running","timestamp":"2025-12-22T07:32:35.565Z"}
{"level":"info","message":"Received SIGINT, shutting down gracefully","timestamp":"2025-12-22T07:32:46.583Z"}
{"cronExpression":"*/5 * * * *","level":"info","message":"POS Data Collector Agent starting","syncInterval":"5 minutes","timestamp":"2025-12-22T07:32:51.706Z"}
{"cronExpression":"*/5 * * * *","level":"info","message":"Cron scheduler started","syncInterval":5,"timestamp":"2025-12-22T07:32:51.944Z"}
{"level":"info","message":"Running initial ingestion","timestamp":"2025-12-22T07:32:51.945Z"}
{"level":"info","message":"Initial ingestion completed successfully","timestamp":"2025-12-22T07:32:53.175Z"}
{"level":"info","message":"POS Data Collector Agent is running","timestamp":"2025-12-22T07:32:53.176Z"}
{"cronExpression":"*/5 * * * *","level":"info","message":"POS Data Collector Agent starting","syncInterval":"5 minutes","timestamp":"2025-12-22T07:33:04.486Z"}
{"cronExpression":"*/5 * * * *","level":"info","message":"Cron scheduler started","syncInterval":5,"timestamp":"2025-12-22T07:33:04.586Z"}
{"level":"info","message":"Running initial ingestion","timestamp":"2025-12-22T07:33:04.588Z"}
{"level":"info","message":"Initial ingestion completed successfully","timestamp":"2025-12-22T07:33:05.812Z"}
{"level":"info","message":"POS Data Collector Agent is running","timestamp":"2025-12-22T07:33:05.813Z"}
{"cronExpression":"*/5 * * * *","level":"info","message":"POS Data Collector Agent starting","syncInterval":"5 minutes","timestamp":"2025-12-22T07:33:44.332Z"}
{"cronExpression":"*/5 * * * *","level":"info","message":"Cron scheduler started","syncInterval":5,"timestamp":"2025-12-22T07:33:44.445Z"}
{"level":"info","message":"Running initial ingestion","timestamp":"2025-12-22T07:33:44.446Z"}
{"level":"info","message":"Initial ingestion completed successfully","timestamp":"2025-12-22T07:33:45.751Z"}
{"level":"info","message":"POS Data Collector Agent is running","timestamp":"2025-12-22T07:33:45.752Z"}
{"level":"info","message":"Received SIGINT, shutting down gracefully","timestamp":"2025-12-22T07:33:45.815Z"}
{"cronExpression":"*/5 * * * *","level":"info","message":"POS Data Collector Agent starting","syncInterval":"5 minutes","timestamp":"2025-12-22T07:33:51.384Z"}
{"cronExpression":"*/5 * * * *","level":"info","message":"Cron scheduler started","syncInterval":5,"timestamp":"2025-12-22T07:33:51.487Z"}
{"level":"info","message":"Running initial ingestion","timestamp":"2025-12-22T07:33:51.488Z"}
{"level":"info","message":"Initial ingestion completed successfully","timestamp":"2025-12-22T07:33:52.882Z"}
{"level":"info","message":"POS Data Collector Agent is running","timestamp":"2025-12-22T07:33:52.884Z"}
{"level":"info","message":"Scheduled ingestion triggered","timestamp":"2025-12-22T07:35:00.028Z"}
{"level":"info","message":"Scheduled ingestion triggered","timestamp":"2025-12-22T07:40:00.019Z"}
{"level":"info","message":"Scheduled ingestion triggered","timestamp":"2025-12-22T07:45:00.031Z"}
{"level":"info","message":"Scheduled ingestion triggered","timestamp":"2025-12-22T07:50:00.025Z"}
{"level":"info","message":"Scheduled ingestion triggered","timestamp":"2025-12-22T07:55:00.040Z"}
{"level":"info","message":"Scheduled ingestion triggered","timestamp":"2025-12-22T09:25:00.019Z"}
{"cronExpression":"*/5 * * * *","level":"info","message":"POS Data Collector Agent starting","syncInterval":"5 minutes","timestamp":"2025-12-22T09:29:00.571Z"}
{"cronExpression":"*/5 * * * *","level":"info","message":"Cron scheduler started","syncInterval":5,"timestamp":"2025-12-22T09:29:00.682Z"}
{"level":"info","message":"Running initial ingestion","timestamp":"2025-12-22T09:29:00.683Z"}
{"level":"info","message":"Initial ingestion completed successfully","timestamp":"2025-12-22T09:29:01.839Z"}
{"level":"info","message":"POS Data Collector Agent is running","timestamp":"2025-12-22T09:29:01.840Z"}
{"level":"info","message":"Received SIGINT, shutting down gracefully","timestamp":"2025-12-22T09:29:03.919Z"}
{"cronExpression":"*/5 * * * *","level":"info","message":"POS Data Collector Agent starting","syncInterval":"5 minutes","timestamp":"2025-12-22T09:29:11.267Z"}
{"cronExpression":"*/5 * * * *","level":"info","message":"Cron scheduler started","syncInterval":5,"timestamp":"2025-12-22T09:29:11.509Z"}
{"level":"info","message":"Running initial ingestion","timestamp":"2025-12-22T09:29:11.510Z"}
{"level":"info","message":"Initial ingestion completed successfully","timestamp":"2025-12-22T09:29:12.680Z"}
{"level":"info","message":"POS Data Collector Agent is running","timestamp":"2025-12-22T09:29:12.681Z"}
{"level":"info","message":"Scheduled ingestion triggered","timestamp":"2025-12-22T09:30:00.041Z"}
{"level":"info","message":"Received SIGINT, shutting down gracefully","timestamp":"2025-12-22T09:30:00.711Z"}
{"cronExpression":"*/5 * * * *","level":"info","message":"POS Data Collector Agent starting","syncInterval":"5 minutes","timestamp":"2025-12-22T09:30:12.153Z"}
{"cronExpression":"*/5 * * * *","level":"info","message":"Cron scheduler started","syncInterval":5,"timestamp":"2025-12-22T09:30:12.262Z"}
{"level":"info","message":"Running initial ingestion","timestamp":"2025-12-22T09:30:12.263Z"}
{"level":"info","message":"Initial ingestion completed successfully","timestamp":"2025-12-22T09:30:13.307Z"}
{"level":"info","message":"POS Data Collector Agent is running","timestamp":"2025-12-22T09:30:13.308Z"}
{"level":"info","message":"Received SIGINT, shutting down gracefully","timestamp":"2025-12-22T09:30:53.315Z"}
{"cronExpression":"*/5 * * * *","level":"info","message":"POS Data Collector Agent starting","syncInterval":"5 minutes","timestamp":"2025-12-22T09:31:50.086Z"}
{"cronExpression":"*/5 * * * *","level":"info","message":"Cron scheduler started","syncInterval":5,"timestamp":"2025-12-22T09:31:50.199Z"}
{"level":"info","message":"Running initial ingestion","timestamp":"2025-12-22T09:31:50.200Z"}
{"level":"info","message":"Initial ingestion completed successfully","timestamp":"2025-12-22T09:31:51.533Z"}
{"level":"info","message":"POS Data Collector Agent is running","timestamp":"2025-12-22T09:31:51.535Z"}
{"level":"info","message":"Received SIGINT, shutting down gracefully","timestamp":"2025-12-22T09:33:09.067Z"}
{"cronExpression":"*/5 * * * *","level":"info","message":"POS Data Collector Agent starting","syncInterval":"5 minutes","timestamp":"2025-12-22T09:33:17.048Z"}
{"cronExpression":"*/5 * * * *","level":"info","message":"Cron scheduler started","syncInterval":5,"timestamp":"2025-12-22T09:33:17.154Z"}
{"level":"info","message":"Running initial ingestion","timestamp":"2025-12-22T09:33:17.155Z"}
{"level":"info","message":"Initial ingestion completed successfully","timestamp":"2025-12-22T09:33:18.201Z"}
{"level":"info","message":"POS Data Collector Agent is running","timestamp":"2025-12-22T09:33:18.203Z"}
{"level":"info","message":"Scheduled ingestion triggered","timestamp":"2025-12-22T09:35:00.028Z"}
{"cronExpression":"*/5 * * * *","level":"info","message":"POS Data Collector Agent starting","syncInterval":"5 minutes","timestamp":"2025-12-22T09:36:01.896Z"}
{"cronExpression":"*/5 * * * *","level":"info","message":"Cron scheduler started","syncInterval":5,"timestamp":"2025-12-22T09:36:01.998Z"}
{"level":"info","message":"Running initial ingestion","timestamp":"2025-12-22T09:36:01.999Z"}
{"level":"info","message":"Initial ingestion completed successfully","timestamp":"2025-12-22T09:36:03.142Z"}
{"level":"info","message":"POS Data Collector Agent is running","timestamp":"2025-12-22T09:36:03.143Z"}
{"level":"info","message":"Received SIGINT, shutting down gracefully","timestamp":"2025-12-22T09:36:18.837Z"}
{"cronExpression":"*/5 * * * *","level":"info","message":"POS Data Collector Agent starting","syncInterval":"5 minutes","timestamp":"2025-12-22T09:36:26.426Z"}
{"cronExpression":"*/5 * * * *","level":"info","message":"Cron scheduler started","syncInterval":5,"timestamp":"2025-12-22T09:36:26.532Z"}
{"level":"info","message":"Running initial ingestion","timestamp":"2025-12-22T09:36:26.533Z"}
{"level":"info","message":"Initial ingestion completed successfully","timestamp":"2025-12-22T09:36:27.576Z"}
{"level":"info","message":"POS Data Collector Agent is running","timestamp":"2025-12-22T09:36:27.578Z"}
{"cronExpression":"*/5 * * * *","level":"info","message":"POS Data Collector Agent starting","syncInterval":"5 minutes","timestamp":"2025-12-22T09:39:16.136Z"}
{"cronExpression":"*/5 * * * *","level":"info","message":"Cron scheduler started","syncInterval":5,"timestamp":"2025-12-22T09:39:16.365Z"}
{"level":"info","message":"Running initial ingestion","timestamp":"2025-12-22T09:39:16.366Z"}
{"level":"info","message":"Initial ingestion completed successfully","timestamp":"2025-12-22T09:39:17.563Z"}
{"level":"info","message":"POS Data Collector Agent is running","timestamp":"2025-12-22T09:39:17.564Z"}
{"level":"info","message":"Received SIGINT, shutting down gracefully","timestamp":"2025-12-22T09:39:21.887Z"}
{"cronExpression":"*/5 * * * *","level":"info","message":"POS Data Collector Agent starting","syncInterval":"5 minutes","timestamp":"2025-12-22T09:39:42.142Z"}
{"cronExpression":"*/5 * * * *","level":"info","message":"Cron scheduler started","syncInterval":5,"timestamp":"2025-12-22T09:39:42.244Z"}
{"level":"info","message":"Running initial ingestion","timestamp":"2025-12-22T09:39:42.245Z"}
{"level":"info","message":"Initial ingestion completed successfully","timestamp":"2025-12-22T09:39:43.495Z"}
{"level":"info","message":"POS Data Collector Agent is running","timestamp":"2025-12-22T09:39:43.496Z"}
{"level":"info","message":"Scheduled ingestion triggered","timestamp":"2025-12-22T09:40:00.027Z"}
{"cronExpression":"*/5 * * * *","level":"info","message":"POS Data Collector Agent starting","syncInterval":"5 minutes","timestamp":"2025-12-22T09:40:30.304Z"}
{"cronExpression":"*/5 * * * *","level":"info","message":"Cron scheduler started","syncInterval":5,"timestamp":"2025-12-22T09:40:30.410Z"}
{"level":"info","message":"Running initial ingestion","timestamp":"2025-12-22T09:40:30.411Z"}
{"level":"info","message":"Initial ingestion completed successfully","timestamp":"2025-12-22T09:40:31.723Z"}
{"level":"info","message":"POS Data Collector Agent is running","timestamp":"2025-12-22T09:40:31.724Z"}
{"level":"info","message":"Received SIGINT, shutting down gracefully","timestamp":"2025-12-22T09:40:49.527Z"}
{"cronExpression":"*/5 * * * *","level":"info","message":"POS Data Collector Agent starting","syncInterval":"5 minutes","timestamp":"2025-12-22T09:40:58.939Z"}
{"cronExpression":"*/5 * * * *","level":"info","message":"Cron scheduler started","syncInterval":5,"timestamp":"2025-12-22T09:40:59.208Z"}
{"level":"info","message":"Running initial ingestion","timestamp":"2025-12-22T09:40:59.209Z"}
{"level":"info","message":"Initial ingestion completed successfully","timestamp":"2025-12-22T09:41:00.401Z"}
{"level":"info","message":"POS Data Collector Agent is running","timestamp":"2025-12-22T09:41:00.402Z"}
{"level":"info","message":"Received SIGINT, shutting down gracefully","timestamp":"2025-12-22T09:43:42.894Z"}
{"cronExpression":"*/5 * * * *","level":"info","message":"POS Data Collector Agent starting","syncInterval":"5 minutes","timestamp":"2025-12-22T09:48:58.379Z"}
{"cronExpression":"*/5 * * * *","level":"info","message":"Cron scheduler started","syncInterval":5,"timestamp":"2025-12-22T09:48:58.489Z"}
{"level":"info","message":"Running initial ingestion","timestamp":"2025-12-22T09:48:58.490Z"}
{"level":"info","message":"Initial ingestion completed successfully","timestamp":"2025-12-22T09:48:59.838Z"}
{"level":"info","message":"POS Data Collector Agent is running","timestamp":"2025-12-22T09:48:59.839Z"}
{"level":"info","message":"Scheduled ingestion triggered","timestamp":"2025-12-22T09:50:00.040Z"}
{"level":"info","message":"Received SIGINT, shutting down gracefully","timestamp":"2025-12-22T09:52:11.521Z"}
{"cronExpression":"*/5 * * * *","level":"info","message":"POS Data Collector Agent starting","syncInterval":"5 minutes","timestamp":"2025-12-22T10:17:30.350Z"}
{"cronExpression":"*/5 * * * *","level":"info","message":"POS Data Collector Agent starting","syncInterval":"5 minutes","timestamp":"2025-12-22T10:17:31.923Z"}
{"cronExpression":"*/5 * * * *","level":"info","message":"Cron scheduler started","syncInterval":5,"timestamp":"2025-12-22T10:17:32.179Z"}
{"level":"info","message":"Running initial ingestion","timestamp":"2025-12-22T10:17:32.181Z"}
{"level":"info","message":"Initial ingestion completed successfully","timestamp":"2025-12-22T10:17:34.405Z"}
{"level":"info","message":"POS Data Collector Agent is running","timestamp":"2025-12-22T10:17:34.409Z"}
{"level":"info","message":"Scheduled ingestion triggered","timestamp":"2025-12-22T10:20:00.041Z"}
{"level":"info","message":"Scheduled ingestion triggered","timestamp":"2025-12-22T10:25:00.051Z"}
{"cronExpression":"*/5 * * * *","level":"info","message":"POS Data Collector Agent starting","syncInterval":"5 minutes","timestamp":"2025-12-22T10:29:33.252Z"}
{"cronExpression":"*/5 * * * *","level":"info","message":"Cron scheduler started","syncInterval":5,"timestamp":"2025-12-22T10:29:33.577Z"}
{"level":"info","message":"Running initial ingestion","timestamp":"2025-12-22T10:29:33.578Z"}
{"level":"info","message":"Received SIGINT, shutting down gracefully","timestamp":"2025-12-22T10:29:33.824Z"}
{"cronExpression":"*/5 * * * *","level":"info","message":"POS Data Collector Agent starting","syncInterval":"5 minutes","timestamp":"2025-12-22T10:29:50.188Z"}
{"cronExpression":"*/5 * * * *","level":"info","message":"Cron scheduler started","syncInterval":5,"timestamp":"2025-12-22T10:29:50.505Z"}
{"level":"info","message":"Running initial ingestion","timestamp":"2025-12-22T10:29:50.507Z"}
{"level":"info","message":"Initial ingestion completed successfully","timestamp":"2025-12-22T10:29:51.889Z"}
{"level":"info","message":"POS Data Collector Agent is running","timestamp":"2025-12-22T10:29:51.892Z"}
{"level":"info","message":"Scheduled ingestion triggered","timestamp":"2025-12-22T10:30:00.050Z"}
{"cronExpression":"*/5 * * * *","level":"info","message":"POS Data Collector Agent starting","syncInterval":"5 minutes","timestamp":"2025-12-22T10:31:28.171Z"}
{"cronExpression":"*/5 * * * *","level":"info","message":"Cron scheduler started","syncInterval":5,"timestamp":"2025-12-22T10:31:28.443Z"}
{"level":"info","message":"Running initial ingestion","timestamp":"2025-12-22T10:31:28.445Z"}
{"level":"info","message":"Initial ingestion completed successfully","timestamp":"2025-12-22T10:31:29.482Z"}
{"level":"info","message":"POS Data Collector Agent is running","timestamp":"2025-12-22T10:31:29.485Z"}
{"level":"info","message":"Received SIGINT, shutting down gracefully","timestamp":"2025-12-22T10:31:40.572Z"}
{"cronExpression":"*/5 * * * *","level":"info","message":"POS Data Collector Agent starting","syncInterval":"5 minutes","timestamp":"2025-12-22T10:31:50.349Z"}
{"cronExpression":"*/5 * * * *","level":"info","message":"Cron scheduler started","syncInterval":5,"timestamp":"2025-12-22T10:31:50.610Z"}
{"level":"info","message":"Running initial ingestion","timestamp":"2025-12-22T10:31:50.611Z"}
{"level":"info","message":"Initial ingestion completed successfully","timestamp":"2025-12-22T10:31:51.666Z"}
{"level":"info","message":"POS Data Collector Agent is running","timestamp":"2025-12-22T10:31:51.670Z"}
{"level":"info","message":"Received SIGINT, shutting down gracefully","timestamp":"2025-12-22T10:33:23.028Z"}
{"cronExpression":"*/5 * * * *","level":"info","message":"POS Data Collector Agent starting","syncInterval":"5 minutes","timestamp":"2025-12-22T10:33:31.704Z"}
{"cronExpression":"*/5 * * * *","level":"info","message":"Cron scheduler started","syncInterval":5,"timestamp":"2025-12-22T10:33:32.081Z"}
{"level":"info","message":"Running initial ingestion","timestamp":"2025-12-22T10:33:32.082Z"}
{"level":"info","message":"Initial ingestion completed successfully","timestamp":"2025-12-22T10:33:33.448Z"}
{"level":"info","message":"POS Data Collector Agent is running","timestamp":"2025-12-22T10:33:33.450Z"}
{"level":"info","message":"Scheduled ingestion triggered","timestamp":"2025-12-22T10:35:00.031Z"}
{"level":"info","message":"Received SIGINT, shutting down gracefully","timestamp":"2025-12-22T10:36:27.685Z"}
{"cronExpression":"*/5 * * * *","level":"info","message":"POS Data Collector Agent starting","syncInterval":"5 minutes","timestamp":"2025-12-22T11:07:12.868Z"}
{"cronExpression":"*/5 * * * *","level":"info","message":"Cron scheduler started","syncInterval":5,"timestamp":"2025-12-22T11:07:13.108Z"}
{"level":"info","message":"Running initial ingestion","timestamp":"2025-12-22T11:07:13.110Z"}
{"level":"info","message":"Initial ingestion completed successfully","timestamp":"2025-12-22T11:07:15.254Z"}
{"level":"info","message":"POS Data Collector Agent is running","timestamp":"2025-12-22T11:07:15.256Z"}
{"level":"info","message":"Scheduled ingestion triggered","timestamp":"2025-12-22T11:10:00.051Z"}
{"level":"info","message":"Received SIGINT, shutting down gracefully","timestamp":"2025-12-22T11:14:24.383Z"}
{"cronExpression":"*/5 * * * *","level":"info","message":"POS Data Collector Agent starting","syncInterval":"5 minutes","timestamp":"2025-12-22T11:24:43.115Z"}
{"cronExpression":"*/5 * * * *","level":"info","message":"Cron scheduler started","syncInterval":5,"timestamp":"2025-12-22T11:24:43.354Z"}
{"level":"info","message":"Running initial ingestion","timestamp":"2025-12-22T11:24:43.356Z"}
{"level":"info","message":"Initial ingestion completed successfully","timestamp":"2025-12-22T11:24:44.734Z"}
{"level":"info","message":"POS Data Collector Agent is running","timestamp":"2025-12-22T11:24:44.739Z"}
{"cronExpression":"*/5 * * * *","level":"info","message":"POS Data Collector Agent starting","syncInterval":"5 minutes","timestamp":"2025-12-22T11:24:56.122Z"}
{"cronExpression":"*/5 * * * *","level":"info","message":"Cron scheduler started","syncInterval":5,"timestamp":"2025-12-22T11:24:56.368Z"}
{"level":"info","message":"Running initial ingestion","timestamp":"2025-12-22T11:24:56.370Z"}
{"level":"info","message":"Initial ingestion completed successfully","timestamp":"2025-12-22T11:24:57.640Z"}
{"level":"info","message":"POS Data Collector Agent is running","timestamp":"2025-12-22T11:24:57.644Z"}
{"level":"info","message":"Scheduled ingestion triggered","timestamp":"2025-12-22T11:25:00.046Z"}
{"cronExpression":"*/5 * * * *","level":"info","message":"POS Data Collector Agent starting","syncInterval":"5 minutes","timestamp":"2025-12-22T11:25:29.564Z"}
{"cronExpression":"*/5 * * * *","level":"info","message":"Cron scheduler started","syncInterval":5,"timestamp":"2025-12-22T11:25:29.828Z"}
{"level":"info","message":"Running initial ingestion","timestamp":"2025-12-22T11:25:29.829Z"}
{"level":"info","message":"Initial ingestion completed successfully","timestamp":"2025-12-22T11:25:30.805Z"}
{"level":"info","message":"POS Data Collector Agent is running","timestamp":"2025-12-22T11:25:30.809Z"}
{"level":"info","message":"Received SIGINT, shutting down gracefully","timestamp":"2025-12-22T11:25:32.938Z"}
{"cronExpression":"*/5 * * * *","level":"info","message":"POS Data Collector Agent starting","syncInterval":"5 minutes","timestamp":"2025-12-22T11:25:41.176Z"}
{"cronExpression":"*/5 * * * *","level":"info","message":"Cron scheduler started","syncInterval":5,"timestamp":"2025-12-22T11:25:41.562Z"}
{"level":"info","message":"Running initial ingestion","timestamp":"2025-12-22T11:25:41.564Z"}
{"level":"info","message":"Initial ingestion completed successfully","timestamp":"2025-12-22T11:25:42.681Z"}
{"level":"info","message":"POS Data Collector Agent is running","timestamp":"2025-12-22T11:25:42.685Z"}
{"level":"info","message":"Received SIGINT, shutting down gracefully","timestamp":"2025-12-22T11:27:40.089Z"}
{"cronExpression":"*/5 * * * *","level":"info","message":"POS Data Collector Agent starting","syncInterval":"5 minutes","timestamp":"2025-12-22T11:27:48.928Z"}
{"cronExpression":"*/5 * * * *","level":"info","message":"Cron scheduler started","syncInterval":5,"timestamp":"2025-12-22T11:27:49.191Z"}
{"level":"info","message":"Running initial ingestion","timestamp":"2025-12-22T11:27:49.192Z"}
{"level":"info","message":"Initial ingestion completed successfully","timestamp":"2025-12-22T11:27:50.561Z"}
{"level":"info","message":"POS Data Collector Agent is running","timestamp":"2025-12-22T11:27:50.564Z"}
{"level":"info","message":"Received SIGINT, shutting down gracefully","timestamp":"2025-12-22T11:29:25.469Z"}
{"cronExpression":"*/5 * * * *","level":"info","message":"POS Data Collector Agent starting","syncInterval":"5 minutes","timestamp":"2025-12-22T11:29:54.337Z"}
{"cronExpression":"*/5 * * * *","level":"info","message":"Cron scheduler started","syncInterval":5,"timestamp":"2025-12-22T11:29:54.611Z"}
{"level":"info","message":"Running initial ingestion","timestamp":"2025-12-22T11:29:54.612Z"}
{"level":"info","message":"Initial ingestion completed successfully","timestamp":"2025-12-22T11:29:55.811Z"}
{"level":"info","message":"POS Data Collector Agent is running","timestamp":"2025-12-22T11:29:55.815Z"}
{"level":"info","message":"Scheduled ingestion triggered","timestamp":"2025-12-22T11:30:00.035Z"}
{"level":"info","message":"Received SIGINT, shutting down gracefully","timestamp":"2025-12-22T11:31:33.979Z"}
{"cronExpression":"*/5 * * * *","level":"info","message":"POS Data Collector Agent starting","syncInterval":"5 minutes","timestamp":"2025-12-22T11:31:40.246Z"}
{"cronExpression":"*/5 * * * *","level":"info","message":"Cron scheduler started","syncInterval":5,"timestamp":"2025-12-22T11:31:40.721Z"}
{"level":"info","message":"Running initial ingestion","timestamp":"2025-12-22T11:31:40.725Z"}
{"level":"info","message":"Initial ingestion completed successfully","timestamp":"2025-12-22T11:31:42.013Z"}
{"level":"info","message":"POS Data Collector Agent is running","timestamp":"2025-12-22T11:31:42.018Z"}
{"level":"info","message":"Received SIGINT, shutting down gracefully","timestamp":"2025-12-22T11:32:20.475Z"}
{"cronExpression":"*/5 * * * *","level":"info","message":"POS Data Collector Agent starting","syncInterval":"5 minutes","timestamp":"2025-12-22T11:32:28.725Z"}
{"cronExpression":"*/5 * * * *","level":"info","message":"Cron scheduler started","syncInterval":5,"timestamp":"2025-12-22T11:32:28.978Z"}
{"level":"info","message":"Running initial ingestion","timestamp":"2025-12-22T11:32:28.979Z"}
{"level":"info","message":"Initial ingestion completed successfully","timestamp":"2025-12-22T11:32:30.248Z"}
{"level":"info","message":"POS Data Collector Agent is running","timestamp":"2025-12-22T11:32:30.252Z"}
{"level":"info","message":"Scheduled ingestion triggered","timestamp":"2025-12-22T11:35:00.066Z"}
{"level":"info","message":"Scheduled ingestion triggered","timestamp":"2025-12-22T11:40:00.047Z"}
{"level":"info","message":"Received SIGINT, shutting down gracefully","timestamp":"2025-12-22T11:42:59.994Z"}
{"cronExpression":"*/5 * * * *","level":"info","message":"POS Data Collector Agent starting","syncInterval":"5 minutes","timestamp":"2025-12-22T11:46:54.056Z"}
{"cronExpression":"*/5 * * * *","level":"info","message":"Cron scheduler started","syncInterval":5,"timestamp":"2025-12-22T11:46:54.307Z"}
{"level":"info","message":"Running initial ingestion","timestamp":"2025-12-22T11:46:54.308Z"}
{"level":"info","message":"Initial ingestion completed successfully","timestamp":"2025-12-22T11:46:55.623Z"}
{"level":"info","message":"POS Data Collector Agent is running","timestamp":"2025-12-22T11:46:55.627Z"}
{"cronExpression":"*/5 * * * *","level":"info","message":"POS Data Collector Agent starting","syncInterval":"5 minutes","timestamp":"2025-12-22T11:48:21.937Z"}
{"cronExpression":"*/5 * * * *","level":"info","message":"Cron scheduler started","syncInterval":5,"timestamp":"2025-12-22T11:48:22.268Z"}
{"level":"info","message":"Running initial ingestion","timestamp":"2025-12-22T11:48:22.270Z"}
{"level":"info","message":"Initial ingestion completed successfully","timestamp":"2025-12-22T11:48:23.805Z"}
{"level":"info","message":"POS Data Collector Agent is running","timestamp":"2025-12-22T11:48:23.809Z"}
{"cronExpression":"*/5 * * * *","level":"info","message":"POS Data Collector Agent starting","syncInterval":"5 minutes","timestamp":"2025-12-22T11:48:42.468Z"}
{"cronExpression":"*/5 * * * *","level":"info","message":"Cron scheduler started","syncInterval":5,"timestamp":"2025-12-22T11:48:42.733Z"}
{"level":"info","message":"Running initial ingestion","timestamp":"2025-12-22T11:48:42.734Z"}
{"level":"info","message":"Initial ingestion completed successfully","timestamp":"2025-12-22T11:48:44.433Z"}
{"level":"info","message":"POS Data Collector Agent is running","timestamp":"2025-12-22T11:48:44.435Z"}
{"level":"info","message":"Scheduled ingestion triggered","timestamp":"2025-12-22T11:50:00.078Z"}
{"level":"info","message":"Received SIGINT, shutting down gracefully","timestamp":"2025-12-22T11:51:29.257Z"}
{"cronExpression":"*/5 * * * *","level":"info","message":"POS Data Collector Agent starting","syncInterval":"5 minutes","timestamp":"2025-12-22T11:56:17.075Z"}
{"cronExpression":"*/5 * * * *","level":"info","message":"Cron scheduler started","syncInterval":5,"timestamp":"2025-12-22T11:56:17.430Z"}
{"level":"info","message":"Running initial ingestion","timestamp":"2025-12-22T11:56:17.432Z"}
{"level":"info","message":"Initial ingestion completed successfully","timestamp":"2025-12-22T11:56:19.921Z"}
{"level":"info","message":"POS Data Collector Agent is running","timestamp":"2025-12-22T11:56:19.925Z"}
{"cronExpression":"*/5 * * * *","level":"info","message":"POS Data Collector Agent starting","syncInterval":"5 minutes","timestamp":"2025-12-22T11:57:47.803Z"}
{"cronExpression":"*/5 * * * *","level":"info","message":"Cron scheduler started","syncInterval":5,"timestamp":"2025-12-22T11:57:48.020Z"}
{"level":"info","message":"Running initial ingestion","timestamp":"2025-12-22T11:57:48.021Z"}
{"level":"info","message":"Initial ingestion completed successfully","timestamp":"2025-12-22T11:57:49.174Z"}
{"level":"info","message":"POS Data Collector Agent is running","timestamp":"2025-12-22T11:57:49.177Z"}
{"level":"info","message":"Scheduled ingestion triggered","timestamp":"2025-12-22T12:00:00.044Z"}
{"level":"info","message":"Scheduled ingestion triggered","timestamp":"2025-12-22T12:05:00.037Z"}
{"level":"info","message":"Scheduled ingestion triggered","timestamp":"2025-12-22T12:10:00.042Z"}
{"cronExpression":"*/5 * * * *","level":"info","message":"POS Data Collector Agent starting","syncInterval":"5 minutes","timestamp":"2025-12-22T12:31:19.636Z"}
{"cronExpression":"*/5 * * * *","level":"info","message":"Cron scheduler started","syncInterval":5,"timestamp":"2025-12-22T12:31:19.914Z"}
{"level":"info","message":"Running initial ingestion","timestamp":"2025-12-22T12:31:19.916Z"}
{"level":"info","message":"Initial ingestion completed successfully","timestamp":"2025-12-22T12:31:21.121Z"}
{"level":"info","message":"POS Data Collector Agent is running","timestamp":"2025-12-22T12:31:21.126Z"}
{"level":"info","message":"Received SIGINT, shutting down gracefully","timestamp":"2025-12-22T12:31:22.268Z"}
{"cronExpression":"*/5 * * * *","level":"info","message":"POS Data Collector Agent starting","syncInterval":"5 minutes","timestamp":"2025-12-22T12:31:33.022Z"}
{"cronExpression":"*/5 * * * *","level":"info","message":"Cron scheduler started","syncInterval":5,"timestamp":"2025-12-22T12:31:33.214Z"}
{"level":"info","message":"Running initial ingestion","timestamp":"2025-12-22T12:31:33.216Z"}
{"level":"info","message":"Initial ingestion completed successfully","timestamp":"2025-12-22T12:31:34.283Z"}
{"level":"info","message":"POS Data Collector Agent is running","timestamp":"2025-12-22T12:31:34.285Z"}
{"level":"info","message":"Scheduled ingestion triggered","timestamp":"2025-12-22T12:35:00.050Z"}
{"cronExpression":"*/5 * * * *","level":"info","message":"POS Data Collector Agent starting","syncInterval":"5 minutes","timestamp":"2025-12-22T12:37:11.952Z"}
{"cronExpression":"*/5 * * * *","level":"info","message":"Cron scheduler started","syncInterval":5,"timestamp":"2025-12-22T12:37:12.303Z"}
{"level":"info","message":"Running initial ingestion","timestamp":"2025-12-22T12:37:12.304Z"}
{"level":"info","message":"Initial ingestion completed successfully","timestamp":"2025-12-22T12:37:13.459Z"}
{"level":"info","message":"POS Data Collector Agent is running","timestamp":"2025-12-22T12:37:13.464Z"}
{"level":"info","message":"Received SIGINT, shutting down gracefully","timestamp":"2025-12-22T12:37:28.152Z"}
{"cronExpression":"*/5 * * * *","level":"info","message":"POS Data Collector Agent starting","syncInterval":"5 minutes","timestamp":"2025-12-22T12:37:37.909Z"}
{"cronExpression":"*/5 * * * *","level":"info","message":"Cron scheduler started","syncInterval":5,"timestamp":"2025-12-22T12:37:38.278Z"}
{"level":"info","message":"Running initial ingestion","timestamp":"2025-12-22T12:37:38.279Z"}
{"level":"info","message":"Initial ingestion completed successfully","timestamp":"2025-12-22T12:37:39.443Z"}
{"level":"info","message":"POS Data Collector Agent is running","timestamp":"2025-12-22T12:37:39.447Z"}
{"level":"info","message":"Scheduled ingestion triggered","timestamp":"2025-12-22T12:40:00.050Z"}
{"level":"info","message":"Scheduled ingestion triggered","timestamp":"2025-12-22T12:45:00.043Z"}
{"cronExpression":"*/5 * * * *","level":"info","message":"POS Data Collector Agent starting","syncInterval":"5 minutes","timestamp":"2025-12-22T12:47:43.950Z"}
{"cronExpression":"*/5 * * * *","level":"info","message":"Cron scheduler started","syncInterval":5,"timestamp":"2025-12-22T12:47:44.189Z"}
{"level":"info","message":"Running initial ingestion","timestamp":"2025-12-22T12:47:44.191Z"}
{"level":"info","message":"Initial ingestion completed successfully","timestamp":"2025-12-22T12:47:45.631Z"}
{"level":"info","message":"POS Data Collector Agent is running","timestamp":"2025-12-22T12:47:45.634Z"}
{"level":"info","message":"Scheduled ingestion triggered","timestamp":"2025-12-22T12:50:00.047Z"}
{"cronExpression":"*/5 * * * *","level":"info","message":"POS Data Collector Agent starting","syncInterval":"5 minutes","timestamp":"2025-12-22T12:52:31.128Z"}
{"cronExpression":"*/5 * * * *","level":"info","message":"Cron scheduler started","syncInterval":5,"timestamp":"2025-12-22T12:52:31.382Z"}
{"level":"info","message":"Running initial ingestion","timestamp":"2025-12-22T12:52:31.384Z"}
{"level":"info","message":"Initial ingestion completed successfully","timestamp":"2025-12-22T12:52:32.486Z"}
{"level":"info","message":"POS Data Collector Agent is running","timestamp":"2025-12-22T12:52:32.490Z"}
{"level":"info","message":"Scheduled ingestion triggered","timestamp":"2025-12-22T12:55:00.060Z"}
{"level":"info","message":"Scheduled ingestion triggered","timestamp":"2025-12-22T13:00:00.036Z"}
{"level":"info","message":"Scheduled ingestion triggered","timestamp":"2025-12-22T13:05:00.023Z"}
{"cronExpression":"*/5 * * * *","level":"info","message":"POS Data Collector Agent starting","syncInterval":"5 minutes","timestamp":"2025-12-22T13:06:42.197Z"}
{"cronExpression":"*/5 * * * *","level":"info","message":"Cron scheduler started","syncInterval":5,"timestamp":"2025-12-22T13:06:42.455Z"}
{"level":"info","message":"Running initial ingestion","timestamp":"2025-12-22T13:06:42.457Z"}
{"level":"info","message":"Initial ingestion completed successfully","timestamp":"2025-12-22T13:06:43.509Z"}
{"level":"info","message":"POS Data Collector Agent is running","timestamp":"2025-12-22T13:06:43.513Z"}
{"cronExpression":"*/5 * * * *","level":"info","message":"POS Data Collector Agent starting","syncInterval":"5 minutes","timestamp":"2025-12-22T13:07:31.954Z"}
{"cronExpression":"*/5 * * * *","level":"info","message":"POS Data Collector Agent starting","syncInterval":"5 minutes","timestamp":"2025-12-22T13:07:40.864Z"}
{"cronExpression":"*/5 * * * *","level":"info","message":"Cron scheduler started","syncInterval":5,"timestamp":"2025-12-22T13:07:41.246Z"}
{"level":"info","message":"Running initial ingestion","timestamp":"2025-12-22T13:07:41.248Z"}
{"level":"info","message":"Initial ingestion completed successfully","timestamp":"2025-12-22T13:07:42.473Z"}
{"level":"info","message":"POS Data Collector Agent is running","timestamp":"2025-12-22T13:07:42.475Z"}
{"level":"info","message":"Scheduled ingestion triggered","timestamp":"2025-12-22T13:10:00.048Z"}
{"level":"info","message":"Scheduled ingestion triggered","timestamp":"2025-12-22T13:15:00.036Z"}
{"level":"info","message":"Received SIGINT, shutting down gracefully","timestamp":"2025-12-22T13:18:08.847Z"}
{"cronExpression":"*/5 * * * *","level":"info","message":"POS Data Collector Agent starting","syncInterval":"5 minutes","timestamp":"2025-12-22T13:43:39.162Z"}
{"cronExpression":"*/5 * * * *","level":"info","message":"Cron scheduler started","syncInterval":5,"timestamp":"2025-12-22T13:43:39.269Z"}
{"level":"info","message":"Running initial ingestion","timestamp":"2025-12-22T13:43:39.270Z"}
{"level":"info","message":"Initial ingestion completed successfully","timestamp":"2025-12-22T13:43:40.797Z"}
{"level":"info","message":"POS Data Collector Agent is running","timestamp":"2025-12-22T13:43:40.801Z"}
{"level":"info","message":"Scheduled ingestion triggered","timestamp":"2025-12-22T13:45:00.017Z"}
{"level":"info","message":"Received SIGINT, shutting down gracefully","timestamp":"2025-12-22T13:49:19.011Z"}
{"cronExpression":"*/5 * * * *","level":"info","message":"POS Data Collector Agent starting","syncInterval":"5 minutes","timestamp":"2025-12-22T14:37:11.096Z"}
{"cronExpression":"*/5 * * * *","level":"info","message":"Cron scheduler started","syncInterval":5,"timestamp":"2025-12-22T14:37:11.202Z"}
{"level":"info","message":"Running initial ingestion","timestamp":"2025-12-22T14:37:11.203Z"}
{"level":"info","message":"Initial ingestion completed successfully","timestamp":"2025-12-22T14:37:13.505Z"}
{"level":"info","message":"POS Data Collector Agent is running","timestamp":"2025-12-22T14:37:13.506Z"}
{"level":"info","message":"Scheduled ingestion triggered","timestamp":"2025-12-22T14:40:00.023Z"}
{"level":"info","message":"Scheduled ingestion triggered","timestamp":"2025-12-22T14:45:00.027Z"}
{"level":"info","message":"Received SIGINT, shutting down gracefully","timestamp":"2025-12-22T14:45:16.331Z"}
{"cronExpression":"*/5 * * * *","level":"info","message":"POS Data Collector Agent starting","syncInterval":"5 minutes","timestamp":"2025-12-22T16:33:57.317Z"}
{"cronExpression":"*/5 * * * *","level":"info","message":"Cron scheduler started","syncInterval":5,"timestamp":"2025-12-22T16:33:57.570Z"}
{"level":"info","message":"Running initial ingestion","timestamp":"2025-12-22T16:33:57.572Z"}
{"level":"info","message":"Initial ingestion completed successfully","timestamp":"2025-12-22T16:34:00.295Z"}
{"level":"info","message":"POS Data Collector Agent is running","timestamp":"2025-12-22T16:34:00.299Z"}
{"cronExpression":"*/5 * * * *","level":"info","message":"POS Data Collector Agent starting","syncInterval":"5 minutes","timestamp":"2025-12-22T16:35:10.650Z"}
{"cronExpression":"*/5 * * * *","level":"info","message":"Cron scheduler started","syncInterval":5,"timestamp":"2025-12-22T16:35:11.071Z"}
{"level":"info","message":"Running initial ingestion","timestamp":"2025-12-22T16:35:11.073Z"}
{"level":"info","message":"Initial ingestion completed successfully","timestamp":"2025-12-22T16:35:13.168Z"}
{"level":"info","message":"POS Data Collector Agent is running","timestamp":"2025-12-22T16:35:13.173Z"}
{"level":"info","message":"Scheduled ingestion triggered","timestamp":"2025-12-22T16:40:00.039Z"}
{"cronExpression":"*/5 * * * *","level":"info","message":"POS Data Collector Agent starting","syncInterval":"5 minutes","timestamp":"2025-12-22T16:42:07.896Z"}
{"cronExpression":"*/5 * * * *","level":"info","message":"Cron scheduler started","syncInterval":5,"timestamp":"2025-12-22T16:42:08.103Z"}
{"level":"info","message":"Running initial ingestion","timestamp":"2025-12-22T16:42:08.104Z"}
{"level":"info","message":"Initial ingestion completed successfully","timestamp":"2025-12-22T16:42:10.039Z"}
{"level":"info","message":"POS Data Collector Agent is running","timestamp":"2025-12-22T16:42:10.044Z"}
{"cronExpression":"*/5 * * * *","level":"info","message":"POS Data Collector Agent starting","syncInterval":"5 minutes","timestamp":"2025-12-22T16:42:14.033Z"}
{"cronExpression":"*/5 * * * *","level":"info","message":"Cron scheduler started","syncInterval":5,"timestamp":"2025-12-22T16:42:14.474Z"}
{"level":"info","message":"Running initial ingestion","timestamp":"2025-12-22T16:42:14.476Z"}
{"cronExpression":"*/5 * * * *","level":"info","message":"POS Data Collector Agent starting","syncInterval":"5 minutes","timestamp":"2025-12-22T16:42:22.382Z"}
{"cronExpression":"*/5 * * * *","level":"info","message":"Cron scheduler started","syncInterval":5,"timestamp":"2025-12-22T16:42:22.631Z"}
{"level":"info","message":"Running initial ingestion","timestamp":"2025-12-22T16:42:22.632Z"}
{"level":"info","message":"Initial ingestion completed successfully","timestamp":"2025-12-22T16:42:24.507Z"}
{"level":"info","message":"POS Data Collector Agent is running","timestamp":"2025-12-22T16:42:24.511Z"}
{"cronExpression":"*/5 * * * *","level":"info","message":"POS Data Collector Agent starting","syncInterval":"5 minutes","timestamp":"2025-12-22T16:44:11.808Z"}
{"cronExpression":"*/5 * * * *","level":"info","message":"Cron scheduler started","syncInterval":5,"timestamp":"2025-12-22T16:44:12.023Z"}
{"level":"info","message":"Running initial ingestion","timestamp":"2025-12-22T16:44:12.025Z"}
{"level":"info","message":"Initial ingestion completed successfully","timestamp":"2025-12-22T16:44:13.749Z"}
{"level":"info","message":"POS Data Collector Agent is running","timestamp":"2025-12-22T16:44:13.754Z"}
{"level":"info","message":"Received SIGINT, shutting down gracefully","timestamp":"2025-12-22T16:44:17.716Z"}
{"cronExpression":"*/5 * * * *","level":"info","message":"POS Data Collector Agent starting","syncInterval":"5 minutes","timestamp":"2025-12-22T16:45:12.712Z"}
{"cronExpression":"*/5 * * * *","level":"info","message":"Cron scheduler started","syncInterval":5,"timestamp":"2025-12-22T16:45:12.963Z"}
{"level":"info","message":"Running initial ingestion","timestamp":"2025-12-22T16:45:12.964Z"}
{"level":"info","message":"Initial ingestion completed successfully","timestamp":"2025-12-22T16:45:14.736Z"}
{"level":"info","message":"POS Data Collector Agent is running","timestamp":"2025-12-22T16:45:14.738Z"}
{"cronExpression":"*/5 * * * *","level":"info","message":"POS Data Collector Agent starting","syncInterval":"5 minutes","timestamp":"2025-12-22T16:45:54.071Z"}
{"cronExpression":"*/5 * * * *","level":"info","message":"Cron scheduler started","syncInterval":5,"timestamp":"2025-12-22T16:45:54.331Z"}
{"level":"info","message":"Running initial ingestion","timestamp":"2025-12-22T16:45:54.332Z"}
{"level":"info","message":"Initial ingestion completed successfully","timestamp":"2025-12-22T16:45:56.095Z"}
{"level":"info","message":"POS Data Collector Agent is running","timestamp":"2025-12-22T16:45:56.148Z"}
{"level":"info","message":"Received SIGINT, shutting down gracefully","timestamp":"2025-12-22T16:45:58.617Z"}
{"cronExpression":"*/5 * * * *","level":"info","message":"POS Data Collector Agent starting","syncInterval":"5 minutes","timestamp":"2025-12-22T16:46:06.709Z"}
{"cronExpression":"*/5 * * * *","level":"info","message":"Cron scheduler started","syncInterval":5,"timestamp":"2025-12-22T16:46:06.960Z"}
{"level":"info","message":"Running initial ingestion","timestamp":"2025-12-22T16:46:06.961Z"}
{"level":"info","message":"Initial ingestion completed successfully","timestamp":"2025-12-22T16:46:08.340Z"}
{"level":"info","message":"POS Data Collector Agent is running","timestamp":"2025-12-22T16:46:08.343Z"}
{"level":"info","message":"Scheduled ingestion triggered","timestamp":"2025-12-22T16:50:00.042Z"}
{"cronExpression":"*/5 * * * *","level":"info","message":"POS Data Collector Agent starting","syncInterval":"5 minutes","timestamp":"2025-12-22T16:50:11.870Z"}
{"cronExpression":"*/5 * * * *","level":"info","message":"Cron scheduler started","syncInterval":5,"timestamp":"2025-12-22T16:50:12.143Z"}
{"level":"info","message":"Running initial ingestion","timestamp":"2025-12-22T16:50:12.145Z"}
{"level":"info","message":"Initial ingestion completed successfully","timestamp":"2025-12-22T16:50:13.782Z"}
{"level":"info","message":"POS Data Collector Agent is running","timestamp":"2025-12-22T16:50:13.787Z"}
{"level":"info","message":"Received SIGINT, shutting down gracefully","timestamp":"2025-12-22T16:50:13.816Z"}
{"cronExpression":"*/5 * * * *","level":"info","message":"POS Data Collector Agent starting","syncInterval":"5 minutes","timestamp":"2025-12-22T16:50:22.673Z"}
{"cronExpression":"*/5 * * * *","level":"info","message":"Cron scheduler started","syncInterval":5,"timestamp":"2025-12-22T16:50:23.068Z"}
{"level":"info","message":"Running initial ingestion","timestamp":"2025-12-22T16:50:23.069Z"}
{"level":"info","message":"Initial ingestion completed successfully","timestamp":"2025-12-22T16:50:24.635Z"}
{"level":"info","message":"POS Data Collector Agent is running","timestamp":"2025-12-22T16:50:24.637Z"}
{"level":"info","message":"Received SIGINT, shutting down gracefully","timestamp":"2025-12-22T16:53:29.128Z"}
{"cronExpression":"*/5 * * * *","level":"info","message":"POS Data Collector Agent starting","syncInterval":"5 minutes","timestamp":"2025-12-22T16:57:21.583Z"}
{"cronExpression":"*/5 * * * *","level":"info","message":"Cron scheduler started","syncInterval":5,"timestamp":"2025-12-22T16:57:21.834Z"}
{"level":"info","message":"Running initial ingestion","timestamp":"2025-12-22T16:57:21.836Z"}
{"level":"info","message":"Initial ingestion completed successfully","timestamp":"2025-12-22T16:57:24.136Z"}
{"level":"info","message":"POS Data Collector Agent is running","timestamp":"2025-12-22T16:57:24.139Z"}
{"level":"info","message":"Scheduled ingestion triggered","timestamp":"2025-12-22T17:00:00.057Z"}
{"level":"info","message":"Scheduled ingestion triggered","timestamp":"2025-12-22T17:05:00.035Z"}
{"cronExpression":"*/5 * * * *","level":"info","message":"POS Data Collector Agent starting","syncInterval":"5 minutes","timestamp":"2025-12-22T17:08:24.330Z"}
{"cronExpression":"*/5 * * * *","level":"info","message":"Cron scheduler started","syncInterval":5,"timestamp":"2025-12-22T17:08:24.589Z"}
{"level":"info","message":"Running initial ingestion","timestamp":"2025-12-22T17:08:24.590Z"}
{"level":"info","message":"Initial ingestion completed successfully","timestamp":"2025-12-22T17:08:26.091Z"}
{"level":"info","message":"POS Data Collector Agent is running","timestamp":"2025-12-22T17:08:26.093Z"}
{"level":"info","message":"Scheduled ingestion triggered","timestamp":"2025-12-22T17:10:00.039Z"}
{"cronExpression":"*/5 * * * *","level":"info","message":"POS Data Collector Agent starting","syncInterval":"5 minutes","timestamp":"2025-12-22T17:13:50.278Z"}
{"cronExpression":"*/5 * * * *","level":"info","message":"Cron scheduler started","syncInterval":5,"timestamp":"2025-12-22T17:13:50.559Z"}
{"level":"info","message":"Running initial ingestion","timestamp":"2025-12-22T17:13:50.561Z"}
{"level":"info","message":"Initial ingestion completed successfully","timestamp":"2025-12-22T17:13:51.923Z"}
{"level":"info","message":"POS Data Collector Agent is running","timestamp":"2025-12-22T17:13:51.925Z"}
{"cronExpression":"*/5 * * * *","level":"info","message":"POS Data Collector Agent starting","syncInterval":"5 minutes","timestamp":"2025-12-22T17:14:03.979Z"}
{"cronExpression":"*/5 * * * *","level":"info","message":"Cron scheduler started","syncInterval":5,"timestamp":"2025-12-22T17:14:04.241Z"}
{"level":"info","message":"Running initial ingestion","timestamp":"2025-12-22T17:14:04.242Z"}
{"level":"info","message":"Initial ingestion completed successfully","timestamp":"2025-12-22T17:14:05.749Z"}
{"level":"info","message":"POS Data Collector Agent is running","timestamp":"2025-12-22T17:14:05.752Z"}
{"level":"info","message":"Scheduled ingestion triggered","timestamp":"2025-12-22T17:15:00.039Z"}
{"level":"info","message":"Scheduled ingestion triggered","timestamp":"2025-12-22T17:20:00.037Z"}
{"level":"info","message":"Received SIGINT, shutting down gracefully","timestamp":"2025-12-22T17:21:34.017Z"}
{"cronExpression":"*/5 * * * *","level":"info","message":"POS Data Collector Agent starting","syncInterval":"5 minutes","timestamp":"2025-12-22T17:22:05.371Z"}
{"cronExpression":"*/5 * * * *","level":"info","message":"Cron scheduler started","syncInterval":5,"timestamp":"2025-12-22T17:22:05.641Z"}
{"level":"info","message":"Running initial ingestion","timestamp":"2025-12-22T17:22:05.643Z"}
{"level":"info","message":"Initial ingestion completed successfully","timestamp":"2025-12-22T17:22:06.988Z"}
{"level":"info","message":"POS Data Collector Agent is running","timestamp":"2025-12-22T17:22:06.990Z"}
{"cronExpression":"*/5 * * * *","level":"info","message":"POS Data Collector Agent starting","syncInterval":"5 minutes","timestamp":"2025-12-22T17:22:43.581Z"}
{"cronExpression":"*/5 * * * *","level":"info","message":"Cron scheduler started","syncInterval":5,"timestamp":"2025-12-22T17:22:43.814Z"}
{"level":"info","message":"Running initial ingestion","timestamp":"2025-12-22T17:22:43.815Z"}
{"level":"info","message":"Initial ingestion completed successfully","timestamp":"2025-12-22T17:22:45.212Z"}
{"level":"info","message":"POS Data Collector Agent is running","timestamp":"2025-12-22T17:22:45.215Z"}
{"level":"info","message":"Scheduled ingestion triggered","timestamp":"2025-12-22T17:25:00.061Z"}
{"level":"info","message":"Scheduled ingestion triggered","timestamp":"2025-12-22T17:30:00.043Z"}
{"level":"info","message":"Received SIGINT, shutting down gracefully","timestamp":"2025-12-22T17:32:53.125Z"}
{"cronExpression":"*/5 * * * *","level":"info","message":"POS Data Collector Agent starting","syncInterval":"5 minutes","timestamp":"2025-12-22T17:50:47.671Z"}
{"cronExpression":"*/5 * * * *","level":"info","message":"Cron scheduler started","syncInterval":5,"timestamp":"2025-12-22T17:50:47.948Z"}
{"level":"info","message":"Running initial ingestion","timestamp":"2025-12-22T17:50:47.950Z"}
{"level":"info","message":"Initial ingestion completed successfully","timestamp":"2025-12-22T17:50:49.464Z"}
{"level":"info","message":"POS Data Collector Agent is running","timestamp":"2025-12-22T17:50:49.467Z"}
{"level":"info","message":"Scheduled ingestion triggered","timestamp":"2025-12-22T17:55:00.061Z"}
{"level":"info","message":"Received SIGINT, shutting down gracefully","timestamp":"2025-12-22T17:56:06.257Z"}
{"cronExpression":"*/5 * * * *","level":"info","message":"POS Data Collector Agent starting","syncInterval":"5 minutes","timestamp":"2025-12-22T17:56:13.732Z"}
{"cronExpression":"*/5 * * * *","level":"info","message":"Cron scheduler started","syncInterval":5,"timestamp":"2025-12-22T17:56:13.993Z"}
{"level":"info","message":"Running initial ingestion","timestamp":"2025-12-22T17:56:13.995Z"}
{"level":"info","message":"Initial ingestion completed successfully","timestamp":"2025-12-22T17:56:15.942Z"}
{"level":"info","message":"POS Data Collector Agent is running","timestamp":"2025-12-22T17:56:15.945Z"}
{"cronExpression":"*/5 * * * *","level":"info","message":"POS Data Collector Agent starting","syncInterval":"5 minutes","timestamp":"2025-12-22T17:57:24.085Z"}
{"cronExpression":"*/5 * * * *","level":"info","message":"Cron scheduler started","syncInterval":5,"timestamp":"2025-12-22T17:57:24.319Z"}
{"level":"info","message":"Running initial ingestion","timestamp":"2025-12-22T17:57:24.320Z"}
{"level":"info","message":"Initial ingestion completed successfully","timestamp":"2025-12-22T17:57:25.866Z"}
{"level":"info","message":"POS Data Collector Agent is running","timestamp":"2025-12-22T17:57:25.870Z"}
{"level":"info","message":"Received SIGINT, shutting down gracefully","timestamp":"2025-12-22T17:57:41.574Z"}
{"cronExpression":"*/5 * * * *","level":"info","message":"POS Data Collector Agent starting","syncInterval":"5 minutes","timestamp":"2025-12-22T17:57:56.495Z"}
{"cronExpression":"*/5 * * * *","level":"info","message":"Cron scheduler started","syncInterval":5,"timestamp":"2025-12-22T17:57:56.843Z"}
{"level":"info","message":"Running initial ingestion","timestamp":"2025-12-22T17:57:56.844Z"}
{"level":"info","message":"Initial ingestion completed successfully","timestamp":"2025-12-22T17:57:58.380Z"}
{"level":"info","message":"POS Data Collector Agent is running","timestamp":"2025-12-22T17:57:58.382Z"}
{"level":"info","message":"Scheduled ingestion triggered","timestamp":"2025-12-22T18:00:00.041Z"}
{"level":"info","message":"Scheduled ingestion triggered","timestamp":"2025-12-22T18:05:00.038Z"}
{"level":"info","message":"Received SIGINT, shutting down gracefully","timestamp":"2025-12-22T18:09:12.837Z"}
{"cronExpression":"*/5 * * * *","level":"info","message":"POS Data Collector Agent starting","syncInterval":"5 minutes","timestamp":"2025-12-22T18:09:20.963Z"}
{"cronExpression":"*/5 * * * *","level":"info","message":"Cron scheduler started","syncInterval":5,"timestamp":"2025-12-22T18:09:21.216Z"}
{"level":"info","message":"Running initial ingestion","timestamp":"2025-12-22T18:09:21.218Z"}
{"level":"info","message":"Initial ingestion completed successfully","timestamp":"2025-12-22T18:09:22.653Z"}
{"level":"info","message":"POS Data Collector Agent is running","timestamp":"2025-12-22T18:09:22.656Z"}
{"level":"info","message":"Scheduled ingestion triggered","timestamp":"2025-12-22T18:10:00.065Z"}
{"level":"info","message":"Received SIGINT, shutting down gracefully","timestamp":"2025-12-22T18:11:21.903Z"}
{"cronExpression":"*/5 * * * *","level":"info","message":"POS Data Collector Agent starting","syncInterval":"5 minutes","timestamp":"2025-12-22T18:11:30.283Z"}
{"cronExpression":"*/5 * * * *","level":"info","message":"Cron scheduler started","syncInterval":5,"timestamp":"2025-12-22T18:11:30.545Z"}
{"level":"info","message":"Running initial ingestion","timestamp":"2025-12-22T18:11:30.546Z"}
{"level":"info","message":"Initial ingestion completed successfully","timestamp":"2025-12-22T18:11:32.148Z"}
{"level":"info","message":"POS Data Collector Agent is running","timestamp":"2025-12-22T18:11:32.150Z"}
{"level":"info","message":"Scheduled ingestion triggered","timestamp":"2025-12-22T18:15:00.053Z"}
{"cronExpression":"*/5 * * * *","level":"info","message":"POS Data Collector Agent starting","syncInterval":"5 minutes","timestamp":"2025-12-22T18:15:24.728Z"}
{"cronExpression":"*/5 * * * *","level":"info","message":"Cron scheduler started","syncInterval":5,"timestamp":"2025-12-22T18:15:24.997Z"}
{"level":"info","message":"Running initial ingestion","timestamp":"2025-12-22T18:15:24.999Z"}
{"level":"info","message":"Initial ingestion completed successfully","timestamp":"2025-12-22T18:15:26.464Z"}
{"level":"info","message":"POS Data Collector Agent is running","timestamp":"2025-12-22T18:15:26.467Z"}
{"cronExpression":"*/5 * * * *","level":"info","message":"POS Data Collector Agent starting","syncInterval":"5 minutes","timestamp":"2025-12-22T18:15:42.305Z"}
{"cronExpression":"*/5 * * * *","level":"info","message":"Cron scheduler started","syncInterval":5,"timestamp":"2025-12-22T18:15:42.694Z"}
{"level":"info","message":"Running initial ingestion","timestamp":"2025-12-22T18:15:42.695Z"}
{"level":"info","message":"Initial ingestion completed successfully","timestamp":"2025-12-22T18:15:44.289Z"}
{"level":"info","message":"POS Data Collector Agent is running","timestamp":"2025-12-22T18:15:44.293Z"}
{"cronExpression":"*/5 * * * *","level":"info","message":"POS Data Collector Agent starting","syncInterval":"5 minutes","timestamp":"2025-12-22T18:16:11.109Z"}
{"cronExpression":"*/5 * * * *","level":"info","message":"Cron scheduler started","syncInterval":5,"timestamp":"2025-12-22T18:16:11.414Z"}
{"level":"info","message":"Running initial ingestion","timestamp":"2025-12-22T18:16:11.416Z"}
{"level":"info","message":"Initial ingestion completed successfully","timestamp":"2025-12-22T18:16:12.885Z"}
{"level":"info","message":"POS Data Collector Agent is running","timestamp":"2025-12-22T18:16:12.888Z"}
{"cronExpression":"*/5 * * * *","level":"info","message":"POS Data Collector Agent starting","syncInterval":"5 minutes","timestamp":"2025-12-22T18:17:08.336Z"}
{"cronExpression":"*/5 * * * *","level":"info","message":"Cron scheduler started","syncInterval":5,"timestamp":"2025-12-22T18:17:08.595Z"}
{"level":"info","message":"Running initial ingestion","timestamp":"2025-12-22T18:17:08.596Z"}
{"level":"info","message":"Initial ingestion completed successfully","timestamp":"2025-12-22T18:17:10.024Z"}
{"level":"info","message":"POS Data Collector Agent is running","timestamp":"2025-12-22T18:17:10.028Z"}
{"level":"info","message":"Scheduled ingestion triggered","timestamp":"2025-12-22T18:20:00.065Z"}
{"level":"info","message":"Received SIGINT, shutting down gracefully","timestamp":"2025-12-22T18:22:35.771Z"}
{"cronExpression":"*/5 * * * *","level":"info","message":"POS Data Collector Agent starting","syncInterval":"5 minutes","timestamp":"2025-12-22T18:22:42.394Z"}
{"cronExpression":"*/5 * * * *","level":"info","message":"Cron scheduler started","syncInterval":5,"timestamp":"2025-12-22T18:22:42.643Z"}
{"level":"info","message":"Running initial ingestion","timestamp":"2025-12-22T18:22:42.644Z"}
{"level":"info","message":"Initial ingestion completed successfully","timestamp":"2025-12-22T18:22:44.052Z"}
{"level":"info","message":"POS Data Collector Agent is running","timestamp":"2025-12-22T18:22:44.055Z"}
{"level":"info","message":"Scheduled ingestion triggered","timestamp":"2025-12-22T18:25:00.054Z"}
{"cronExpression":"*/5 * * * *","level":"info","message":"POS Data Collector Agent starting","syncInterval":"5 minutes","timestamp":"2025-12-22T18:29:17.457Z"}
{"cronExpression":"*/5 * * * *","level":"info","message":"Cron scheduler started","syncInterval":5,"timestamp":"2025-12-22T18:29:17.720Z"}
{"level":"info","message":"Running initial ingestion","timestamp":"2025-12-22T18:29:17.721Z"}
{"level":"info","message":"Initial ingestion completed successfully","timestamp":"2025-12-22T18:29:19.317Z"}
{"level":"info","message":"POS Data Collector Agent is running","timestamp":"2025-12-22T18:29:19.318Z"}
{"level":"info","message":"Scheduled ingestion triggered","timestamp":"2025-12-22T18:30:00.043Z"}
{"cronExpression":"*/5 * * * *","level":"info","message":"POS Data Collector Agent starting","syncInterval":"5 minutes","timestamp":"2025-12-22T18:32:00.569Z"}
{"cronExpression":"*/5 * * * *","level":"info","message":"Cron scheduler started","syncInterval":5,"timestamp":"2025-12-22T18:32:00.826Z"}
{"level":"info","message":"Running initial ingestion","timestamp":"2025-12-22T18:32:00.827Z"}
{"level":"info","message":"Initial ingestion completed successfully","timestamp":"2025-12-22T18:32:02.442Z"}
{"level":"info","message":"POS Data Collector Agent is running","timestamp":"2025-12-22T18:32:02.445Z"}
{"cronExpression":"*/5 * * * *","level":"info","message":"POS Data Collector Agent starting","syncInterval":"5 minutes","timestamp":"2025-12-22T18:34:13.759Z"}
{"cronExpression":"*/5 * * * *","level":"info","message":"Cron scheduler started","syncInterval":5,"timestamp":"2025-12-22T18:34:14.017Z"}
{"level":"info","message":"Running initial ingestion","timestamp":"2025-12-22T18:34:14.019Z"}
{"level":"info","message":"Initial ingestion completed successfully","timestamp":"2025-12-22T18:34:15.620Z"}
{"level":"info","message":"POS Data Collector Agent is running","timestamp":"2025-12-22T18:34:15.628Z"}
{"cronExpression":"*/5 * * * *","level":"info","message":"POS Data Collector Agent starting","syncInterval":"5 minutes","timestamp":"2025-12-22T18:34:44.461Z"}
{"level":"info","message":"Received SIGINT, shutting down gracefully","timestamp":"2025-12-22T18:34:44.583Z"}
{"cronExpression":"*/5 * * * *","level":"info","message":"POS Data Collector Agent starting","syncInterval":"5 minutes","timestamp":"2025-12-22T18:34:52.933Z"}
{"cronExpression":"*/5 * * * *","level":"info","message":"Cron scheduler started","syncInterval":5,"timestamp":"2025-12-22T18:34:53.197Z"}
{"level":"info","message":"Running initial ingestion","timestamp":"2025-12-22T18:34:53.199Z"}
{"level":"info","message":"Initial ingestion completed successfully","timestamp":"2025-12-22T18:34:54.675Z"}
{"level":"info","message":"POS Data Collector Agent is running","timestamp":"2025-12-22T18:34:54.677Z"}
{"level":"info","message":"Scheduled ingestion triggered","timestamp":"2025-12-22T18:35:00.037Z"}
{"level":"info","message":"Scheduled ingestion triggered","timestamp":"2025-12-22T18:40:00.060Z"}
{"level":"info","message":"Scheduled ingestion triggered","timestamp":"2025-12-22T18:45:00.042Z"}
{"cronExpression":"*/5 * * * *","level":"info","message":"POS Data Collector Agent starting","syncInterval":"5 minutes","timestamp":"2025-12-22T18:45:04.225Z"}
{"cronExpression":"*/5 * * * *","level":"info","message":"Cron scheduler started","syncInterval":5,"timestamp":"2025-12-22T18:45:04.670Z"}
{"level":"info","message":"Running initial ingestion","timestamp":"2025-12-22T18:45:04.672Z"}
{"level":"info","message":"Initial ingestion completed successfully","timestamp":"2025-12-22T18:45:06.484Z"}
{"level":"info","message":"POS Data Collector Agent is running","timestamp":"2025-12-22T18:45:06.488Z"}
{"level":"info","message":"Received SIGINT, shutting down gracefully","timestamp":"2025-12-22T18:45:06.528Z"}
{"cronExpression":"*/5 * * * *","level":"info","message":"POS Data Collector Agent starting","syncInterval":"5 minutes","timestamp":"2025-12-22T18:56:28.211Z"}
{"cronExpression":"*/5 * * * *","level":"info","message":"Cron scheduler started","syncInterval":5,"timestamp":"2025-12-22T18:56:28.493Z"}
{"level":"info","message":"Running initial ingestion","timestamp":"2025-12-22T18:56:28.495Z"}
{"level":"info","message":"Initial ingestion completed successfully","timestamp":"2025-12-22T18:56:30.779Z"}
{"level":"info","message":"POS Data Collector Agent is running","timestamp":"2025-12-22T18:56:30.781Z"}
{"cronExpression":"*/5 * * * *","level":"info","message":"POS Data Collector Agent starting","syncInterval":"5 minutes","timestamp":"2025-12-22T18:57:29.931Z"}
{"cronExpression":"*/5 * * * *","level":"info","message":"Cron scheduler started","syncInterval":5,"timestamp":"2025-12-22T18:57:30.213Z"}
{"level":"info","message":"Running initial ingestion","timestamp":"2025-12-22T18:57:30.214Z"}
{"level":"info","message":"Initial ingestion completed successfully","timestamp":"2025-12-22T18:57:32.492Z"}
{"level":"info","message":"POS Data Collector Agent is running","timestamp":"2025-12-22T18:57:32.494Z"}
{"level":"info","message":"Received SIGINT, shutting down gracefully","timestamp":"2025-12-22T18:57:41.559Z"}
{"cronExpression":"*/5 * * * *","level":"info","message":"POS Data Collector Agent starting","syncInterval":"5 minutes","timestamp":"2025-12-22T19:00:02.546Z"}
{"cronExpression":"*/5 * * * *","level":"info","message":"Cron scheduler started","syncInterval":5,"timestamp":"2025-12-22T19:00:02.808Z"}
{"level":"info","message":"Running initial ingestion","timestamp":"2025-12-22T19:00:02.809Z"}
{"level":"info","message":"Initial ingestion completed successfully","timestamp":"2025-12-22T19:00:05.031Z"}
{"level":"info","message":"POS Data Collector Agent is running","timestamp":"2025-12-22T19:00:05.034Z"}
{"cronExpression":"*/5 * * * *","level":"info","message":"POS Data Collector Agent starting","syncInterval":"5 minutes","timestamp":"2025-12-22T19:02:41.214Z"}
{"cronExpression":"*/5 * * * *","level":"info","message":"Cron scheduler started","syncInterval":5,"timestamp":"2025-12-22T19:02:41.558Z"}
{"level":"info","message":"Running initial ingestion","timestamp":"2025-12-22T19:02:41.562Z"}
{"level":"info","message":"Received SIGINT, shutting down gracefully","timestamp":"2025-12-22T19:02:42.039Z"}
{"cronExpression":"*/5 * * * *","level":"info","message":"POS Data Collector Agent starting","syncInterval":"5 minutes","timestamp":"2025-12-22T19:02:50.837Z"}
{"cronExpression":"*/5 * * * *","level":"info","message":"Cron scheduler started","syncInterval":5,"timestamp":"2025-12-22T19:02:51.105Z"}
{"level":"info","message":"Running initial ingestion","timestamp":"2025-12-22T19:02:51.107Z"}
{"level":"info","message":"Initial ingestion completed successfully","timestamp":"2025-12-22T19:02:52.633Z"}
{"level":"info","message":"POS Data Collector Agent is running","timestamp":"2025-12-22T19:02:52.635Z"}
{"cronExpression":"*/5 * * * *","level":"info","message":"POS Data Collector Agent starting","syncInterval":"5 minutes","timestamp":"2025-12-22T19:04:42.674Z"}
{"cronExpression":"*/5 * * * *","level":"info","message":"Cron scheduler started","syncInterval":5,"timestamp":"2025-12-22T19:04:42.960Z"}
{"level":"info","message":"Running initial ingestion","timestamp":"2025-12-22T19:04:42.963Z"}
{"level":"info","message":"Initial ingestion completed successfully","timestamp":"2025-12-22T19:04:44.426Z"}
{"level":"info","message":"POS Data Collector Agent is running","timestamp":"2025-12-22T19:04:44.430Z"}
{"level":"info","message":"Received SIGINT, shutting down gracefully","timestamp":"2025-12-22T19:04:46.237Z"}
{"cronExpression":"*/5 * * * *","level":"info","message":"POS Data Collector Agent starting","syncInterval":"5 minutes","timestamp":"2025-12-22T19:04:54.829Z"}
{"cronExpression":"*/5 * * * *","level":"info","message":"Cron scheduler started","syncInterval":5,"timestamp":"2025-12-22T19:04:55.076Z"}
{"level":"info","message":"Running initial ingestion","timestamp":"2025-12-22T19:04:55.078Z"}
{"level":"info","message":"Initial ingestion completed successfully","timestamp":"2025-12-22T19:04:56.349Z"}
{"level":"info","message":"POS Data Collector Agent is running","timestamp":"2025-12-22T19:04:56.351Z"}
{"level":"info","message":"Scheduled ingestion triggered","timestamp":"2025-12-22T19:05:00.042Z"}
{"cronExpression":"*/5 * * * *","level":"info","message":"POS Data Collector Agent starting","syncInterval":"5 minutes","timestamp":"2025-12-22T19:09:52.348Z"}
{"cronExpression":"*/5 * * * *","level":"info","message":"Cron scheduler started","syncInterval":5,"timestamp":"2025-12-22T19:09:52.591Z"}
{"level":"info","message":"Running initial ingestion","timestamp":"2025-12-22T19:09:52.592Z"}
{"level":"info","message":"Initial ingestion completed successfully","timestamp":"2025-12-22T19:09:54.649Z"}
{"level":"info","message":"POS Data Collector Agent is running","timestamp":"2025-12-22T19:09:54.652Z"}
{"level":"info","message":"Scheduled ingestion triggered","timestamp":"2025-12-22T19:10:00.038Z"}
{"cronExpression":"*/5 * * * *","level":"info","message":"POS Data Collector Agent starting","syncInterval":"5 minutes","timestamp":"2025-12-22T19:10:48.665Z"}
{"cronExpression":"*/5 * * * *","level":"info","message":"Cron scheduler started","syncInterval":5,"timestamp":"2025-12-22T19:10:48.918Z"}
{"level":"info","message":"Running initial ingestion","timestamp":"2025-12-22T19:10:48.919Z"}
{"level":"info","message":"Initial ingestion completed successfully","timestamp":"2025-12-22T19:10:50.770Z"}
{"level":"info","message":"POS Data Collector Agent is running","timestamp":"2025-12-22T19:10:50.772Z"}
{"level":"info","message":"Received SIGINT, shutting down gracefully","timestamp":"2025-12-22T19:13:07.903Z"}
{"cronExpression":"*/5 * * * *","level":"info","message":"POS Data Collector Agent starting","syncInterval":"5 minutes","timestamp":"2025-12-22T19:13:22.345Z"}
{"cronExpression":"*/5 * * * *","level":"info","message":"Cron scheduler started","syncInterval":5,"timestamp":"2025-12-22T19:13:22.635Z"}
{"level":"info","message":"Running initial ingestion","timestamp":"2025-12-22T19:13:22.637Z"}
{"level":"info","message":"Initial ingestion completed successfully","timestamp":"2025-12-22T19:13:24.255Z"}
{"level":"info","message":"POS Data Collector Agent is running","timestamp":"2025-12-22T19:13:24.258Z"}
{"level":"info","message":"Scheduled ingestion triggered","timestamp":"2025-12-22T19:15:00.066Z"}
{"level":"info","message":"Received SIGINT, shutting down gracefully","timestamp":"2025-12-22T19:15:06.541Z"}
{"cronExpression":"*/5 * * * *","level":"info","message":"POS Data Collector Agent starting","syncInterval":"5 minutes","timestamp":"2025-12-22T19:15:16.724Z"}
{"cronExpression":"*/5 * * * *","level":"info","message":"Cron scheduler started","syncInterval":5,"timestamp":"2025-12-22T19:15:16.967Z"}
{"level":"info","message":"Running initial ingestion","timestamp":"2025-12-22T19:15:16.968Z"}
{"level":"info","message":"Initial ingestion completed successfully","timestamp":"2025-12-22T19:15:18.633Z"}
{"level":"info","message":"POS Data Collector Agent is running","timestamp":"2025-12-22T19:15:18.635Z"}
{"cronExpression":"*/5 * * * *","level":"info","message":"POS Data Collector Agent starting","syncInterval":"5 minutes","timestamp":"2025-12-22T19:16:28.556Z"}
{"cronExpression":"*/5 * * * *","level":"info","message":"Cron scheduler started","syncInterval":5,"timestamp":"2025-12-22T19:16:28.816Z"}
{"level":"info","message":"Running initial ingestion","timestamp":"2025-12-22T19:16:28.817Z"}
{"level":"info","message":"Initial ingestion completed successfully","timestamp":"2025-12-22T19:16:30.329Z"}
{"level":"info","message":"POS Data Collector Agent is running","timestamp":"2025-12-22T19:16:30.332Z"}
{"cronExpression":"*/5 * * * *","level":"info","message":"POS Data Collector Agent starting","syncInterval":"5 minutes","timestamp":"2025-12-22T19:17:01.462Z"}
{"cronExpression":"*/5 * * * *","level":"info","message":"POS Data Collector Agent starting","syncInterval":"5 minutes","timestamp":"2025-12-22T19:17:11.771Z"}
{"cronExpression":"*/5 * * * *","level":"info","message":"Cron scheduler started","syncInterval":5,"timestamp":"2025-12-22T19:17:12.019Z"}
{"level":"info","message":"Running initial ingestion","timestamp":"2025-12-22T19:17:12.020Z"}
{"level":"info","message":"Initial ingestion completed successfully","timestamp":"2025-12-22T19:17:13.549Z"}
{"level":"info","message":"POS Data Collector Agent is running","timestamp":"2025-12-22T19:17:13.551Z"}
{"cronExpression":"*/5 * * * *","level":"info","message":"POS Data Collector Agent starting","syncInterval":"5 minutes","timestamp":"2025-12-22T19:18:36.164Z"}
{"cronExpression":"*/5 * * * *","level":"info","message":"Cron scheduler started","syncInterval":5,"timestamp":"2025-12-22T19:18:36.425Z"}
{"level":"info","message":"Running initial ingestion","timestamp":"2025-12-22T19:18:36.427Z"}
{"level":"info","message":"Initial ingestion completed successfully","timestamp":"2025-12-22T19:18:38.045Z"}
{"level":"info","message":"POS Data Collector Agent is running","timestamp":"2025-12-22T19:18:38.047Z"}
{"cronExpression":"*/5 * * * *","level":"info","message":"POS Data Collector Agent starting","syncInterval":"5 minutes","timestamp":"2025-12-22T19:19:54.759Z"}
{"cronExpression":"*/5 * * * *","level":"info","message":"Cron scheduler started","syncInterval":5,"timestamp":"2025-12-22T19:19:55.173Z"}
{"level":"info","message":"Running initial ingestion","timestamp":"2025-12-22T19:19:55.174Z"}
{"level":"info","message":"Initial ingestion completed successfully","timestamp":"2025-12-22T19:19:56.737Z"}
{"level":"info","message":"POS Data Collector Agent is running","timestamp":"2025-12-22T19:19:56.739Z"}
{"level":"info","message":"Scheduled ingestion triggered","timestamp":"2025-12-22T19:20:00.036Z"}
{"cronExpression":"*/5 * * * *","level":"info","message":"POS Data Collector Agent starting","syncInterval":"5 minutes","timestamp":"2025-12-22T19:20:09.861Z"}
{"cronExpression":"*/5 * * * *","level":"info","message":"Cron scheduler started","syncInterval":5,"timestamp":"2025-12-22T19:20:10.131Z"}
{"level":"info","message":"Running initial ingestion","timestamp":"2025-12-22T19:20:10.132Z"}
{"level":"info","message":"Received SIGINT, shutting down gracefully","timestamp":"2025-12-22T19:20:11.355Z"}
{"cronExpression":"*/5 * * * *","level":"info","message":"POS Data Collector Agent starting","syncInterval":"5 minutes","timestamp":"2025-12-22T19:20:23.590Z"}
{"cronExpression":"*/5 * * * *","level":"info","message":"Cron scheduler started","syncInterval":5,"timestamp":"2025-12-22T19:20:23.850Z"}
{"level":"info","message":"Running initial ingestion","timestamp":"2025-12-22T19:20:23.852Z"}
{"level":"info","message":"Initial ingestion completed successfully","timestamp":"2025-12-22T19:20:25.360Z"}
{"level":"info","message":"POS Data Collector Agent is running","timestamp":"2025-12-22T19:20:25.363Z"}
{"level":"info","message":"Received SIGINT, shutting down gracefully","timestamp":"2025-12-22T19:22:40.887Z"}
{"cronExpression":"*/5 * * * *","level":"info","message":"POS Data Collector Agent starting","syncInterval":"5 minutes","timestamp":"2025-12-22T19:24:12.461Z"}
{"cronExpression":"*/5 * * * *","level":"info","message":"Cron scheduler started","syncInterval":5,"timestamp":"2025-12-22T19:24:12.714Z"}
{"level":"info","message":"Running initial ingestion","timestamp":"2025-12-22T19:24:12.716Z"}
{"level":"info","message":"Initial ingestion completed successfully","timestamp":"2025-12-22T19:24:14.430Z"}
{"level":"info","message":"POS Data Collector Agent is running","timestamp":"2025-12-22T19:24:14.433Z"}
{"cronExpression":"*/5 * * * *","level":"info","message":"POS Data Collector Agent starting","syncInterval":"5 minutes","timestamp":"2025-12-22T19:24:58.490Z"}
{"cronExpression":"*/5 * * * *","level":"info","message":"Cron scheduler started","syncInterval":5,"timestamp":"2025-12-22T19:24:58.753Z"}
{"level":"info","message":"Running initial ingestion","timestamp":"2025-12-22T19:24:58.755Z"}
{"level":"info","message":"Scheduled ingestion triggered","timestamp":"2025-12-22T19:25:00.052Z"}
{"level":"info","message":"Initial ingestion completed successfully","timestamp":"2025-12-22T19:25:01.683Z"}
{"level":"info","message":"POS Data Collector Agent is running","timestamp":"2025-12-22T19:25:01.686Z"}
{"cronExpression":"*/5 * * * *","level":"info","message":"POS Data Collector Agent starting","syncInterval":"5 minutes","timestamp":"2025-12-22T19:28:21.151Z"}
{"cronExpression":"*/5 * * * *","level":"info","message":"Cron scheduler started","syncInterval":5,"timestamp":"2025-12-22T19:28:21.402Z"}
{"level":"info","message":"Running initial ingestion","timestamp":"2025-12-22T19:28:21.403Z"}
{"level":"info","message":"Initial ingestion completed successfully","timestamp":"2025-12-22T19:28:23.521Z"}
{"level":"info","message":"POS Data Collector Agent is running","timestamp":"2025-12-22T19:28:23.523Z"}
{"cronExpression":"*/5 * * * *","level":"info","message":"POS Data Collector Agent starting","syncInterval":"5 minutes","timestamp":"2025-12-22T19:28:37.926Z"}
{"cronExpression":"*/5 * * * *","level":"info","message":"Cron scheduler started","syncInterval":5,"timestamp":"2025-12-22T19:28:38.176Z"}
{"level":"info","message":"Running initial ingestion","timestamp":"2025-12-22T19:28:38.177Z"}
{"level":"info","message":"Initial ingestion completed successfully","timestamp":"2025-12-22T19:28:40.219Z"}
{"level":"info","message":"POS Data Collector Agent is running","timestamp":"2025-12-22T19:28:40.222Z"}
