{"cronExpression":"*/5 * * * *","level":"info","message":"POS Data Collector Agent starting","syncInterval":"5 minutes","timestamp":"2025-12-29T07:49:49.092Z"}
{"cronExpression":"*/5 * * * *","level":"info","message":"Cron scheduler started","syncInterval":5,"timestamp":"2025-12-29T07:49:49.294Z"}
{"level":"info","message":"Running initial ingestion","timestamp":"2025-12-29T07:49:49.295Z"}
{"level":"info","message":"Initial ingestion completed successfully","timestamp":"2025-12-29T07:49:50.609Z"}
{"level":"info","message":"POS Data Collector Agent is running","timestamp":"2025-12-29T07:49:50.610Z"}
{"level":"info","message":"Scheduled ingestion triggered","timestamp":"2025-12-29T07:50:00.046Z"}
{"level":"info","message":"Received SIGINT, shutting down gracefully","timestamp":"2025-12-29T07:51:03.595Z"}
{"cronExpression":"*/5 * * * *","level":"info","message":"POS Data Collector Agent starting","syncInterval":"5 minutes","timestamp":"2025-12-29T07:54:05.031Z"}
{"cronExpression":"*/5 * * * *","level":"info","message":"Cron scheduler started","syncInterval":5,"timestamp":"2025-12-29T07:54:05.143Z"}
{"level":"info","message":"Running initial ingestion","timestamp":"2025-12-29T07:54:05.144Z"}
{"level":"info","message":"Initial ingestion completed successfully","timestamp":"2025-12-29T07:54:06.397Z"}
{"level":"info","message":"POS Data Collector Agent is running","timestamp":"2025-12-29T07:54:06.398Z"}
{"level":"info","message":"Scheduled ingestion triggered","timestamp":"2025-12-29T07:55:00.046Z"}
{"level":"info","message":"Received SIGINT, shutting down gracefully","timestamp":"2025-12-29T07:55:03.301Z"}
{"cronExpression":"*/5 * * * *","level":"info","message":"POS Data Collector Agent starting","syncInterval":"5 minutes","timestamp":"2025-12-29T07:55:25.379Z"}
{"cronExpression":"*/5 * * * *","level":"info","message":"Cron scheduler started","syncInterval":5,"timestamp":"2025-12-29T07:55:25.600Z"}
{"level":"info","message":"Running initial ingestion","timestamp":"2025-12-29T07:55:25.601Z"}
{"level":"info","message":"Initial ingestion completed successfully","timestamp":"2025-12-29T07:55:26.722Z"}
{"level":"info","message":"POS Data Collector Agent is running","timestamp":"2025-12-29T07:55:26.724Z"}
{"level":"info","message":"Scheduled ingestion triggered","timestamp":"2025-12-29T08:00:00.048Z"}
{"cronExpression":"*/5 * * * *","level":"info","message":"POS Data Collector Agent starting","syncInterval":"5 minutes","timestamp":"2025-12-29T08:01:32.089Z"}
{"cronExpression":"*/5 * * * *","level":"info","message":"Cron scheduler started","syncInterval":5,"timestamp":"2025-12-29T08:01:32.198Z"}
{"level":"info","message":"Running initial ingestion","timestamp":"2025-12-29T08:01:32.199Z"}
{"level":"info","message":"Initial ingestion completed successfully","timestamp":"2025-12-29T08:01:33.481Z"}
{"level":"info","message":"POS Data Collector Agent is running","timestamp":"2025-12-29T08:01:33.482Z"}
{"level":"info","message":"Received SIGINT, shutting down gracefully","timestamp":"2025-12-29T08:01:34.341Z"}
{"cronExpression":"*/5 * * * *","level":"info","message":"POS Data Collector Agent starting","syncInterval":"5 minutes","timestamp":"2025-12-29T08:01:42.853Z"}
{"cronExpression":"*/5 * * * *","level":"info","message":"Cron scheduler started","syncInterval":5,"timestamp":"2025-12-29T08:01:42.959Z"}
{"level":"info","message":"Running initial ingestion","timestamp":"2025-12-29T08:01:42.960Z"}
{"level":"info","message":"Initial ingestion completed successfully","timestamp":"2025-12-29T08:01:44.330Z"}
{"level":"info","message":"POS Data Collector Agent is running","timestamp":"2025-12-29T08:01:44.331Z"}
{"level":"info","message":"Scheduled ingestion triggered","timestamp":"2025-12-29T08:05:00.038Z"}
{"level":"info","message":"Received SIGINT, shutting down gracefully","timestamp":"2025-12-29T08:07:44.021Z"}
{"cronExpression":"*/5 * * * *","level":"info","message":"POS Data Collector Agent starting","syncInterval":"5 minutes","timestamp":"2025-12-29T08:07:53.611Z"}
{"cronExpression":"*/5 * * * *","level":"info","message":"Cron scheduler started","syncInterval":5,"timestamp":"2025-12-29T08:07:53.746Z"}
{"level":"info","message":"Running initial ingestion","timestamp":"2025-12-29T08:07:53.748Z"}
{"level":"info","message":"Initial ingestion completed successfully","timestamp":"2025-12-29T08:07:54.908Z"}
{"level":"info","message":"POS Data Collector Agent is running","timestamp":"2025-12-29T08:07:54.912Z"}
{"level":"info","message":"Scheduled ingestion triggered","timestamp":"2025-12-29T08:10:00.052Z"}
{"level":"info","message":"Scheduled ingestion triggered","timestamp":"2025-12-29T08:15:00.030Z"}
{"level":"info","message":"Received SIGINT, shutting down gracefully","timestamp":"2025-12-29T08:15:24.656Z"}
{"cronExpression":"*/5 * * * *","level":"info","message":"POS Data Collector Agent starting","syncInterval":"5 minutes","timestamp":"2025-12-29T08:15:31.166Z"}
{"cronExpression":"*/5 * * * *","level":"info","message":"Cron scheduler started","syncInterval":5,"timestamp":"2025-12-29T08:15:31.275Z"}
{"level":"info","message":"Running initial ingestion","timestamp":"2025-12-29T08:15:31.276Z"}
{"level":"info","message":"Initial ingestion completed successfully","timestamp":"2025-12-29T08:15:32.557Z"}
{"level":"info","message":"POS Data Collector Agent is running","timestamp":"2025-12-29T08:15:32.559Z"}
{"cronExpression":"*/5 * * * *","level":"info","message":"POS Data Collector Agent starting","syncInterval":"5 minutes","timestamp":"2025-12-29T08:16:49.838Z"}
{"cronExpression":"*/5 * * * *","level":"info","message":"Cron scheduler started","syncInterval":5,"timestamp":"2025-12-29T08:16:50.062Z"}
{"level":"info","message":"Running initial ingestion","timestamp":"2025-12-29T08:16:50.063Z"}
{"level":"info","message":"Initial ingestion completed successfully","timestamp":"2025-12-29T08:16:51.345Z"}
{"level":"info","message":"POS Data Collector Agent is running","timestamp":"2025-12-29T08:16:51.346Z"}
{"cronExpression":"*/5 * * * *","level":"info","message":"POS Data Collector Agent starting","syncInterval":"5 minutes","timestamp":"2025-12-29T08:17:00.618Z"}
{"cronExpression":"*/5 * * * *","level":"info","message":"Cron scheduler started","syncInterval":5,"timestamp":"2025-12-29T08:17:00.725Z"}
{"level":"info","message":"Running initial ingestion","timestamp":"2025-12-29T08:17:00.727Z"}
{"level":"info","message":"Initial ingestion completed successfully","timestamp":"2025-12-29T08:17:02.067Z"}
{"level":"info","message":"POS Data Collector Agent is running","timestamp":"2025-12-29T08:17:02.068Z"}
{"cronExpression":"*/5 * * * *","level":"info","message":"POS Data Collector Agent starting","syncInterval":"5 minutes","timestamp":"2025-12-29T08:19:23.797Z"}
{"cronExpression":"*/5 * * * *","level":"info","message":"Cron scheduler started","syncInterval":5,"timestamp":"2025-12-29T08:19:23.912Z"}
{"level":"info","message":"Running initial ingestion","timestamp":"2025-12-29T08:19:23.913Z"}
{"level":"info","message":"Initial ingestion completed successfully","timestamp":"2025-12-29T08:19:25.261Z"}
{"level":"info","message":"POS Data Collector Agent is running","timestamp":"2025-12-29T08:19:25.262Z"}
{"level":"info","message":"Scheduled ingestion triggered","timestamp":"2025-12-29T08:20:00.033Z"}
{"level":"info","message":"Received SIGINT, shutting down gracefully","timestamp":"2025-12-29T08:20:54.364Z"}
{"cronExpression":"*/5 * * * *","level":"info","message":"POS Data Collector Agent starting","syncInterval":"5 minutes","timestamp":"2025-12-29T08:21:04.742Z"}
{"cronExpression":"*/5 * * * *","level":"info","message":"Cron scheduler started","syncInterval":5,"timestamp":"2025-12-29T08:21:04.850Z"}
{"level":"info","message":"Running initial ingestion","timestamp":"2025-12-29T08:21:04.851Z"}
{"level":"info","message":"Initial ingestion completed successfully","timestamp":"2025-12-29T08:21:05.888Z"}
{"level":"info","message":"POS Data Collector Agent is running","timestamp":"2025-12-29T08:21:05.890Z"}
{"level":"info","message":"Received SIGINT, shutting down gracefully","timestamp":"2025-12-29T08:21:35.004Z"}
{"cronExpression":"*/5 * * * *","level":"info","message":"POS Data Collector Agent starting","syncInterval":"5 minutes","timestamp":"2025-12-29T08:26:26.830Z"}
{"cronExpression":"*/5 * * * *","level":"info","message":"Cron scheduler started","syncInterval":5,"timestamp":"2025-12-29T08:26:26.936Z"}
{"level":"info","message":"Running initial ingestion","timestamp":"2025-12-29T08:26:26.937Z"}
{"level":"info","message":"Initial ingestion completed successfully","timestamp":"2025-12-29T08:26:28.652Z"}
{"level":"info","message":"POS Data Collector Agent is running","timestamp":"2025-12-29T08:26:28.654Z"}
{"level":"info","message":"Scheduled ingestion triggered","timestamp":"2025-12-29T08:30:00.054Z"}
{"cronExpression":"*/5 * * * *","level":"info","message":"POS Data Collector Agent starting","syncInterval":"5 minutes","timestamp":"2025-12-29T08:33:05.018Z"}
{"cronExpression":"*/5 * * * *","level":"info","message":"Cron scheduler started","syncInterval":5,"timestamp":"2025-12-29T08:33:05.127Z"}
{"level":"info","message":"Running initial ingestion","timestamp":"2025-12-29T08:33:05.129Z"}
{"level":"info","message":"Initial ingestion completed successfully","timestamp":"2025-12-29T08:33:06.126Z"}
{"level":"info","message":"POS Data Collector Agent is running","timestamp":"2025-12-29T08:33:06.128Z"}
{"level":"info","message":"Received SIGINT, shutting down gracefully","timestamp":"2025-12-29T08:33:08.829Z"}
{"cronExpression":"*/5 * * * *","level":"info","message":"POS Data Collector Agent starting","syncInterval":"5 minutes","timestamp":"2025-12-29T08:35:17.141Z"}
{"cronExpression":"*/5 * * * *","level":"info","message":"Cron scheduler started","syncInterval":5,"timestamp":"2025-12-29T08:35:17.247Z"}
{"level":"info","message":"Running initial ingestion","timestamp":"2025-12-29T08:35:17.248Z"}
{"level":"info","message":"Initial ingestion completed successfully","timestamp":"2025-12-29T08:35:18.414Z"}
{"level":"info","message":"POS Data Collector Agent is running","timestamp":"2025-12-29T08:35:18.416Z"}
{"level":"info","message":"Scheduled ingestion triggered","timestamp":"2025-12-29T08:40:00.044Z"}
{"level":"info","message":"Scheduled ingestion triggered","timestamp":"2025-12-29T08:45:00.025Z"}
{"level":"info","message":"Scheduled ingestion triggered","timestamp":"2025-12-29T08:50:00.030Z"}
{"level":"info","message":"Received SIGINT, shutting down gracefully","timestamp":"2025-12-29T09:28:22.955Z"}
{"cronExpression":"*/5 * * * *","level":"info","message":"POS Data Collector Agent starting","syncInterval":"5 minutes","timestamp":"2025-12-29T09:28:31.513Z"}
{"cronExpression":"*/5 * * * *","level":"info","message":"Cron scheduler started","syncInterval":5,"timestamp":"2025-12-29T09:28:31.715Z"}
{"level":"info","message":"Running initial ingestion","timestamp":"2025-12-29T09:28:31.716Z"}
{"level":"info","message":"Initial ingestion completed successfully","timestamp":"2025-12-29T09:28:33.014Z"}
{"level":"info","message":"POS Data Collector Agent is running","timestamp":"2025-12-29T09:28:33.017Z"}
{"level":"info","message":"Scheduled ingestion triggered","timestamp":"2025-12-29T09:30:00.029Z"}
{"level":"info","message":"Scheduled ingestion triggered","timestamp":"2025-12-29T09:35:00.052Z"}
{"cronExpression":"*/5 * * * *","level":"info","message":"POS Data Collector Agent starting","syncInterval":"5 minutes","timestamp":"2025-12-29T09:36:27.518Z"}
{"cronExpression":"*/5 * * * *","level":"info","message":"Cron scheduler started","syncInterval":5,"timestamp":"2025-12-29T09:36:27.807Z"}
{"level":"info","message":"Running initial ingestion","timestamp":"2025-12-29T09:36:27.810Z"}
{"level":"info","message":"Initial ingestion completed successfully","timestamp":"2025-12-29T09:36:29.397Z"}
{"level":"info","message":"POS Data Collector Agent is running","timestamp":"2025-12-29T09:36:29.399Z"}
{"level":"info","message":"Received SIGINT, shutting down gracefully","timestamp":"2025-12-29T09:37:09.165Z"}
{"cronExpression":"*/5 * * * *","level":"info","message":"POS Data Collector Agent starting","syncInterval":"5 minutes","timestamp":"2025-12-29T09:40:40.299Z"}
{"cronExpression":"*/5 * * * *","level":"info","message":"Cron scheduler started","syncInterval":5,"timestamp":"2025-12-29T09:40:40.584Z"}
{"level":"info","message":"Running initial ingestion","timestamp":"2025-12-29T09:40:40.585Z"}
{"level":"info","message":"Initial ingestion completed successfully","timestamp":"2025-12-29T09:40:42.098Z"}
{"level":"info","message":"POS Data Collector Agent is running","timestamp":"2025-12-29T09:40:42.101Z"}
{"level":"info","message":"Received SIGINT, shutting down gracefully","timestamp":"2025-12-29T09:41:05.257Z"}
{"cronExpression":"*/5 * * * *","level":"info","message":"POS Data Collector Agent starting","syncInterval":"5 minutes","timestamp":"2025-12-29T09:41:22.530Z"}
{"cronExpression":"*/5 * * * *","level":"info","message":"Cron scheduler started","syncInterval":5,"timestamp":"2025-12-29T09:41:22.801Z"}
{"level":"info","message":"Running initial ingestion","timestamp":"2025-12-29T09:41:22.803Z"}
{"level":"info","message":"Initial ingestion completed successfully","timestamp":"2025-12-29T09:41:24.089Z"}
{"level":"info","message":"POS Data Collector Agent is running","timestamp":"2025-12-29T09:41:24.093Z"}
{"cronExpression":"*/5 * * * *","level":"info","message":"POS Data Collector Agent starting","syncInterval":"5 minutes","timestamp":"2025-12-29T09:42:54.563Z"}
{"cronExpression":"*/5 * * * *","level":"info","message":"Cron scheduler started","syncInterval":5,"timestamp":"2025-12-29T09:42:54.879Z"}
{"level":"info","message":"Running initial ingestion","timestamp":"2025-12-29T09:42:54.881Z"}
{"level":"info","message":"Initial ingestion completed successfully","timestamp":"2025-12-29T09:42:56.315Z"}
{"level":"info","message":"POS Data Collector Agent is running","timestamp":"2025-12-29T09:42:56.317Z"}
{"level":"info","message":"Received SIGINT, shutting down gracefully","timestamp":"2025-12-29T09:43:56.554Z"}
{"cronExpression":"*/5 * * * *","level":"info","message":"POS Data Collector Agent starting","syncInterval":"5 minutes","timestamp":"2025-12-29T09:52:04.815Z"}
{"cronExpression":"*/5 * * * *","level":"info","message":"Cron scheduler started","syncInterval":5,"timestamp":"2025-12-29T09:52:05.069Z"}
{"level":"info","message":"Running initial ingestion","timestamp":"2025-12-29T09:52:05.071Z"}
{"level":"info","message":"Initial ingestion completed successfully","timestamp":"2025-12-29T09:52:06.694Z"}
{"level":"info","message":"POS Data Collector Agent is running","timestamp":"2025-12-29T09:52:06.697Z"}
{"level":"info","message":"Scheduled ingestion triggered","timestamp":"2025-12-29T09:55:00.034Z"}
{"level":"info","message":"Scheduled ingestion triggered","timestamp":"2025-12-29T10:00:00.045Z"}
{"level":"info","message":"Received SIGINT, shutting down gracefully","timestamp":"2025-12-29T11:59:38.659Z"}
{"cronExpression":"*/5 * * * *","level":"info","message":"POS Data Collector Agent starting","syncInterval":"5 minutes","timestamp":"2025-12-29T11:59:46.979Z"}
{"cronExpression":"*/5 * * * *","level":"info","message":"Cron scheduler started","syncInterval":5,"timestamp":"2025-12-29T11:59:47.225Z"}
{"level":"info","message":"Running initial ingestion","timestamp":"2025-12-29T11:59:47.228Z"}
{"level":"info","message":"Initial ingestion completed successfully","timestamp":"2025-12-29T11:59:48.681Z"}
{"level":"info","message":"POS Data Collector Agent is running","timestamp":"2025-12-29T11:59:48.684Z"}
{"level":"info","message":"Scheduled ingestion triggered","timestamp":"2025-12-29T12:00:00.019Z"}
{"level":"info","message":"Scheduled ingestion triggered","timestamp":"2025-12-29T12:05:00.080Z"}
{"level":"info","message":"Scheduled ingestion triggered","timestamp":"2025-12-29T12:10:00.038Z"}
{"cronExpression":"*/5 * * * *","level":"info","message":"POS Data Collector Agent starting","syncInterval":"5 minutes","timestamp":"2025-12-29T12:12:33.981Z"}
{"cronExpression":"*/5 * * * *","level":"info","message":"Cron scheduler started","syncInterval":5,"timestamp":"2025-12-29T12:12:34.437Z"}
{"level":"info","message":"Running initial ingestion","timestamp":"2025-12-29T12:12:34.439Z"}
{"level":"info","message":"Initial ingestion completed successfully","timestamp":"2025-12-29T12:12:35.623Z"}
{"level":"info","message":"POS Data Collector Agent is running","timestamp":"2025-12-29T12:12:35.628Z"}
{"level":"info","message":"Received SIGINT, shutting down gracefully","timestamp":"2025-12-29T12:12:40.744Z"}
{"cronExpression":"*/5 * * * *","level":"info","message":"POS Data Collector Agent starting","syncInterval":"5 minutes","timestamp":"2025-12-29T12:12:48.303Z"}
{"cronExpression":"*/5 * * * *","level":"info","message":"Cron scheduler started","syncInterval":5,"timestamp":"2025-12-29T12:12:48.700Z"}
{"level":"info","message":"Running initial ingestion","timestamp":"2025-12-29T12:12:48.702Z"}
{"level":"info","message":"Initial ingestion completed successfully","timestamp":"2025-12-29T12:12:49.845Z"}
{"level":"info","message":"POS Data Collector Agent is running","timestamp":"2025-12-29T12:12:49.849Z"}
{"level":"info","message":"Received SIGINT, shutting down gracefully","timestamp":"2025-12-29T12:14:52.503Z"}
{"cronExpression":"*/5 * * * *","level":"info","message":"POS Data Collector Agent starting","syncInterval":"5 minutes","timestamp":"2025-12-29T12:14:57.011Z"}
{"cronExpression":"*/5 * * * *","level":"info","message":"Cron scheduler started","syncInterval":5,"timestamp":"2025-12-29T12:14:57.265Z"}
{"level":"info","message":"Running initial ingestion","timestamp":"2025-12-29T12:14:57.266Z"}
{"level":"info","message":"Initial ingestion completed successfully","timestamp":"2025-12-29T12:14:59.682Z"}
{"level":"info","message":"POS Data Collector Agent is running","timestamp":"2025-12-29T12:14:59.686Z"}
{"level":"info","message":"Scheduled ingestion triggered","timestamp":"2025-12-29T12:15:00.044Z"}
{"cronExpression":"*/5 * * * *","level":"info","message":"POS Data Collector Agent starting","syncInterval":"5 minutes","timestamp":"2025-12-29T12:17:18.586Z"}
{"cronExpression":"*/5 * * * *","level":"info","message":"Cron scheduler started","syncInterval":5,"timestamp":"2025-12-29T12:17:19.082Z"}
{"level":"info","message":"Running initial ingestion","timestamp":"2025-12-29T12:17:19.085Z"}
{"level":"info","message":"Initial ingestion completed successfully","timestamp":"2025-12-29T12:17:20.180Z"}
{"level":"info","message":"POS Data Collector Agent is running","timestamp":"2025-12-29T12:17:20.187Z"}
{"level":"info","message":"Received SIGINT, shutting down gracefully","timestamp":"2025-12-29T12:17:38.528Z"}
{"cronExpression":"*/5 * * * *","level":"info","message":"POS Data Collector Agent starting","syncInterval":"5 minutes","timestamp":"2025-12-29T12:25:46.970Z"}
{"cronExpression":"*/5 * * * *","level":"info","message":"Cron scheduler started","syncInterval":5,"timestamp":"2025-12-29T12:25:47.259Z"}
{"level":"info","message":"Running initial ingestion","timestamp":"2025-12-29T12:25:47.261Z"}
{"level":"info","message":"Initial ingestion completed successfully","timestamp":"2025-12-29T12:25:48.512Z"}
{"level":"info","message":"POS Data Collector Agent is running","timestamp":"2025-12-29T12:25:48.517Z"}
{"level":"info","message":"Received SIGINT, shutting down gracefully","timestamp":"2025-12-29T12:26:03.836Z"}
{"cronExpression":"*/5 * * * *","level":"info","message":"POS Data Collector Agent starting","syncInterval":"5 minutes","timestamp":"2025-12-29T12:26:25.295Z"}
{"cronExpression":"*/5 * * * *","level":"info","message":"Cron scheduler started","syncInterval":5,"timestamp":"2025-12-29T12:26:25.556Z"}
{"level":"info","message":"Running initial ingestion","timestamp":"2025-12-29T12:26:25.557Z"}
{"level":"info","message":"Initial ingestion completed successfully","timestamp":"2025-12-29T12:26:27.435Z"}
{"level":"info","message":"POS Data Collector Agent is running","timestamp":"2025-12-29T12:26:27.438Z"}
{"level":"info","message":"Scheduled ingestion triggered","timestamp":"2025-12-29T12:30:00.038Z"}
{"level":"info","message":"Scheduled ingestion triggered","timestamp":"2025-12-29T12:35:00.032Z"}
{"level":"info","message":"Scheduled ingestion triggered","timestamp":"2025-12-29T13:20:00.039Z"}
{"level":"info","message":"Scheduled ingestion triggered","timestamp":"2025-12-29T13:25:00.037Z"}
{"level":"info","message":"Scheduled ingestion triggered","timestamp":"2025-12-29T13:30:00.041Z"}
{"level":"info","message":"Scheduled ingestion triggered","timestamp":"2025-12-29T13:35:00.042Z"}
{"level":"info","message":"Scheduled ingestion triggered","timestamp":"2025-12-29T13:40:00.023Z"}
{"level":"info","message":"Scheduled ingestion triggered","timestamp":"2025-12-29T13:45:00.034Z"}
{"level":"info","message":"Scheduled ingestion triggered","timestamp":"2025-12-29T13:50:00.083Z"}
{"level":"info","message":"Scheduled ingestion triggered","timestamp":"2025-12-29T13:55:00.017Z"}
{"level":"info","message":"Scheduled ingestion triggered","timestamp":"2025-12-29T14:00:00.022Z"}
{"level":"info","message":"Scheduled ingestion triggered","timestamp":"2025-12-29T14:05:00.020Z"}
{"level":"info","message":"Received SIGINT, shutting down gracefully","timestamp":"2025-12-29T15:23:58.466Z"}
{"cronExpression":"*/5 * * * *","level":"info","message":"POS Data Collector Agent starting","syncInterval":"5 minutes","timestamp":"2025-12-29T15:28:28.264Z"}
{"cronExpression":"*/5 * * * *","level":"info","message":"Cron scheduler started","syncInterval":5,"timestamp":"2025-12-29T15:28:28.367Z"}
{"level":"info","message":"Running initial ingestion","timestamp":"2025-12-29T15:28:28.368Z"}
{"level":"info","message":"Initial ingestion completed successfully","timestamp":"2025-12-29T15:28:29.471Z"}
{"level":"info","message":"POS Data Collector Agent is running","timestamp":"2025-12-29T15:28:29.473Z"}
{"level":"info","message":"Received SIGINT, shutting down gracefully","timestamp":"2025-12-29T15:28:55.190Z"}
{"cronExpression":"*/5 * * * *","level":"info","message":"POS Data Collector Agent starting","syncInterval":"5 minutes","timestamp":"2025-12-29T15:31:59.213Z"}
{"cronExpression":"*/5 * * * *","level":"info","message":"Cron scheduler started","syncInterval":5,"timestamp":"2025-12-29T15:31:59.328Z"}
{"level":"info","message":"Running initial ingestion","timestamp":"2025-12-29T15:31:59.329Z"}
{"level":"info","message":"Initial ingestion completed successfully","timestamp":"2025-12-29T15:32:00.644Z"}
{"level":"info","message":"POS Data Collector Agent is running","timestamp":"2025-12-29T15:32:00.645Z"}
{"level":"info","message":"Scheduled ingestion triggered","timestamp":"2025-12-29T15:35:00.046Z"}
{"level":"info","message":"Received SIGINT, shutting down gracefully","timestamp":"2025-12-29T15:38:19.336Z"}
{"cronExpression":"*/5 * * * *","level":"info","message":"POS Data Collector Agent starting","syncInterval":"5 minutes","timestamp":"2025-12-29T15:48:10.685Z"}
{"cronExpression":"*/5 * * * *","level":"info","message":"Cron scheduler started","syncInterval":5,"timestamp":"2025-12-29T15:48:10.789Z"}
{"level":"info","message":"Running initial ingestion","timestamp":"2025-12-29T15:48:10.790Z"}
{"level":"info","message":"Initial ingestion completed successfully","timestamp":"2025-12-29T15:48:11.626Z"}
{"level":"info","message":"POS Data Collector Agent is running","timestamp":"2025-12-29T15:48:11.630Z"}
{"level":"info","message":"Received SIGINT, shutting down gracefully","timestamp":"2025-12-29T15:48:37.030Z"}
{"cronExpression":"*/5 * * * *","level":"info","message":"POS Data Collector Agent starting","syncInterval":"5 minutes","timestamp":"2025-12-29T15:48:54.696Z"}
{"cronExpression":"*/5 * * * *","level":"info","message":"Cron scheduler started","syncInterval":5,"timestamp":"2025-12-29T15:48:54.807Z"}
{"level":"info","message":"Running initial ingestion","timestamp":"2025-12-29T15:48:54.808Z"}
{"level":"info","message":"Initial ingestion completed successfully","timestamp":"2025-12-29T15:48:55.886Z"}
{"level":"info","message":"POS Data Collector Agent is running","timestamp":"2025-12-29T15:48:55.889Z"}
{"level":"info","message":"Scheduled ingestion triggered","timestamp":"2025-12-29T15:50:00.024Z"}
{"cronExpression":"*/5 * * * *","level":"info","message":"POS Data Collector Agent starting","syncInterval":"5 minutes","timestamp":"2025-12-29T15:50:57.037Z"}
{"cronExpression":"*/5 * * * *","level":"info","message":"Cron scheduler started","syncInterval":5,"timestamp":"2025-12-29T15:50:57.259Z"}
{"level":"info","message":"Running initial ingestion","timestamp":"2025-12-29T15:50:57.260Z"}
{"level":"info","message":"Initial ingestion completed successfully","timestamp":"2025-12-29T15:50:58.559Z"}
{"level":"info","message":"POS Data Collector Agent is running","timestamp":"2025-12-29T15:50:58.560Z"}
{"level":"info","message":"Scheduled ingestion triggered","timestamp":"2025-12-29T15:55:00.032Z"}
{"level":"info","message":"Received SIGINT, shutting down gracefully","timestamp":"2025-12-29T15:55:35.693Z"}
{"cronExpression":"*/5 * * * *","level":"info","message":"POS Data Collector Agent starting","syncInterval":"5 minutes","timestamp":"2025-12-29T15:55:41.948Z"}
{"cronExpression":"*/5 * * * *","level":"info","message":"Cron scheduler started","syncInterval":5,"timestamp":"2025-12-29T15:55:42.062Z"}
{"level":"info","message":"Running initial ingestion","timestamp":"2025-12-29T15:55:42.062Z"}
{"level":"info","message":"Initial ingestion completed successfully","timestamp":"2025-12-29T15:55:42.909Z"}
{"level":"info","message":"POS Data Collector Agent is running","timestamp":"2025-12-29T15:55:42.911Z"}
{"level":"info","message":"Received SIGINT, shutting down gracefully","timestamp":"2025-12-29T15:56:39.551Z"}
{"cronExpression":"*/5 * * * *","level":"info","message":"POS Data Collector Agent starting","syncInterval":"5 minutes","timestamp":"2025-12-29T16:45:26.523Z"}
{"cronExpression":"*/5 * * * *","level":"info","message":"Cron scheduler started","syncInterval":5,"timestamp":"2025-12-29T16:45:26.789Z"}
{"level":"info","message":"Running initial ingestion","timestamp":"2025-12-29T16:45:26.791Z"}
{"level":"info","message":"Initial ingestion completed successfully","timestamp":"2025-12-29T16:45:29.384Z"}
{"level":"info","message":"POS Data Collector Agent is running","timestamp":"2025-12-29T16:45:29.387Z"}
{"level":"info","message":"Received SIGINT, shutting down gracefully","timestamp":"2025-12-29T16:46:04.345Z"}
{"cronExpression":"*/5 * * * *","level":"info","message":"POS Data Collector Agent starting","syncInterval":"5 minutes","timestamp":"2025-12-29T16:56:05.377Z"}
{"cronExpression":"*/5 * * * *","level":"info","message":"Cron scheduler started","syncInterval":5,"timestamp":"2025-12-29T16:56:05.634Z"}
{"level":"info","message":"Running initial ingestion","timestamp":"2025-12-29T16:56:05.635Z"}
{"level":"info","message":"Initial ingestion completed successfully","timestamp":"2025-12-29T16:56:08.096Z"}
{"level":"info","message":"POS Data Collector Agent is running","timestamp":"2025-12-29T16:56:08.100Z"}
{"level":"info","message":"Received SIGINT, shutting down gracefully","timestamp":"2025-12-29T16:57:48.035Z"}
{"cronExpression":"*/5 * * * *","level":"info","message":"POS Data Collector Agent starting","syncInterval":"5 minutes","timestamp":"2025-12-29T17:05:43.795Z"}
{"cronExpression":"*/5 * * * *","level":"info","message":"Cron scheduler started","syncInterval":5,"timestamp":"2025-12-29T17:05:44.062Z"}
{"level":"info","message":"Running initial ingestion","timestamp":"2025-12-29T17:05:44.064Z"}
{"level":"info","message":"Initial ingestion completed successfully","timestamp":"2025-12-29T17:05:46.206Z"}
{"level":"info","message":"POS Data Collector Agent is running","timestamp":"2025-12-29T17:05:46.208Z"}
{"level":"info","message":"Scheduled ingestion triggered","timestamp":"2025-12-29T17:10:00.052Z"}
{"cronExpression":"*/5 * * * *","level":"info","message":"POS Data Collector Agent starting","syncInterval":"5 minutes","timestamp":"2025-12-29T17:11:37.629Z"}
{"cronExpression":"*/5 * * * *","level":"info","message":"Cron scheduler started","syncInterval":5,"timestamp":"2025-12-29T17:11:37.871Z"}
{"level":"info","message":"Running initial ingestion","timestamp":"2025-12-29T17:11:37.872Z"}
{"level":"info","message":"Initial ingestion completed successfully","timestamp":"2025-12-29T17:11:39.048Z"}
{"level":"info","message":"POS Data Collector Agent is running","timestamp":"2025-12-29T17:11:39.051Z"}
