{"cronExpression":"*/5 * * * *","level":"info","message":"POS Data Collector Agent starting","syncInterval":"5 minutes","timestamp":"2025-12-31T08:26:33.646Z"}
{"cronExpression":"*/5 * * * *","level":"info","message":"Cron scheduler started","syncInterval":5,"timestamp":"2025-12-31T08:26:33.991Z"}
{"level":"info","message":"Running initial ingestion","timestamp":"2025-12-31T08:26:33.993Z"}
{"level":"info","message":"Initial ingestion completed successfully","timestamp":"2025-12-31T08:26:34.362Z"}
{"level":"info","message":"POS Data Collector Agent is running","timestamp":"2025-12-31T08:26:34.366Z"}
{"level":"info","message":"Scheduled ingestion triggered","timestamp":"2025-12-31T08:30:00.070Z"}
{"level":"info","message":"Received SIGINT, shutting down gracefully","timestamp":"2025-12-31T08:31:49.996Z"}
{"cronExpression":"*/5 * * * *","level":"info","message":"POS Data Collector Agent starting","syncInterval":"5 minutes","timestamp":"2025-12-31T08:32:09.413Z"}
{"cronExpression":"*/5 * * * *","level":"info","message":"Cron scheduler started","syncInterval":5,"timestamp":"2025-12-31T08:32:09.665Z"}
{"level":"info","message":"Running initial ingestion","timestamp":"2025-12-31T08:32:09.667Z"}
{"level":"info","message":"Initial ingestion completed successfully","timestamp":"2025-12-31T08:32:09.710Z"}
{"level":"info","message":"POS Data Collector Agent is running","timestamp":"2025-12-31T08:32:09.712Z"}
{"cronExpression":"*/5 * * * *","level":"info","message":"POS Data Collector Agent starting","syncInterval":"5 minutes","timestamp":"2025-12-31T08:32:36.303Z"}
{"cronExpression":"*/5 * * * *","level":"info","message":"Cron scheduler started","syncInterval":5,"timestamp":"2025-12-31T08:32:36.652Z"}
{"level":"info","message":"Running initial ingestion","timestamp":"2025-12-31T08:32:36.654Z"}
{"level":"info","message":"Initial ingestion completed successfully","timestamp":"2025-12-31T08:32:38.422Z"}
{"level":"info","message":"POS Data Collector Agent is running","timestamp":"2025-12-31T08:32:38.426Z"}
{"level":"info","message":"Scheduled ingestion triggered","timestamp":"2025-12-31T08:35:00.073Z"}
{"level":"info","message":"Scheduled ingestion triggered","timestamp":"2025-12-31T08:40:00.033Z"}
{"level":"info","message":"Received SIGINT, shutting down gracefully","timestamp":"2025-12-31T08:44:59.164Z"}
{"cronExpression":"*/5 * * * *","level":"info","message":"POS Data Collector Agent starting","syncInterval":"5 minutes","timestamp":"2025-12-31T08:53:25.861Z"}
{"cronExpression":"*/5 * * * *","level":"info","message":"Cron scheduler started","syncInterval":5,"timestamp":"2025-12-31T08:53:26.119Z"}
{"level":"info","message":"Running initial ingestion","timestamp":"2025-12-31T08:53:26.120Z"}
{"level":"info","message":"Initial ingestion completed successfully","timestamp":"2025-12-31T08:53:27.949Z"}
{"level":"info","message":"POS Data Collector Agent is running","timestamp":"2025-12-31T08:53:27.951Z"}
{"level":"info","message":"Scheduled ingestion triggered","timestamp":"2025-12-31T08:55:00.061Z"}
{"level":"info","message":"Received SIGINT, shutting down gracefully","timestamp":"2025-12-31T08:55:50.726Z"}
{"cronExpression":"*/5 * * * *","level":"info","message":"POS Data Collector Agent starting","syncInterval":"5 minutes","timestamp":"2025-12-31T09:02:58.907Z"}
{"cronExpression":"*/5 * * * *","level":"info","message":"Cron scheduler started","syncInterval":5,"timestamp":"2025-12-31T09:02:59.151Z"}
{"level":"info","message":"Running initial ingestion","timestamp":"2025-12-31T09:02:59.153Z"}
{"level":"info","message":"Initial ingestion completed successfully","timestamp":"2025-12-31T09:03:01.092Z"}
{"level":"info","message":"POS Data Collector Agent is running","timestamp":"2025-12-31T09:03:01.095Z"}
{"level":"info","message":"Received SIGINT, shutting down gracefully","timestamp":"2025-12-31T09:03:32.895Z"}
{"cronExpression":"*/5 * * * *","level":"info","message":"POS Data Collector Agent starting","syncInterval":"5 minutes","timestamp":"2025-12-31T09:19:04.972Z"}
{"cronExpression":"*/5 * * * *","level":"info","message":"Cron scheduler started","syncInterval":5,"timestamp":"2025-12-31T09:19:05.266Z"}
{"level":"info","message":"Running initial ingestion","timestamp":"2025-12-31T09:19:05.269Z"}
{"level":"info","message":"Initial ingestion completed successfully","timestamp":"2025-12-31T09:19:07.236Z"}
{"level":"info","message":"POS Data Collector Agent is running","timestamp":"2025-12-31T09:19:07.239Z"}
{"level":"info","message":"Received SIGINT, shutting down gracefully","timestamp":"2025-12-31T09:19:32.368Z"}
{"cronExpression":"*/5 * * * *","level":"info","message":"POS Data Collector Agent starting","syncInterval":"5 minutes","timestamp":"2025-12-31T09:31:20.302Z"}
{"cronExpression":"*/5 * * * *","level":"info","message":"Cron scheduler started","syncInterval":5,"timestamp":"2025-12-31T09:31:20.550Z"}
{"level":"info","message":"Running initial ingestion","timestamp":"2025-12-31T09:31:20.551Z"}
{"level":"info","message":"Initial ingestion completed successfully","timestamp":"2025-12-31T09:31:22.302Z"}
{"level":"info","message":"POS Data Collector Agent is running","timestamp":"2025-12-31T09:31:22.304Z"}
{"level":"info","message":"Received SIGINT, shutting down gracefully","timestamp":"2025-12-31T09:32:42.444Z"}
{"cronExpression":"*/5 * * * *","level":"info","message":"POS Data Collector Agent starting","syncInterval":"5 minutes","timestamp":"2025-12-31T09:33:29.991Z"}
{"cronExpression":"*/5 * * * *","level":"info","message":"Cron scheduler started","syncInterval":5,"timestamp":"2025-12-31T09:33:30.257Z"}
{"level":"info","message":"Running initial ingestion","timestamp":"2025-12-31T09:33:30.259Z"}
{"level":"info","message":"Initial ingestion completed successfully","timestamp":"2025-12-31T09:33:32.259Z"}
{"level":"info","message":"POS Data Collector Agent is running","timestamp":"2025-12-31T09:33:32.262Z"}
{"cronExpression":"*/5 * * * *","level":"info","message":"POS Data Collector Agent starting","syncInterval":"5 minutes","timestamp":"2025-12-31T09:34:32.743Z"}
{"cronExpression":"*/5 * * * *","level":"info","message":"Cron scheduler started","syncInterval":5,"timestamp":"2025-12-31T09:34:32.961Z"}
{"level":"info","message":"Running initial ingestion","timestamp":"2025-12-31T09:34:32.962Z"}
{"level":"info","message":"Initial ingestion completed successfully","timestamp":"2025-12-31T09:34:34.742Z"}
{"level":"info","message":"POS Data Collector Agent is running","timestamp":"2025-12-31T09:34:34.747Z"}
{"level":"info","message":"Scheduled ingestion triggered","timestamp":"2025-12-31T09:35:00.049Z"}
{"level":"info","message":"Scheduled ingestion triggered","timestamp":"2025-12-31T09:40:00.042Z"}
{"cronExpression":"*/5 * * * *","level":"info","message":"POS Data Collector Agent starting","syncInterval":"5 minutes","timestamp":"2025-12-31T09:43:29.661Z"}
{"cronExpression":"*/5 * * * *","level":"info","message":"Cron scheduler started","syncInterval":5,"timestamp":"2025-12-31T09:43:30.032Z"}
{"level":"info","message":"Running initial ingestion","timestamp":"2025-12-31T09:43:30.034Z"}
{"level":"info","message":"Initial ingestion completed successfully","timestamp":"2025-12-31T09:43:31.827Z"}
{"level":"info","message":"POS Data Collector Agent is running","timestamp":"2025-12-31T09:43:31.829Z"}
{"level":"info","message":"Scheduled ingestion triggered","timestamp":"2025-12-31T09:45:00.043Z"}
{"level":"info","message":"Scheduled ingestion triggered","timestamp":"2025-12-31T09:50:00.023Z"}
{"level":"info","message":"Scheduled ingestion triggered","timestamp":"2025-12-31T09:55:00.021Z"}
{"cronExpression":"*/5 * * * *","level":"info","message":"POS Data Collector Agent starting","syncInterval":"5 minutes","timestamp":"2025-12-31T10:51:50.195Z"}
{"cronExpression":"*/5 * * * *","level":"info","message":"Cron scheduler started","syncInterval":5,"timestamp":"2025-12-31T10:51:50.308Z"}
{"level":"info","message":"Running initial ingestion","timestamp":"2025-12-31T10:51:50.309Z"}
{"level":"info","message":"Initial ingestion completed successfully","timestamp":"2025-12-31T10:51:51.813Z"}
{"level":"info","message":"POS Data Collector Agent is running","timestamp":"2025-12-31T10:51:51.815Z"}
{"level":"info","message":"Scheduled ingestion triggered","timestamp":"2025-12-31T10:55:00.043Z"}
{"cronExpression":"*/5 * * * *","level":"info","message":"POS Data Collector Agent starting","syncInterval":"5 minutes","timestamp":"2025-12-31T10:55:21.735Z"}
{"cronExpression":"*/5 * * * *","level":"info","message":"Cron scheduler started","syncInterval":5,"timestamp":"2025-12-31T10:55:21.868Z"}
{"level":"info","message":"Running initial ingestion","timestamp":"2025-12-31T10:55:21.869Z"}
{"level":"info","message":"Initial ingestion completed successfully","timestamp":"2025-12-31T10:55:23.363Z"}
{"level":"info","message":"POS Data Collector Agent is running","timestamp":"2025-12-31T10:55:23.364Z"}
{"cronExpression":"*/5 * * * *","level":"info","message":"POS Data Collector Agent starting","syncInterval":"5 minutes","timestamp":"2025-12-31T10:55:53.308Z"}
{"cronExpression":"*/5 * * * *","level":"info","message":"Cron scheduler started","syncInterval":5,"timestamp":"2025-12-31T10:55:53.419Z"}
{"level":"info","message":"Running initial ingestion","timestamp":"2025-12-31T10:55:53.420Z"}
{"level":"info","message":"Initial ingestion completed successfully","timestamp":"2025-12-31T10:55:54.928Z"}
{"level":"info","message":"POS Data Collector Agent is running","timestamp":"2025-12-31T10:55:54.929Z"}
{"level":"info","message":"Received SIGINT, shutting down gracefully","timestamp":"2025-12-31T10:56:04.027Z"}
{"cronExpression":"*/5 * * * *","level":"info","message":"POS Data Collector Agent starting","syncInterval":"5 minutes","timestamp":"2025-12-31T10:56:09.420Z"}
{"cronExpression":"*/5 * * * *","level":"info","message":"Cron scheduler started","syncInterval":5,"timestamp":"2025-12-31T10:56:09.529Z"}
{"level":"info","message":"Running initial ingestion","timestamp":"2025-12-31T10:56:09.530Z"}
{"level":"info","message":"Initial ingestion completed successfully","timestamp":"2025-12-31T10:56:11.007Z"}
{"level":"info","message":"POS Data Collector Agent is running","timestamp":"2025-12-31T10:56:11.008Z"}
{"cronExpression":"*/5 * * * *","level":"info","message":"POS Data Collector Agent starting","syncInterval":"5 minutes","timestamp":"2025-12-31T10:57:26.094Z"}
{"cronExpression":"*/5 * * * *","level":"info","message":"Cron scheduler started","syncInterval":5,"timestamp":"2025-12-31T10:57:26.208Z"}
{"level":"info","message":"Running initial ingestion","timestamp":"2025-12-31T10:57:26.209Z"}
{"level":"info","message":"Initial ingestion completed successfully","timestamp":"2025-12-31T10:57:27.779Z"}
{"level":"info","message":"POS Data Collector Agent is running","timestamp":"2025-12-31T10:57:27.781Z"}
{"cronExpression":"*/5 * * * *","level":"info","message":"POS Data Collector Agent starting","syncInterval":"5 minutes","timestamp":"2025-12-31T10:58:59.132Z"}
{"cronExpression":"*/5 * * * *","level":"info","message":"Cron scheduler started","syncInterval":5,"timestamp":"2025-12-31T10:58:59.381Z"}
{"level":"info","message":"Running initial ingestion","timestamp":"2025-12-31T10:58:59.381Z"}
{"level":"info","message":"Initial ingestion completed successfully","timestamp":"2025-12-31T10:59:01.603Z"}
{"level":"info","message":"POS Data Collector Agent is running","timestamp":"2025-12-31T10:59:01.605Z"}
{"cronExpression":"*/5 * * * *","level":"info","message":"POS Data Collector Agent starting","syncInterval":"5 minutes","timestamp":"2025-12-31T10:59:02.459Z"}
{"cronExpression":"*/5 * * * *","level":"info","message":"Cron scheduler started","syncInterval":5,"timestamp":"2025-12-31T10:59:02.572Z"}
{"level":"info","message":"Running initial ingestion","timestamp":"2025-12-31T10:59:02.573Z"}
{"level":"info","message":"Initial ingestion completed successfully","timestamp":"2025-12-31T10:59:04.158Z"}
{"level":"info","message":"POS Data Collector Agent is running","timestamp":"2025-12-31T10:59:04.159Z"}
{"level":"info","message":"Scheduled ingestion triggered","timestamp":"2025-12-31T11:00:00.031Z"}
{"cronExpression":"*/5 * * * *","level":"info","message":"POS Data Collector Agent starting","syncInterval":"5 minutes","timestamp":"2025-12-31T11:02:30.659Z"}
{"cronExpression":"*/5 * * * *","level":"info","message":"Cron scheduler started","syncInterval":5,"timestamp":"2025-12-31T11:02:30.774Z"}
{"level":"info","message":"Running initial ingestion","timestamp":"2025-12-31T11:02:30.775Z"}
{"level":"info","message":"Initial ingestion completed successfully","timestamp":"2025-12-31T11:02:32.554Z"}
{"level":"info","message":"POS Data Collector Agent is running","timestamp":"2025-12-31T11:02:32.555Z"}
{"level":"info","message":"Received SIGINT, shutting down gracefully","timestamp":"2025-12-31T11:03:14.488Z"}
{"cronExpression":"*/5 * * * *","level":"info","message":"POS Data Collector Agent starting","syncInterval":"5 minutes","timestamp":"2025-12-31T11:06:50.451Z"}
{"cronExpression":"*/5 * * * *","level":"info","message":"Cron scheduler started","syncInterval":5,"timestamp":"2025-12-31T11:06:50.560Z"}
{"level":"info","message":"Running initial ingestion","timestamp":"2025-12-31T11:06:50.560Z"}
{"level":"info","message":"Initial ingestion completed successfully","timestamp":"2025-12-31T11:06:51.965Z"}
{"level":"info","message":"POS Data Collector Agent is running","timestamp":"2025-12-31T11:06:51.967Z"}
{"level":"info","message":"Received SIGINT, shutting down gracefully","timestamp":"2025-12-31T11:06:56.900Z"}
{"cronExpression":"*/5 * * * *","level":"info","message":"POS Data Collector Agent starting","syncInterval":"5 minutes","timestamp":"2025-12-31T11:07:17.018Z"}
{"cronExpression":"*/5 * * * *","level":"info","message":"Cron scheduler started","syncInterval":5,"timestamp":"2025-12-31T11:07:17.296Z"}
{"level":"info","message":"Running initial ingestion","timestamp":"2025-12-31T11:07:17.297Z"}
{"level":"info","message":"Initial ingestion completed successfully","timestamp":"2025-12-31T11:07:18.854Z"}
{"level":"info","message":"POS Data Collector Agent is running","timestamp":"2025-12-31T11:07:18.855Z"}
{"level":"info","message":"Scheduled ingestion triggered","timestamp":"2025-12-31T11:10:00.032Z"}
{"cronExpression":"*/5 * * * *","level":"info","message":"POS Data Collector Agent starting","syncInterval":"5 minutes","timestamp":"2025-12-31T11:14:18.005Z"}
{"cronExpression":"*/5 * * * *","level":"info","message":"Cron scheduler started","syncInterval":5,"timestamp":"2025-12-31T11:14:18.112Z"}
{"level":"info","message":"Running initial ingestion","timestamp":"2025-12-31T11:14:18.113Z"}
{"level":"info","message":"Initial ingestion completed successfully","timestamp":"2025-12-31T11:14:19.629Z"}
{"level":"info","message":"POS Data Collector Agent is running","timestamp":"2025-12-31T11:14:19.631Z"}
{"level":"info","message":"Received SIGINT, shutting down gracefully","timestamp":"2025-12-31T11:14:28.358Z"}
{"cronExpression":"*/5 * * * *","level":"info","message":"POS Data Collector Agent starting","syncInterval":"5 minutes","timestamp":"2025-12-31T11:14:42.875Z"}
{"cronExpression":"*/5 * * * *","level":"info","message":"Cron scheduler started","syncInterval":5,"timestamp":"2025-12-31T11:14:42.987Z"}
{"level":"info","message":"Running initial ingestion","timestamp":"2025-12-31T11:14:42.988Z"}
{"level":"info","message":"Initial ingestion completed successfully","timestamp":"2025-12-31T11:14:44.408Z"}
{"level":"info","message":"POS Data Collector Agent is running","timestamp":"2025-12-31T11:14:44.409Z"}
{"level":"info","message":"Received SIGINT, shutting down gracefully","timestamp":"2025-12-31T11:14:51.587Z"}
{"cronExpression":"*/5 * * * *","level":"info","message":"POS Data Collector Agent starting","syncInterval":"5 minutes","timestamp":"2025-12-31T11:15:15.609Z"}
{"cronExpression":"*/5 * * * *","level":"info","message":"Cron scheduler started","syncInterval":5,"timestamp":"2025-12-31T11:15:15.718Z"}
{"level":"info","message":"Running initial ingestion","timestamp":"2025-12-31T11:15:15.718Z"}
{"level":"info","message":"Initial ingestion completed successfully","timestamp":"2025-12-31T11:15:17.324Z"}
{"level":"info","message":"POS Data Collector Agent is running","timestamp":"2025-12-31T11:15:17.325Z"}
{"cronExpression":"*/5 * * * *","level":"info","message":"POS Data Collector Agent starting","syncInterval":"5 minutes","timestamp":"2025-12-31T11:16:15.875Z"}
{"cronExpression":"*/5 * * * *","level":"info","message":"Cron scheduler started","syncInterval":5,"timestamp":"2025-12-31T11:16:15.988Z"}
{"level":"info","message":"Running initial ingestion","timestamp":"2025-12-31T11:16:15.988Z"}
{"level":"info","message":"Initial ingestion completed successfully","timestamp":"2025-12-31T11:16:17.592Z"}
{"level":"info","message":"POS Data Collector Agent is running","timestamp":"2025-12-31T11:16:17.593Z"}
{"cronExpression":"*/5 * * * *","level":"info","message":"POS Data Collector Agent starting","syncInterval":"5 minutes","timestamp":"2025-12-31T11:16:50.842Z"}
{"cronExpression":"*/5 * * * *","level":"info","message":"Cron scheduler started","syncInterval":5,"timestamp":"2025-12-31T11:16:50.980Z"}
{"level":"info","message":"Running initial ingestion","timestamp":"2025-12-31T11:16:50.981Z"}
{"level":"info","message":"Initial ingestion completed successfully","timestamp":"2025-12-31T11:16:52.463Z"}
{"level":"info","message":"POS Data Collector Agent is running","timestamp":"2025-12-31T11:16:52.465Z"}
{"cronExpression":"*/5 * * * *","level":"info","message":"POS Data Collector Agent starting","syncInterval":"5 minutes","timestamp":"2025-12-31T11:17:17.820Z"}
{"cronExpression":"*/5 * * * *","level":"info","message":"Cron scheduler started","syncInterval":5,"timestamp":"2025-12-31T11:17:18.002Z"}
{"level":"info","message":"Running initial ingestion","timestamp":"2025-12-31T11:17:18.003Z"}
{"level":"info","message":"Initial ingestion completed successfully","timestamp":"2025-12-31T11:17:19.574Z"}
{"level":"info","message":"POS Data Collector Agent is running","timestamp":"2025-12-31T11:17:19.575Z"}
{"cronExpression":"*/5 * * * *","level":"info","message":"POS Data Collector Agent starting","syncInterval":"5 minutes","timestamp":"2025-12-31T11:18:54.768Z"}
{"cronExpression":"*/5 * * * *","level":"info","message":"Cron scheduler started","syncInterval":5,"timestamp":"2025-12-31T11:18:54.898Z"}
{"level":"info","message":"Running initial ingestion","timestamp":"2025-12-31T11:18:54.899Z"}
{"level":"info","message":"Initial ingestion completed successfully","timestamp":"2025-12-31T11:18:56.349Z"}
{"level":"info","message":"POS Data Collector Agent is running","timestamp":"2025-12-31T11:18:56.351Z"}
{"level":"info","message":"Received SIGINT, shutting down gracefully","timestamp":"2025-12-31T11:19:09.594Z"}
{"cronExpression":"*/5 * * * *","level":"info","message":"POS Data Collector Agent starting","syncInterval":"5 minutes","timestamp":"2025-12-31T11:19:20.798Z"}
{"cronExpression":"*/5 * * * *","level":"info","message":"Cron scheduler started","syncInterval":5,"timestamp":"2025-12-31T11:19:20.906Z"}
{"level":"info","message":"Running initial ingestion","timestamp":"2025-12-31T11:19:20.907Z"}
{"level":"info","message":"Initial ingestion completed successfully","timestamp":"2025-12-31T11:19:22.284Z"}
{"level":"info","message":"POS Data Collector Agent is running","timestamp":"2025-12-31T11:19:22.285Z"}
{"cronExpression":"*/5 * * * *","level":"info","message":"POS Data Collector Agent starting","syncInterval":"5 minutes","timestamp":"2025-12-31T11:19:58.803Z"}
{"cronExpression":"*/5 * * * *","level":"info","message":"Cron scheduler started","syncInterval":5,"timestamp":"2025-12-31T11:19:58.912Z"}
{"level":"info","message":"Running initial ingestion","timestamp":"2025-12-31T11:19:58.912Z"}
{"level":"info","message":"Scheduled ingestion triggered","timestamp":"2025-12-31T11:20:00.016Z"}
{"level":"info","message":"Initial ingestion completed successfully","timestamp":"2025-12-31T11:20:00.724Z"}
{"level":"info","message":"POS Data Collector Agent is running","timestamp":"2025-12-31T11:20:00.725Z"}
{"level":"info","message":"Received SIGINT, shutting down gracefully","timestamp":"2025-12-31T11:20:16.761Z"}
{"cronExpression":"*/5 * * * *","level":"info","message":"POS Data Collector Agent starting","syncInterval":"5 minutes","timestamp":"2025-12-31T11:20:22.785Z"}
{"cronExpression":"*/5 * * * *","level":"info","message":"Cron scheduler started","syncInterval":5,"timestamp":"2025-12-31T11:20:22.890Z"}
{"level":"info","message":"Running initial ingestion","timestamp":"2025-12-31T11:20:22.891Z"}
{"level":"info","message":"Initial ingestion completed successfully","timestamp":"2025-12-31T11:20:24.974Z"}
{"level":"info","message":"POS Data Collector Agent is running","timestamp":"2025-12-31T11:20:24.975Z"}
{"cronExpression":"*/5 * * * *","level":"info","message":"POS Data Collector Agent starting","syncInterval":"5 minutes","timestamp":"2025-12-31T11:21:56.552Z"}
{"cronExpression":"*/5 * * * *","level":"info","message":"Cron scheduler started","syncInterval":5,"timestamp":"2025-12-31T11:21:56.663Z"}
{"level":"info","message":"Running initial ingestion","timestamp":"2025-12-31T11:21:56.664Z"}
{"level":"info","message":"Initial ingestion completed successfully","timestamp":"2025-12-31T11:21:58.462Z"}
{"level":"info","message":"POS Data Collector Agent is running","timestamp":"2025-12-31T11:21:58.463Z"}
{"cronExpression":"*/5 * * * *","level":"info","message":"POS Data Collector Agent starting","syncInterval":"5 minutes","timestamp":"2025-12-31T11:22:11.594Z"}
{"cronExpression":"*/5 * * * *","level":"info","message":"Cron scheduler started","syncInterval":5,"timestamp":"2025-12-31T11:22:11.750Z"}
{"level":"info","message":"Running initial ingestion","timestamp":"2025-12-31T11:22:11.750Z"}
{"level":"info","message":"Initial ingestion completed successfully","timestamp":"2025-12-31T11:22:13.947Z"}
{"level":"info","message":"POS Data Collector Agent is running","timestamp":"2025-12-31T11:22:13.948Z"}
{"cronExpression":"*/5 * * * *","level":"info","message":"POS Data Collector Agent starting","syncInterval":"5 minutes","timestamp":"2025-12-31T11:22:50.816Z"}
{"cronExpression":"*/5 * * * *","level":"info","message":"Cron scheduler started","syncInterval":5,"timestamp":"2025-12-31T11:22:51.038Z"}
{"level":"info","message":"Running initial ingestion","timestamp":"2025-12-31T11:22:51.039Z"}
{"level":"info","message":"Initial ingestion completed successfully","timestamp":"2025-12-31T11:22:53.078Z"}
{"level":"info","message":"POS Data Collector Agent is running","timestamp":"2025-12-31T11:22:53.079Z"}
{"level":"info","message":"Scheduled ingestion triggered","timestamp":"2025-12-31T11:25:00.029Z"}
{"level":"info","message":"Received SIGINT, shutting down gracefully","timestamp":"2025-12-31T11:25:12.146Z"}
{"cronExpression":"*/5 * * * *","level":"info","message":"POS Data Collector Agent starting","syncInterval":"5 minutes","timestamp":"2025-12-31T11:26:36.428Z"}
{"cronExpression":"*/5 * * * *","level":"info","message":"Cron scheduler started","syncInterval":5,"timestamp":"2025-12-31T11:26:36.537Z"}
{"level":"info","message":"Running initial ingestion","timestamp":"2025-12-31T11:26:36.538Z"}
{"level":"info","message":"Initial ingestion completed successfully","timestamp":"2025-12-31T11:26:38.601Z"}
{"level":"info","message":"POS Data Collector Agent is running","timestamp":"2025-12-31T11:26:38.602Z"}
{"level":"info","message":"Received SIGINT, shutting down gracefully","timestamp":"2025-12-31T11:26:56.123Z"}
{"cronExpression":"*/5 * * * *","level":"info","message":"POS Data Collector Agent starting","syncInterval":"5 minutes","timestamp":"2025-12-31T11:27:36.418Z"}
{"cronExpression":"*/5 * * * *","level":"info","message":"Cron scheduler started","syncInterval":5,"timestamp":"2025-12-31T11:27:36.522Z"}
{"level":"info","message":"Running initial ingestion","timestamp":"2025-12-31T11:27:36.522Z"}
{"level":"info","message":"Initial ingestion completed successfully","timestamp":"2025-12-31T11:27:38.565Z"}
{"level":"info","message":"POS Data Collector Agent is running","timestamp":"2025-12-31T11:27:38.566Z"}
{"level":"info","message":"Scheduled ingestion triggered","timestamp":"2025-12-31T11:30:00.026Z"}
{"cronExpression":"*/5 * * * *","level":"info","message":"POS Data Collector Agent starting","syncInterval":"5 minutes","timestamp":"2025-12-31T11:31:10.896Z"}
{"cronExpression":"*/5 * * * *","level":"info","message":"Cron scheduler started","syncInterval":5,"timestamp":"2025-12-31T11:31:11.004Z"}
{"level":"info","message":"Running initial ingestion","timestamp":"2025-12-31T11:31:11.005Z"}
{"level":"info","message":"Initial ingestion completed successfully","timestamp":"2025-12-31T11:31:12.955Z"}
{"level":"info","message":"POS Data Collector Agent is running","timestamp":"2025-12-31T11:31:12.956Z"}
{"cronExpression":"*/5 * * * *","level":"info","message":"POS Data Collector Agent starting","syncInterval":"5 minutes","timestamp":"2025-12-31T11:32:31.888Z"}
{"cronExpression":"*/5 * * * *","level":"info","message":"Cron scheduler started","syncInterval":5,"timestamp":"2025-12-31T11:32:32.130Z"}
{"level":"info","message":"Running initial ingestion","timestamp":"2025-12-31T11:32:32.131Z"}
{"level":"info","message":"Initial ingestion completed successfully","timestamp":"2025-12-31T11:32:34.125Z"}
{"level":"info","message":"POS Data Collector Agent is running","timestamp":"2025-12-31T11:32:34.126Z"}
{"level":"info","message":"Scheduled ingestion triggered","timestamp":"2025-12-31T11:35:00.031Z"}
{"level":"info","message":"Received SIGINT, shutting down gracefully","timestamp":"2025-12-31T11:35:43.949Z"}
{"cronExpression":"*/5 * * * *","level":"info","message":"POS Data Collector Agent starting","syncInterval":"5 minutes","timestamp":"2025-12-31T11:38:16.656Z"}
{"cronExpression":"*/5 * * * *","level":"info","message":"Cron scheduler started","syncInterval":5,"timestamp":"2025-12-31T11:38:16.763Z"}
{"level":"info","message":"Running initial ingestion","timestamp":"2025-12-31T11:38:16.764Z"}
{"level":"info","message":"Initial ingestion completed successfully","timestamp":"2025-12-31T11:38:18.721Z"}
{"level":"info","message":"POS Data Collector Agent is running","timestamp":"2025-12-31T11:38:18.722Z"}
{"cronExpression":"*/5 * * * *","level":"info","message":"POS Data Collector Agent starting","syncInterval":"5 minutes","timestamp":"2025-12-31T11:39:08.974Z"}
{"cronExpression":"*/5 * * * *","level":"info","message":"Cron scheduler started","syncInterval":5,"timestamp":"2025-12-31T11:39:09.093Z"}
{"level":"info","message":"Running initial ingestion","timestamp":"2025-12-31T11:39:09.094Z"}
{"level":"info","message":"Initial ingestion completed successfully","timestamp":"2025-12-31T11:39:11.009Z"}
{"level":"info","message":"POS Data Collector Agent is running","timestamp":"2025-12-31T11:39:11.010Z"}
{"level":"info","message":"Scheduled ingestion triggered","timestamp":"2025-12-31T11:40:00.031Z"}
{"level":"info","message":"Received SIGINT, shutting down gracefully","timestamp":"2025-12-31T11:40:15.534Z"}
{"cronExpression":"*/5 * * * *","level":"info","message":"POS Data Collector Agent starting","syncInterval":"5 minutes","timestamp":"2025-12-31T11:41:27.712Z"}
{"cronExpression":"*/5 * * * *","level":"info","message":"Cron scheduler started","syncInterval":5,"timestamp":"2025-12-31T11:41:27.821Z"}
{"level":"info","message":"Running initial ingestion","timestamp":"2025-12-31T11:41:27.822Z"}
{"level":"info","message":"Initial ingestion completed successfully","timestamp":"2025-12-31T11:41:29.883Z"}
{"level":"info","message":"POS Data Collector Agent is running","timestamp":"2025-12-31T11:41:29.884Z"}
{"level":"info","message":"Received SIGINT, shutting down gracefully","timestamp":"2025-12-31T11:42:08.043Z"}
{"cronExpression":"*/5 * * * *","level":"info","message":"POS Data Collector Agent starting","syncInterval":"5 minutes","timestamp":"2025-12-31T11:44:00.579Z"}
{"cronExpression":"*/5 * * * *","level":"info","message":"Cron scheduler started","syncInterval":5,"timestamp":"2025-12-31T11:44:00.687Z"}
{"level":"info","message":"Running initial ingestion","timestamp":"2025-12-31T11:44:00.688Z"}
{"level":"info","message":"Initial ingestion completed successfully","timestamp":"2025-12-31T11:44:05.752Z"}
{"level":"info","message":"POS Data Collector Agent is running","timestamp":"2025-12-31T11:44:05.753Z"}
{"level":"info","message":"Scheduled ingestion triggered","timestamp":"2025-12-31T11:45:00.042Z"}
{"cronExpression":"*/5 * * * *","level":"info","message":"POS Data Collector Agent starting","syncInterval":"5 minutes","timestamp":"2025-12-31T11:46:22.510Z"}
{"cronExpression":"*/5 * * * *","level":"info","message":"Cron scheduler started","syncInterval":5,"timestamp":"2025-12-31T11:46:22.627Z"}
{"level":"info","message":"Running initial ingestion","timestamp":"2025-12-31T11:46:22.628Z"}
{"level":"info","message":"Initial ingestion completed successfully","timestamp":"2025-12-31T11:46:24.386Z"}
{"level":"info","message":"POS Data Collector Agent is running","timestamp":"2025-12-31T11:46:24.387Z"}
{"level":"info","message":"Received SIGINT, shutting down gracefully","timestamp":"2025-12-31T11:46:27.613Z"}
{"cronExpression":"*/5 * * * *","level":"info","message":"POS Data Collector Agent starting","syncInterval":"5 minutes","timestamp":"2025-12-31T11:46:33.620Z"}
{"cronExpression":"*/5 * * * *","level":"info","message":"Cron scheduler started","syncInterval":5,"timestamp":"2025-12-31T11:46:33.730Z"}
{"level":"info","message":"Running initial ingestion","timestamp":"2025-12-31T11:46:33.731Z"}
{"level":"info","message":"Initial ingestion completed successfully","timestamp":"2025-12-31T11:46:35.582Z"}
{"level":"info","message":"POS Data Collector Agent is running","timestamp":"2025-12-31T11:46:35.583Z"}
{"cronExpression":"*/5 * * * *","level":"info","message":"POS Data Collector Agent starting","syncInterval":"5 minutes","timestamp":"2025-12-31T11:47:52.260Z"}
{"cronExpression":"*/5 * * * *","level":"info","message":"Cron scheduler started","syncInterval":5,"timestamp":"2025-12-31T11:47:52.371Z"}
{"level":"info","message":"Running initial ingestion","timestamp":"2025-12-31T11:47:52.372Z"}
{"level":"info","message":"Initial ingestion completed successfully","timestamp":"2025-12-31T11:47:54.289Z"}
{"level":"info","message":"POS Data Collector Agent is running","timestamp":"2025-12-31T11:47:54.291Z"}
{"level":"info","message":"Received SIGINT, shutting down gracefully","timestamp":"2025-12-31T11:47:57.945Z"}
{"cronExpression":"*/5 * * * *","level":"info","message":"POS Data Collector Agent starting","syncInterval":"5 minutes","timestamp":"2025-12-31T11:48:36.582Z"}
{"cronExpression":"*/5 * * * *","level":"info","message":"Cron scheduler started","syncInterval":5,"timestamp":"2025-12-31T11:48:36.690Z"}
{"level":"info","message":"Running initial ingestion","timestamp":"2025-12-31T11:48:36.691Z"}
{"level":"info","message":"Initial ingestion completed successfully","timestamp":"2025-12-31T11:48:38.577Z"}
{"level":"info","message":"POS Data Collector Agent is running","timestamp":"2025-12-31T11:48:38.579Z"}
{"level":"info","message":"Scheduled ingestion triggered","timestamp":"2025-12-31T11:50:00.023Z"}
{"cronExpression":"*/5 * * * *","level":"info","message":"POS Data Collector Agent starting","syncInterval":"5 minutes","timestamp":"2025-12-31T11:50:08.843Z"}
{"cronExpression":"*/5 * * * *","level":"info","message":"Cron scheduler started","syncInterval":5,"timestamp":"2025-12-31T11:50:09.115Z"}
{"level":"info","message":"Running initial ingestion","timestamp":"2025-12-31T11:50:09.116Z"}
{"level":"info","message":"Initial ingestion completed successfully","timestamp":"2025-12-31T11:50:10.879Z"}
{"level":"info","message":"POS Data Collector Agent is running","timestamp":"2025-12-31T11:50:10.881Z"}
{"level":"info","message":"Received SIGINT, shutting down gracefully","timestamp":"2025-12-31T11:50:25.939Z"}
{"cronExpression":"*/5 * * * *","level":"info","message":"POS Data Collector Agent starting","syncInterval":"5 minutes","timestamp":"2025-12-31T13:15:00.302Z"}
{"cronExpression":"*/5 * * * *","level":"info","message":"Cron scheduler started","syncInterval":5,"timestamp":"2025-12-31T13:15:00.413Z"}
{"level":"info","message":"Running initial ingestion","timestamp":"2025-12-31T13:15:00.414Z"}
{"level":"info","message":"Initial ingestion completed successfully","timestamp":"2025-12-31T13:15:01.122Z"}
{"level":"info","message":"POS Data Collector Agent is running","timestamp":"2025-12-31T13:15:01.123Z"}
{"level":"info","message":"Received SIGINT, shutting down gracefully","timestamp":"2025-12-31T13:17:36.306Z"}
{"cronExpression":"*/5 * * * *","level":"info","message":"POS Data Collector Agent starting","syncInterval":"5 minutes","timestamp":"2025-12-31T13:36:03.734Z"}
{"cronExpression":"*/5 * * * *","level":"info","message":"Cron scheduler started","syncInterval":5,"timestamp":"2025-12-31T13:36:03.865Z"}
{"level":"info","message":"Running initial ingestion","timestamp":"2025-12-31T13:36:03.866Z"}
{"level":"info","message":"Initial ingestion completed successfully","timestamp":"2025-12-31T13:36:04.756Z"}
{"level":"info","message":"POS Data Collector Agent is running","timestamp":"2025-12-31T13:36:04.757Z"}
{"cronExpression":"*/5 * * * *","level":"info","message":"POS Data Collector Agent starting","syncInterval":"5 minutes","timestamp":"2025-12-31T13:38:32.715Z"}
{"cronExpression":"*/5 * * * *","level":"info","message":"Cron scheduler started","syncInterval":5,"timestamp":"2025-12-31T13:38:32.959Z"}
{"level":"info","message":"Running initial ingestion","timestamp":"2025-12-31T13:38:32.961Z"}
{"level":"info","message":"Initial ingestion completed successfully","timestamp":"2025-12-31T13:38:33.621Z"}
{"level":"info","message":"POS Data Collector Agent is running","timestamp":"2025-12-31T13:38:33.622Z"}
{"level":"info","message":"Scheduled ingestion triggered","timestamp":"2025-12-31T13:40:00.035Z"}
{"cronExpression":"*/5 * * * *","level":"info","message":"POS Data Collector Agent starting","syncInterval":"5 minutes","timestamp":"2025-12-31T13:40:31.865Z"}
{"cronExpression":"*/5 * * * *","level":"info","message":"Cron scheduler started","syncInterval":5,"timestamp":"2025-12-31T13:40:31.977Z"}
{"level":"info","message":"Running initial ingestion","timestamp":"2025-12-31T13:40:31.978Z"}
{"level":"info","message":"Initial ingestion completed successfully","timestamp":"2025-12-31T13:40:32.639Z"}
{"level":"info","message":"POS Data Collector Agent is running","timestamp":"2025-12-31T13:40:32.640Z"}
{"level":"info","message":"Received SIGINT, shutting down gracefully","timestamp":"2025-12-31T13:42:58.500Z"}
{"cronExpression":"*/5 * * * *","level":"info","message":"POS Data Collector Agent starting","syncInterval":"5 minutes","timestamp":"2025-12-31T13:43:03.962Z"}
{"cronExpression":"*/5 * * * *","level":"info","message":"Cron scheduler started","syncInterval":5,"timestamp":"2025-12-31T13:43:04.071Z"}
{"level":"info","message":"Running initial ingestion","timestamp":"2025-12-31T13:43:04.071Z"}
{"level":"info","message":"Initial ingestion completed successfully","timestamp":"2025-12-31T13:43:04.820Z"}
{"level":"info","message":"POS Data Collector Agent is running","timestamp":"2025-12-31T13:43:04.822Z"}
{"level":"info","message":"Received SIGINT, shutting down gracefully","timestamp":"2025-12-31T13:43:35.563Z"}
{"cronExpression":"*/5 * * * *","level":"info","message":"POS Data Collector Agent starting","syncInterval":"5 minutes","timestamp":"2025-12-31T13:44:44.067Z"}
{"cronExpression":"*/5 * * * *","level":"info","message":"Cron scheduler started","syncInterval":5,"timestamp":"2025-12-31T13:44:44.175Z"}
{"level":"info","message":"Running initial ingestion","timestamp":"2025-12-31T13:44:44.176Z"}
{"level":"info","message":"Initial ingestion completed successfully","timestamp":"2025-12-31T13:44:45.855Z"}
{"level":"info","message":"POS Data Collector Agent is running","timestamp":"2025-12-31T13:44:45.856Z"}
{"level":"info","message":"Scheduled ingestion triggered","timestamp":"2025-12-31T13:45:00.053Z"}
{"level":"info","message":"Scheduled ingestion triggered","timestamp":"2025-12-31T13:50:00.034Z"}
{"level":"info","message":"Scheduled ingestion triggered","timestamp":"2025-12-31T13:55:00.045Z"}
{"level":"info","message":"Scheduled ingestion triggered","timestamp":"2025-12-31T14:00:00.063Z"}
{"level":"info","message":"Scheduled ingestion triggered","timestamp":"2025-12-31T14:05:00.055Z"}
{"level":"info","message":"Scheduled ingestion triggered","timestamp":"2025-12-31T14:10:00.026Z"}
{"level":"info","message":"Scheduled ingestion triggered","timestamp":"2025-12-31T14:15:00.065Z"}
{"level":"info","message":"Scheduled ingestion triggered","timestamp":"2025-12-31T14:20:00.043Z"}
{"level":"info","message":"Scheduled ingestion triggered","timestamp":"2025-12-31T14:25:00.044Z"}
{"level":"info","message":"Scheduled ingestion triggered","timestamp":"2025-12-31T14:30:00.026Z"}
{"level":"info","message":"Scheduled ingestion triggered","timestamp":"2025-12-31T14:35:00.038Z"}
{"level":"info","message":"Scheduled ingestion triggered","timestamp":"2025-12-31T14:40:00.050Z"}
{"level":"info","message":"Scheduled ingestion triggered","timestamp":"2025-12-31T14:45:00.053Z"}
{"level":"info","message":"Scheduled ingestion triggered","timestamp":"2025-12-31T14:50:00.059Z"}
{"level":"info","message":"Scheduled ingestion triggered","timestamp":"2025-12-31T14:55:00.028Z"}
{"level":"info","message":"Scheduled ingestion triggered","timestamp":"2025-12-31T15:00:00.034Z"}
{"level":"info","message":"Scheduled ingestion triggered","timestamp":"2025-12-31T15:05:00.038Z"}
{"level":"info","message":"Scheduled ingestion triggered","timestamp":"2025-12-31T18:00:00.041Z"}
{"level":"info","message":"Received SIGINT, shutting down gracefully","timestamp":"2025-12-31T18:01:01.784Z"}
{"cronExpression":"*/5 * * * *","level":"info","message":"POS Data Collector Agent starting","syncInterval":"5 minutes","timestamp":"2025-12-31T18:03:35.768Z"}
{"cronExpression":"*/5 * * * *","level":"info","message":"Cron scheduler started","syncInterval":5,"timestamp":"2025-12-31T18:03:36.033Z"}
{"level":"info","message":"Running initial ingestion","timestamp":"2025-12-31T18:03:36.034Z"}
{"level":"info","message":"Initial ingestion completed successfully","timestamp":"2025-12-31T18:03:37.243Z"}
{"level":"info","message":"POS Data Collector Agent is running","timestamp":"2025-12-31T18:03:37.246Z"}
{"level":"info","message":"Received SIGINT, shutting down gracefully","timestamp":"2025-12-31T18:04:08.289Z"}
{"cronExpression":"*/5 * * * *","level":"info","message":"POS Data Collector Agent starting","syncInterval":"5 minutes","timestamp":"2025-12-31T18:08:30.567Z"}
{"cronExpression":"*/5 * * * *","level":"info","message":"Cron scheduler started","syncInterval":5,"timestamp":"2025-12-31T18:08:30.833Z"}
{"level":"info","message":"Running initial ingestion","timestamp":"2025-12-31T18:08:30.834Z"}
{"level":"info","message":"Initial ingestion completed successfully","timestamp":"2025-12-31T18:08:31.974Z"}
{"level":"info","message":"POS Data Collector Agent is running","timestamp":"2025-12-31T18:08:31.976Z"}
{"cronExpression":"*/5 * * * *","level":"info","message":"POS Data Collector Agent starting","syncInterval":"5 minutes","timestamp":"2025-12-31T18:08:43.139Z"}
{"cronExpression":"*/5 * * * *","level":"info","message":"Cron scheduler started","syncInterval":5,"timestamp":"2025-12-31T18:08:43.489Z"}
{"level":"info","message":"Running initial ingestion","timestamp":"2025-12-31T18:08:43.491Z"}
{"level":"info","message":"Initial ingestion completed successfully","timestamp":"2025-12-31T18:08:44.684Z"}
{"level":"info","message":"POS Data Collector Agent is running","timestamp":"2025-12-31T18:08:44.690Z"}
{"level":"info","message":"Scheduled ingestion triggered","timestamp":"2025-12-31T18:10:00.043Z"}
{"level":"info","message":"Received SIGINT, shutting down gracefully","timestamp":"2025-12-31T18:11:45.411Z"}
{"cronExpression":"*/5 * * * *","level":"info","message":"POS Data Collector Agent starting","syncInterval":"5 minutes","timestamp":"2025-12-31T18:12:03.857Z"}
{"cronExpression":"*/5 * * * *","level":"info","message":"Cron scheduler started","syncInterval":5,"timestamp":"2025-12-31T18:12:04.127Z"}
{"level":"info","message":"Running initial ingestion","timestamp":"2025-12-31T18:12:04.129Z"}
{"level":"info","message":"Initial ingestion completed successfully","timestamp":"2025-12-31T18:12:05.232Z"}
{"level":"info","message":"POS Data Collector Agent is running","timestamp":"2025-12-31T18:12:05.236Z"}
{"level":"info","message":"Scheduled ingestion triggered","timestamp":"2025-12-31T18:15:00.054Z"}
{"level":"info","message":"Scheduled ingestion triggered","timestamp":"2025-12-31T18:20:00.017Z"}
{"level":"info","message":"Scheduled ingestion triggered","timestamp":"2025-12-31T18:25:00.048Z"}
{"cronExpression":"*/5 * * * *","level":"info","message":"POS Data Collector Agent starting","syncInterval":"5 minutes","timestamp":"2025-12-31T18:28:00.767Z"}
{"cronExpression":"*/5 * * * *","level":"info","message":"Cron scheduler started","syncInterval":5,"timestamp":"2025-12-31T18:28:01.386Z"}
{"level":"info","message":"Running initial ingestion","timestamp":"2025-12-31T18:28:01.390Z"}
{"level":"info","message":"Initial ingestion completed successfully","timestamp":"2025-12-31T18:28:02.714Z"}
{"level":"info","message":"POS Data Collector Agent is running","timestamp":"2025-12-31T18:28:02.719Z"}
{"level":"info","message":"Received SIGINT, shutting down gracefully","timestamp":"2025-12-31T18:28:47.698Z"}
{"cronExpression":"*/5 * * * *","level":"info","message":"POS Data Collector Agent starting","syncInterval":"5 minutes","timestamp":"2025-12-31T18:29:51.689Z"}
{"cronExpression":"*/5 * * * *","level":"info","message":"Cron scheduler started","syncInterval":5,"timestamp":"2025-12-31T18:29:51.949Z"}
{"level":"info","message":"Running initial ingestion","timestamp":"2025-12-31T18:29:51.950Z"}
{"level":"info","message":"Initial ingestion completed successfully","timestamp":"2025-12-31T18:29:53.015Z"}
{"level":"info","message":"POS Data Collector Agent is running","timestamp":"2025-12-31T18:29:53.020Z"}
{"level":"info","message":"Scheduled ingestion triggered","timestamp":"2025-12-31T18:30:00.055Z"}
{"level":"info","message":"Scheduled ingestion triggered","timestamp":"2025-12-31T18:35:00.023Z"}
{"level":"info","message":"Scheduled ingestion triggered","timestamp":"2025-12-31T18:40:00.033Z"}
{"level":"info","message":"Received SIGINT, shutting down gracefully","timestamp":"2025-12-31T18:44:23.010Z"}
