{"cronExpression":"*/5 * * * *","level":"info","message":"POS Data Collector Agent starting","syncInterval":"5 minutes","timestamp":"2025-12-30T16:34:41.380Z"}
{"cronExpression":"*/5 * * * *","level":"info","message":"Cron scheduler started","syncInterval":5,"timestamp":"2025-12-30T16:34:41.705Z"}
{"level":"info","message":"Running initial ingestion","timestamp":"2025-12-30T16:34:41.707Z"}
{"level":"info","message":"Initial ingestion completed successfully","timestamp":"2025-12-30T16:34:44.065Z"}
{"level":"info","message":"POS Data Collector Agent is running","timestamp":"2025-12-30T16:34:44.069Z"}
{"level":"info","message":"Scheduled ingestion triggered","timestamp":"2025-12-30T16:35:00.070Z"}
{"level":"info","message":"Received SIGINT, shutting down gracefully","timestamp":"2025-12-30T16:36:57.093Z"}
{"cronExpression":"*/5 * * * *","level":"info","message":"POS Data Collector Agent starting","syncInterval":"5 minutes","timestamp":"2025-12-30T16:37:08.742Z"}
{"cronExpression":"*/5 * * * *","level":"info","message":"Cron scheduler started","syncInterval":5,"timestamp":"2025-12-30T16:37:09.024Z"}
{"level":"info","message":"Running initial ingestion","timestamp":"2025-12-30T16:37:09.025Z"}
{"level":"info","message":"Initial ingestion completed successfully","timestamp":"2025-12-30T16:37:10.689Z"}
{"level":"info","message":"POS Data Collector Agent is running","timestamp":"2025-12-30T16:37:10.693Z"}
{"level":"info","message":"Received SIGINT, shutting down gracefully","timestamp":"2025-12-30T16:37:21.492Z"}
{"cronExpression":"*/5 * * * *","level":"info","message":"POS Data Collector Agent starting","syncInterval":"5 minutes","timestamp":"2025-12-30T16:45:31.095Z"}
{"cronExpression":"*/5 * * * *","level":"info","message":"Cron scheduler started","syncInterval":5,"timestamp":"2025-12-30T16:45:31.371Z"}
{"level":"info","message":"Running initial ingestion","timestamp":"2025-12-30T16:45:31.373Z"}
{"level":"info","message":"Initial ingestion completed successfully","timestamp":"2025-12-30T16:45:32.540Z"}
{"level":"info","message":"POS Data Collector Agent is running","timestamp":"2025-12-30T16:45:32.544Z"}
{"level":"info","message":"Scheduled ingestion triggered","timestamp":"2025-12-30T16:50:00.065Z"}
{"cronExpression":"*/5 * * * *","level":"info","message":"POS Data Collector Agent starting","syncInterval":"5 minutes","timestamp":"2025-12-30T16:52:55.078Z"}
{"cronExpression":"*/5 * * * *","level":"info","message":"Cron scheduler started","syncInterval":5,"timestamp":"2025-12-30T16:52:55.365Z"}
{"level":"info","message":"Running initial ingestion","timestamp":"2025-12-30T16:52:55.366Z"}
{"level":"info","message":"Initial ingestion completed successfully","timestamp":"2025-12-30T16:52:56.811Z"}
{"level":"info","message":"POS Data Collector Agent is running","timestamp":"2025-12-30T16:52:56.814Z"}
{"level":"info","message":"Scheduled ingestion triggered","timestamp":"2025-12-30T16:55:00.058Z"}
{"level":"info","message":"Received SIGINT, shutting down gracefully","timestamp":"2025-12-30T16:58:42.597Z"}
{"cronExpression":"*/5 * * * *","level":"info","message":"POS Data Collector Agent starting","syncInterval":"5 minutes","timestamp":"2025-12-30T16:58:50.713Z"}
{"cronExpression":"*/5 * * * *","level":"info","message":"Cron scheduler started","syncInterval":5,"timestamp":"2025-12-30T16:58:50.963Z"}
{"level":"info","message":"Running initial ingestion","timestamp":"2025-12-30T16:58:50.964Z"}
{"level":"info","message":"Initial ingestion completed successfully","timestamp":"2025-12-30T16:58:52.824Z"}
{"level":"info","message":"POS Data Collector Agent is running","timestamp":"2025-12-30T16:58:52.828Z"}
{"level":"info","message":"Scheduled ingestion triggered","timestamp":"2025-12-30T17:00:00.035Z"}
{"cronExpression":"*/5 * * * *","level":"info","message":"POS Data Collector Agent starting","syncInterval":"5 minutes","timestamp":"2025-12-30T17:01:55.144Z"}
{"cronExpression":"*/5 * * * *","level":"info","message":"Cron scheduler started","syncInterval":5,"timestamp":"2025-12-30T17:01:55.487Z"}
{"level":"info","message":"Running initial ingestion","timestamp":"2025-12-30T17:01:55.488Z"}
{"level":"info","message":"Initial ingestion completed successfully","timestamp":"2025-12-30T17:01:56.796Z"}
{"level":"info","message":"POS Data Collector Agent is running","timestamp":"2025-12-30T17:01:56.800Z"}
{"level":"info","message":"Received SIGINT, shutting down gracefully","timestamp":"2025-12-30T17:02:35.811Z"}
{"cronExpression":"*/5 * * * *","level":"info","message":"POS Data Collector Agent starting","syncInterval":"5 minutes","timestamp":"2025-12-30T17:04:29.980Z"}
{"cronExpression":"*/5 * * * *","level":"info","message":"Cron scheduler started","syncInterval":5,"timestamp":"2025-12-30T17:04:30.242Z"}
{"level":"info","message":"Running initial ingestion","timestamp":"2025-12-30T17:04:30.244Z"}
{"level":"info","message":"Initial ingestion completed successfully","timestamp":"2025-12-30T17:04:31.794Z"}
{"level":"info","message":"POS Data Collector Agent is running","timestamp":"2025-12-30T17:04:31.797Z"}
{"level":"info","message":"Scheduled ingestion triggered","timestamp":"2025-12-30T17:05:00.039Z"}
{"level":"info","message":"Received SIGINT, shutting down gracefully","timestamp":"2025-12-30T17:05:09.349Z"}
