{"cronExpression":"*/5 * * * *","level":"info","message":"POS Data Collector Agent starting","syncInterval":"5 minutes","timestamp":"2025-12-21T14:00:12.645Z"}
{"cronExpression":"*/5 * * * *","level":"info","message":"Cron scheduler started","syncInterval":5,"timestamp":"2025-12-21T14:00:13.064Z"}
{"level":"info","message":"Running initial ingestion","timestamp":"2025-12-21T14:00:13.067Z"}
{"level":"info","message":"Initial ingestion completed successfully","timestamp":"2025-12-21T14:00:13.545Z"}
{"level":"info","message":"POS Data Collector Agent is running","timestamp":"2025-12-21T14:00:13.548Z"}
{"level":"info","message":"Received SIGINT, shutting down gracefully","timestamp":"2025-12-21T14:00:45.043Z"}
{"cronExpression":"*/5 * * * *","level":"info","message":"POS Data Collector Agent starting","syncInterval":"5 minutes","timestamp":"2025-12-21T14:36:31.394Z"}
{"cronExpression":"*/5 * * * *","level":"info","message":"Cron scheduler started","syncInterval":5,"timestamp":"2025-12-21T14:36:31.656Z"}
{"level":"info","message":"Running initial ingestion","timestamp":"2025-12-21T14:36:31.659Z"}
{"level":"info","message":"Initial ingestion completed successfully","timestamp":"2025-12-21T14:36:32.035Z"}
{"level":"info","message":"POS Data Collector Agent is running","timestamp":"2025-12-21T14:36:32.039Z"}
{"level":"info","message":"Scheduled ingestion triggered","timestamp":"2025-12-21T14:40:00.050Z"}
{"level":"info","message":"Scheduled ingestion triggered","timestamp":"2025-12-21T14:45:00.081Z"}
{"level":"info","message":"Scheduled ingestion triggered","timestamp":"2025-12-21T14:50:00.041Z"}
{"level":"info","message":"Scheduled ingestion triggered","timestamp":"2025-12-21T14:55:00.041Z"}
{"level":"info","message":"Scheduled ingestion triggered","timestamp":"2025-12-21T16:30:00.064Z"}
{"level":"info","message":"Received SIGINT, shutting down gracefully","timestamp":"2025-12-21T16:30:48.614Z"}
{"cronExpression":"*/5 * * * *","level":"info","message":"POS Data Collector Agent starting","syncInterval":"5 minutes","timestamp":"2025-12-21T16:31:05.249Z"}
{"cronExpression":"*/5 * * * *","level":"info","message":"Cron scheduler started","syncInterval":5,"timestamp":"2025-12-21T16:31:05.499Z"}
{"level":"info","message":"Running initial ingestion","timestamp":"2025-12-21T16:31:05.501Z"}
{"level":"info","message":"Initial ingestion completed successfully","timestamp":"2025-12-21T16:31:05.806Z"}
{"level":"info","message":"POS Data Collector Agent is running","timestamp":"2025-12-21T16:31:05.809Z"}
{"cronExpression":"*/5 * * * *","level":"info","message":"POS Data Collector Agent starting","syncInterval":"5 minutes","timestamp":"2025-12-21T16:32:57.377Z"}
{"cronExpression":"*/5 * * * *","level":"info","message":"Cron scheduler started","syncInterval":5,"timestamp":"2025-12-21T16:32:57.639Z"}
{"level":"info","message":"Running initial ingestion","timestamp":"2025-12-21T16:32:57.641Z"}
{"level":"info","message":"Initial ingestion completed successfully","timestamp":"2025-12-21T16:32:58.025Z"}
{"level":"info","message":"POS Data Collector Agent is running","timestamp":"2025-12-21T16:32:58.030Z"}
{"level":"info","message":"Received SIGINT, shutting down gracefully","timestamp":"2025-12-21T16:33:02.015Z"}
{"cronExpression":"*/5 * * * *","level":"info","message":"POS Data Collector Agent starting","syncInterval":"5 minutes","timestamp":"2025-12-21T16:33:06.766Z"}
{"cronExpression":"*/5 * * * *","level":"info","message":"Cron scheduler started","syncInterval":5,"timestamp":"2025-12-21T16:33:07.023Z"}
{"level":"info","message":"Running initial ingestion","timestamp":"2025-12-21T16:33:07.025Z"}
{"level":"info","message":"Initial ingestion completed successfully","timestamp":"2025-12-21T16:33:07.038Z"}
{"level":"info","message":"POS Data Collector Agent is running","timestamp":"2025-12-21T16:33:07.040Z"}
{"level":"info","message":"Scheduled ingestion triggered","timestamp":"2025-12-21T16:35:00.051Z"}
{"cronExpression":"*/5 * * * *","level":"info","message":"POS Data Collector Agent starting","syncInterval":"5 minutes","timestamp":"2025-12-21T16:35:13.351Z"}
{"cronExpression":"*/5 * * * *","level":"info","message":"Cron scheduler started","syncInterval":5,"timestamp":"2025-12-21T16:35:13.593Z"}
{"level":"info","message":"Running initial ingestion","timestamp":"2025-12-21T16:35:13.595Z"}
{"level":"info","message":"Initial ingestion completed successfully","timestamp":"2025-12-21T16:35:13.862Z"}
{"level":"info","message":"POS Data Collector Agent is running","timestamp":"2025-12-21T16:35:13.867Z"}
{"level":"info","message":"Received SIGINT, shutting down gracefully","timestamp":"2025-12-21T16:36:10.308Z"}
{"cronExpression":"*/5 * * * *","level":"info","message":"POS Data Collector Agent starting","syncInterval":"5 minutes","timestamp":"2025-12-21T16:36:18.984Z"}
{"cronExpression":"*/5 * * * *","level":"info","message":"Cron scheduler started","syncInterval":5,"timestamp":"2025-12-21T16:36:19.225Z"}
{"level":"info","message":"Running initial ingestion","timestamp":"2025-12-21T16:36:19.227Z"}
{"level":"info","message":"Initial ingestion completed successfully","timestamp":"2025-12-21T16:36:19.497Z"}
{"level":"info","message":"POS Data Collector Agent is running","timestamp":"2025-12-21T16:36:19.503Z"}
{"level":"info","message":"Scheduled ingestion triggered","timestamp":"2025-12-21T16:40:00.032Z"}
{"level":"info","message":"Scheduled ingestion triggered","timestamp":"2025-12-21T16:45:00.040Z"}
{"level":"info","message":"Scheduled ingestion triggered","timestamp":"2025-12-21T16:50:00.039Z"}
{"level":"info","message":"Scheduled ingestion triggered","timestamp":"2025-12-21T16:55:00.040Z"}
{"cronExpression":"*/5 * * * *","level":"info","message":"POS Data Collector Agent starting","syncInterval":"5 minutes","timestamp":"2025-12-21T16:58:31.796Z"}
{"cronExpression":"*/5 * * * *","level":"info","message":"Cron scheduler started","syncInterval":5,"timestamp":"2025-12-21T16:58:32.141Z"}
{"level":"info","message":"Running initial ingestion","timestamp":"2025-12-21T16:58:32.142Z"}
{"level":"info","message":"Initial ingestion completed successfully","timestamp":"2025-12-21T16:58:32.395Z"}
{"level":"info","message":"POS Data Collector Agent is running","timestamp":"2025-12-21T16:58:32.399Z"}
{"cronExpression":"*/5 * * * *","level":"info","message":"POS Data Collector Agent starting","syncInterval":"5 minutes","timestamp":"2025-12-21T16:59:34.645Z"}
{"cronExpression":"*/5 * * * *","level":"info","message":"Cron scheduler started","syncInterval":5,"timestamp":"2025-12-21T16:59:35.074Z"}
{"level":"info","message":"Running initial ingestion","timestamp":"2025-12-21T16:59:35.076Z"}
{"level":"info","message":"Received SIGINT, shutting down gracefully","timestamp":"2025-12-21T16:59:38.202Z"}
{"cronExpression":"*/5 * * * *","level":"info","message":"POS Data Collector Agent starting","syncInterval":"5 minutes","timestamp":"2025-12-21T16:59:47.970Z"}
{"cronExpression":"*/5 * * * *","level":"info","message":"Cron scheduler started","syncInterval":5,"timestamp":"2025-12-21T16:59:48.344Z"}
{"level":"info","message":"Running initial ingestion","timestamp":"2025-12-21T16:59:48.346Z"}
{"level":"info","message":"Initial ingestion completed successfully","timestamp":"2025-12-21T16:59:49.401Z"}
{"level":"info","message":"POS Data Collector Agent is running","timestamp":"2025-12-21T16:59:49.407Z"}
{"level":"info","message":"Scheduled ingestion triggered","timestamp":"2025-12-21T17:00:00.053Z"}
{"level":"info","message":"Scheduled ingestion triggered","timestamp":"2025-12-21T17:05:00.045Z"}
{"level":"info","message":"Scheduled ingestion triggered","timestamp":"2025-12-21T17:10:00.055Z"}
{"level":"info","message":"Scheduled ingestion triggered","timestamp":"2025-12-21T17:15:00.044Z"}
{"level":"info","message":"Scheduled ingestion triggered","timestamp":"2025-12-21T17:20:00.048Z"}
{"level":"info","message":"Scheduled ingestion triggered","timestamp":"2025-12-21T17:25:00.096Z"}
{"cronExpression":"*/5 * * * *","level":"info","message":"POS Data Collector Agent starting","syncInterval":"5 minutes","timestamp":"2025-12-21T17:27:33.654Z"}
{"cronExpression":"*/5 * * * *","level":"info","message":"Cron scheduler started","syncInterval":5,"timestamp":"2025-12-21T17:27:33.909Z"}
{"level":"info","message":"Running initial ingestion","timestamp":"2025-12-21T17:27:33.911Z"}
{"level":"info","message":"Received SIGINT, shutting down gracefully","timestamp":"2025-12-21T17:27:34.326Z"}
{"cronExpression":"*/5 * * * *","level":"info","message":"POS Data Collector Agent starting","syncInterval":"5 minutes","timestamp":"2025-12-21T17:27:47.944Z"}
{"cronExpression":"*/5 * * * *","level":"info","message":"Cron scheduler started","syncInterval":5,"timestamp":"2025-12-21T17:27:48.212Z"}
{"level":"info","message":"Running initial ingestion","timestamp":"2025-12-21T17:27:48.214Z"}
{"level":"info","message":"Initial ingestion completed successfully","timestamp":"2025-12-21T17:27:49.353Z"}
{"level":"info","message":"POS Data Collector Agent is running","timestamp":"2025-12-21T17:27:49.359Z"}
{"level":"info","message":"Scheduled ingestion triggered","timestamp":"2025-12-21T17:30:00.035Z"}
{"level":"info","message":"Received SIGINT, shutting down gracefully","timestamp":"2025-12-21T17:34:48.533Z"}
{"cronExpression":"*/5 * * * *","level":"info","message":"POS Data Collector Agent starting","syncInterval":"5 minutes","timestamp":"2025-12-21T17:36:01.375Z"}
{"cronExpression":"*/5 * * * *","level":"info","message":"Cron scheduler started","syncInterval":5,"timestamp":"2025-12-21T17:36:01.658Z"}
{"level":"info","message":"Running initial ingestion","timestamp":"2025-12-21T17:36:01.660Z"}
{"level":"info","message":"Initial ingestion completed successfully","timestamp":"2025-12-21T17:36:02.985Z"}
{"level":"info","message":"POS Data Collector Agent is running","timestamp":"2025-12-21T17:36:02.990Z"}
{"level":"info","message":"Received SIGINT, shutting down gracefully","timestamp":"2025-12-21T17:39:28.575Z"}
{"cronExpression":"*/5 * * * *","level":"info","message":"POS Data Collector Agent starting","syncInterval":"5 minutes","timestamp":"2025-12-21T17:39:43.467Z"}
{"cronExpression":"*/5 * * * *","level":"info","message":"Cron scheduler started","syncInterval":5,"timestamp":"2025-12-21T17:39:43.714Z"}
{"level":"info","message":"Running initial ingestion","timestamp":"2025-12-21T17:39:43.716Z"}
{"level":"info","message":"Initial ingestion completed successfully","timestamp":"2025-12-21T17:39:45.579Z"}
{"level":"info","message":"POS Data Collector Agent is running","timestamp":"2025-12-21T17:39:45.582Z"}
{"level":"info","message":"Scheduled ingestion triggered","timestamp":"2025-12-21T17:40:00.055Z"}
{"level":"info","message":"Received SIGINT, shutting down gracefully","timestamp":"2025-12-21T17:44:52.539Z"}
{"cronExpression":"*/5 * * * *","level":"info","message":"POS Data Collector Agent starting","syncInterval":"5 minutes","timestamp":"2025-12-21T17:45:34.320Z"}
{"cronExpression":"*/5 * * * *","level":"info","message":"Cron scheduler started","syncInterval":5,"timestamp":"2025-12-21T17:45:34.587Z"}
{"level":"info","message":"Running initial ingestion","timestamp":"2025-12-21T17:45:34.589Z"}
{"level":"info","message":"Initial ingestion completed successfully","timestamp":"2025-12-21T17:45:36.642Z"}
{"level":"info","message":"POS Data Collector Agent is running","timestamp":"2025-12-21T17:45:36.645Z"}
{"level":"info","message":"Scheduled ingestion triggered","timestamp":"2025-12-21T17:50:00.059Z"}
