{"level":"info","maxDate":"2025-12-31","message":"Max transaction date retrieved","timestamp":"2026-01-01T09:09:56.977Z"}
{"level":"info","message":"Fetching auth token","timestamp":"2026-01-01T09:09:56.979Z"}
{"config":"46a5b516-c484-4ca6-99e6-89f8ae23971a","error":"Request failed with status code 401","level":"error","message":"Data fetch failed","timestamp":"2026-01-01T09:09:57.191Z"}
{"level":"info","maxDate":"2025-12-31","message":"Max transaction date retrieved","timestamp":"2026-01-01T09:10:00.038Z"}
{"level":"info","message":"Fetching auth token","timestamp":"2026-01-01T09:10:00.038Z"}
{"config":"46a5b516-c484-4ca6-99e6-89f8ae23971a","error":"Request failed with status code 401","level":"error","message":"Data fetch failed","timestamp":"2026-01-01T09:10:00.086Z"}
{"level":"info","maxDate":"2025-12-31","message":"Max transaction date retrieved","timestamp":"2026-01-01T09:15:00.199Z"}
{"level":"info","message":"Fetching auth token","timestamp":"2026-01-01T09:15:00.199Z"}
{"config":"46a5b516-c484-4ca6-99e6-89f8ae23971a","error":"Request failed with status code 401","level":"error","message":"Data fetch failed","timestamp":"2026-01-01T09:15:00.332Z"}
{"level":"info","maxDate":"2025-12-31","message":"Max transaction date retrieved","timestamp":"2026-01-01T09:20:00.185Z"}
{"level":"info","message":"Fetching auth token","timestamp":"2026-01-01T09:20:00.185Z"}
{"config":"46a5b516-c484-4ca6-99e6-89f8ae23971a","error":"Request failed with status code 401","level":"error","message":"Data fetch failed","timestamp":"2026-01-01T09:20:00.312Z"}
{"level":"info","maxDate":"2025-12-31","message":"Max transaction date retrieved","timestamp":"2026-01-01T09:25:00.105Z"}
{"level":"info","message":"Fetching auth token","timestamp":"2026-01-01T09:25:00.106Z"}
{"config":"46a5b516-c484-4ca6-99e6-89f8ae23971a","error":"Request failed with status code 401","level":"error","message":"Data fetch failed","timestamp":"2026-01-01T09:25:00.246Z"}
{"level":"info","maxDate":"2025-12-31","message":"Max transaction date retrieved","timestamp":"2026-01-01T09:27:55.765Z"}
{"level":"info","message":"Fetching auth token","timestamp":"2026-01-01T09:27:55.766Z"}
{"config":"46a5b516-c484-4ca6-99e6-89f8ae23971a","error":"maxDate is not defined","level":"error","message":"Data fetch failed","timestamp":"2026-01-01T09:27:55.766Z"}
{"level":"info","maxDate":"2025-12-31","message":"Max transaction date retrieved","timestamp":"2026-01-01T09:28:23.206Z"}
{"level":"info","message":"Fetching auth token","timestamp":"2026-01-01T09:28:23.207Z"}
{"config":"46a5b516-c484-4ca6-99e6-89f8ae23971a","error":"maxDate is not defined","level":"error","message":"Data fetch failed","timestamp":"2026-01-01T09:28:23.207Z"}
{"level":"info","maxDate":"2025-12-31","message":"Max transaction date retrieved","timestamp":"2026-01-01T09:30:00.191Z"}
{"level":"info","message":"Fetching auth token","timestamp":"2026-01-01T09:30:00.191Z"}
{"config":"46a5b516-c484-4ca6-99e6-89f8ae23971a","error":"maxDate is not defined","level":"error","message":"Data fetch failed","timestamp":"2026-01-01T09:30:00.192Z"}
{"level":"info","maxDate":"2025-12-31","message":"Max transaction date retrieved","timestamp":"2026-01-01T09:35:00.119Z"}
{"level":"info","message":"Fetching auth token","timestamp":"2026-01-01T09:35:00.120Z"}
{"config":"46a5b516-c484-4ca6-99e6-89f8ae23971a","error":"maxDate is not defined","level":"error","message":"Data fetch failed","timestamp":"2026-01-01T09:35:00.120Z"}
{"level":"info","maxDate":"2025-12-31","message":"Max transaction date retrieved","timestamp":"2026-01-01T09:40:00.146Z"}
{"level":"info","message":"Fetching auth token","timestamp":"2026-01-01T09:40:00.147Z"}
{"config":"46a5b516-c484-4ca6-99e6-89f8ae23971a","error":"maxDate is not defined","level":"error","message":"Data fetch failed","timestamp":"2026-01-01T09:40:00.147Z"}
{"level":"info","maxDate":"2025-12-31","message":"Max transaction date retrieved","timestamp":"2026-01-01T09:45:00.120Z"}
{"level":"info","message":"Fetching auth token","timestamp":"2026-01-01T09:45:00.121Z"}
{"config":"46a5b516-c484-4ca6-99e6-89f8ae23971a","error":"maxDate is not defined","level":"error","message":"Data fetch failed","timestamp":"2026-01-01T09:45:00.121Z"}
{"level":"info","maxDate":"2025-12-31","message":"Max transaction date retrieved","timestamp":"2026-01-01T10:50:00.091Z"}
{"level":"info","message":"Fetching auth token","timestamp":"2026-01-01T10:50:00.092Z"}
{"config":"46a5b516-c484-4ca6-99e6-89f8ae23971a","error":"maxDate is not defined","level":"error","message":"Data fetch failed","timestamp":"2026-01-01T10:50:00.092Z"}
{"level":"info","maxDate":"2025-12-31","message":"Max transaction date retrieved","timestamp":"2026-01-01T10:55:00.095Z"}
{"level":"info","message":"Fetching auth token","timestamp":"2026-01-01T10:55:00.096Z"}
{"config":"46a5b516-c484-4ca6-99e6-89f8ae23971a","error":"maxDate is not defined","level":"error","message":"Data fetch failed","timestamp":"2026-01-01T10:55:00.096Z"}
{"level":"info","maxDate":"2025-12-31","message":"Max transaction date retrieved","timestamp":"2026-01-01T11:00:00.110Z"}
{"level":"info","message":"Fetching auth token","timestamp":"2026-01-01T11:00:00.110Z"}
{"config":"46a5b516-c484-4ca6-99e6-89f8ae23971a","error":"maxDate is not defined","level":"error","message":"Data fetch failed","timestamp":"2026-01-01T11:00:00.111Z"}
{"level":"info","maxDate":"2025-12-31","message":"Max transaction date retrieved","timestamp":"2026-01-01T11:05:00.107Z"}
{"level":"info","message":"Fetching auth token","timestamp":"2026-01-01T11:05:00.108Z"}
{"config":"46a5b516-c484-4ca6-99e6-89f8ae23971a","error":"maxDate is not defined","level":"error","message":"Data fetch failed","timestamp":"2026-01-01T11:05:00.108Z"}
{"level":"info","maxDate":"2025-12-31","message":"Max transaction date retrieved","timestamp":"2026-01-01T11:10:00.136Z"}
{"level":"info","message":"Fetching auth token","timestamp":"2026-01-01T11:10:00.136Z"}
{"config":"46a5b516-c484-4ca6-99e6-89f8ae23971a","error":"maxDate is not defined","level":"error","message":"Data fetch failed","timestamp":"2026-01-01T11:10:00.136Z"}
{"level":"info","maxDate":"2025-12-31","message":"Max transaction date retrieved","timestamp":"2026-01-01T11:16:35.387Z"}
{"level":"info","message":"Fetching auth token","timestamp":"2026-01-01T11:16:35.388Z"}
{"config":"46a5b516-c484-4ca6-99e6-89f8ae23971a","error":"maxDate is not defined","level":"error","message":"Data fetch failed","timestamp":"2026-01-01T11:16:35.388Z"}
{"level":"info","maxDate":"2025-12-31","message":"Max transaction date retrieved","timestamp":"2026-01-01T11:17:30.375Z"}
{"level":"info","message":"Fetching auth token","timestamp":"2026-01-01T11:17:30.376Z"}
{"config":"46a5b516-c484-4ca6-99e6-89f8ae23971a","error":"context is not defined","level":"error","message":"Data fetch failed","timestamp":"2026-01-01T11:17:30.376Z"}
{"level":"info","maxDate":"2025-12-31","message":"Max transaction date retrieved","timestamp":"2026-01-01T11:20:00.245Z"}
{"level":"info","message":"Fetching auth token","timestamp":"2026-01-01T11:20:00.245Z"}
{"config":"46a5b516-c484-4ca6-99e6-89f8ae23971a","error":"context is not defined","level":"error","message":"Data fetch failed","timestamp":"2026-01-01T11:20:00.246Z"}
{"level":"info","maxDate":"2025-12-31","message":"Max transaction date retrieved","timestamp":"2026-01-01T11:21:22.953Z"}
{"level":"info","message":"Fetching auth token","timestamp":"2026-01-01T11:21:22.955Z"}
{"config":"46a5b516-c484-4ca6-99e6-89f8ae23971a","error":"maxDate is not defined","level":"error","message":"Data fetch failed","timestamp":"2026-01-01T11:21:22.955Z"}
{"level":"info","maxDate":"2025-12-31","message":"Max transaction date retrieved","timestamp":"2026-01-01T11:21:59.876Z"}
{"level":"info","message":"Fetching auth token","timestamp":"2026-01-01T11:21:59.877Z"}
{"config":"46a5b516-c484-4ca6-99e6-89f8ae23971a","error":"maxDate is not defined","level":"error","message":"Data fetch failed","timestamp":"2026-01-01T11:21:59.878Z"}
{"level":"info","maxDate":"2025-12-31","message":"Max transaction date retrieved","timestamp":"2026-01-01T11:22:15.773Z"}
{"level":"info","message":"Fetching auth token","timestamp":"2026-01-01T11:22:15.773Z"}
{"config":"46a5b516-c484-4ca6-99e6-89f8ae23971a","error":"maxDate is not defined","level":"error","message":"Data fetch failed","timestamp":"2026-01-01T11:22:15.774Z"}
{"level":"info","maxDate":"2025-12-31","message":"Max transaction date retrieved","timestamp":"2026-01-01T11:23:45.408Z"}
{"level":"info","message":"Fetching auth token","timestamp":"2026-01-01T11:23:45.410Z"}
{"config":"46a5b516-c484-4ca6-99e6-89f8ae23971a","error":"maxDate is not defined","level":"error","message":"Data fetch failed","timestamp":"2026-01-01T11:23:45.410Z"}
{"level":"info","maxDate":"2025-12-31","message":"Max transaction date retrieved","timestamp":"2026-01-01T11:24:55.887Z"}
{"level":"info","message":"Fetching auth token","timestamp":"2026-01-01T11:24:55.888Z"}
{"config":"46a5b516-c484-4ca6-99e6-89f8ae23971a","error":"maxDate is not defined","level":"error","message":"Data fetch failed","timestamp":"2026-01-01T11:24:55.889Z"}
{"level":"info","maxDate":"2025-12-31","message":"Max transaction date retrieved","timestamp":"2026-01-01T11:25:00.033Z"}
{"level":"info","message":"Fetching auth token","timestamp":"2026-01-01T11:25:00.033Z"}
{"config":"46a5b516-c484-4ca6-99e6-89f8ae23971a","error":"maxDate is not defined","level":"error","message":"Data fetch failed","timestamp":"2026-01-01T11:25:00.034Z"}
{"level":"info","maxDate":"2025-12-31","message":"Max transaction date retrieved","timestamp":"2026-01-01T11:26:07.772Z"}
{"config":"46a5b516-c484-4ca6-99e6-89f8ae23971a","error":"maxdate is not defined","level":"error","message":"Data fetch failed","timestamp":"2026-01-01T11:26:07.774Z"}
{"level":"info","maxDate":"2025-12-31","message":"Max transaction date retrieved","timestamp":"2026-01-01T11:26:42.339Z"}
{"config":"46a5b516-c484-4ca6-99e6-89f8ae23971a","error":"maxdate is not defined","level":"error","message":"Data fetch failed","timestamp":"2026-01-01T11:26:42.340Z"}
{"level":"info","maxDate":"2025-12-31","message":"Max transaction date retrieved","timestamp":"2026-01-01T11:26:57.562Z"}
{"config":"46a5b516-c484-4ca6-99e6-89f8ae23971a","error":"maxdate is not defined","level":"error","message":"Data fetch failed","timestamp":"2026-01-01T11:26:57.563Z"}
{"level":"info","maxDate":"2025-12-31","message":"Max transaction date retrieved","timestamp":"2026-01-01T11:27:39.795Z"}
{"config":"46a5b516-c484-4ca6-99e6-89f8ae23971a","error":"maxdate is not defined","level":"error","message":"Data fetch failed","timestamp":"2026-01-01T11:27:39.804Z"}
{"level":"info","maxDate":"2025-12-31","message":"Max transaction date retrieved","timestamp":"2026-01-01T11:27:56.159Z"}
{"config":"46a5b516-c484-4ca6-99e6-89f8ae23971a","error":"maxdate is not defined","level":"error","message":"Data fetch failed","timestamp":"2026-01-01T11:27:56.159Z"}
{"level":"info","maxDate":"2025-12-31","message":"Max transaction date retrieved","timestamp":"2026-01-01T11:28:12.027Z"}
{"config":"46a5b516-c484-4ca6-99e6-89f8ae23971a","error":"maxdate is not defined","level":"error","message":"Data fetch failed","timestamp":"2026-01-01T11:28:12.027Z"}
{"level":"info","maxDate":"2025-12-31","message":"Max transaction date retrieved","timestamp":"2026-01-01T11:30:00.100Z"}
{"config":"46a5b516-c484-4ca6-99e6-89f8ae23971a","error":"maxdate is not defined","level":"error","message":"Data fetch failed","timestamp":"2026-01-01T11:30:00.101Z"}
{"level":"info","maxDate":"2025-12-31","message":"Max transaction date retrieved","timestamp":"2026-01-01T11:35:00.261Z"}
{"config":"46a5b516-c484-4ca6-99e6-89f8ae23971a","error":"maxdate is not defined","level":"error","message":"Data fetch failed","timestamp":"2026-01-01T11:35:00.261Z"}
{"level":"info","maxDate":"2025-12-31","message":"Max transaction date retrieved","timestamp":"2026-01-01T11:40:00.117Z"}
{"config":"46a5b516-c484-4ca6-99e6-89f8ae23971a","error":"maxdate is not defined","level":"error","message":"Data fetch failed","timestamp":"2026-01-01T11:40:00.117Z"}
{"level":"info","maxDate":"2025-12-31","message":"Max transaction date retrieved","timestamp":"2026-01-01T11:45:00.251Z"}
{"config":"46a5b516-c484-4ca6-99e6-89f8ae23971a","error":"maxdate is not defined","level":"error","message":"Data fetch failed","timestamp":"2026-01-01T11:45:00.251Z"}
{"level":"info","maxDate":"2025-12-31","message":"Max transaction date retrieved","timestamp":"2026-01-01T14:27:43.160Z"}
{"level":"info","message":"Fetching auth token","timestamp":"2026-01-01T14:27:43.162Z"}
{"level":"info","message":"Auth token retrieved successfully","timestamp":"2026-01-01T14:27:43.452Z"}
{"auth":"ENABLED","level":"info","message":"Calling API","method":"POST","timestamp":"2026-01-01T14:27:43.453Z","url":"https://kmjl.seaerpnxt.app/api/SEAapi/ManageKMJLAPI"}
{"config":"46a5b516-c484-4ca6-99e6-89f8ae23971a","error":"Request failed with status code 401","level":"error","message":"Data fetch failed","timestamp":"2026-01-01T14:27:43.505Z"}
{"level":"info","maxDate":"2025-12-31","message":"Max transaction date retrieved","timestamp":"2026-01-01T14:28:39.403Z"}
{"level":"info","message":"Fetching auth token","timestamp":"2026-01-01T14:28:39.405Z"}
{"level":"info","message":"Auth token retrieved successfully","timestamp":"2026-01-01T14:28:39.681Z"}
{"auth":"ENABLED","level":"info","message":"Calling API","method":"POST","timestamp":"2026-01-01T14:28:39.682Z","url":"https://kmjl.seaerpnxt.app/api/SEAapi/ManageKMJLAPI"}
{"config":"46a5b516-c484-4ca6-99e6-89f8ae23971a","error":"Request failed with status code 401","level":"error","message":"Data fetch failed","timestamp":"2026-01-01T14:28:39.733Z"}
{"level":"info","maxDate":"2025-12-31","message":"Max transaction date retrieved","timestamp":"2026-01-01T14:29:53.697Z"}
{"level":"info","message":"Fetching auth token","timestamp":"2026-01-01T14:29:53.699Z"}
{"level":"info","message":"Auth token retrieved successfully","timestamp":"2026-01-01T14:29:54.019Z"}
{"config":"46a5b516-c484-4ca6-99e6-89f8ae23971a","error":"Cannot access 'headers' before initialization","level":"error","message":"Data fetch failed","timestamp":"2026-01-01T14:29:54.020Z"}
{"level":"info","maxDate":"2025-12-31","message":"Max transaction date retrieved","timestamp":"2026-01-01T14:38:24.041Z"}
{"level":"info","message":"Fetching auth token","timestamp":"2026-01-01T14:38:24.043Z"}
{"level":"info","message":"Auth token retrieved successfully","timestamp":"2026-01-01T14:38:24.290Z"}
{"auth":"ENABLED","level":"info","message":"Calling API","method":"POST","timestamp":"2026-01-01T14:38:24.291Z","url":"https://kmjl.seaerpnxt.app/api/SEAapi/ManageKMJLAPI"}
{"config":"46a5b516-c484-4ca6-99e6-89f8ae23971a","error":"Request failed with status code 401","level":"error","message":"Data fetch failed","timestamp":"2026-01-01T14:38:24.345Z"}
{"level":"info","maxDate":"2025-12-31","message":"Max transaction date retrieved","timestamp":"2026-01-01T14:38:49.740Z"}
{"level":"info","message":"Fetching auth token","timestamp":"2026-01-01T14:38:49.743Z"}
{"level":"info","message":"Auth token retrieved successfully","timestamp":"2026-01-01T14:38:50.056Z"}
{"auth":"ENABLED","level":"info","message":"Calling API","method":"POST","timestamp":"2026-01-01T14:38:50.058Z","url":"https://kmjl.seaerpnxt.app/api/SEAapi/ManageKMJLAPI"}
{"config":"46a5b516-c484-4ca6-99e6-89f8ae23971a","error":"Request failed with status code 401","level":"error","message":"Data fetch failed","timestamp":"2026-01-01T14:38:50.115Z"}
{"level":"info","maxDate":"2025-12-31","message":"Max transaction date retrieved","timestamp":"2026-01-01T14:40:00.258Z"}
{"level":"info","message":"Fetching auth token","timestamp":"2026-01-01T14:40:00.259Z"}
{"level":"info","message":"Auth token retrieved successfully","timestamp":"2026-01-01T14:40:00.449Z"}
{"auth":"ENABLED","level":"info","message":"Calling API","method":"POST","timestamp":"2026-01-01T14:40:00.451Z","url":"https://kmjl.seaerpnxt.app/api/SEAapi/ManageKMJLAPI"}
{"config":"46a5b516-c484-4ca6-99e6-89f8ae23971a","error":"Request failed with status code 401","level":"error","message":"Data fetch failed","timestamp":"2026-01-01T14:40:00.503Z"}
{"level":"info","maxDate":"2025-12-31","message":"Max transaction date retrieved","timestamp":"2026-01-01T14:41:02.976Z"}
{"level":"info","message":"Fetching auth token","timestamp":"2026-01-01T14:41:02.977Z"}
{"level":"info","message":"Auth token retrieved successfully","timestamp":"2026-01-01T14:41:03.299Z"}
{"auth":"ENABLED","headers":[],"level":"info","message":"Calling API","method":"POST","timestamp":"2026-01-01T14:41:03.302Z","url":"https://kmjl.seaerpnxt.app/api/SEAapi/ManageKMJLAPI"}
{"config":"46a5b516-c484-4ca6-99e6-89f8ae23971a","error":"Request failed with status code 401","level":"error","message":"Data fetch failed","timestamp":"2026-01-01T14:41:03.363Z"}
{"level":"info","maxDate":"2025-12-31","message":"Max transaction date retrieved","timestamp":"2026-01-01T14:41:22.373Z"}
{"level":"info","message":"Fetching auth token","timestamp":"2026-01-01T14:41:22.375Z"}
{"level":"info","message":"Auth token retrieved successfully","timestamp":"2026-01-01T14:41:22.623Z"}
{"auth":"ENABLED","headers":[],"level":"info","message":"Calling API","method":"POST","timestamp":"2026-01-01T14:41:22.626Z","url":"https://kmjl.seaerpnxt.app/api/SEAapi/ManageKMJLAPI"}
{"config":"46a5b516-c484-4ca6-99e6-89f8ae23971a","error":"Request failed with status code 401","level":"error","message":"Data fetch failed","timestamp":"2026-01-01T14:41:22.685Z"}
{"level":"info","maxDate":"2025-12-31","message":"Max transaction date retrieved","timestamp":"2026-01-01T14:42:27.096Z"}
{"level":"info","message":"Fetching auth token","timestamp":"2026-01-01T14:42:27.097Z"}
{"level":"info","message":"Auth token retrieved successfully","timestamp":"2026-01-01T14:42:27.365Z"}
{"auth":"ENABLED","headers":["Authorization"],"level":"info","message":"Calling API","method":"POST","timestamp":"2026-01-01T14:42:27.367Z","url":"https://kmjl.seaerpnxt.app/api/SEAapi/ManageKMJLAPI"}
{"config":"46a5b516-c484-4ca6-99e6-89f8ae23971a","error":"Request failed with status code 401","level":"error","message":"Data fetch failed","timestamp":"2026-01-01T14:42:27.416Z"}
{"level":"info","maxDate":"2025-12-31","message":"Max transaction date retrieved","timestamp":"2026-01-01T14:42:59.494Z"}
{"level":"info","message":"Fetching auth token","timestamp":"2026-01-01T14:42:59.496Z"}
{"level":"info","message":"Auth token retrieved successfully","timestamp":"2026-01-01T14:42:59.760Z"}
{"auth":"ENABLED","headers":["Authorization"],"level":"info","message":"Calling API","method":"POST","timestamp":"2026-01-01T14:42:59.763Z","url":"https://kmjl.seaerpnxt.app/api/SEAapi/ManageKMJLAPI"}
{"level":"info","maxDate":"2025-12-31","message":"Max transaction date retrieved","timestamp":"2026-01-01T14:45:00.311Z"}
{"level":"info","message":"Fetching auth token","timestamp":"2026-01-01T14:45:00.312Z"}
{"level":"info","message":"Auth token retrieved successfully","timestamp":"2026-01-01T14:45:00.490Z"}
{"auth":"ENABLED","headers":["Authorization"],"level":"info","message":"Calling API","method":"POST","timestamp":"2026-01-01T14:45:00.493Z","url":"https://kmjl.seaerpnxt.app/api/SEAapi/ManageKMJLAPI"}
{"level":"info","maxDate":"2025-12-31","message":"Max transaction date retrieved","timestamp":"2026-01-01T14:50:00.337Z"}
{"level":"info","message":"Fetching auth token","timestamp":"2026-01-01T14:50:00.338Z"}
{"level":"info","message":"Auth token retrieved successfully","timestamp":"2026-01-01T14:50:00.469Z"}
{"auth":"ENABLED","headers":["Authorization"],"level":"info","message":"Calling API","method":"POST","timestamp":"2026-01-01T14:50:00.471Z","url":"https://kmjl.seaerpnxt.app/api/SEAapi/ManageKMJLAPI"}
{"level":"info","maxDate":"2025-12-31","message":"Max transaction date retrieved","timestamp":"2026-01-01T14:55:00.194Z"}
{"level":"info","message":"Fetching auth token","timestamp":"2026-01-01T14:55:00.195Z"}
{"level":"info","message":"Auth token retrieved successfully","timestamp":"2026-01-01T14:55:00.367Z"}
{"auth":"ENABLED","headers":["Authorization"],"level":"info","message":"Calling API","method":"POST","timestamp":"2026-01-01T14:55:00.370Z","url":"https://kmjl.seaerpnxt.app/api/SEAapi/ManageKMJLAPI"}
{"level":"info","maxDate":"2025-12-31","message":"Max transaction date retrieved","timestamp":"2026-01-01T15:00:00.233Z"}
{"level":"info","message":"Fetching auth token","timestamp":"2026-01-01T15:00:00.233Z"}
{"level":"info","message":"Auth token retrieved successfully","timestamp":"2026-01-01T15:00:00.522Z"}
{"auth":"ENABLED","headers":["Authorization"],"level":"info","message":"Calling API","method":"POST","timestamp":"2026-01-01T15:00:00.524Z","url":"https://kmjl.seaerpnxt.app/api/SEAapi/ManageKMJLAPI"}
{"level":"info","maxDate":"2025-12-31","message":"Max transaction date retrieved","timestamp":"2026-01-01T15:20:59.912Z"}
{"level":"info","message":"Fetching auth token","timestamp":"2026-01-01T15:20:59.913Z"}
{"level":"info","message":"Auth token retrieved successfully","timestamp":"2026-01-01T15:21:00.293Z"}
{"auth":"ENABLED","headers":["Authorization"],"level":"info","message":"Calling API","method":"POST","timestamp":"2026-01-01T15:21:00.295Z","url":"https://kmjl.seaerpnxt.app/api/SEAapi/ManageKMJLAPI"}
{"level":"info","maxDate":"2025-12-31","message":"Max transaction date retrieved","timestamp":"2026-01-01T15:25:00.101Z"}
{"level":"info","message":"Fetching auth token","timestamp":"2026-01-01T15:25:00.101Z"}
{"level":"info","message":"Auth token retrieved successfully","timestamp":"2026-01-01T15:25:00.241Z"}
{"auth":"ENABLED","headers":["Authorization"],"level":"info","message":"Calling API","method":"POST","timestamp":"2026-01-01T15:25:00.242Z","url":"https://kmjl.seaerpnxt.app/api/SEAapi/ManageKMJLAPI"}
{"level":"info","maxDate":"2025-12-31","message":"Max transaction date retrieved","timestamp":"2026-01-01T15:30:00.131Z"}
{"level":"info","message":"Fetching auth token","timestamp":"2026-01-01T15:30:00.131Z"}
{"level":"info","message":"Auth token retrieved successfully","timestamp":"2026-01-01T15:30:00.260Z"}
{"auth":"ENABLED","headers":["Authorization"],"level":"info","message":"Calling API","method":"POST","timestamp":"2026-01-01T15:30:00.262Z","url":"https://kmjl.seaerpnxt.app/api/SEAapi/ManageKMJLAPI"}
{"level":"info","maxDate":"2025-12-31","message":"Max transaction date retrieved","timestamp":"2026-01-01T15:35:00.139Z"}
{"level":"info","message":"Fetching auth token","timestamp":"2026-01-01T15:35:00.139Z"}
{"level":"info","message":"Auth token retrieved successfully","timestamp":"2026-01-01T15:35:00.282Z"}
{"auth":"ENABLED","headers":["Authorization"],"level":"info","message":"Calling API","method":"POST","timestamp":"2026-01-01T15:35:00.283Z","url":"https://kmjl.seaerpnxt.app/api/SEAapi/ManageKMJLAPI"}
{"level":"info","maxDate":"2025-12-31","message":"Max transaction date retrieved","timestamp":"2026-01-01T16:06:48.388Z"}
{"level":"info","message":"Fetching auth token","timestamp":"2026-01-01T16:06:48.389Z"}
{"level":"info","message":"Auth token retrieved successfully","timestamp":"2026-01-01T16:06:48.791Z"}
{"auth":"ENABLED","headers":["Authorization"],"level":"info","message":"Calling API","method":"POST","timestamp":"2026-01-01T16:06:48.793Z","url":"https://kmjl.seaerpnxt.app/api/SEAapi/ManageKMJLAPI"}
{"level":"info","maxDate":"2025-12-31","message":"Max transaction date retrieved","timestamp":"2026-01-01T16:10:00.240Z"}
{"level":"info","message":"Fetching auth token","timestamp":"2026-01-01T16:10:00.241Z"}
{"level":"info","message":"Auth token retrieved successfully","timestamp":"2026-01-01T16:10:00.408Z"}
{"auth":"ENABLED","headers":["Authorization"],"level":"info","message":"Calling API","method":"POST","timestamp":"2026-01-01T16:10:00.410Z","url":"https://kmjl.seaerpnxt.app/api/SEAapi/ManageKMJLAPI"}
{"level":"info","maxDate":"2025-12-31","message":"Max transaction date retrieved","timestamp":"2026-01-01T16:15:00.337Z"}
{"level":"info","message":"Fetching auth token","timestamp":"2026-01-01T16:15:00.338Z"}
{"level":"info","message":"Auth token retrieved successfully","timestamp":"2026-01-01T16:15:00.531Z"}
{"auth":"ENABLED","headers":["Authorization"],"level":"info","message":"Calling API","method":"POST","timestamp":"2026-01-01T16:15:00.533Z","url":"https://kmjl.seaerpnxt.app/api/SEAapi/ManageKMJLAPI"}
{"level":"info","maxDate":"2025-12-31","message":"Max transaction date retrieved","timestamp":"2026-01-01T16:15:27.161Z"}
{"level":"info","message":"Fetching auth token","timestamp":"2026-01-01T16:15:27.162Z"}
{"level":"info","message":"Auth token retrieved successfully","timestamp":"2026-01-01T16:15:27.431Z"}
{"auth":"ENABLED","headers":["Authorization"],"level":"info","message":"Calling API","method":"POST","timestamp":"2026-01-01T16:15:27.433Z","url":"https://kmjl.seaerpnxt.app/api/SEAapi/ManageKMJLAPI"}
{"level":"info","maxDate":"2025-12-31","message":"Max transaction date retrieved","timestamp":"2026-01-01T16:20:00.232Z"}
{"level":"info","message":"Fetching auth token","timestamp":"2026-01-01T16:20:00.233Z"}
{"level":"info","message":"Auth token retrieved successfully","timestamp":"2026-01-01T16:20:00.359Z"}
{"auth":"ENABLED","headers":["Authorization"],"level":"info","message":"Calling API","method":"POST","timestamp":"2026-01-01T16:20:00.361Z","url":"https://kmjl.seaerpnxt.app/api/SEAapi/ManageKMJLAPI"}
{"level":"info","maxDate":"2025-12-31","message":"Max transaction date retrieved","timestamp":"2026-01-01T16:35:00.808Z"}
{"level":"info","message":"Fetching auth token","timestamp":"2026-01-01T16:35:00.810Z"}
{"level":"info","message":"Auth token retrieved successfully","timestamp":"2026-01-01T16:35:01.196Z"}
{"auth":"ENABLED","headers":["Authorization"],"level":"info","message":"Calling API","method":"POST","timestamp":"2026-01-01T16:35:01.199Z","url":"https://kmjl.seaerpnxt.app/api/SEAapi/ManageKMJLAPI"}
{"level":"info","message":"Row root extraction check","rowRoot":"$.data.Transactions[*]","timestamp":"2026-01-01T16:35:01.330Z"}
{"level":"info","maxDate":"2025-12-31","message":"Max transaction date retrieved","timestamp":"2026-01-01T16:36:10.167Z"}
{"level":"info","message":"Fetching auth token","timestamp":"2026-01-01T16:36:10.168Z"}
{"level":"info","message":"Auth token retrieved successfully","timestamp":"2026-01-01T16:36:10.494Z"}
{"auth":"ENABLED","headers":["Authorization"],"level":"info","message":"Calling API","method":"POST","timestamp":"2026-01-01T16:36:10.497Z","url":"https://kmjl.seaerpnxt.app/api/SEAapi/ManageKMJLAPI"}
{"level":"info","message":"Row root extraction check123","rowRoot":"$.data.Transactions[*]","timestamp":"2026-01-01T16:36:10.613Z"}
{"level":"info","maxDate":"2025-12-31","message":"Max transaction date retrieved","timestamp":"2026-01-01T16:37:01.330Z"}
{"level":"info","message":"Fetching auth token","timestamp":"2026-01-01T16:37:01.332Z"}
{"level":"info","message":"Auth token retrieved successfully","timestamp":"2026-01-01T16:37:01.790Z"}
{"auth":"ENABLED","headers":["Authorization"],"level":"info","message":"Calling API","method":"POST","timestamp":"2026-01-01T16:37:01.794Z","url":"https://kmjl.seaerpnxt.app/api/SEAapi/ManageKMJLAPI"}
{"level":"info","message":"Row root extraction check123","rawData":{"error":"Api Name Required!!!!!!!","success":0},"timestamp":"2026-01-01T16:37:01.906Z"}
{"level":"info","maxDate":"2025-12-31","message":"Max transaction date retrieved","timestamp":"2026-01-01T16:37:05.101Z"}
{"level":"info","message":"Fetching auth token","timestamp":"2026-01-01T16:37:05.105Z"}
{"level":"info","message":"Auth token retrieved successfully","timestamp":"2026-01-01T16:37:05.518Z"}
{"auth":"ENABLED","headers":["Authorization"],"level":"info","message":"Calling API","method":"POST","timestamp":"2026-01-01T16:37:05.521Z","url":"https://kmjl.seaerpnxt.app/api/SEAapi/ManageKMJLAPI"}
{"level":"info","message":"Row root extraction check123","rawData":{"error":"Api Name Required!!!!!!!","success":0},"timestamp":"2026-01-01T16:37:05.654Z"}
{"level":"info","maxDate":"2025-12-31","message":"Max transaction date retrieved","timestamp":"2026-01-01T16:39:17.102Z"}
{"level":"info","message":"Fetching auth token","timestamp":"2026-01-01T16:39:17.104Z"}
{"level":"info","message":"Auth token retrieved successfully","timestamp":"2026-01-01T16:39:17.422Z"}
{"auth":"ENABLED","headers":["Authorization"],"level":"info","message":"Calling API","method":"POST","timestamp":"2026-01-01T16:39:17.425Z","url":"https://kmjl.seaerpnxt.app/api/SEAapi/ManageKMJLAPI"}
{"level":"info","message":"Row root extraction check123","rawData":{"error":"Api Name Required!!!!!!!","success":0},"timestamp":"2026-01-01T16:39:17.530Z"}
{"level":"info","maxDate":"2025-12-31","message":"Max transaction date retrieved","timestamp":"2026-01-01T16:40:00.291Z"}
{"level":"info","message":"Fetching auth token","timestamp":"2026-01-01T16:40:00.292Z"}
{"level":"info","message":"Auth token retrieved successfully","timestamp":"2026-01-01T16:40:00.407Z"}
{"auth":"ENABLED","headers":["Authorization"],"level":"info","message":"Calling API","method":"POST","timestamp":"2026-01-01T16:40:00.409Z","url":"https://kmjl.seaerpnxt.app/api/SEAapi/ManageKMJLAPI"}
{"level":"info","message":"Row root extraction check123","rawData":{"error":"Api Name Required!!!!!!!","success":0},"timestamp":"2026-01-01T16:40:00.530Z"}
{"level":"info","maxDate":"2025-12-31","message":"Max transaction date retrieved","timestamp":"2026-01-01T16:42:33.584Z"}
{"level":"info","message":"Fetching auth token","timestamp":"2026-01-01T16:42:33.585Z"}
{"level":"info","message":"Auth token retrieved successfully","timestamp":"2026-01-01T16:42:33.856Z"}
{"auth":"ENABLED","headers":["Authorization"],"level":"info","message":"Calling API","method":"POST","timestamp":"2026-01-01T16:42:33.859Z","url":"https://kmjl.seaerpnxt.app/api/SEAapi/ManageKMJLAPI"}
{"isArray":false,"level":"info","message":"RAW API RESPONSE STRUCTURE","timestamp":"2026-01-01T16:42:33.988Z","topKeys":["success","error"],"type":"object"}
{"level":"info","maxDate":"2025-12-31","message":"Max transaction date retrieved","timestamp":"2026-01-01T16:45:00.360Z"}
{"level":"info","message":"Fetching auth token","timestamp":"2026-01-01T16:45:00.362Z"}
{"level":"info","message":"Auth token retrieved successfully","timestamp":"2026-01-01T16:45:00.523Z"}
{"auth":"ENABLED","headers":["Authorization"],"level":"info","message":"Calling API","method":"POST","timestamp":"2026-01-01T16:45:00.526Z","url":"https://kmjl.seaerpnxt.app/api/SEAapi/ManageKMJLAPI"}
{"isArray":false,"level":"info","message":"RAW API RESPONSE STRUCTURE","timestamp":"2026-01-01T16:45:00.644Z","topKeys":["success","error"],"type":"object"}
{"level":"info","maxDate":"2025-12-31","message":"Max transaction date retrieved","timestamp":"2026-01-01T16:45:59.384Z"}
{"level":"info","message":"Fetching auth token","timestamp":"2026-01-01T16:45:59.386Z"}
{"level":"info","message":"Auth token retrieved successfully","timestamp":"2026-01-01T16:45:59.663Z"}
{"auth":"ENABLED","headers":["Authorization"],"level":"info","message":"Calling API","method":"POST","timestamp":"2026-01-01T16:45:59.665Z","url":"https://kmjl.seaerpnxt.app/api/SEAapi/ManageKMJLAPI"}
{"isArray":false,"level":"info","message":"RAW API RESPONSE STRUCTURE","timestamp":"2026-01-01T16:45:59.780Z","topKeys":["success","error"],"type":"object"}
{"level":"info","maxDate":"2025-12-31","message":"Max transaction date retrieved","timestamp":"2026-01-01T16:46:44.413Z"}
{"level":"info","message":"Fetching auth token","timestamp":"2026-01-01T16:46:44.415Z"}
{"level":"info","message":"Auth token retrieved successfully","timestamp":"2026-01-01T16:46:44.688Z"}
{"auth":"ENABLED","headers":["Authorization"],"level":"info","message":"Calling API","method":"POST","timestamp":"2026-01-01T16:46:44.691Z","url":"https://kmjl.seaerpnxt.app/api/SEAapi/ManageKMJLAPI"}
{"isArray":false,"level":"info","message":"RAW API RESPONSE STRUCTURE","timestamp":"2026-01-01T16:46:44.824Z","topKeys":["success","error"],"type":"object"}
{"level":"info","maxDate":"2025-12-31","message":"Max transaction date retrieved","timestamp":"2026-01-01T16:50:00.304Z"}
{"level":"info","message":"Fetching auth token","timestamp":"2026-01-01T16:50:00.305Z"}
{"level":"info","message":"Auth token retrieved successfully","timestamp":"2026-01-01T16:50:00.520Z"}
{"auth":"ENABLED","headers":["Authorization"],"level":"info","message":"Calling API","method":"POST","timestamp":"2026-01-01T16:50:00.524Z","url":"https://kmjl.seaerpnxt.app/api/SEAapi/ManageKMJLAPI"}
{"isArray":false,"level":"info","message":"RAW API RESPONSE STRUCTURE","timestamp":"2026-01-01T16:50:00.669Z","topKeys":["success","error"],"type":"object"}
{"level":"info","maxDate":"2025-12-31","message":"Max transaction date retrieved","timestamp":"2026-01-01T16:50:45.974Z"}
{"level":"info","message":"Fetching auth token","timestamp":"2026-01-01T16:50:45.976Z"}
{"level":"info","message":"Auth token retrieved successfully","timestamp":"2026-01-01T16:50:46.271Z"}
{"auth":"ENABLED","headers":["Authorization"],"level":"info","message":"Calling API","method":"POST","timestamp":"2026-01-01T16:50:46.275Z","url":"https://kmjl.seaerpnxt.app/api/SEAapi/ManageKMJLAPI"}
{"isArray":false,"level":"info","message":"RAW API RESPONSE STRUCTURE","timestamp":"2026-01-01T16:50:46.387Z","topKeys":["success","error"],"type":"object"}
{"level":"info","maxDate":"2025-12-31","message":"Max transaction date retrieved","timestamp":"2026-01-01T16:51:06.626Z"}
{"level":"info","message":"Fetching auth token","timestamp":"2026-01-01T16:51:06.628Z"}
{"level":"info","message":"Auth token retrieved successfully","timestamp":"2026-01-01T16:51:07.005Z"}
{"auth":"ENABLED","headers":["Authorization"],"level":"info","message":"Calling API","method":"POST","timestamp":"2026-01-01T16:51:07.006Z","url":"https://kmjl.seaerpnxt.app/api/SEAapi/ManageKMJLAPI"}
{"isArray":false,"level":"info","message":"RAW API RESPONSE STRUCTURE","timestamp":"2026-01-01T16:51:07.120Z","topKeys":["success","error"],"type":"object"}
{"level":"info","maxDate":"2025-12-31","message":"Max transaction date retrieved","timestamp":"2026-01-01T16:52:29.354Z"}
{"level":"info","message":"Fetching auth token","timestamp":"2026-01-01T16:52:29.355Z"}
{"level":"info","message":"Auth token retrieved successfully","timestamp":"2026-01-01T16:52:29.641Z"}
{"isArray":false,"level":"info","message":"RAW API RESPONSE STRUCTURE","timestamp":"2026-01-01T16:52:29.755Z","topKeys":["success","error"],"type":"object"}
{"level":"info","maxDate":"2025-12-31","message":"Max transaction date retrieved","timestamp":"2026-01-01T16:53:26.553Z"}
{"level":"info","message":"Fetching auth token","timestamp":"2026-01-01T16:53:26.554Z"}
{"level":"info","message":"Auth token retrieved successfully","timestamp":"2026-01-01T16:53:26.813Z"}
{"auth":"ENABLED","body":null,"headers":["Authorization"],"level":"info","message":"Calling API","method":"POST","params":[],"timestamp":"2026-01-01T16:53:26.817Z","url":"https://kmjl.seaerpnxt.app/api/SEAapi/ManageKMJLAPI"}
{"isArray":false,"level":"info","message":"RAW API RESPONSE STRUCTURE","timestamp":"2026-01-01T16:53:26.926Z","topKeys":["success","error"],"type":"object"}
{"level":"info","maxDate":"2025-12-31","message":"Max transaction date retrieved","timestamp":"2026-01-01T16:54:19.064Z"}
{"level":"info","message":"Fetching auth token","timestamp":"2026-01-01T16:54:19.065Z"}
{"level":"info","message":"Auth token retrieved successfully","timestamp":"2026-01-01T16:54:19.352Z"}
{"auth":"ENABLED","body":"REDACTED","headers":["Authorization"],"level":"info","message":"Calling API","method":"POST","params":[],"timestamp":"2026-01-01T16:54:19.354Z","url":"https://kmjl.seaerpnxt.app/api/SEAapi/ManageKMJLAPI"}
{"isArray":false,"level":"info","message":"RAW API RESPONSE STRUCTURE","timestamp":"2026-01-01T16:54:19.514Z","topKeys":["success","error","data"],"type":"object"}
{"level":"info","maxDate":"2025-12-31","message":"Max transaction date retrieved","timestamp":"2026-01-01T16:55:00.337Z"}
{"level":"info","message":"Fetching auth token","timestamp":"2026-01-01T16:55:00.337Z"}
{"level":"info","message":"Auth token retrieved successfully","timestamp":"2026-01-01T16:55:00.489Z"}
{"auth":"ENABLED","body":"REDACTED","headers":["Authorization"],"level":"info","message":"Calling API","method":"POST","params":[],"timestamp":"2026-01-01T16:55:00.492Z","url":"https://kmjl.seaerpnxt.app/api/SEAapi/ManageKMJLAPI"}
{"isArray":false,"level":"info","message":"RAW API RESPONSE STRUCTURE","timestamp":"2026-01-01T16:55:00.665Z","topKeys":["success","error","data"],"type":"object"}
{"level":"info","maxDate":"2025-12-31","message":"Max transaction date retrieved","timestamp":"2026-01-01T17:00:00.376Z"}
{"level":"info","message":"Fetching auth token","timestamp":"2026-01-01T17:00:00.377Z"}
{"level":"info","message":"Auth token retrieved successfully","timestamp":"2026-01-01T17:00:00.559Z"}
{"auth":"ENABLED","body":"REDACTED","headers":["Authorization"],"level":"info","message":"Calling API","method":"POST","params":[],"timestamp":"2026-01-01T17:00:00.560Z","url":"https://kmjl.seaerpnxt.app/api/SEAapi/ManageKMJLAPI"}
{"isArray":false,"level":"info","message":"RAW API RESPONSE STRUCTURE","timestamp":"2026-01-01T17:00:00.808Z","topKeys":["success","error","data"],"type":"object"}
{"level":"info","maxDate":"2025-12-31","message":"Max transaction date retrieved","timestamp":"2026-01-01T17:02:42.027Z"}
{"level":"info","message":"Fetching auth token","timestamp":"2026-01-01T17:02:42.029Z"}
{"level":"info","message":"Auth token retrieved successfully","timestamp":"2026-01-01T17:02:42.316Z"}
{"auth":"ENABLED","body":"REDACTED","headers":["Authorization","Content-Type"],"level":"info","message":"Calling API","method":"POST","params":[],"timestamp":"2026-01-01T17:02:42.319Z","url":"https://kmjl.seaerpnxt.app/api/SEAapi/ManageKMJLAPI"}
{"isArray":false,"level":"info","message":"RAW API RESPONSE STRUCTURE","timestamp":"2026-01-01T17:02:42.464Z","topKeys":["success","error","data"],"type":"object"}
{"level":"info","maxDate":"2025-12-31","message":"Max transaction date retrieved","timestamp":"2026-01-01T17:05:00.239Z"}
{"level":"info","message":"Fetching auth token","timestamp":"2026-01-01T17:05:00.240Z"}
{"level":"info","message":"Auth token retrieved successfully","timestamp":"2026-01-01T17:05:00.412Z"}
{"auth":"ENABLED","body":"REDACTED","headers":["Authorization","Content-Type"],"level":"info","message":"Calling API","method":"POST","params":[],"timestamp":"2026-01-01T17:05:00.416Z","url":"https://kmjl.seaerpnxt.app/api/SEAapi/ManageKMJLAPI"}
{"isArray":false,"level":"info","message":"RAW API RESPONSE STRUCTURE","timestamp":"2026-01-01T17:05:00.942Z","topKeys":["success","error","data"],"type":"object"}
{"level":"info","maxDate":"2025-12-31","message":"Max transaction date retrieved","timestamp":"2026-01-01T17:05:55.307Z"}
{"level":"info","message":"Fetching auth token","timestamp":"2026-01-01T17:05:55.309Z"}
{"level":"info","message":"Auth token retrieved successfully","timestamp":"2026-01-01T17:05:55.693Z"}
{"config":"46a5b516-c484-4ca6-99e6-89f8ae23971a","error":"bodyKeys is not defined","level":"error","message":"Data fetch failed","timestamp":"2026-01-01T17:05:55.697Z"}
{"level":"info","maxDate":"2025-12-31","message":"Max transaction date retrieved","timestamp":"2026-01-01T17:10:00.202Z"}
{"level":"info","message":"Fetching auth token","timestamp":"2026-01-01T17:10:00.203Z"}
{"level":"info","message":"Auth token retrieved successfully","timestamp":"2026-01-01T17:10:00.340Z"}
{"config":"46a5b516-c484-4ca6-99e6-89f8ae23971a","error":"bodyKeys is not defined","level":"error","message":"Data fetch failed","timestamp":"2026-01-01T17:10:00.342Z"}
{"level":"info","maxDate":"2025-12-31","message":"Max transaction date retrieved","timestamp":"2026-01-01T17:11:21.158Z"}
{"level":"info","message":"Fetching auth token","timestamp":"2026-01-01T17:11:21.160Z"}
{"level":"info","message":"Auth token retrieved successfully","timestamp":"2026-01-01T17:11:21.508Z"}
{"config":"46a5b516-c484-4ca6-99e6-89f8ae23971a","error":"bodyKeys is not defined","level":"error","message":"Data fetch failed","timestamp":"2026-01-01T17:11:21.513Z"}
{"level":"info","maxDate":"2025-12-31","message":"Max transaction date retrieved","timestamp":"2026-01-01T17:13:05.481Z"}
{"level":"info","message":"Fetching auth token","timestamp":"2026-01-01T17:13:05.483Z"}
{"level":"info","message":"Auth token retrieved successfully","timestamp":"2026-01-01T17:13:05.773Z"}
{"config":"46a5b516-c484-4ca6-99e6-89f8ae23971a","error":"bodyKeys is not defined","level":"error","message":"Data fetch failed","timestamp":"2026-01-01T17:13:05.774Z"}
{"level":"info","maxDate":"2025-12-31","message":"Max transaction date retrieved","timestamp":"2026-01-01T17:13:35.436Z"}
{"level":"info","message":"Fetching auth token","timestamp":"2026-01-01T17:13:35.438Z"}
{"level":"info","message":"Auth token retrieved successfully","timestamp":"2026-01-01T17:13:35.751Z"}
{"config":"46a5b516-c484-4ca6-99e6-89f8ae23971a","error":"bodyKeys is not defined","level":"error","message":"Data fetch failed","timestamp":"2026-01-01T17:13:35.753Z"}
{"level":"info","maxDate":"2025-12-31","message":"Max transaction date retrieved","timestamp":"2026-01-01T17:14:58.418Z"}
{"level":"info","message":"Fetching auth token","timestamp":"2026-01-01T17:14:58.419Z"}
{"level":"info","message":"Auth token retrieved successfully","timestamp":"2026-01-01T17:14:58.692Z"}
{"config":"46a5b516-c484-4ca6-99e6-89f8ae23971a","error":"bodyKeys is not defined","level":"error","message":"Data fetch failed","timestamp":"2026-01-01T17:14:58.694Z"}
{"level":"info","maxDate":"2025-12-31","message":"Max transaction date retrieved","timestamp":"2026-01-01T17:15:00.062Z"}
{"level":"info","message":"Fetching auth token","timestamp":"2026-01-01T17:15:00.064Z"}
{"level":"info","message":"Auth token retrieved successfully","timestamp":"2026-01-01T17:15:00.154Z"}
{"config":"46a5b516-c484-4ca6-99e6-89f8ae23971a","error":"bodyKeys is not defined","level":"error","message":"Data fetch failed","timestamp":"2026-01-01T17:15:00.158Z"}
{"level":"info","maxDate":"2025-12-31","message":"Max transaction date retrieved","timestamp":"2026-01-01T17:15:38.518Z"}
{"level":"info","message":"Fetching auth token","timestamp":"2026-01-01T17:15:38.519Z"}
{"level":"info","message":"Auth token retrieved successfully","timestamp":"2026-01-01T17:15:38.834Z"}
{"isArray":false,"level":"info","message":"RAW API RESPONSE STRUCTURE","timestamp":"2026-01-01T17:15:39.008Z","topKeys":["success","error","data"],"type":"object"}
{"level":"info","maxDate":"2025-12-31","message":"Max transaction date retrieved","timestamp":"2026-01-01T17:16:17.565Z"}
{"level":"info","message":"Fetching auth token","timestamp":"2026-01-01T17:16:17.567Z"}
{"level":"info","message":"Auth token retrieved successfully","timestamp":"2026-01-01T17:16:17.942Z"}
{"isArray":false,"level":"info","message":"RAW API RESPONSE STRUCTURE","timestamp":"2026-01-01T17:16:18.128Z","topKeys":["success","error","data"],"type":"object"}
{"level":"info","maxDate":"2025-12-31","message":"Max transaction date retrieved","timestamp":"2026-01-01T17:16:30.993Z"}
{"level":"info","message":"Fetching auth token","timestamp":"2026-01-01T17:16:30.994Z"}
{"level":"info","message":"Auth token retrieved successfully","timestamp":"2026-01-01T17:16:31.250Z"}
{"isArray":false,"level":"info","message":"RAW API RESPONSE STRUCTURE","timestamp":"2026-01-01T17:16:31.453Z","topKeys":["success","error","data"],"type":"object"}
{"level":"info","maxDate":"2025-12-31","message":"Max transaction date retrieved","timestamp":"2026-01-01T17:18:13.248Z"}
{"level":"info","message":"Fetching auth token","timestamp":"2026-01-01T17:18:13.250Z"}
{"level":"info","message":"Auth token retrieved successfully","timestamp":"2026-01-01T17:18:13.549Z"}
{"isArray":false,"level":"info","message":"RAW API RESPONSE STRUCTURE","timestamp":"2026-01-01T17:18:13.752Z","topKeys":["success","error","data"],"type":"object"}
