{"level":"info","message":"Starting data ingestion cycle","timestamp":"2025-12-17T10:44:29.164Z"}
{"error":"role \"Hp\" does not exist","level":"error","message":"Ingestion cycle failed","stack":"error: role \"Hp\" does not exist\n    at D:\\Puvi\\VIDVEDAA_PROJECT\\POSIntegration\\node_modules\\pg-pool\\index.js:45:11\n    at process.processTicksAndRejections (node:internal/process/task_queues:105:5)\n    at async ConfigModel.getActiveConfigs (D:\\Puvi\\VIDVEDAA_PROJECT\\POSIntegration\\src\\models\\ConfigModel.js:26:20)\n    at async IntegrationOrchestrator.executeIngestion (D:\\Puvi\\VIDVEDAA_PROJECT\\POSIntegration\\src\\services\\IntegrationOrchestrator.js:17:23)\n    at async D:\\Puvi\\VIDVEDAA_PROJECT\\POSIntegration\\index.js:35:5","timestamp":"2025-12-17T10:44:29.325Z"}
{"level":"info","message":"Starting data ingestion cycle","timestamp":"2025-12-17T10:44:47.633Z"}
{"error":"role \"Hp\" does not exist","level":"error","message":"Ingestion cycle failed","stack":"error: role \"Hp\" does not exist\n    at D:\\Puvi\\VIDVEDAA_PROJECT\\POSIntegration\\node_modules\\pg-pool\\index.js:45:11\n    at process.processTicksAndRejections (node:internal/process/task_queues:105:5)\n    at async ConfigModel.getActiveConfigs (D:\\Puvi\\VIDVEDAA_PROJECT\\POSIntegration\\src\\models\\ConfigModel.js:26:20)\n    at async IntegrationOrchestrator.executeIngestion (D:\\Puvi\\VIDVEDAA_PROJECT\\POSIntegration\\src\\services\\IntegrationOrchestrator.js:17:23)\n    at async D:\\Puvi\\VIDVEDAA_PROJECT\\POSIntegration\\index.js:35:5","timestamp":"2025-12-17T10:44:47.782Z"}
{"level":"info","message":"Starting data ingestion cycle","timestamp":"2025-12-17T10:45:00.040Z"}
{"error":"role \"Hp\" does not exist","level":"error","message":"Ingestion cycle failed","stack":"error: role \"Hp\" does not exist\n    at D:\\Puvi\\VIDVEDAA_PROJECT\\POSIntegration\\node_modules\\pg-pool\\index.js:45:11\n    at process.processTicksAndRejections (node:internal/process/task_queues:105:5)\n    at async ConfigModel.getActiveConfigs (D:\\Puvi\\VIDVEDAA_PROJECT\\POSIntegration\\src\\models\\ConfigModel.js:26:20)\n    at async IntegrationOrchestrator.executeIngestion (D:\\Puvi\\VIDVEDAA_PROJECT\\POSIntegration\\src\\services\\IntegrationOrchestrator.js:17:23)\n    at async D:\\Puvi\\VIDVEDAA_PROJECT\\POSIntegration\\index.js:25:5\n    at async Timeout._onTimeout (D:\\Puvi\\VIDVEDAA_PROJECT\\POSIntegration\\node_modules\\node-cron\\dist\\cjs\\scheduler\\runner.js:70:44)","timestamp":"2025-12-17T10:45:00.242Z"}
{"level":"info","message":"Starting data ingestion cycle","timestamp":"2025-12-17T10:50:00.044Z"}
{"error":"role \"Hp\" does not exist","level":"error","message":"Ingestion cycle failed","stack":"error: role \"Hp\" does not exist\n    at D:\\Puvi\\VIDVEDAA_PROJECT\\POSIntegration\\node_modules\\pg-pool\\index.js:45:11\n    at process.processTicksAndRejections (node:internal/process/task_queues:105:5)\n    at async ConfigModel.getActiveConfigs (D:\\Puvi\\VIDVEDAA_PROJECT\\POSIntegration\\src\\models\\ConfigModel.js:26:20)\n    at async IntegrationOrchestrator.executeIngestion (D:\\Puvi\\VIDVEDAA_PROJECT\\POSIntegration\\src\\services\\IntegrationOrchestrator.js:17:23)\n    at async D:\\Puvi\\VIDVEDAA_PROJECT\\POSIntegration\\index.js:25:5\n    at async Timeout._onTimeout (D:\\Puvi\\VIDVEDAA_PROJECT\\POSIntegration\\node_modules\\node-cron\\dist\\cjs\\scheduler\\runner.js:70:44)","timestamp":"2025-12-17T10:50:00.186Z"}
{"level":"info","message":"Starting data ingestion cycle","timestamp":"2025-12-17T10:55:00.048Z"}
{"error":"role \"Hp\" does not exist","level":"error","message":"Ingestion cycle failed","stack":"error: role \"Hp\" does not exist\n    at D:\\Puvi\\VIDVEDAA_PROJECT\\POSIntegration\\node_modules\\pg-pool\\index.js:45:11\n    at process.processTicksAndRejections (node:internal/process/task_queues:105:5)\n    at async ConfigModel.getActiveConfigs (D:\\Puvi\\VIDVEDAA_PROJECT\\POSIntegration\\src\\models\\ConfigModel.js:26:20)\n    at async IntegrationOrchestrator.executeIngestion (D:\\Puvi\\VIDVEDAA_PROJECT\\POSIntegration\\src\\services\\IntegrationOrchestrator.js:17:23)\n    at async D:\\Puvi\\VIDVEDAA_PROJECT\\POSIntegration\\index.js:25:5\n    at async Timeout._onTimeout (D:\\Puvi\\VIDVEDAA_PROJECT\\POSIntegration\\node_modules\\node-cron\\dist\\cjs\\scheduler\\runner.js:70:44)","timestamp":"2025-12-17T10:55:00.229Z"}
{"level":"info","message":"Starting data ingestion cycle","timestamp":"2025-12-17T11:00:00.046Z"}
{"error":"role \"Hp\" does not exist","level":"error","message":"Ingestion cycle failed","stack":"error: role \"Hp\" does not exist\n    at D:\\Puvi\\VIDVEDAA_PROJECT\\POSIntegration\\node_modules\\pg-pool\\index.js:45:11\n    at process.processTicksAndRejections (node:internal/process/task_queues:105:5)\n    at async ConfigModel.getActiveConfigs (D:\\Puvi\\VIDVEDAA_PROJECT\\POSIntegration\\src\\models\\ConfigModel.js:26:20)\n    at async IntegrationOrchestrator.executeIngestion (D:\\Puvi\\VIDVEDAA_PROJECT\\POSIntegration\\src\\services\\IntegrationOrchestrator.js:17:23)\n    at async D:\\Puvi\\VIDVEDAA_PROJECT\\POSIntegration\\index.js:25:5\n    at async Timeout._onTimeout (D:\\Puvi\\VIDVEDAA_PROJECT\\POSIntegration\\node_modules\\node-cron\\dist\\cjs\\scheduler\\runner.js:70:44)","timestamp":"2025-12-17T11:00:00.280Z"}
{"level":"info","message":"Starting data ingestion cycle","timestamp":"2025-12-17T11:05:00.031Z"}
{"error":"role \"Hp\" does not exist","level":"error","message":"Ingestion cycle failed","stack":"error: role \"Hp\" does not exist\n    at D:\\Puvi\\VIDVEDAA_PROJECT\\POSIntegration\\node_modules\\pg-pool\\index.js:45:11\n    at process.processTicksAndRejections (node:internal/process/task_queues:105:5)\n    at async ConfigModel.getActiveConfigs (D:\\Puvi\\VIDVEDAA_PROJECT\\POSIntegration\\src\\models\\ConfigModel.js:26:20)\n    at async IntegrationOrchestrator.executeIngestion (D:\\Puvi\\VIDVEDAA_PROJECT\\POSIntegration\\src\\services\\IntegrationOrchestrator.js:17:23)\n    at async D:\\Puvi\\VIDVEDAA_PROJECT\\POSIntegration\\index.js:25:5\n    at async Timeout._onTimeout (D:\\Puvi\\VIDVEDAA_PROJECT\\POSIntegration\\node_modules\\node-cron\\dist\\cjs\\scheduler\\runner.js:70:44)","timestamp":"2025-12-17T11:05:00.143Z"}
{"level":"info","message":"Starting data ingestion cycle","timestamp":"2025-12-17T11:10:00.045Z"}
{"error":"role \"Hp\" does not exist","level":"error","message":"Ingestion cycle failed","stack":"error: role \"Hp\" does not exist\n    at D:\\Puvi\\VIDVEDAA_PROJECT\\POSIntegration\\node_modules\\pg-pool\\index.js:45:11\n    at process.processTicksAndRejections (node:internal/process/task_queues:105:5)\n    at async ConfigModel.getActiveConfigs (D:\\Puvi\\VIDVEDAA_PROJECT\\POSIntegration\\src\\models\\ConfigModel.js:26:20)\n    at async IntegrationOrchestrator.executeIngestion (D:\\Puvi\\VIDVEDAA_PROJECT\\POSIntegration\\src\\services\\IntegrationOrchestrator.js:17:23)\n    at async D:\\Puvi\\VIDVEDAA_PROJECT\\POSIntegration\\index.js:25:5\n    at async Timeout._onTimeout (D:\\Puvi\\VIDVEDAA_PROJECT\\POSIntegration\\node_modules\\node-cron\\dist\\cjs\\scheduler\\runner.js:70:44)","timestamp":"2025-12-17T11:10:00.191Z"}
{"level":"info","message":"Starting data ingestion cycle","timestamp":"2025-12-17T11:15:00.052Z"}
{"error":"role \"Hp\" does not exist","level":"error","message":"Ingestion cycle failed","stack":"error: role \"Hp\" does not exist\n    at D:\\Puvi\\VIDVEDAA_PROJECT\\POSIntegration\\node_modules\\pg-pool\\index.js:45:11\n    at process.processTicksAndRejections (node:internal/process/task_queues:105:5)\n    at async ConfigModel.getActiveConfigs (D:\\Puvi\\VIDVEDAA_PROJECT\\POSIntegration\\src\\models\\ConfigModel.js:26:20)\n    at async IntegrationOrchestrator.executeIngestion (D:\\Puvi\\VIDVEDAA_PROJECT\\POSIntegration\\src\\services\\IntegrationOrchestrator.js:17:23)\n    at async D:\\Puvi\\VIDVEDAA_PROJECT\\POSIntegration\\index.js:25:5\n    at async Timeout._onTimeout (D:\\Puvi\\VIDVEDAA_PROJECT\\POSIntegration\\node_modules\\node-cron\\dist\\cjs\\scheduler\\runner.js:70:44)","timestamp":"2025-12-17T11:15:00.169Z"}
{"level":"info","message":"Starting data ingestion cycle","timestamp":"2025-12-17T13:24:46.326Z"}
{"level":"info","message":"Found 0 active configurations","timestamp":"2025-12-17T13:24:46.403Z"}
{"level":"info","message":"Data ingestion cycle completed","timestamp":"2025-12-17T13:24:46.404Z"}
{"level":"info","message":"Starting data ingestion cycle","timestamp":"2025-12-17T13:25:00.026Z"}
{"level":"info","message":"Found 0 active configurations","timestamp":"2025-12-17T13:25:00.029Z"}
{"level":"info","message":"Data ingestion cycle completed","timestamp":"2025-12-17T13:25:00.030Z"}
{"level":"info","message":"Starting data ingestion cycle","timestamp":"2025-12-17T13:26:59.420Z"}
{"level":"info","message":"Found 0 active configurations","timestamp":"2025-12-17T13:26:59.609Z"}
{"level":"info","message":"Data ingestion cycle completed","timestamp":"2025-12-17T13:26:59.610Z"}
{"level":"info","message":"Starting data ingestion cycle","timestamp":"2025-12-17T13:30:00.058Z"}
{"level":"info","message":"Found 0 active configurations","timestamp":"2025-12-17T13:30:00.274Z"}
{"level":"info","message":"Data ingestion cycle completed","timestamp":"2025-12-17T13:30:00.275Z"}
{"level":"info","message":"Starting data ingestion cycle","timestamp":"2025-12-17T13:35:00.018Z"}
{"level":"info","message":"Found 0 active configurations","timestamp":"2025-12-17T13:35:00.081Z"}
{"level":"info","message":"Data ingestion cycle completed","timestamp":"2025-12-17T13:35:00.082Z"}
{"level":"info","message":"Starting data ingestion cycle","timestamp":"2025-12-17T13:40:00.026Z"}
{"level":"info","message":"Found 0 active configurations","timestamp":"2025-12-17T13:40:00.115Z"}
{"level":"info","message":"Data ingestion cycle completed","timestamp":"2025-12-17T13:40:00.116Z"}
{"level":"info","message":"Starting data ingestion cycle","timestamp":"2025-12-17T13:45:00.025Z"}
{"level":"info","message":"Found 0 active configurations","timestamp":"2025-12-17T13:45:00.089Z"}
{"level":"info","message":"Data ingestion cycle completed","timestamp":"2025-12-17T13:45:00.089Z"}
{"level":"info","message":"Starting data ingestion cycle","timestamp":"2025-12-18T07:15:00.034Z"}
{"level":"info","message":"Found 0 active configurations","timestamp":"2025-12-18T07:15:00.122Z"}
{"level":"info","message":"Data ingestion cycle completed","timestamp":"2025-12-18T07:15:00.122Z"}
{"level":"info","message":"Starting data ingestion cycle","timestamp":"2025-12-18T07:20:00.028Z"}
{"level":"info","message":"Found 0 active configurations","timestamp":"2025-12-18T07:20:00.110Z"}
{"level":"info","message":"Data ingestion cycle completed","timestamp":"2025-12-18T07:20:00.111Z"}
{"level":"info","message":"Starting data ingestion cycle","timestamp":"2025-12-18T07:25:00.017Z"}
{"level":"info","message":"Found 0 active configurations","timestamp":"2025-12-18T07:25:00.073Z"}
{"level":"info","message":"Data ingestion cycle completed","timestamp":"2025-12-18T07:25:00.073Z"}
{"level":"info","message":"Starting data ingestion cycle","timestamp":"2025-12-18T10:05:00.048Z"}
{"level":"info","message":"Found 0 active configurations","timestamp":"2025-12-18T10:05:00.125Z"}
{"level":"info","message":"Data ingestion cycle completed","timestamp":"2025-12-18T10:05:00.125Z"}
{"level":"info","message":"Starting data ingestion cycle","timestamp":"2025-12-18T10:10:00.042Z"}
{"level":"info","message":"Found 0 active configurations","timestamp":"2025-12-18T10:10:00.112Z"}
{"level":"info","message":"Data ingestion cycle completed","timestamp":"2025-12-18T10:10:00.113Z"}
{"level":"info","message":"Starting data ingestion cycle","timestamp":"2025-12-18T10:15:00.045Z"}
{"level":"info","message":"Found 0 active configurations","timestamp":"2025-12-18T10:15:00.121Z"}
{"level":"info","message":"Data ingestion cycle completed","timestamp":"2025-12-18T10:15:00.121Z"}
{"level":"info","message":"Starting data ingestion cycle","timestamp":"2025-12-18T10:20:00.036Z"}
{"level":"info","message":"Found 0 active configurations","timestamp":"2025-12-18T10:20:00.115Z"}
{"level":"info","message":"Data ingestion cycle completed","timestamp":"2025-12-18T10:20:00.115Z"}
{"level":"info","message":"Starting data ingestion cycle","timestamp":"2025-12-18T10:25:00.041Z"}
{"level":"info","message":"Found 0 active configurations","timestamp":"2025-12-18T10:25:00.264Z"}
{"level":"info","message":"Data ingestion cycle completed","timestamp":"2025-12-18T10:25:00.264Z"}
{"level":"info","message":"Starting data ingestion cycle","timestamp":"2025-12-18T10:30:00.014Z"}
{"level":"info","message":"Found 0 active configurations","timestamp":"2025-12-18T10:30:00.084Z"}
{"level":"info","message":"Data ingestion cycle completed","timestamp":"2025-12-18T10:30:00.084Z"}
{"level":"info","message":"Starting data ingestion cycle","timestamp":"2025-12-18T10:35:00.046Z"}
{"level":"info","message":"Found 0 active configurations","timestamp":"2025-12-18T10:35:00.114Z"}
{"level":"info","message":"Data ingestion cycle completed","timestamp":"2025-12-18T10:35:00.115Z"}
{"level":"info","message":"Starting data ingestion cycle","timestamp":"2025-12-18T10:40:00.039Z"}
{"level":"info","message":"Found 0 active configurations","timestamp":"2025-12-18T10:40:00.117Z"}
{"level":"info","message":"Data ingestion cycle completed","timestamp":"2025-12-18T10:40:00.117Z"}
{"level":"info","message":"Starting data ingestion cycle","timestamp":"2025-12-18T10:45:00.014Z"}
{"level":"info","message":"Found 0 active configurations","timestamp":"2025-12-18T10:45:00.079Z"}
{"level":"info","message":"Data ingestion cycle completed","timestamp":"2025-12-18T10:45:00.079Z"}
{"level":"info","message":"Starting data ingestion cycle","timestamp":"2025-12-18T10:50:00.046Z"}
{"level":"info","message":"Found 0 active configurations","timestamp":"2025-12-18T10:50:00.113Z"}
{"level":"info","message":"Data ingestion cycle completed","timestamp":"2025-12-18T10:50:00.114Z"}
{"level":"info","message":"Starting data ingestion cycle","timestamp":"2025-12-18T10:55:00.049Z"}
{"level":"info","message":"Found 0 active configurations","timestamp":"2025-12-18T10:55:00.114Z"}
{"level":"info","message":"Data ingestion cycle completed","timestamp":"2025-12-18T10:55:00.114Z"}
{"level":"info","message":"Starting data ingestion cycle","timestamp":"2025-12-18T11:00:00.024Z"}
{"level":"info","message":"Found 0 active configurations","timestamp":"2025-12-18T11:00:00.083Z"}
{"level":"info","message":"Data ingestion cycle completed","timestamp":"2025-12-18T11:00:00.083Z"}
{"level":"info","message":"Starting data ingestion cycle","timestamp":"2025-12-18T11:05:00.041Z"}
{"level":"info","message":"Found 0 active configurations","timestamp":"2025-12-18T11:05:00.125Z"}
{"level":"info","message":"Data ingestion cycle completed","timestamp":"2025-12-18T11:05:00.125Z"}
