{"level":"info","message":"Starting data ingestion cycle","timestamp":"2025-12-30T16:34:41.708Z"}
{"error":"ENOENT: no such file or directory, open 'D:\\Puvi\\VIDVEDAA_PROJECT\\POSIntegration\\vendordetails.txt'","level":"warn","message":"Could not load vendor filter","timestamp":"2025-12-30T16:34:41.710Z"}
{"level":"info","message":"Found 3 active configurations","timestamp":"2025-12-30T16:34:41.719Z"}
{"configId":"46a5b516-c484-4ca6-99e6-89f8ae23971a","level":"info","message":"Processing configuration","outlet":"DOMESTIC 1","sourceType":"API","timestamp":"2025-12-30T16:34:41.722Z","vendor":"KALAMANDIR JEWELLERS"}
{"configId":"46a5b516-c484-4ca6-99e6-89f8ae23971a","error":"Request failed with status code 401","level":"error","message":"Configuration processing failed","stack":"AxiosError: Request failed with status code 401\n    at settle (D:\\Puvi\\VIDVEDAA_PROJECT\\POSIntegration\\node_modules\\axios\\dist\\node\\axios.cjs:2106:12)\n    at IncomingMessage.handleStreamEnd (D:\\Puvi\\VIDVEDAA_PROJECT\\POSIntegration\\node_modules\\axios\\dist\\node\\axios.cjs:3491:11)\n    at IncomingMessage.emit (node:events:530:35)\n    at endReadableNT (node:internal/streams/readable:1698:12)\n    at process.processTicksAndRejections (node:internal/process/task_queues:90:21)\n    at Axios.request (D:\\Puvi\\VIDVEDAA_PROJECT\\POSIntegration\\node_modules\\axios\\dist\\node\\axios.cjs:4731:41)\n    at process.processTicksAndRejections (node:internal/process/task_queues:105:5)\n    at async DataFetcher.getAuthToken (D:\\Puvi\\VIDVEDAA_PROJECT\\POSIntegration\\src\\services\\DataFetcher.js:57:22)\n    at async DataFetcher.fetchFromAPI (D:\\Puvi\\VIDVEDAA_PROJECT\\POSIntegration\\src\\services\\DataFetcher.js:251:21)\n    at async DataFetcher.fetchData (D:\\Puvi\\VIDVEDAA_PROJECT\\POSIntegration\\src\\services\\DataFetcher.js:24:16)\n    at async IntegrationOrchestrator.processConfig (D:\\Puvi\\VIDVEDAA_PROJECT\\POSIntegration\\src\\services\\IntegrationOrchestrator.js:76:23)\n    at async IntegrationOrchestrator.executeIngestion (D:\\Puvi\\VIDVEDAA_PROJECT\\POSIntegration\\src\\services\\IntegrationOrchestrator.js:26:9)\n    at async runInitialIngestion (D:\\Puvi\\VIDVEDAA_PROJECT\\POSIntegration\\index.js:116:5)\n    at async D:\\Puvi\\VIDVEDAA_PROJECT\\POSIntegration\\index.js:156:7","timestamp":"2025-12-30T16:34:42.179Z"}
{"configId":"5836e259-a2d5-4dfb-8d7f-0336956f6818","level":"info","message":"Processing configuration","outlet":"DOMESTIC 1","sourceType":"SOAP","timestamp":"2025-12-30T16:34:42.197Z","vendor":"ACCESSORIES LONDON"}
{"configId":"5836e259-a2d5-4dfb-8d7f-0336956f6818","error":"Request failed with status code 500","level":"error","message":"Configuration processing failed","stack":"AxiosError: Request failed with status code 500\n    at settle (D:\\Puvi\\VIDVEDAA_PROJECT\\POSIntegration\\node_modules\\axios\\dist\\node\\axios.cjs:2106:12)\n    at IncomingMessage.handleStreamEnd (D:\\Puvi\\VIDVEDAA_PROJECT\\POSIntegration\\node_modules\\axios\\dist\\node\\axios.cjs:3491:11)\n    at IncomingMessage.emit (node:events:530:35)\n    at endReadableNT (node:internal/streams/readable:1698:12)\n    at process.processTicksAndRejections (node:internal/process/task_queues:90:21)\n    at Axios.request (D:\\Puvi\\VIDVEDAA_PROJECT\\POSIntegration\\node_modules\\axios\\dist\\node\\axios.cjs:4731:41)\n    at process.processTicksAndRejections (node:internal/process/task_queues:105:5)\n    at async DataFetcher.fetchFromXMLAPI (D:\\Puvi\\VIDVEDAA_PROJECT\\POSIntegration\\src\\services\\DataFetcher.js:320:22)\n    at async DataFetcher.fetchData (D:\\Puvi\\VIDVEDAA_PROJECT\\POSIntegration\\src\\services\\DataFetcher.js:26:16)\n    at async IntegrationOrchestrator.processConfig (D:\\Puvi\\VIDVEDAA_PROJECT\\POSIntegration\\src\\services\\IntegrationOrchestrator.js:76:23)\n    at async IntegrationOrchestrator.executeIngestion (D:\\Puvi\\VIDVEDAA_PROJECT\\POSIntegration\\src\\services\\IntegrationOrchestrator.js:26:9)\n    at async runInitialIngestion (D:\\Puvi\\VIDVEDAA_PROJECT\\POSIntegration\\index.js:116:5)\n    at async D:\\Puvi\\VIDVEDAA_PROJECT\\POSIntegration\\index.js:156:7","timestamp":"2025-12-30T16:34:42.339Z"}
{"configId":"218f4c20-6fe0-463b-b0e3-8680f14589f3","level":"info","message":"Processing configuration","outlet":"DOMESTIC 1","sourceType":"API","timestamp":"2025-12-30T16:34:42.353Z","vendor":"MAC V"}
{"level":"info","message":"Data fetched successfully","recordCount":1,"timestamp":"2025-12-30T16:34:42.956Z"}
{"level":"info","message":"Data mapped successfully","timestamp":"2025-12-30T16:34:43.724Z","transactionCount":8}
{"configId":"218f4c20-6fe0-463b-b0e3-8680f14589f3","errors":0,"level":"info","message":"Configuration processed successfully","records":8,"skipped":0,"timestamp":"2025-12-30T16:34:44.062Z"}
{"level":"info","message":"Data ingestion cycle completed","timestamp":"2025-12-30T16:34:44.063Z"}
{"level":"info","message":"Starting data ingestion cycle","timestamp":"2025-12-30T16:35:00.072Z"}
{"error":"ENOENT: no such file or directory, open 'D:\\Puvi\\VIDVEDAA_PROJECT\\POSIntegration\\vendordetails.txt'","level":"warn","message":"Could not load vendor filter","timestamp":"2025-12-30T16:35:00.075Z"}
{"level":"info","message":"Found 3 active configurations","timestamp":"2025-12-30T16:35:00.083Z"}
{"configId":"46a5b516-c484-4ca6-99e6-89f8ae23971a","level":"info","message":"Processing configuration","outlet":"DOMESTIC 1","sourceType":"API","timestamp":"2025-12-30T16:35:00.084Z","vendor":"KALAMANDIR JEWELLERS"}
{"configId":"46a5b516-c484-4ca6-99e6-89f8ae23971a","error":"Request failed with status code 401","level":"error","message":"Configuration processing failed","stack":"AxiosError: Request failed with status code 401\n    at settle (D:\\Puvi\\VIDVEDAA_PROJECT\\POSIntegration\\node_modules\\axios\\dist\\node\\axios.cjs:2106:12)\n    at IncomingMessage.handleStreamEnd (D:\\Puvi\\VIDVEDAA_PROJECT\\POSIntegration\\node_modules\\axios\\dist\\node\\axios.cjs:3491:11)\n    at IncomingMessage.emit (node:events:530:35)\n    at endReadableNT (node:internal/streams/readable:1698:12)\n    at process.processTicksAndRejections (node:internal/process/task_queues:90:21)\n    at Axios.request (D:\\Puvi\\VIDVEDAA_PROJECT\\POSIntegration\\node_modules\\axios\\dist\\node\\axios.cjs:4731:41)\n    at process.processTicksAndRejections (node:internal/process/task_queues:105:5)\n    at async DataFetcher.getAuthToken (D:\\Puvi\\VIDVEDAA_PROJECT\\POSIntegration\\src\\services\\DataFetcher.js:57:22)\n    at async DataFetcher.fetchFromAPI (D:\\Puvi\\VIDVEDAA_PROJECT\\POSIntegration\\src\\services\\DataFetcher.js:251:21)\n    at async DataFetcher.fetchData (D:\\Puvi\\VIDVEDAA_PROJECT\\POSIntegration\\src\\services\\DataFetcher.js:24:16)\n    at async IntegrationOrchestrator.processConfig (D:\\Puvi\\VIDVEDAA_PROJECT\\POSIntegration\\src\\services\\IntegrationOrchestrator.js:76:23)\n    at async IntegrationOrchestrator.executeIngestion (D:\\Puvi\\VIDVEDAA_PROJECT\\POSIntegration\\src\\services\\IntegrationOrchestrator.js:26:9)\n    at async D:\\Puvi\\VIDVEDAA_PROJECT\\POSIntegration\\index.js:83:7\n    at async Timeout._onTimeout (D:\\Puvi\\VIDVEDAA_PROJECT\\POSIntegration\\node_modules\\node-cron\\dist\\cjs\\scheduler\\runner.js:70:44)","timestamp":"2025-12-30T16:35:00.257Z"}
{"configId":"5836e259-a2d5-4dfb-8d7f-0336956f6818","level":"info","message":"Processing configuration","outlet":"DOMESTIC 1","sourceType":"SOAP","timestamp":"2025-12-30T16:35:00.262Z","vendor":"ACCESSORIES LONDON"}
{"configId":"5836e259-a2d5-4dfb-8d7f-0336956f6818","error":"Request failed with status code 500","level":"error","message":"Configuration processing failed","stack":"AxiosError: Request failed with status code 500\n    at settle (D:\\Puvi\\VIDVEDAA_PROJECT\\POSIntegration\\node_modules\\axios\\dist\\node\\axios.cjs:2106:12)\n    at IncomingMessage.handleStreamEnd (D:\\Puvi\\VIDVEDAA_PROJECT\\POSIntegration\\node_modules\\axios\\dist\\node\\axios.cjs:3491:11)\n    at IncomingMessage.emit (node:events:530:35)\n    at endReadableNT (node:internal/streams/readable:1698:12)\n    at process.processTicksAndRejections (node:internal/process/task_queues:90:21)\n    at Axios.request (D:\\Puvi\\VIDVEDAA_PROJECT\\POSIntegration\\node_modules\\axios\\dist\\node\\axios.cjs:4731:41)\n    at process.processTicksAndRejections (node:internal/process/task_queues:105:5)\n    at async DataFetcher.fetchFromXMLAPI (D:\\Puvi\\VIDVEDAA_PROJECT\\POSIntegration\\src\\services\\DataFetcher.js:320:22)\n    at async DataFetcher.fetchData (D:\\Puvi\\VIDVEDAA_PROJECT\\POSIntegration\\src\\services\\DataFetcher.js:26:16)\n    at async IntegrationOrchestrator.processConfig (D:\\Puvi\\VIDVEDAA_PROJECT\\POSIntegration\\src\\services\\IntegrationOrchestrator.js:76:23)\n    at async IntegrationOrchestrator.executeIngestion (D:\\Puvi\\VIDVEDAA_PROJECT\\POSIntegration\\src\\services\\IntegrationOrchestrator.js:26:9)\n    at async D:\\Puvi\\VIDVEDAA_PROJECT\\POSIntegration\\index.js:83:7\n    at async Timeout._onTimeout (D:\\Puvi\\VIDVEDAA_PROJECT\\POSIntegration\\node_modules\\node-cron\\dist\\cjs\\scheduler\\runner.js:70:44)","timestamp":"2025-12-30T16:35:00.403Z"}
{"configId":"218f4c20-6fe0-463b-b0e3-8680f14589f3","level":"info","message":"Processing configuration","outlet":"DOMESTIC 1","sourceType":"API","timestamp":"2025-12-30T16:35:00.411Z","vendor":"MAC V"}
{"level":"info","message":"Data fetched successfully","recordCount":1,"timestamp":"2025-12-30T16:35:00.920Z"}
{"level":"info","message":"Data mapped successfully","timestamp":"2025-12-30T16:35:01.320Z","transactionCount":2}
{"configId":"218f4c20-6fe0-463b-b0e3-8680f14589f3","errors":0,"level":"info","message":"Configuration processed successfully","records":2,"skipped":0,"timestamp":"2025-12-30T16:35:01.338Z"}
{"level":"info","message":"Data ingestion cycle completed","timestamp":"2025-12-30T16:35:01.338Z"}
{"level":"info","message":"Starting data ingestion cycle","timestamp":"2025-12-30T16:37:09.026Z"}
{"error":"ENOENT: no such file or directory, open 'D:\\Puvi\\VIDVEDAA_PROJECT\\POSIntegration\\vendordetails.txt'","level":"warn","message":"Could not load vendor filter","timestamp":"2025-12-30T16:37:09.027Z"}
{"level":"info","message":"Found 1 active configurations","timestamp":"2025-12-30T16:37:09.032Z"}
{"configId":"5836e259-a2d5-4dfb-8d7f-0336956f6819","level":"info","message":"Processing configuration","outlet":"DOMESTIC 1","sourceType":"API","timestamp":"2025-12-30T16:37:09.034Z","vendor":"INDIEJEWEL FASHIONS PVT LTD"}
{"level":"info","message":"Data fetched successfully","recordCount":17,"timestamp":"2025-12-30T16:37:10.654Z"}
{"configId":"5836e259-a2d5-4dfb-8d7f-0336956f6819","error":"Transaction row root json path missing","level":"error","message":"Configuration processing failed","stack":"Error: Transaction row root json path missing\n    at FieldMapper.mapTransactions (D:\\Puvi\\VIDVEDAA_PROJECT\\POSIntegration\\src\\services\\FieldMapper.js:28:11)\n    at IntegrationOrchestrator.processConfig (D:\\Puvi\\VIDVEDAA_PROJECT\\POSIntegration\\src\\services\\IntegrationOrchestrator.js:97:41)\n    at process.processTicksAndRejections (node:internal/process/task_queues:105:5)\n    at async IntegrationOrchestrator.executeIngestion (D:\\Puvi\\VIDVEDAA_PROJECT\\POSIntegration\\src\\services\\IntegrationOrchestrator.js:26:9)\n    at async runInitialIngestion (D:\\Puvi\\VIDVEDAA_PROJECT\\POSIntegration\\index.js:116:5)\n    at async D:\\Puvi\\VIDVEDAA_PROJECT\\POSIntegration\\index.js:156:7","timestamp":"2025-12-30T16:37:10.667Z"}
{"level":"info","message":"Data ingestion cycle completed","timestamp":"2025-12-30T16:37:10.688Z"}
{"level":"info","message":"Starting data ingestion cycle","timestamp":"2025-12-30T16:45:31.374Z"}
{"error":"ENOENT: no such file or directory, open 'D:\\Puvi\\VIDVEDAA_PROJECT\\POSIntegration\\vendordetails.txt'","level":"warn","message":"Could not load vendor filter","timestamp":"2025-12-30T16:45:31.376Z"}
{"level":"info","message":"Found 1 active configurations","timestamp":"2025-12-30T16:45:31.382Z"}
{"configId":"5836e259-a2d5-4dfb-8d7f-0336956f6819","level":"info","message":"Processing configuration","outlet":"DOMESTIC 1","sourceType":"API","timestamp":"2025-12-30T16:45:31.385Z","vendor":"INDIEJEWEL FASHIONS PVT LTD"}
{"level":"info","message":"Data fetched successfully","recordCount":17,"timestamp":"2025-12-30T16:45:32.511Z"}
{"configId":"5836e259-a2d5-4dfb-8d7f-0336956f6819","error":"Transaction row root json path missing","level":"error","message":"Configuration processing failed","stack":"Error: Transaction row root json path missing\n    at FieldMapper.mapTransactions (D:\\Puvi\\VIDVEDAA_PROJECT\\POSIntegration\\src\\services\\FieldMapper.js:28:11)\n    at IntegrationOrchestrator.processConfig (D:\\Puvi\\VIDVEDAA_PROJECT\\POSIntegration\\src\\services\\IntegrationOrchestrator.js:97:41)\n    at process.processTicksAndRejections (node:internal/process/task_queues:105:5)\n    at async IntegrationOrchestrator.executeIngestion (D:\\Puvi\\VIDVEDAA_PROJECT\\POSIntegration\\src\\services\\IntegrationOrchestrator.js:26:9)\n    at async runInitialIngestion (D:\\Puvi\\VIDVEDAA_PROJECT\\POSIntegration\\index.js:116:5)\n    at async D:\\Puvi\\VIDVEDAA_PROJECT\\POSIntegration\\index.js:156:7","timestamp":"2025-12-30T16:45:32.520Z"}
{"level":"info","message":"Data ingestion cycle completed","timestamp":"2025-12-30T16:45:32.539Z"}
{"level":"info","message":"Starting data ingestion cycle","timestamp":"2025-12-30T16:50:00.067Z"}
{"error":"ENOENT: no such file or directory, open 'D:\\Puvi\\VIDVEDAA_PROJECT\\POSIntegration\\vendordetails.txt'","level":"warn","message":"Could not load vendor filter","timestamp":"2025-12-30T16:50:00.069Z"}
{"level":"info","message":"Found 1 active configurations","timestamp":"2025-12-30T16:50:00.243Z"}
{"configId":"5836e259-a2d5-4dfb-8d7f-0336956f6819","level":"info","message":"Processing configuration","outlet":"DOMESTIC 1","sourceType":"API","timestamp":"2025-12-30T16:50:00.244Z","vendor":"INDIEJEWEL FASHIONS PVT LTD"}
{"level":"info","message":"Data fetched successfully","recordCount":17,"timestamp":"2025-12-30T16:50:01.315Z"}
{"configId":"5836e259-a2d5-4dfb-8d7f-0336956f6819","error":"Transaction row root json path missing","level":"error","message":"Configuration processing failed","stack":"Error: Transaction row root json path missing\n    at FieldMapper.mapTransactions (D:\\Puvi\\VIDVEDAA_PROJECT\\POSIntegration\\src\\services\\FieldMapper.js:28:11)\n    at IntegrationOrchestrator.processConfig (D:\\Puvi\\VIDVEDAA_PROJECT\\POSIntegration\\src\\services\\IntegrationOrchestrator.js:97:41)\n    at process.processTicksAndRejections (node:internal/process/task_queues:105:5)\n    at async IntegrationOrchestrator.executeIngestion (D:\\Puvi\\VIDVEDAA_PROJECT\\POSIntegration\\src\\services\\IntegrationOrchestrator.js:26:9)\n    at async D:\\Puvi\\VIDVEDAA_PROJECT\\POSIntegration\\index.js:83:7\n    at async Timeout._onTimeout (D:\\Puvi\\VIDVEDAA_PROJECT\\POSIntegration\\node_modules\\node-cron\\dist\\cjs\\scheduler\\runner.js:70:44)","timestamp":"2025-12-30T16:50:01.333Z"}
{"level":"info","message":"Data ingestion cycle completed","timestamp":"2025-12-30T16:50:01.355Z"}
{"level":"info","message":"Starting data ingestion cycle","timestamp":"2025-12-30T16:52:55.367Z"}
{"error":"ENOENT: no such file or directory, open 'D:\\Puvi\\VIDVEDAA_PROJECT\\POSIntegration\\vendordetails.txt'","level":"warn","message":"Could not load vendor filter","timestamp":"2025-12-30T16:52:55.370Z"}
{"level":"info","message":"Found 1 active configurations","timestamp":"2025-12-30T16:52:55.376Z"}
{"configId":"5836e259-a2d5-4dfb-8d7f-0336956f6819","level":"info","message":"Processing configuration","outlet":"DOMESTIC 1","sourceType":"API","timestamp":"2025-12-30T16:52:55.379Z","vendor":"INDIEJEWEL FASHIONS PVT LTD"}
{"level":"info","message":"Data fetched successfully","recordCount":17,"timestamp":"2025-12-30T16:52:56.523Z"}
{"level":"info","message":"Data mapped successfully","timestamp":"2025-12-30T16:52:56.573Z","transactionCount":17}
{"error":"malformed array literal: \"true\"","level":"error","message":"Transaction insert failed","stack":"error: malformed array literal: \"true\"\n    at D:\\Puvi\\VIDVEDAA_PROJECT\\POSIntegration\\node_modules\\pg\\lib\\client.js:545:17\n    at process.processTicksAndRejections (node:internal/process/task_queues:105:5)\n    at async DataInserter.insertTransaction (D:\\Puvi\\VIDVEDAA_PROJECT\\POSIntegration\\src\\services\\DataInserter.js:178:5)\n    at async IntegrationOrchestrator.processConfig (D:\\Puvi\\VIDVEDAA_PROJECT\\POSIntegration\\src\\services\\IntegrationOrchestrator.js:128:13)\n    at async IntegrationOrchestrator.executeIngestion (D:\\Puvi\\VIDVEDAA_PROJECT\\POSIntegration\\src\\services\\IntegrationOrchestrator.js:26:9)\n    at async runInitialIngestion (D:\\Puvi\\VIDVEDAA_PROJECT\\POSIntegration\\index.js:116:5)\n    at async D:\\Puvi\\VIDVEDAA_PROJECT\\POSIntegration\\index.js:156:7","timestamp":"2025-12-30T16:52:56.593Z","transactionId":"#GI0015595992"}
{"configId":"5836e259-a2d5-4dfb-8d7f-0336956f6819","error":"current transaction is aborted, commands ignored until end of transaction block","level":"error","message":"Configuration processing failed","stack":"error: current transaction is aborted, commands ignored until end of transaction block\n    at D:\\Puvi\\VIDVEDAA_PROJECT\\POSIntegration\\node_modules\\pg\\lib\\client.js:545:17\n    at process.processTicksAndRejections (node:internal/process/task_queues:105:5)\n    at async DataInserter.logException (D:\\Puvi\\VIDVEDAA_PROJECT\\POSIntegration\\src\\services\\DataInserter.js:396:5)\n    at async IntegrationOrchestrator.processConfig (D:\\Puvi\\VIDVEDAA_PROJECT\\POSIntegration\\src\\services\\IntegrationOrchestrator.js:150:13)\n    at async IntegrationOrchestrator.executeIngestion (D:\\Puvi\\VIDVEDAA_PROJECT\\POSIntegration\\src\\services\\IntegrationOrchestrator.js:26:9)\n    at async runInitialIngestion (D:\\Puvi\\VIDVEDAA_PROJECT\\POSIntegration\\index.js:116:5)\n    at async D:\\Puvi\\VIDVEDAA_PROJECT\\POSIntegration\\index.js:156:7","timestamp":"2025-12-30T16:52:56.602Z"}
{"level":"info","message":"Data ingestion cycle completed","timestamp":"2025-12-30T16:52:56.810Z"}
{"level":"info","message":"Starting data ingestion cycle","timestamp":"2025-12-30T16:55:00.060Z"}
{"error":"ENOENT: no such file or directory, open 'D:\\Puvi\\VIDVEDAA_PROJECT\\POSIntegration\\vendordetails.txt'","level":"warn","message":"Could not load vendor filter","timestamp":"2025-12-30T16:55:00.061Z"}
{"level":"info","message":"Found 1 active configurations","timestamp":"2025-12-30T16:55:00.226Z"}
{"configId":"5836e259-a2d5-4dfb-8d7f-0336956f6819","level":"info","message":"Processing configuration","outlet":"DOMESTIC 1","sourceType":"API","timestamp":"2025-12-30T16:55:00.227Z","vendor":"INDIEJEWEL FASHIONS PVT LTD"}
{"level":"info","message":"Data fetched successfully","recordCount":17,"timestamp":"2025-12-30T16:55:01.349Z"}
{"level":"info","message":"Data mapped successfully","timestamp":"2025-12-30T16:55:01.387Z","transactionCount":17}
{"error":"malformed array literal: \"true\"","level":"error","message":"Transaction insert failed","stack":"error: malformed array literal: \"true\"\n    at D:\\Puvi\\VIDVEDAA_PROJECT\\POSIntegration\\node_modules\\pg\\lib\\client.js:545:17\n    at process.processTicksAndRejections (node:internal/process/task_queues:105:5)\n    at async DataInserter.insertTransaction (D:\\Puvi\\VIDVEDAA_PROJECT\\POSIntegration\\src\\services\\DataInserter.js:178:5)\n    at async IntegrationOrchestrator.processConfig (D:\\Puvi\\VIDVEDAA_PROJECT\\POSIntegration\\src\\services\\IntegrationOrchestrator.js:128:13)\n    at async IntegrationOrchestrator.executeIngestion (D:\\Puvi\\VIDVEDAA_PROJECT\\POSIntegration\\src\\services\\IntegrationOrchestrator.js:26:9)\n    at async D:\\Puvi\\VIDVEDAA_PROJECT\\POSIntegration\\index.js:83:7\n    at async Timeout._onTimeout (D:\\Puvi\\VIDVEDAA_PROJECT\\POSIntegration\\node_modules\\node-cron\\dist\\cjs\\scheduler\\runner.js:70:44)","timestamp":"2025-12-30T16:55:01.400Z","transactionId":"#GI0015595992"}
{"configId":"5836e259-a2d5-4dfb-8d7f-0336956f6819","error":"current transaction is aborted, commands ignored until end of transaction block","level":"error","message":"Configuration processing failed","stack":"error: current transaction is aborted, commands ignored until end of transaction block\n    at D:\\Puvi\\VIDVEDAA_PROJECT\\POSIntegration\\node_modules\\pg\\lib\\client.js:545:17\n    at process.processTicksAndRejections (node:internal/process/task_queues:105:5)\n    at async DataInserter.logException (D:\\Puvi\\VIDVEDAA_PROJECT\\POSIntegration\\src\\services\\DataInserter.js:396:5)\n    at async IntegrationOrchestrator.processConfig (D:\\Puvi\\VIDVEDAA_PROJECT\\POSIntegration\\src\\services\\IntegrationOrchestrator.js:150:13)\n    at async IntegrationOrchestrator.executeIngestion (D:\\Puvi\\VIDVEDAA_PROJECT\\POSIntegration\\src\\services\\IntegrationOrchestrator.js:26:9)\n    at async D:\\Puvi\\VIDVEDAA_PROJECT\\POSIntegration\\index.js:83:7\n    at async Timeout._onTimeout (D:\\Puvi\\VIDVEDAA_PROJECT\\POSIntegration\\node_modules\\node-cron\\dist\\cjs\\scheduler\\runner.js:70:44)","timestamp":"2025-12-30T16:55:01.407Z"}
{"level":"info","message":"Data ingestion cycle completed","timestamp":"2025-12-30T16:55:01.588Z"}
{"level":"info","message":"Starting data ingestion cycle","timestamp":"2025-12-30T16:58:50.965Z"}
{"error":"ENOENT: no such file or directory, open 'D:\\Puvi\\VIDVEDAA_PROJECT\\POSIntegration\\vendordetails.txt'","level":"warn","message":"Could not load vendor filter","timestamp":"2025-12-30T16:58:50.967Z"}
{"level":"info","message":"Found 1 active configurations","timestamp":"2025-12-30T16:58:50.974Z"}
{"configId":"5836e259-a2d5-4dfb-8d7f-0336956f6819","level":"info","message":"Processing configuration","outlet":"DOMESTIC 1","sourceType":"API","timestamp":"2025-12-30T16:58:50.977Z","vendor":"INDIEJEWEL FASHIONS PVT LTD"}
{"level":"info","message":"Data fetched successfully","recordCount":17,"timestamp":"2025-12-30T16:58:52.478Z"}
{"level":"info","message":"Data mapped successfully","timestamp":"2025-12-30T16:58:52.511Z","transactionCount":17}
{"invoice_no":9098581737634,"level":"info","message":"Transaction already exists, skipping","timestamp":"2025-12-30T16:58:52.543Z","transaction_id":"#GI0015595992"}
{"invoice_no":9098543562914,"level":"info","message":"Transaction already exists, skipping","timestamp":"2025-12-30T16:58:52.554Z","transaction_id":"#GI0015595939"}
{"invoice_no":9098543497378,"level":"info","message":"Transaction already exists, skipping","timestamp":"2025-12-30T16:58:52.557Z","transaction_id":"#GI0015595939"}
{"invoice_no":9097648570530,"level":"info","message":"Transaction already exists, skipping","timestamp":"2025-12-30T16:58:52.575Z","transaction_id":"#GI0015594420"}
{"invoice_no":9097648537762,"level":"info","message":"Transaction already exists, skipping","timestamp":"2025-12-30T16:58:52.578Z","transaction_id":"#GI0015594420"}
{"invoice_no":9096371142818,"level":"info","message":"Transaction already exists, skipping","timestamp":"2025-12-30T16:58:52.612Z","transaction_id":"#GI0015591521"}
{"configId":"5836e259-a2d5-4dfb-8d7f-0336956f6819","errors":0,"level":"info","message":"Configuration processed successfully","records":11,"skipped":6,"timestamp":"2025-12-30T16:58:52.822Z"}
{"level":"info","message":"Data ingestion cycle completed","timestamp":"2025-12-30T16:58:52.823Z"}
{"level":"info","message":"Starting data ingestion cycle","timestamp":"2025-12-30T17:00:00.037Z"}
{"error":"ENOENT: no such file or directory, open 'D:\\Puvi\\VIDVEDAA_PROJECT\\POSIntegration\\vendordetails.txt'","level":"warn","message":"Could not load vendor filter","timestamp":"2025-12-30T17:00:00.039Z"}
{"level":"info","message":"Found 1 active configurations","timestamp":"2025-12-30T17:00:00.226Z"}
{"configId":"5836e259-a2d5-4dfb-8d7f-0336956f6819","level":"info","message":"Processing configuration","outlet":"DOMESTIC 1","sourceType":"API","timestamp":"2025-12-30T17:00:00.227Z","vendor":"INDIEJEWEL FASHIONS PVT LTD"}
{"level":"info","message":"Data fetched successfully","recordCount":17,"timestamp":"2025-12-30T17:00:01.285Z"}
{"level":"info","message":"Data mapped successfully","timestamp":"2025-12-30T17:00:01.320Z","transactionCount":17}
{"invoice_no":9098581770402,"level":"info","message":"Transaction already exists, skipping","timestamp":"2025-12-30T17:00:01.328Z","transaction_id":"#GI0015595992"}
{"invoice_no":9098581737634,"level":"info","message":"Transaction already exists, skipping","timestamp":"2025-12-30T17:00:01.331Z","transaction_id":"#GI0015595992"}
{"invoice_no":9098543595682,"level":"info","message":"Transaction already exists, skipping","timestamp":"2025-12-30T17:00:01.334Z","transaction_id":"#GI0015595939"}
{"invoice_no":9098543562914,"level":"info","message":"Transaction already exists, skipping","timestamp":"2025-12-30T17:00:01.336Z","transaction_id":"#GI0015595939"}
{"invoice_no":9098543497378,"level":"info","message":"Transaction already exists, skipping","timestamp":"2025-12-30T17:00:01.338Z","transaction_id":"#GI0015595939"}
{"invoice_no":9098262184098,"level":"info","message":"Transaction already exists, skipping","timestamp":"2025-12-30T17:00:01.341Z","transaction_id":"#GI0015595550"}
{"invoice_no":9097648603298,"level":"info","message":"Transaction already exists, skipping","timestamp":"2025-12-30T17:00:01.346Z","transaction_id":"#GI0015594420"}
{"invoice_no":9097648570530,"level":"info","message":"Transaction already exists, skipping","timestamp":"2025-12-30T17:00:01.349Z","transaction_id":"#GI0015594420"}
{"invoice_no":9097648537762,"level":"info","message":"Transaction already exists, skipping","timestamp":"2025-12-30T17:00:01.352Z","transaction_id":"#GI0015594420"}
{"invoice_no":9097086730402,"level":"info","message":"Transaction already exists, skipping","timestamp":"2025-12-30T17:00:01.354Z","transaction_id":"#GI0015593109"}
{"invoice_no":9097004646562,"level":"info","message":"Transaction already exists, skipping","timestamp":"2025-12-30T17:00:01.357Z","transaction_id":"#GI0015592908"}
{"invoice_no":9096415248546,"level":"info","message":"Transaction already exists, skipping","timestamp":"2025-12-30T17:00:01.360Z","transaction_id":"#GI0015591591"}
{"invoice_no":9096371142818,"level":"info","message":"Transaction already exists, skipping","timestamp":"2025-12-30T17:00:01.363Z","transaction_id":"#GI0015591521"}
{"invoice_no":9096371142818,"level":"info","message":"Transaction already exists, skipping","timestamp":"2025-12-30T17:00:01.366Z","transaction_id":"#GI0015591521"}
{"invoice_no":9095673446562,"level":"info","message":"Transaction already exists, skipping","timestamp":"2025-12-30T17:00:01.368Z","transaction_id":"#GI0015590581"}
{"invoice_no":9095505510562,"level":"info","message":"Transaction already exists, skipping","timestamp":"2025-12-30T17:00:01.370Z","transaction_id":"#GI0015590476"}
{"invoice_no":9095117734050,"level":"info","message":"Transaction already exists, skipping","timestamp":"2025-12-30T17:00:01.373Z","transaction_id":"#GI0015590304"}
{"configId":"5836e259-a2d5-4dfb-8d7f-0336956f6819","errors":0,"level":"info","message":"Configuration processed successfully","records":0,"skipped":17,"timestamp":"2025-12-30T17:00:01.561Z"}
{"level":"info","message":"Data ingestion cycle completed","timestamp":"2025-12-30T17:00:01.562Z"}
{"level":"info","message":"Starting data ingestion cycle","timestamp":"2025-12-30T17:01:55.489Z"}
{"error":"ENOENT: no such file or directory, open 'D:\\Puvi\\VIDVEDAA_PROJECT\\POSIntegration\\vendordetails.txt'","level":"warn","message":"Could not load vendor filter","timestamp":"2025-12-30T17:01:55.491Z"}
{"level":"info","message":"Found 1 active configurations","timestamp":"2025-12-30T17:01:55.500Z"}
{"configId":"5836e259-a2d5-4dfb-8d7f-0336956f6819","level":"info","message":"Processing configuration","outlet":"DOMESTIC 1","sourceType":"API","timestamp":"2025-12-30T17:01:55.503Z","vendor":"INDIEJEWEL FASHIONS PVT LTD"}
{"level":"info","message":"Data fetched successfully","recordCount":17,"timestamp":"2025-12-30T17:01:56.496Z"}
{"level":"info","message":"Data mapped successfully","timestamp":"2025-12-30T17:01:56.521Z","transactionCount":17}
{"invoice_no":9098581770402,"level":"info","message":"Transaction already exists, skipping","timestamp":"2025-12-30T17:01:56.527Z","transaction_id":"#GI0015595992"}
{"invoice_no":9098581737634,"level":"info","message":"Transaction already exists, skipping","timestamp":"2025-12-30T17:01:56.532Z","transaction_id":"#GI0015595992"}
{"invoice_no":9098543595682,"level":"info","message":"Transaction already exists, skipping","timestamp":"2025-12-30T17:01:56.535Z","transaction_id":"#GI0015595939"}
{"invoice_no":9098543562914,"level":"info","message":"Transaction already exists, skipping","timestamp":"2025-12-30T17:01:56.539Z","transaction_id":"#GI0015595939"}
{"invoice_no":9098543497378,"level":"info","message":"Transaction already exists, skipping","timestamp":"2025-12-30T17:01:56.542Z","transaction_id":"#GI0015595939"}
{"invoice_no":9098262184098,"level":"info","message":"Transaction already exists, skipping","timestamp":"2025-12-30T17:01:56.545Z","transaction_id":"#GI0015595550"}
{"invoice_no":9097648603298,"level":"info","message":"Transaction already exists, skipping","timestamp":"2025-12-30T17:01:56.549Z","transaction_id":"#GI0015594420"}
{"invoice_no":9097648570530,"level":"info","message":"Transaction already exists, skipping","timestamp":"2025-12-30T17:01:56.553Z","transaction_id":"#GI0015594420"}
{"invoice_no":9097648537762,"level":"info","message":"Transaction already exists, skipping","timestamp":"2025-12-30T17:01:56.555Z","transaction_id":"#GI0015594420"}
{"invoice_no":9097086730402,"level":"info","message":"Transaction already exists, skipping","timestamp":"2025-12-30T17:01:56.558Z","transaction_id":"#GI0015593109"}
{"invoice_no":9097004646562,"level":"info","message":"Transaction already exists, skipping","timestamp":"2025-12-30T17:01:56.561Z","transaction_id":"#GI0015592908"}
{"invoice_no":9096415248546,"level":"info","message":"Transaction already exists, skipping","timestamp":"2025-12-30T17:01:56.565Z","transaction_id":"#GI0015591591"}
{"invoice_no":9096371142818,"level":"info","message":"Transaction already exists, skipping","timestamp":"2025-12-30T17:01:56.568Z","transaction_id":"#GI0015591521"}
{"invoice_no":9096371142818,"level":"info","message":"Transaction already exists, skipping","timestamp":"2025-12-30T17:01:56.570Z","transaction_id":"#GI0015591521"}
{"invoice_no":9095673446562,"level":"info","message":"Transaction already exists, skipping","timestamp":"2025-12-30T17:01:56.573Z","transaction_id":"#GI0015590581"}
{"invoice_no":9095505510562,"level":"info","message":"Transaction already exists, skipping","timestamp":"2025-12-30T17:01:56.576Z","transaction_id":"#GI0015590476"}
{"invoice_no":9095117734050,"level":"info","message":"Transaction already exists, skipping","timestamp":"2025-12-30T17:01:56.580Z","transaction_id":"#GI0015590304"}
{"configId":"5836e259-a2d5-4dfb-8d7f-0336956f6819","errors":0,"level":"info","message":"Configuration processed successfully","records":0,"skipped":17,"timestamp":"2025-12-30T17:01:56.795Z"}
{"level":"info","message":"Data ingestion cycle completed","timestamp":"2025-12-30T17:01:56.795Z"}
{"level":"info","message":"Starting data ingestion cycle","timestamp":"2025-12-30T17:04:30.245Z"}
{"error":"ENOENT: no such file or directory, open 'D:\\Puvi\\VIDVEDAA_PROJECT\\POSIntegration\\vendordetails.txt'","level":"warn","message":"Could not load vendor filter","timestamp":"2025-12-30T17:04:30.248Z"}
{"level":"info","message":"Found 1 active configurations","timestamp":"2025-12-30T17:04:30.257Z"}
{"configId":"5836e259-a2d5-4dfb-8d7f-0336956f6819","level":"info","message":"Processing configuration","outlet":"DOMESTIC 1","sourceType":"API","timestamp":"2025-12-30T17:04:30.260Z","vendor":"INDIEJEWEL FASHIONS PVT LTD"}
{"level":"info","message":"Data fetched successfully","recordCount":17,"timestamp":"2025-12-30T17:04:31.525Z"}
{"level":"info","message":"Data mapped successfully","timestamp":"2025-12-30T17:04:31.542Z","transactionCount":17}
{"invoice_no":9098581770402,"level":"info","message":"Transaction already exists, skipping","timestamp":"2025-12-30T17:04:31.548Z","transaction_id":"#GI0015595992"}
{"invoice_no":9098581737634,"level":"info","message":"Transaction already exists, skipping","timestamp":"2025-12-30T17:04:31.551Z","transaction_id":"#GI0015595992"}
{"invoice_no":9098543595682,"level":"info","message":"Transaction already exists, skipping","timestamp":"2025-12-30T17:04:31.555Z","transaction_id":"#GI0015595939"}
{"invoice_no":9098543562914,"level":"info","message":"Transaction already exists, skipping","timestamp":"2025-12-30T17:04:31.559Z","transaction_id":"#GI0015595939"}
{"invoice_no":9098543497378,"level":"info","message":"Transaction already exists, skipping","timestamp":"2025-12-30T17:04:31.561Z","transaction_id":"#GI0015595939"}
{"invoice_no":9098262184098,"level":"info","message":"Transaction already exists, skipping","timestamp":"2025-12-30T17:04:31.564Z","transaction_id":"#GI0015595550"}
{"invoice_no":9097648603298,"level":"info","message":"Transaction already exists, skipping","timestamp":"2025-12-30T17:04:31.568Z","transaction_id":"#GI0015594420"}
{"invoice_no":9097648570530,"level":"info","message":"Transaction already exists, skipping","timestamp":"2025-12-30T17:04:31.571Z","transaction_id":"#GI0015594420"}
{"invoice_no":9097648537762,"level":"info","message":"Transaction already exists, skipping","timestamp":"2025-12-30T17:04:31.574Z","transaction_id":"#GI0015594420"}
{"invoice_no":9097086730402,"level":"info","message":"Transaction already exists, skipping","timestamp":"2025-12-30T17:04:31.577Z","transaction_id":"#GI0015593109"}
{"invoice_no":9097004646562,"level":"info","message":"Transaction already exists, skipping","timestamp":"2025-12-30T17:04:31.580Z","transaction_id":"#GI0015592908"}
{"invoice_no":9096415248546,"level":"info","message":"Transaction already exists, skipping","timestamp":"2025-12-30T17:04:31.582Z","transaction_id":"#GI0015591591"}
{"invoice_no":9096371142818,"level":"info","message":"Transaction already exists, skipping","timestamp":"2025-12-30T17:04:31.586Z","transaction_id":"#GI0015591521"}
{"invoice_no":9096371142818,"level":"info","message":"Transaction already exists, skipping","timestamp":"2025-12-30T17:04:31.589Z","transaction_id":"#GI0015591521"}
{"invoice_no":9095673446562,"level":"info","message":"Transaction already exists, skipping","timestamp":"2025-12-30T17:04:31.593Z","transaction_id":"#GI0015590581"}
{"invoice_no":9095505510562,"level":"info","message":"Transaction already exists, skipping","timestamp":"2025-12-30T17:04:31.595Z","transaction_id":"#GI0015590476"}
{"invoice_no":9095117734050,"level":"info","message":"Transaction already exists, skipping","timestamp":"2025-12-30T17:04:31.598Z","transaction_id":"#GI0015590304"}
{"configId":"5836e259-a2d5-4dfb-8d7f-0336956f6819","errors":0,"level":"info","message":"Configuration processed successfully","records":0,"skipped":17,"timestamp":"2025-12-30T17:04:31.792Z"}
{"level":"info","message":"Data ingestion cycle completed","timestamp":"2025-12-30T17:04:31.793Z"}
{"level":"info","message":"Starting data ingestion cycle","timestamp":"2025-12-30T17:05:00.040Z"}
{"error":"ENOENT: no such file or directory, open 'D:\\Puvi\\VIDVEDAA_PROJECT\\POSIntegration\\vendordetails.txt'","level":"warn","message":"Could not load vendor filter","timestamp":"2025-12-30T17:05:00.042Z"}
{"level":"info","message":"Found 1 active configurations","timestamp":"2025-12-30T17:05:00.047Z"}
{"configId":"5836e259-a2d5-4dfb-8d7f-0336956f6819","level":"info","message":"Processing configuration","outlet":"DOMESTIC 1","sourceType":"API","timestamp":"2025-12-30T17:05:00.048Z","vendor":"INDIEJEWEL FASHIONS PVT LTD"}
{"level":"info","message":"Data fetched successfully","recordCount":17,"timestamp":"2025-12-30T17:05:01.224Z"}
{"level":"info","message":"Data mapped successfully","timestamp":"2025-12-30T17:05:01.237Z","transactionCount":17}
{"invoice_no":9098581770402,"level":"info","message":"Transaction already exists, skipping","timestamp":"2025-12-30T17:05:01.242Z","transaction_id":"#GI0015595992"}
{"invoice_no":9098581737634,"level":"info","message":"Transaction already exists, skipping","timestamp":"2025-12-30T17:05:01.245Z","transaction_id":"#GI0015595992"}
{"invoice_no":9098543595682,"level":"info","message":"Transaction already exists, skipping","timestamp":"2025-12-30T17:05:01.248Z","transaction_id":"#GI0015595939"}
{"invoice_no":9098543562914,"level":"info","message":"Transaction already exists, skipping","timestamp":"2025-12-30T17:05:01.251Z","transaction_id":"#GI0015595939"}
{"invoice_no":9098543497378,"level":"info","message":"Transaction already exists, skipping","timestamp":"2025-12-30T17:05:01.253Z","transaction_id":"#GI0015595939"}
{"invoice_no":9098262184098,"level":"info","message":"Transaction already exists, skipping","timestamp":"2025-12-30T17:05:01.256Z","transaction_id":"#GI0015595550"}
{"invoice_no":9097648603298,"level":"info","message":"Transaction already exists, skipping","timestamp":"2025-12-30T17:05:01.258Z","transaction_id":"#GI0015594420"}
{"invoice_no":9097648570530,"level":"info","message":"Transaction already exists, skipping","timestamp":"2025-12-30T17:05:01.260Z","transaction_id":"#GI0015594420"}
{"invoice_no":9097648537762,"level":"info","message":"Transaction already exists, skipping","timestamp":"2025-12-30T17:05:01.265Z","transaction_id":"#GI0015594420"}
{"invoice_no":9097086730402,"level":"info","message":"Transaction already exists, skipping","timestamp":"2025-12-30T17:05:01.267Z","transaction_id":"#GI0015593109"}
{"invoice_no":9097004646562,"level":"info","message":"Transaction already exists, skipping","timestamp":"2025-12-30T17:05:01.270Z","transaction_id":"#GI0015592908"}
{"invoice_no":9096415248546,"level":"info","message":"Transaction already exists, skipping","timestamp":"2025-12-30T17:05:01.272Z","transaction_id":"#GI0015591591"}
{"invoice_no":9096371142818,"level":"info","message":"Transaction already exists, skipping","timestamp":"2025-12-30T17:05:01.274Z","transaction_id":"#GI0015591521"}
{"invoice_no":9096371142818,"level":"info","message":"Transaction already exists, skipping","timestamp":"2025-12-30T17:05:01.277Z","transaction_id":"#GI0015591521"}
{"invoice_no":9095673446562,"level":"info","message":"Transaction already exists, skipping","timestamp":"2025-12-30T17:05:01.280Z","transaction_id":"#GI0015590581"}
{"invoice_no":9095505510562,"level":"info","message":"Transaction already exists, skipping","timestamp":"2025-12-30T17:05:01.283Z","transaction_id":"#GI0015590476"}
{"invoice_no":9095117734050,"level":"info","message":"Transaction already exists, skipping","timestamp":"2025-12-30T17:05:01.285Z","transaction_id":"#GI0015590304"}
{"configId":"5836e259-a2d5-4dfb-8d7f-0336956f6819","errors":0,"level":"info","message":"Configuration processed successfully","records":0,"skipped":17,"timestamp":"2025-12-30T17:05:01.298Z"}
{"level":"info","message":"Data ingestion cycle completed","timestamp":"2025-12-30T17:05:01.300Z"}
