{"level":"info","message":"Starting data ingestion cycle","timestamp":"2026-01-03T16:50:00.052Z"}
{"error":"ENOENT: no such file or directory, open 'D:\\Puvi\\VIDVEDAA_PROJECT\\POSIntegration\\vendordetails.txt'","level":"warn","message":"Could not load vendor filter","timestamp":"2026-01-03T16:50:00.056Z"}
{"level":"info","message":"Found 1 active configurations","timestamp":"2026-01-03T16:50:00.305Z"}
{"CUSTOMERID":"VVC00043","URL":"https://kmjl.seaerpnxt.app/api/SEAapi/ManageKMJLAPI","configId":"46a5b516-c484-4ca6-99e6-89f8ae23971a","level":"info","message":"Processing configuration","outlet":"DOMESTIC 1","sourceType":"API","timestamp":"2026-01-03T16:50:00.307Z","vendor":"KALAMANDIR"}
{"isArray":false,"level":"info","message":"RAW API RESPONSE STRUCTURE123","timestamp":"2026-01-03T16:50:00.941Z","topKeys":["success","error","data"],"type":"object"}
{"level":"info","message":"Data fetched successfully","recordCount":1,"timestamp":"2026-01-03T16:50:00.943Z"}
{"configId":"46a5b516-c484-4ca6-99e6-89f8ae23971a","error":"No transaction records found","level":"error","message":"Configuration processing failed","stack":"Error: No transaction records found\n    at FieldMapper.mapTransactions (D:\\Puvi\\VIDVEDAA_PROJECT\\POSIntegration\\src\\services\\FieldMapper.js:48:11)\n    at IntegrationOrchestrator.processConfig (D:\\Puvi\\VIDVEDAA_PROJECT\\POSIntegration\\src\\services\\IntegrationOrchestrator.js:110:41)\n    at process.processTicksAndRejections (node:internal/process/task_queues:105:5)\n    at async IntegrationOrchestrator.executeIngestion (D:\\Puvi\\VIDVEDAA_PROJECT\\POSIntegration\\src\\services\\IntegrationOrchestrator.js:26:9)\n    at async D:\\Puvi\\VIDVEDAA_PROJECT\\POSIntegration\\index.js:62:7\n    at async Timeout._onTimeout (D:\\Puvi\\VIDVEDAA_PROJECT\\POSIntegration\\node_modules\\node-cron\\dist\\cjs\\scheduler\\runner.js:70:44)","timestamp":"2026-01-03T16:50:00.962Z"}
{"level":"info","message":"Data ingestion cycle completed","timestamp":"2026-01-03T16:50:00.980Z"}
{"level":"info","message":"Starting data ingestion cycle","timestamp":"2026-01-03T16:55:00.053Z"}
{"error":"ENOENT: no such file or directory, open 'D:\\Puvi\\VIDVEDAA_PROJECT\\POSIntegration\\vendordetails.txt'","level":"warn","message":"Could not load vendor filter","timestamp":"2026-01-03T16:55:00.057Z"}
{"level":"info","message":"Found 1 active configurations","timestamp":"2026-01-03T16:55:00.073Z"}
{"CUSTOMERID":"VVC00043","URL":"https://kmjl.seaerpnxt.app/api/SEAapi/ManageKMJLAPI","configId":"46a5b516-c484-4ca6-99e6-89f8ae23971a","level":"info","message":"Processing configuration","outlet":"DOMESTIC 1","sourceType":"API","timestamp":"2026-01-03T16:55:00.079Z","vendor":"KALAMANDIR"}
{"isArray":false,"level":"info","message":"RAW API RESPONSE STRUCTURE123","timestamp":"2026-01-03T16:55:00.718Z","topKeys":["success","error","data"],"type":"object"}
{"level":"info","message":"Data fetched successfully","recordCount":1,"timestamp":"2026-01-03T16:55:00.720Z"}
{"configId":"46a5b516-c484-4ca6-99e6-89f8ae23971a","error":"No transaction records found","level":"error","message":"Configuration processing failed","stack":"Error: No transaction records found\n    at FieldMapper.mapTransactions (D:\\Puvi\\VIDVEDAA_PROJECT\\POSIntegration\\src\\services\\FieldMapper.js:48:11)\n    at IntegrationOrchestrator.processConfig (D:\\Puvi\\VIDVEDAA_PROJECT\\POSIntegration\\src\\services\\IntegrationOrchestrator.js:110:41)\n    at process.processTicksAndRejections (node:internal/process/task_queues:105:5)\n    at async IntegrationOrchestrator.executeIngestion (D:\\Puvi\\VIDVEDAA_PROJECT\\POSIntegration\\src\\services\\IntegrationOrchestrator.js:26:9)\n    at async D:\\Puvi\\VIDVEDAA_PROJECT\\POSIntegration\\index.js:62:7\n    at async Timeout._onTimeout (D:\\Puvi\\VIDVEDAA_PROJECT\\POSIntegration\\node_modules\\node-cron\\dist\\cjs\\scheduler\\runner.js:70:44)","timestamp":"2026-01-03T16:55:00.735Z"}
{"level":"info","message":"Data ingestion cycle completed","timestamp":"2026-01-03T16:55:00.759Z"}
{"level":"info","message":"Starting data ingestion cycle","timestamp":"2026-01-03T17:00:00.040Z"}
{"error":"ENOENT: no such file or directory, open 'D:\\Puvi\\VIDVEDAA_PROJECT\\POSIntegration\\vendordetails.txt'","level":"warn","message":"Could not load vendor filter","timestamp":"2026-01-03T17:00:00.042Z"}
{"level":"info","message":"Found 1 active configurations","timestamp":"2026-01-03T17:00:00.050Z"}
{"CUSTOMERID":"VVC00043","URL":"https://kmjl.seaerpnxt.app/api/SEAapi/ManageKMJLAPI","configId":"46a5b516-c484-4ca6-99e6-89f8ae23971a","level":"info","message":"Processing configuration","outlet":"DOMESTIC 1","sourceType":"API","timestamp":"2026-01-03T17:00:00.053Z","vendor":"KALAMANDIR"}
{"isArray":false,"level":"info","message":"RAW API RESPONSE STRUCTURE123","timestamp":"2026-01-03T17:00:00.658Z","topKeys":["success","error","data"],"type":"object"}
{"level":"info","message":"Data fetched successfully","recordCount":1,"timestamp":"2026-01-03T17:00:00.659Z"}
{"configId":"46a5b516-c484-4ca6-99e6-89f8ae23971a","error":"No transaction records found","level":"error","message":"Configuration processing failed","stack":"Error: No transaction records found\n    at FieldMapper.mapTransactions (D:\\Puvi\\VIDVEDAA_PROJECT\\POSIntegration\\src\\services\\FieldMapper.js:48:11)\n    at IntegrationOrchestrator.processConfig (D:\\Puvi\\VIDVEDAA_PROJECT\\POSIntegration\\src\\services\\IntegrationOrchestrator.js:110:41)\n    at process.processTicksAndRejections (node:internal/process/task_queues:105:5)\n    at async IntegrationOrchestrator.executeIngestion (D:\\Puvi\\VIDVEDAA_PROJECT\\POSIntegration\\src\\services\\IntegrationOrchestrator.js:26:9)\n    at async D:\\Puvi\\VIDVEDAA_PROJECT\\POSIntegration\\index.js:62:7\n    at async Timeout._onTimeout (D:\\Puvi\\VIDVEDAA_PROJECT\\POSIntegration\\node_modules\\node-cron\\dist\\cjs\\scheduler\\runner.js:70:44)","timestamp":"2026-01-03T17:00:00.672Z"}
{"level":"info","message":"Data ingestion cycle completed","timestamp":"2026-01-03T17:00:00.693Z"}
{"level":"info","message":"Starting data ingestion cycle","timestamp":"2026-01-03T17:01:00.042Z"}
{"error":"ENOENT: no such file or directory, open 'D:\\Puvi\\VIDVEDAA_PROJECT\\POSIntegration\\vendordetails.txt'","level":"warn","message":"Could not load vendor filter","timestamp":"2026-01-03T17:01:00.044Z"}
{"level":"info","message":"Found 1 active configurations","timestamp":"2026-01-03T17:01:00.284Z"}
{"CUSTOMERID":"VVC00043","URL":"https://kmjl.seaerpnxt.app/api/SEAapi/ManageKMJLAPI","configId":"46a5b516-c484-4ca6-99e6-89f8ae23971a","level":"info","message":"Processing configuration","outlet":"DOMESTIC 1","sourceType":"API","timestamp":"2026-01-03T17:01:00.285Z","vendor":"KALAMANDIR"}
{"isArray":false,"level":"info","message":"RAW API RESPONSE STRUCTURE123","timestamp":"2026-01-03T17:01:00.765Z","topKeys":["success","error","data"],"type":"object"}
{"level":"info","message":"Data fetched successfully","recordCount":1,"timestamp":"2026-01-03T17:01:00.766Z"}
{"configId":"46a5b516-c484-4ca6-99e6-89f8ae23971a","error":"No transaction records found","level":"error","message":"Configuration processing failed","stack":"Error: No transaction records found\n    at FieldMapper.mapTransactions (D:\\Puvi\\VIDVEDAA_PROJECT\\POSIntegration\\src\\services\\FieldMapper.js:48:11)\n    at IntegrationOrchestrator.processConfig (D:\\Puvi\\VIDVEDAA_PROJECT\\POSIntegration\\src\\services\\IntegrationOrchestrator.js:110:41)\n    at process.processTicksAndRejections (node:internal/process/task_queues:105:5)\n    at async IntegrationOrchestrator.executeIngestion (D:\\Puvi\\VIDVEDAA_PROJECT\\POSIntegration\\src\\services\\IntegrationOrchestrator.js:26:9)\n    at async D:\\Puvi\\VIDVEDAA_PROJECT\\POSIntegration\\index.js:62:7\n    at async Timeout._onTimeout (D:\\Puvi\\VIDVEDAA_PROJECT\\POSIntegration\\node_modules\\node-cron\\dist\\cjs\\scheduler\\runner.js:70:44)","timestamp":"2026-01-03T17:01:00.781Z"}
{"level":"info","message":"Data ingestion cycle completed","timestamp":"2026-01-03T17:01:00.799Z"}
{"level":"info","message":"Starting data ingestion cycle","timestamp":"2026-01-03T17:02:00.027Z"}
{"error":"ENOENT: no such file or directory, open 'D:\\Puvi\\VIDVEDAA_PROJECT\\POSIntegration\\vendordetails.txt'","level":"warn","message":"Could not load vendor filter","timestamp":"2026-01-03T17:02:00.029Z"}
{"level":"info","message":"Found 1 active configurations","timestamp":"2026-01-03T17:02:00.254Z"}
{"CUSTOMERID":"VVC00043","URL":"https://kmjl.seaerpnxt.app/api/SEAapi/ManageKMJLAPI","configId":"46a5b516-c484-4ca6-99e6-89f8ae23971a","level":"info","message":"Processing configuration","outlet":"DOMESTIC 1","sourceType":"API","timestamp":"2026-01-03T17:02:00.254Z","vendor":"KALAMANDIR"}
{"isArray":false,"level":"info","message":"RAW API RESPONSE STRUCTURE123","timestamp":"2026-01-03T17:02:00.524Z","topKeys":["success","error","data"],"type":"object"}
{"level":"info","message":"Data fetched successfully","recordCount":1,"timestamp":"2026-01-03T17:02:00.525Z"}
{"configId":"46a5b516-c484-4ca6-99e6-89f8ae23971a","error":"No transaction records found","level":"error","message":"Configuration processing failed","stack":"Error: No transaction records found\n    at FieldMapper.mapTransactions (D:\\Puvi\\VIDVEDAA_PROJECT\\POSIntegration\\src\\services\\FieldMapper.js:48:11)\n    at IntegrationOrchestrator.processConfig (D:\\Puvi\\VIDVEDAA_PROJECT\\POSIntegration\\src\\services\\IntegrationOrchestrator.js:110:41)\n    at process.processTicksAndRejections (node:internal/process/task_queues:105:5)\n    at async IntegrationOrchestrator.executeIngestion (D:\\Puvi\\VIDVEDAA_PROJECT\\POSIntegration\\src\\services\\IntegrationOrchestrator.js:26:9)\n    at async D:\\Puvi\\VIDVEDAA_PROJECT\\POSIntegration\\index.js:62:7\n    at async Timeout._onTimeout (D:\\Puvi\\VIDVEDAA_PROJECT\\POSIntegration\\node_modules\\node-cron\\dist\\cjs\\scheduler\\runner.js:70:44)","timestamp":"2026-01-03T17:02:00.530Z"}
{"level":"info","message":"Data ingestion cycle completed","timestamp":"2026-01-03T17:02:00.545Z"}
{"level":"info","message":"Starting data ingestion cycle","timestamp":"2026-01-03T17:03:00.029Z"}
{"error":"ENOENT: no such file or directory, open 'D:\\Puvi\\VIDVEDAA_PROJECT\\POSIntegration\\vendordetails.txt'","level":"warn","message":"Could not load vendor filter","timestamp":"2026-01-03T17:03:00.031Z"}
{"level":"info","message":"Found 1 active configurations","timestamp":"2026-01-03T17:03:00.039Z"}
{"CUSTOMERID":"VVC00043","URL":"https://kmjl.seaerpnxt.app/api/SEAapi/ManageKMJLAPI","configId":"46a5b516-c484-4ca6-99e6-89f8ae23971a","level":"info","message":"Processing configuration","outlet":"DOMESTIC 1","sourceType":"API","timestamp":"2026-01-03T17:03:00.041Z","vendor":"KALAMANDIR"}
{"isArray":false,"level":"info","message":"RAW API RESPONSE STRUCTURE123","timestamp":"2026-01-03T17:03:00.590Z","topKeys":["success","error","data"],"type":"object"}
{"level":"info","message":"Data fetched successfully","recordCount":1,"timestamp":"2026-01-03T17:03:00.591Z"}
{"configId":"46a5b516-c484-4ca6-99e6-89f8ae23971a","error":"No transaction records found","level":"error","message":"Configuration processing failed","stack":"Error: No transaction records found\n    at FieldMapper.mapTransactions (D:\\Puvi\\VIDVEDAA_PROJECT\\POSIntegration\\src\\services\\FieldMapper.js:48:11)\n    at IntegrationOrchestrator.processConfig (D:\\Puvi\\VIDVEDAA_PROJECT\\POSIntegration\\src\\services\\IntegrationOrchestrator.js:110:41)\n    at process.processTicksAndRejections (node:internal/process/task_queues:105:5)\n    at async IntegrationOrchestrator.executeIngestion (D:\\Puvi\\VIDVEDAA_PROJECT\\POSIntegration\\src\\services\\IntegrationOrchestrator.js:26:9)\n    at async D:\\Puvi\\VIDVEDAA_PROJECT\\POSIntegration\\index.js:62:7\n    at async Timeout._onTimeout (D:\\Puvi\\VIDVEDAA_PROJECT\\POSIntegration\\node_modules\\node-cron\\dist\\cjs\\scheduler\\runner.js:70:44)","timestamp":"2026-01-03T17:03:00.607Z"}
{"level":"info","message":"Data ingestion cycle completed","timestamp":"2026-01-03T17:03:00.625Z"}
{"level":"info","message":"Starting data ingestion cycle","timestamp":"2026-01-03T17:04:00.056Z"}
{"error":"ENOENT: no such file or directory, open 'D:\\Puvi\\VIDVEDAA_PROJECT\\POSIntegration\\vendordetails.txt'","level":"warn","message":"Could not load vendor filter","timestamp":"2026-01-03T17:04:00.059Z"}
{"level":"info","message":"Found 1 active configurations","timestamp":"2026-01-03T17:04:00.297Z"}
{"CUSTOMERID":"VVC00043","URL":"https://kmjl.seaerpnxt.app/api/SEAapi/ManageKMJLAPI","configId":"46a5b516-c484-4ca6-99e6-89f8ae23971a","level":"info","message":"Processing configuration","outlet":"DOMESTIC 1","sourceType":"API","timestamp":"2026-01-03T17:04:00.298Z","vendor":"KALAMANDIR"}
{"isArray":false,"level":"info","message":"RAW API RESPONSE STRUCTURE123","timestamp":"2026-01-03T17:04:00.590Z","topKeys":["success","error","data"],"type":"object"}
{"level":"info","message":"Data fetched successfully","recordCount":1,"timestamp":"2026-01-03T17:04:00.590Z"}
{"configId":"46a5b516-c484-4ca6-99e6-89f8ae23971a","error":"No transaction records found","level":"error","message":"Configuration processing failed","stack":"Error: No transaction records found\n    at FieldMapper.mapTransactions (D:\\Puvi\\VIDVEDAA_PROJECT\\POSIntegration\\src\\services\\FieldMapper.js:48:11)\n    at IntegrationOrchestrator.processConfig (D:\\Puvi\\VIDVEDAA_PROJECT\\POSIntegration\\src\\services\\IntegrationOrchestrator.js:110:41)\n    at process.processTicksAndRejections (node:internal/process/task_queues:105:5)\n    at async IntegrationOrchestrator.executeIngestion (D:\\Puvi\\VIDVEDAA_PROJECT\\POSIntegration\\src\\services\\IntegrationOrchestrator.js:26:9)\n    at async D:\\Puvi\\VIDVEDAA_PROJECT\\POSIntegration\\index.js:62:7\n    at async Timeout._onTimeout (D:\\Puvi\\VIDVEDAA_PROJECT\\POSIntegration\\node_modules\\node-cron\\dist\\cjs\\scheduler\\runner.js:70:44)","timestamp":"2026-01-03T17:04:00.597Z"}
{"level":"info","message":"Data ingestion cycle completed","timestamp":"2026-01-03T17:04:00.611Z"}
{"level":"info","message":"Starting data ingestion cycle","timestamp":"2026-01-03T17:05:00.046Z"}
{"error":"ENOENT: no such file or directory, open 'D:\\Puvi\\VIDVEDAA_PROJECT\\POSIntegration\\vendordetails.txt'","level":"warn","message":"Could not load vendor filter","timestamp":"2026-01-03T17:05:00.048Z"}
{"level":"info","message":"Found 1 active configurations","timestamp":"2026-01-03T17:05:00.295Z"}
{"CUSTOMERID":"VVC00043","URL":"https://kmjl.seaerpnxt.app/api/SEAapi/ManageKMJLAPI","configId":"46a5b516-c484-4ca6-99e6-89f8ae23971a","level":"info","message":"Processing configuration","outlet":"DOMESTIC 1","sourceType":"API","timestamp":"2026-01-03T17:05:00.295Z","vendor":"KALAMANDIR"}
{"isArray":false,"level":"info","message":"RAW API RESPONSE STRUCTURE123","timestamp":"2026-01-03T17:05:00.603Z","topKeys":["success","error","data"],"type":"object"}
{"level":"info","message":"Data fetched successfully","recordCount":1,"timestamp":"2026-01-03T17:05:00.605Z"}
{"configId":"46a5b516-c484-4ca6-99e6-89f8ae23971a","error":"No transaction records found","level":"error","message":"Configuration processing failed","stack":"Error: No transaction records found\n    at FieldMapper.mapTransactions (D:\\Puvi\\VIDVEDAA_PROJECT\\POSIntegration\\src\\services\\FieldMapper.js:48:11)\n    at IntegrationOrchestrator.processConfig (D:\\Puvi\\VIDVEDAA_PROJECT\\POSIntegration\\src\\services\\IntegrationOrchestrator.js:110:41)\n    at process.processTicksAndRejections (node:internal/process/task_queues:105:5)\n    at async IntegrationOrchestrator.executeIngestion (D:\\Puvi\\VIDVEDAA_PROJECT\\POSIntegration\\src\\services\\IntegrationOrchestrator.js:26:9)\n    at async D:\\Puvi\\VIDVEDAA_PROJECT\\POSIntegration\\index.js:62:7\n    at async Timeout._onTimeout (D:\\Puvi\\VIDVEDAA_PROJECT\\POSIntegration\\node_modules\\node-cron\\dist\\cjs\\scheduler\\runner.js:70:44)","timestamp":"2026-01-03T17:05:00.623Z"}
{"level":"info","message":"Data ingestion cycle completed","timestamp":"2026-01-03T17:05:00.644Z"}
{"level":"info","message":"Starting data ingestion cycle","timestamp":"2026-01-03T17:06:00.047Z"}
{"error":"ENOENT: no such file or directory, open 'D:\\Puvi\\VIDVEDAA_PROJECT\\POSIntegration\\vendordetails.txt'","level":"warn","message":"Could not load vendor filter","timestamp":"2026-01-03T17:06:00.050Z"}
{"level":"info","message":"Found 1 active configurations","timestamp":"2026-01-03T17:06:00.288Z"}
{"CUSTOMERID":"VVC00043","URL":"https://kmjl.seaerpnxt.app/api/SEAapi/ManageKMJLAPI","configId":"46a5b516-c484-4ca6-99e6-89f8ae23971a","level":"info","message":"Processing configuration","outlet":"DOMESTIC 1","sourceType":"API","timestamp":"2026-01-03T17:06:00.289Z","vendor":"KALAMANDIR"}
{"isArray":false,"level":"info","message":"RAW API RESPONSE STRUCTURE123","timestamp":"2026-01-03T17:06:00.702Z","topKeys":["success","error","data"],"type":"object"}
{"level":"info","message":"Data fetched successfully","recordCount":1,"timestamp":"2026-01-03T17:06:00.703Z"}
{"configId":"46a5b516-c484-4ca6-99e6-89f8ae23971a","error":"No transaction records found","level":"error","message":"Configuration processing failed","stack":"Error: No transaction records found\n    at FieldMapper.mapTransactions (D:\\Puvi\\VIDVEDAA_PROJECT\\POSIntegration\\src\\services\\FieldMapper.js:48:11)\n    at IntegrationOrchestrator.processConfig (D:\\Puvi\\VIDVEDAA_PROJECT\\POSIntegration\\src\\services\\IntegrationOrchestrator.js:110:41)\n    at process.processTicksAndRejections (node:internal/process/task_queues:105:5)\n    at async IntegrationOrchestrator.executeIngestion (D:\\Puvi\\VIDVEDAA_PROJECT\\POSIntegration\\src\\services\\IntegrationOrchestrator.js:26:9)\n    at async D:\\Puvi\\VIDVEDAA_PROJECT\\POSIntegration\\index.js:62:7\n    at async Timeout._onTimeout (D:\\Puvi\\VIDVEDAA_PROJECT\\POSIntegration\\node_modules\\node-cron\\dist\\cjs\\scheduler\\runner.js:70:44)","timestamp":"2026-01-03T17:06:00.720Z"}
{"level":"info","message":"Data ingestion cycle completed","timestamp":"2026-01-03T17:06:00.741Z"}
{"level":"info","message":"Starting data ingestion cycle","timestamp":"2026-01-03T17:07:00.048Z"}
{"error":"ENOENT: no such file or directory, open 'D:\\Puvi\\VIDVEDAA_PROJECT\\POSIntegration\\vendordetails.txt'","level":"warn","message":"Could not load vendor filter","timestamp":"2026-01-03T17:07:00.050Z"}
{"level":"info","message":"Found 1 active configurations","timestamp":"2026-01-03T17:07:00.271Z"}
{"CUSTOMERID":"VVC00043","URL":"https://kmjl.seaerpnxt.app/api/SEAapi/ManageKMJLAPI","configId":"46a5b516-c484-4ca6-99e6-89f8ae23971a","level":"info","message":"Processing configuration","outlet":"DOMESTIC 1","sourceType":"API","timestamp":"2026-01-03T17:07:00.272Z","vendor":"KALAMANDIR"}
{"isArray":false,"level":"info","message":"RAW API RESPONSE STRUCTURE123","timestamp":"2026-01-03T17:07:00.619Z","topKeys":["success","error","data"],"type":"object"}
{"level":"info","message":"Data fetched successfully","recordCount":1,"timestamp":"2026-01-03T17:07:00.620Z"}
{"configId":"46a5b516-c484-4ca6-99e6-89f8ae23971a","error":"No transaction records found","level":"error","message":"Configuration processing failed","stack":"Error: No transaction records found\n    at FieldMapper.mapTransactions (D:\\Puvi\\VIDVEDAA_PROJECT\\POSIntegration\\src\\services\\FieldMapper.js:48:11)\n    at IntegrationOrchestrator.processConfig (D:\\Puvi\\VIDVEDAA_PROJECT\\POSIntegration\\src\\services\\IntegrationOrchestrator.js:110:41)\n    at process.processTicksAndRejections (node:internal/process/task_queues:105:5)\n    at async IntegrationOrchestrator.executeIngestion (D:\\Puvi\\VIDVEDAA_PROJECT\\POSIntegration\\src\\services\\IntegrationOrchestrator.js:26:9)\n    at async D:\\Puvi\\VIDVEDAA_PROJECT\\POSIntegration\\index.js:62:7\n    at async Timeout._onTimeout (D:\\Puvi\\VIDVEDAA_PROJECT\\POSIntegration\\node_modules\\node-cron\\dist\\cjs\\scheduler\\runner.js:70:44)","timestamp":"2026-01-03T17:07:00.636Z"}
{"level":"info","message":"Data ingestion cycle completed","timestamp":"2026-01-03T17:07:00.657Z"}
{"level":"info","message":"Starting data ingestion cycle","timestamp":"2026-01-03T17:08:00.101Z"}
{"error":"ENOENT: no such file or directory, open 'D:\\Puvi\\VIDVEDAA_PROJECT\\POSIntegration\\vendordetails.txt'","level":"warn","message":"Could not load vendor filter","timestamp":"2026-01-03T17:08:00.107Z"}
{"level":"info","message":"Found 1 active configurations","timestamp":"2026-01-03T17:08:00.271Z"}
{"CUSTOMERID":"VVC00043","URL":"https://kmjl.seaerpnxt.app/api/SEAapi/ManageKMJLAPI","configId":"46a5b516-c484-4ca6-99e6-89f8ae23971a","level":"info","message":"Processing configuration","outlet":"DOMESTIC 1","sourceType":"API","timestamp":"2026-01-03T17:08:00.271Z","vendor":"KALAMANDIR"}
{"isArray":false,"level":"info","message":"RAW API RESPONSE STRUCTURE123","timestamp":"2026-01-03T17:08:00.605Z","topKeys":["success","error","data"],"type":"object"}
{"level":"info","message":"Data fetched successfully","recordCount":1,"timestamp":"2026-01-03T17:08:00.606Z"}
{"configId":"46a5b516-c484-4ca6-99e6-89f8ae23971a","error":"No transaction records found","level":"error","message":"Configuration processing failed","stack":"Error: No transaction records found\n    at FieldMapper.mapTransactions (D:\\Puvi\\VIDVEDAA_PROJECT\\POSIntegration\\src\\services\\FieldMapper.js:48:11)\n    at IntegrationOrchestrator.processConfig (D:\\Puvi\\VIDVEDAA_PROJECT\\POSIntegration\\src\\services\\IntegrationOrchestrator.js:110:41)\n    at process.processTicksAndRejections (node:internal/process/task_queues:105:5)\n    at async IntegrationOrchestrator.executeIngestion (D:\\Puvi\\VIDVEDAA_PROJECT\\POSIntegration\\src\\services\\IntegrationOrchestrator.js:26:9)\n    at async D:\\Puvi\\VIDVEDAA_PROJECT\\POSIntegration\\index.js:62:7\n    at async Timeout._onTimeout (D:\\Puvi\\VIDVEDAA_PROJECT\\POSIntegration\\node_modules\\node-cron\\dist\\cjs\\scheduler\\runner.js:70:44)","timestamp":"2026-01-03T17:08:00.620Z"}
{"level":"info","message":"Data ingestion cycle completed","timestamp":"2026-01-03T17:08:00.639Z"}
{"level":"info","message":"Starting data ingestion cycle","timestamp":"2026-01-03T17:43:00.045Z"}
{"error":"ENOENT: no such file or directory, open 'D:\\Puvi\\VIDVEDAA_PROJECT\\POSIntegration\\vendordetails.txt'","level":"warn","message":"Could not load vendor filter","timestamp":"2026-01-03T17:43:00.049Z"}
{"level":"info","message":"Found 1 active configurations","timestamp":"2026-01-03T17:43:00.283Z"}
{"CUSTOMERID":"VVC00043","URL":"https://kmjl.seaerpnxt.app/api/SEAapi/ManageKMJLAPI","configId":"46a5b516-c484-4ca6-99e6-89f8ae23971a","level":"info","message":"Processing configuration","outlet":"DOMESTIC 1","sourceType":"API","timestamp":"2026-01-03T17:43:00.285Z","vendor":"KALAMANDIR"}
{"isArray":false,"level":"info","message":"RAW API RESPONSE STRUCTURE123","timestamp":"2026-01-03T17:43:00.898Z","topKeys":["success","error","data"],"type":"object"}
{"level":"info","message":"Data fetched successfully","recordCount":1,"timestamp":"2026-01-03T17:43:00.900Z"}
{"level":"info","message":"Data mapped successfully","timestamp":"2026-01-03T17:43:00.922Z","transactionCount":1}
{"configId":"46a5b516-c484-4ca6-99e6-89f8ae23971a","errors":0,"level":"info","message":"Configuration processed successfully","records":1,"skipped":0,"timestamp":"2026-01-03T17:43:01.192Z"}
{"level":"info","message":"Data ingestion cycle completed","timestamp":"2026-01-03T17:43:01.193Z"}
{"level":"info","message":"Starting data ingestion cycle","timestamp":"2026-01-03T17:44:00.056Z"}
{"error":"ENOENT: no such file or directory, open 'D:\\Puvi\\VIDVEDAA_PROJECT\\POSIntegration\\vendordetails.txt'","level":"warn","message":"Could not load vendor filter","timestamp":"2026-01-03T17:44:00.058Z"}
{"level":"info","message":"Found 1 active configurations","timestamp":"2026-01-03T17:44:00.378Z"}
{"CUSTOMERID":"VVC00043","URL":"https://kmjl.seaerpnxt.app/api/SEAapi/ManageKMJLAPI","configId":"46a5b516-c484-4ca6-99e6-89f8ae23971a","level":"info","message":"Processing configuration","outlet":"DOMESTIC 1","sourceType":"API","timestamp":"2026-01-03T17:44:00.379Z","vendor":"KALAMANDIR"}
{"isArray":false,"level":"info","message":"RAW API RESPONSE STRUCTURE123","timestamp":"2026-01-03T17:44:00.737Z","topKeys":["success","error","data"],"type":"object"}
{"level":"info","message":"Data fetched successfully","recordCount":1,"timestamp":"2026-01-03T17:44:00.738Z"}
{"level":"info","message":"Data mapped successfully","timestamp":"2026-01-03T17:44:00.754Z","transactionCount":1}
{"invoice_no":0,"level":"info","message":"Transaction already exists, skipping","timestamp":"2026-01-03T17:44:00.761Z","transaction_id":"c342338e-89a5-4070-ab24-11bcbcc7d5f0"}
{"configId":"46a5b516-c484-4ca6-99e6-89f8ae23971a","errors":0,"level":"info","message":"Configuration processed successfully","records":0,"skipped":1,"timestamp":"2026-01-03T17:44:00.999Z"}
{"level":"info","message":"Data ingestion cycle completed","timestamp":"2026-01-03T17:44:01.000Z"}
{"level":"info","message":"Starting data ingestion cycle","timestamp":"2026-01-03T17:45:00.035Z"}
{"error":"ENOENT: no such file or directory, open 'D:\\Puvi\\VIDVEDAA_PROJECT\\POSIntegration\\vendordetails.txt'","level":"warn","message":"Could not load vendor filter","timestamp":"2026-01-03T17:45:00.038Z"}
{"level":"info","message":"Found 1 active configurations","timestamp":"2026-01-03T17:45:00.297Z"}
{"CUSTOMERID":"VVC00043","URL":"https://kmjl.seaerpnxt.app/api/SEAapi/ManageKMJLAPI","configId":"46a5b516-c484-4ca6-99e6-89f8ae23971a","level":"info","message":"Processing configuration","outlet":"DOMESTIC 1","sourceType":"API","timestamp":"2026-01-03T17:45:00.297Z","vendor":"KALAMANDIR"}
{"isArray":false,"level":"info","message":"RAW API RESPONSE STRUCTURE123","timestamp":"2026-01-03T17:45:00.664Z","topKeys":["success","error","data"],"type":"object"}
{"level":"info","message":"Data fetched successfully","recordCount":1,"timestamp":"2026-01-03T17:45:00.665Z"}
{"level":"info","message":"Data mapped successfully","timestamp":"2026-01-03T17:45:00.679Z","transactionCount":1}
{"invoice_no":0,"level":"info","message":"Transaction already exists, skipping","timestamp":"2026-01-03T17:45:00.683Z","transaction_id":"eb12155c-fe4c-4828-8d70-35965af9b358"}
{"configId":"46a5b516-c484-4ca6-99e6-89f8ae23971a","errors":0,"level":"info","message":"Configuration processed successfully","records":0,"skipped":1,"timestamp":"2026-01-03T17:45:00.907Z"}
{"level":"info","message":"Data ingestion cycle completed","timestamp":"2026-01-03T17:45:00.908Z"}
{"level":"info","message":"Starting data ingestion cycle","timestamp":"2026-01-03T17:46:00.049Z"}
{"error":"ENOENT: no such file or directory, open 'D:\\Puvi\\VIDVEDAA_PROJECT\\POSIntegration\\vendordetails.txt'","level":"warn","message":"Could not load vendor filter","timestamp":"2026-01-03T17:46:00.051Z"}
{"level":"info","message":"Found 1 active configurations","timestamp":"2026-01-03T17:46:00.271Z"}
{"CUSTOMERID":"VVC00043","URL":"https://kmjl.seaerpnxt.app/api/SEAapi/ManageKMJLAPI","configId":"46a5b516-c484-4ca6-99e6-89f8ae23971a","level":"info","message":"Processing configuration","outlet":"DOMESTIC 1","sourceType":"API","timestamp":"2026-01-03T17:46:00.272Z","vendor":"KALAMANDIR"}
{"isArray":false,"level":"info","message":"RAW API RESPONSE STRUCTURE123","timestamp":"2026-01-03T17:46:00.630Z","topKeys":["success","error","data"],"type":"object"}
{"level":"info","message":"Data fetched successfully","recordCount":1,"timestamp":"2026-01-03T17:46:00.632Z"}
{"level":"info","message":"Data mapped successfully","timestamp":"2026-01-03T17:46:00.650Z","transactionCount":1}
{"invoice_no":0,"level":"info","message":"Transaction already exists, skipping","timestamp":"2026-01-03T17:46:00.655Z","transaction_id":"74a8d092-d2a3-4a6e-97f6-d099758c86a3"}
{"configId":"46a5b516-c484-4ca6-99e6-89f8ae23971a","errors":0,"level":"info","message":"Configuration processed successfully","records":0,"skipped":1,"timestamp":"2026-01-03T17:46:00.873Z"}
{"level":"info","message":"Data ingestion cycle completed","timestamp":"2026-01-03T17:46:00.873Z"}
{"level":"info","message":"Starting data ingestion cycle","timestamp":"2026-01-03T17:47:00.044Z"}
{"error":"ENOENT: no such file or directory, open 'D:\\Puvi\\VIDVEDAA_PROJECT\\POSIntegration\\vendordetails.txt'","level":"warn","message":"Could not load vendor filter","timestamp":"2026-01-03T17:47:00.047Z"}
{"level":"info","message":"Found 1 active configurations","timestamp":"2026-01-03T17:47:00.260Z"}
{"CUSTOMERID":"VVC00043","URL":"https://kmjl.seaerpnxt.app/api/SEAapi/ManageKMJLAPI","configId":"46a5b516-c484-4ca6-99e6-89f8ae23971a","level":"info","message":"Processing configuration","outlet":"DOMESTIC 1","sourceType":"API","timestamp":"2026-01-03T17:47:00.261Z","vendor":"KALAMANDIR"}
{"isArray":false,"level":"info","message":"RAW API RESPONSE STRUCTURE123","timestamp":"2026-01-03T17:47:00.601Z","topKeys":["success","error","data"],"type":"object"}
{"level":"info","message":"Data fetched successfully","recordCount":1,"timestamp":"2026-01-03T17:47:00.619Z"}
{"level":"info","message":"Data mapped successfully","timestamp":"2026-01-03T17:47:00.639Z","transactionCount":1}
{"invoice_no":0,"level":"info","message":"Transaction already exists, skipping","timestamp":"2026-01-03T17:47:00.643Z","transaction_id":"47da36e2-90f0-482e-8017-fe7335e86c49"}
{"configId":"46a5b516-c484-4ca6-99e6-89f8ae23971a","errors":0,"level":"info","message":"Configuration processed successfully","records":0,"skipped":1,"timestamp":"2026-01-03T17:47:00.778Z"}
{"level":"info","message":"Data ingestion cycle completed","timestamp":"2026-01-03T17:47:00.779Z"}
{"level":"info","message":"Starting data ingestion cycle","timestamp":"2026-01-03T17:48:00.052Z"}
{"error":"ENOENT: no such file or directory, open 'D:\\Puvi\\VIDVEDAA_PROJECT\\POSIntegration\\vendordetails.txt'","level":"warn","message":"Could not load vendor filter","timestamp":"2026-01-03T17:48:00.054Z"}
{"level":"info","message":"Found 1 active configurations","timestamp":"2026-01-03T17:48:00.363Z"}
{"CUSTOMERID":"VVC00043","URL":"https://kmjl.seaerpnxt.app/api/SEAapi/ManageKMJLAPI","configId":"46a5b516-c484-4ca6-99e6-89f8ae23971a","level":"info","message":"Processing configuration","outlet":"DOMESTIC 1","sourceType":"API","timestamp":"2026-01-03T17:48:00.364Z","vendor":"KALAMANDIR"}
{"isArray":false,"level":"info","message":"RAW API RESPONSE STRUCTURE123","timestamp":"2026-01-03T17:48:00.710Z","topKeys":["success","error","data"],"type":"object"}
{"level":"info","message":"Data fetched successfully","recordCount":1,"timestamp":"2026-01-03T17:48:00.712Z"}
{"level":"info","message":"Data mapped successfully","timestamp":"2026-01-03T17:48:00.728Z","transactionCount":1}
{"invoice_no":0,"level":"info","message":"Transaction already exists, skipping","timestamp":"2026-01-03T17:48:00.736Z","transaction_id":"4e34dd7a-93fa-4395-accd-f82031e7241a"}
{"configId":"46a5b516-c484-4ca6-99e6-89f8ae23971a","errors":0,"level":"info","message":"Configuration processed successfully","records":0,"skipped":1,"timestamp":"2026-01-03T17:48:00.961Z"}
{"level":"info","message":"Data ingestion cycle completed","timestamp":"2026-01-03T17:48:00.961Z"}
