{"level":"info","message":"Starting data ingestion cycle","timestamp":"2026-02-03T16:54:00.064Z"}
{"error":"ENOENT: no such file or directory, open 'D:\\Puvi\\VIDVEDAA_PROJECT\\POSIntegration\\vendordetails.txt'","level":"warn","message":"Could not load vendor filter","timestamp":"2026-02-03T16:54:00.068Z"}
{"level":"info","message":"Found 1 active configurations","timestamp":"2026-02-03T16:54:00.261Z"}
{"CUSTOMERID":"VVC00077","URL":"https://www.zohoapis.in/creator/custom/rayhan\n","configId":"d1b31091-169a-4edc-99c8-8ee78674bfce","level":"info","message":"Processing configuration","outlet":"BUS LOUNGE","sourceType":"multiapizoho","timestamp":"2026-02-03T16:54:00.272Z","vendor":"MYOP(MAKE YOUR OWN PERFUME)"}
{"configId":"d1b31091-169a-4edc-99c8-8ee78674bfce","error":"this.config.cac_multiple_apis is not iterable","level":"error","message":"Configuration processing failed","stack":"TypeError: this.config.cac_multiple_apis is not iterable\n    at DataFetcher.getCombinedDetailszoho (D:\\Puvi\\VIDVEDAA_PROJECT\\POSIntegration\\src\\services\\DataFetcher.js:414:33)\n    at DataFetcher.fetchData (D:\\Puvi\\VIDVEDAA_PROJECT\\POSIntegration\\src\\services\\DataFetcher.js:386:27)\n    at process.processTicksAndRejections (node:internal/process/task_queues:105:5)\n    at async IntegrationOrchestrator.processConfig (D:\\Puvi\\VIDVEDAA_PROJECT\\POSIntegration\\src\\services\\IntegrationOrchestrator.js:80:23)\n    at async IntegrationOrchestrator.executeIngestion (D:\\Puvi\\VIDVEDAA_PROJECT\\POSIntegration\\src\\services\\IntegrationOrchestrator.js:28:9)\n    at async D:\\Puvi\\VIDVEDAA_PROJECT\\POSIntegration\\index.js:62:7\n    at async Timeout._onTimeout (D:\\Puvi\\VIDVEDAA_PROJECT\\POSIntegration\\node_modules\\node-cron\\dist\\cjs\\scheduler\\runner.js:70:44)","timestamp":"2026-02-03T16:54:00.306Z"}
{"level":"info","message":"Data ingestion cycle completed","timestamp":"2026-02-03T16:54:00.317Z"}
{"level":"info","message":"Starting data ingestion cycle","timestamp":"2026-02-03T16:55:00.040Z"}
{"error":"ENOENT: no such file or directory, open 'D:\\Puvi\\VIDVEDAA_PROJECT\\POSIntegration\\vendordetails.txt'","level":"warn","message":"Could not load vendor filter","timestamp":"2026-02-03T16:55:00.041Z"}
{"level":"info","message":"Found 1 active configurations","timestamp":"2026-02-03T16:55:00.204Z"}
{"CUSTOMERID":"VVC00077","URL":"https://www.zohoapis.in/creator/custom/rayhan\n","configId":"d1b31091-169a-4edc-99c8-8ee78674bfce","level":"info","message":"Processing configuration","outlet":"BUS LOUNGE","sourceType":"multiapizoho","timestamp":"2026-02-03T16:55:00.205Z","vendor":"MYOP(MAKE YOUR OWN PERFUME)"}
{"configId":"d1b31091-169a-4edc-99c8-8ee78674bfce","error":"this.config.cac_multiple_apis is not iterable","level":"error","message":"Configuration processing failed","stack":"TypeError: this.config.cac_multiple_apis is not iterable\n    at DataFetcher.getCombinedDetailszoho (D:\\Puvi\\VIDVEDAA_PROJECT\\POSIntegration\\src\\services\\DataFetcher.js:414:33)\n    at DataFetcher.fetchData (D:\\Puvi\\VIDVEDAA_PROJECT\\POSIntegration\\src\\services\\DataFetcher.js:386:27)\n    at process.processTicksAndRejections (node:internal/process/task_queues:105:5)\n    at async IntegrationOrchestrator.processConfig (D:\\Puvi\\VIDVEDAA_PROJECT\\POSIntegration\\src\\services\\IntegrationOrchestrator.js:80:23)\n    at async IntegrationOrchestrator.executeIngestion (D:\\Puvi\\VIDVEDAA_PROJECT\\POSIntegration\\src\\services\\IntegrationOrchestrator.js:28:9)\n    at async D:\\Puvi\\VIDVEDAA_PROJECT\\POSIntegration\\index.js:62:7\n    at async Timeout._onTimeout (D:\\Puvi\\VIDVEDAA_PROJECT\\POSIntegration\\node_modules\\node-cron\\dist\\cjs\\scheduler\\runner.js:70:44)","timestamp":"2026-02-03T16:55:00.230Z"}
{"level":"info","message":"Data ingestion cycle completed","timestamp":"2026-02-03T16:55:00.248Z"}
{"level":"info","message":"Starting data ingestion cycle","timestamp":"2026-02-03T16:56:00.035Z"}
{"error":"ENOENT: no such file or directory, open 'D:\\Puvi\\VIDVEDAA_PROJECT\\POSIntegration\\vendordetails.txt'","level":"warn","message":"Could not load vendor filter","timestamp":"2026-02-03T16:56:00.036Z"}
{"level":"info","message":"Found 1 active configurations","timestamp":"2026-02-03T16:56:00.309Z"}
{"CUSTOMERID":"VVC00077","URL":"https://www.zohoapis.in/creator/custom/rayhan\n","configId":"d1b31091-169a-4edc-99c8-8ee78674bfce","level":"info","message":"Processing configuration","outlet":"BUS LOUNGE","sourceType":"multiapizoho","timestamp":"2026-02-03T16:56:00.311Z","vendor":"MYOP(MAKE YOUR OWN PERFUME)"}
{"configId":"d1b31091-169a-4edc-99c8-8ee78674bfce","error":"this.config.cac_multiple_apis is not iterable","level":"error","message":"Configuration processing failed","stack":"TypeError: this.config.cac_multiple_apis is not iterable\n    at DataFetcher.getCombinedDetailszoho (D:\\Puvi\\VIDVEDAA_PROJECT\\POSIntegration\\src\\services\\DataFetcher.js:414:33)\n    at DataFetcher.fetchData (D:\\Puvi\\VIDVEDAA_PROJECT\\POSIntegration\\src\\services\\DataFetcher.js:386:27)\n    at process.processTicksAndRejections (node:internal/process/task_queues:105:5)\n    at async IntegrationOrchestrator.processConfig (D:\\Puvi\\VIDVEDAA_PROJECT\\POSIntegration\\src\\services\\IntegrationOrchestrator.js:80:23)\n    at async IntegrationOrchestrator.executeIngestion (D:\\Puvi\\VIDVEDAA_PROJECT\\POSIntegration\\src\\services\\IntegrationOrchestrator.js:28:9)\n    at async D:\\Puvi\\VIDVEDAA_PROJECT\\POSIntegration\\index.js:62:7\n    at async Timeout._onTimeout (D:\\Puvi\\VIDVEDAA_PROJECT\\POSIntegration\\node_modules\\node-cron\\dist\\cjs\\scheduler\\runner.js:70:44)","timestamp":"2026-02-03T16:56:00.341Z"}
{"level":"info","message":"Data ingestion cycle completed","timestamp":"2026-02-03T16:56:00.353Z"}
{"level":"info","message":"Starting data ingestion cycle","timestamp":"2026-02-03T16:57:00.038Z"}
{"error":"ENOENT: no such file or directory, open 'D:\\Puvi\\VIDVEDAA_PROJECT\\POSIntegration\\vendordetails.txt'","level":"warn","message":"Could not load vendor filter","timestamp":"2026-02-03T16:57:00.040Z"}
{"level":"info","message":"Found 1 active configurations","timestamp":"2026-02-03T16:57:00.258Z"}
{"CUSTOMERID":"VVC00077","URL":"https://www.zohoapis.in/creator/custom/rayhan\n","configId":"d1b31091-169a-4edc-99c8-8ee78674bfce","level":"info","message":"Processing configuration","outlet":"BUS LOUNGE","sourceType":"multiapizoho","timestamp":"2026-02-03T16:57:00.260Z","vendor":"MYOP(MAKE YOUR OWN PERFUME)"}
{"configId":"d1b31091-169a-4edc-99c8-8ee78674bfce","error":"this.config.cac_multiple_apis is not iterable","level":"error","message":"Configuration processing failed","stack":"TypeError: this.config.cac_multiple_apis is not iterable\n    at DataFetcher.getCombinedDetailszoho (D:\\Puvi\\VIDVEDAA_PROJECT\\POSIntegration\\src\\services\\DataFetcher.js:414:33)\n    at DataFetcher.fetchData (D:\\Puvi\\VIDVEDAA_PROJECT\\POSIntegration\\src\\services\\DataFetcher.js:386:27)\n    at process.processTicksAndRejections (node:internal/process/task_queues:105:5)\n    at async IntegrationOrchestrator.processConfig (D:\\Puvi\\VIDVEDAA_PROJECT\\POSIntegration\\src\\services\\IntegrationOrchestrator.js:80:23)\n    at async IntegrationOrchestrator.executeIngestion (D:\\Puvi\\VIDVEDAA_PROJECT\\POSIntegration\\src\\services\\IntegrationOrchestrator.js:28:9)\n    at async D:\\Puvi\\VIDVEDAA_PROJECT\\POSIntegration\\index.js:62:7\n    at async Timeout._onTimeout (D:\\Puvi\\VIDVEDAA_PROJECT\\POSIntegration\\node_modules\\node-cron\\dist\\cjs\\scheduler\\runner.js:70:44)","timestamp":"2026-02-03T16:57:00.302Z"}
{"level":"info","message":"Data ingestion cycle completed","timestamp":"2026-02-03T16:57:00.316Z"}
{"level":"info","message":"Starting data ingestion cycle","timestamp":"2026-02-03T16:58:00.049Z"}
{"error":"ENOENT: no such file or directory, open 'D:\\Puvi\\VIDVEDAA_PROJECT\\POSIntegration\\vendordetails.txt'","level":"warn","message":"Could not load vendor filter","timestamp":"2026-02-03T16:58:00.050Z"}
{"level":"info","message":"Found 1 active configurations","timestamp":"2026-02-03T16:58:00.233Z"}
{"CUSTOMERID":"VVC00077","URL":"https://www.zohoapis.in/creator/custom/rayhan\n","configId":"d1b31091-169a-4edc-99c8-8ee78674bfce","level":"info","message":"Processing configuration","outlet":"BUS LOUNGE","sourceType":"multiapizoho","timestamp":"2026-02-03T16:58:00.233Z","vendor":"MYOP(MAKE YOUR OWN PERFUME)"}
{"configId":"d1b31091-169a-4edc-99c8-8ee78674bfce","error":"this.config.cac_multiple_apis is not iterable","level":"error","message":"Configuration processing failed","stack":"TypeError: this.config.cac_multiple_apis is not iterable\n    at DataFetcher.getCombinedDetailszoho (D:\\Puvi\\VIDVEDAA_PROJECT\\POSIntegration\\src\\services\\DataFetcher.js:414:33)\n    at DataFetcher.fetchData (D:\\Puvi\\VIDVEDAA_PROJECT\\POSIntegration\\src\\services\\DataFetcher.js:386:27)\n    at process.processTicksAndRejections (node:internal/process/task_queues:105:5)\n    at async IntegrationOrchestrator.processConfig (D:\\Puvi\\VIDVEDAA_PROJECT\\POSIntegration\\src\\services\\IntegrationOrchestrator.js:80:23)\n    at async IntegrationOrchestrator.executeIngestion (D:\\Puvi\\VIDVEDAA_PROJECT\\POSIntegration\\src\\services\\IntegrationOrchestrator.js:28:9)\n    at async D:\\Puvi\\VIDVEDAA_PROJECT\\POSIntegration\\index.js:62:7\n    at async Timeout._onTimeout (D:\\Puvi\\VIDVEDAA_PROJECT\\POSIntegration\\node_modules\\node-cron\\dist\\cjs\\scheduler\\runner.js:70:44)","timestamp":"2026-02-03T16:58:00.253Z"}
{"level":"info","message":"Data ingestion cycle completed","timestamp":"2026-02-03T16:58:00.270Z"}
{"level":"info","message":"Starting data ingestion cycle","timestamp":"2026-02-03T16:59:00.039Z"}
{"error":"ENOENT: no such file or directory, open 'D:\\Puvi\\VIDVEDAA_PROJECT\\POSIntegration\\vendordetails.txt'","level":"warn","message":"Could not load vendor filter","timestamp":"2026-02-03T16:59:00.042Z"}
{"level":"info","message":"Found 1 active configurations","timestamp":"2026-02-03T16:59:00.189Z"}
{"CUSTOMERID":"VVC00077","URL":"https://www.zohoapis.in/creator/custom/rayhan\n","configId":"d1b31091-169a-4edc-99c8-8ee78674bfce","level":"info","message":"Processing configuration","outlet":"BUS LOUNGE","sourceType":"multiapizoho","timestamp":"2026-02-03T16:59:00.190Z","vendor":"MYOP(MAKE YOUR OWN PERFUME)"}
{"configId":"d1b31091-169a-4edc-99c8-8ee78674bfce","error":"this.config.cac_multiple_apis is not iterable","level":"error","message":"Configuration processing failed","stack":"TypeError: this.config.cac_multiple_apis is not iterable\n    at DataFetcher.getCombinedDetailszoho (D:\\Puvi\\VIDVEDAA_PROJECT\\POSIntegration\\src\\services\\DataFetcher.js:414:33)\n    at DataFetcher.fetchData (D:\\Puvi\\VIDVEDAA_PROJECT\\POSIntegration\\src\\services\\DataFetcher.js:386:27)\n    at process.processTicksAndRejections (node:internal/process/task_queues:105:5)\n    at async IntegrationOrchestrator.processConfig (D:\\Puvi\\VIDVEDAA_PROJECT\\POSIntegration\\src\\services\\IntegrationOrchestrator.js:80:23)\n    at async IntegrationOrchestrator.executeIngestion (D:\\Puvi\\VIDVEDAA_PROJECT\\POSIntegration\\src\\services\\IntegrationOrchestrator.js:28:9)\n    at async D:\\Puvi\\VIDVEDAA_PROJECT\\POSIntegration\\index.js:62:7\n    at async Timeout._onTimeout (D:\\Puvi\\VIDVEDAA_PROJECT\\POSIntegration\\node_modules\\node-cron\\dist\\cjs\\scheduler\\runner.js:70:44)","timestamp":"2026-02-03T16:59:00.209Z"}
{"level":"info","message":"Data ingestion cycle completed","timestamp":"2026-02-03T16:59:00.226Z"}
{"level":"info","message":"Starting data ingestion cycle","timestamp":"2026-02-03T17:00:00.058Z"}
{"error":"ENOENT: no such file or directory, open 'D:\\Puvi\\VIDVEDAA_PROJECT\\POSIntegration\\vendordetails.txt'","level":"warn","message":"Could not load vendor filter","timestamp":"2026-02-03T17:00:00.060Z"}
{"level":"info","message":"Found 1 active configurations","timestamp":"2026-02-03T17:00:00.401Z"}
{"CUSTOMERID":"VVC00077","URL":"https://www.zohoapis.in/creator/custom/rayhan\n","configId":"d1b31091-169a-4edc-99c8-8ee78674bfce","level":"info","message":"Processing configuration","outlet":"BUS LOUNGE","sourceType":"multiapizoho","timestamp":"2026-02-03T17:00:00.402Z","vendor":"MYOP(MAKE YOUR OWN PERFUME)"}
{"configId":"d1b31091-169a-4edc-99c8-8ee78674bfce","error":"this.config.cac_multiple_apis is not iterable","level":"error","message":"Configuration processing failed","stack":"TypeError: this.config.cac_multiple_apis is not iterable\n    at DataFetcher.getCombinedDetailszoho (D:\\Puvi\\VIDVEDAA_PROJECT\\POSIntegration\\src\\services\\DataFetcher.js:414:33)\n    at DataFetcher.fetchData (D:\\Puvi\\VIDVEDAA_PROJECT\\POSIntegration\\src\\services\\DataFetcher.js:386:27)\n    at process.processTicksAndRejections (node:internal/process/task_queues:105:5)\n    at async IntegrationOrchestrator.processConfig (D:\\Puvi\\VIDVEDAA_PROJECT\\POSIntegration\\src\\services\\IntegrationOrchestrator.js:80:23)\n    at async IntegrationOrchestrator.executeIngestion (D:\\Puvi\\VIDVEDAA_PROJECT\\POSIntegration\\src\\services\\IntegrationOrchestrator.js:28:9)\n    at async D:\\Puvi\\VIDVEDAA_PROJECT\\POSIntegration\\index.js:62:7\n    at async Timeout._onTimeout (D:\\Puvi\\VIDVEDAA_PROJECT\\POSIntegration\\node_modules\\node-cron\\dist\\cjs\\scheduler\\runner.js:70:44)","timestamp":"2026-02-03T17:00:00.418Z"}
{"level":"info","message":"Data ingestion cycle completed","timestamp":"2026-02-03T17:00:00.432Z"}
{"level":"info","message":"Starting data ingestion cycle","timestamp":"2026-02-03T17:01:00.033Z"}
{"error":"ENOENT: no such file or directory, open 'D:\\Puvi\\VIDVEDAA_PROJECT\\POSIntegration\\vendordetails.txt'","level":"warn","message":"Could not load vendor filter","timestamp":"2026-02-03T17:01:00.037Z"}
{"level":"info","message":"Found 1 active configurations","timestamp":"2026-02-03T17:01:00.220Z"}
{"CUSTOMERID":"VVC00077","URL":"https://www.zohoapis.in/creator/custom/rayhan\n","configId":"d1b31091-169a-4edc-99c8-8ee78674bfce","level":"info","message":"Processing configuration","outlet":"BUS LOUNGE","sourceType":"multiapizoho","timestamp":"2026-02-03T17:01:00.221Z","vendor":"MYOP(MAKE YOUR OWN PERFUME)"}
{"configId":"d1b31091-169a-4edc-99c8-8ee78674bfce","error":"this.config.cac_multiple_apis is not iterable","level":"error","message":"Configuration processing failed","stack":"TypeError: this.config.cac_multiple_apis is not iterable\n    at DataFetcher.getCombinedDetailszoho (D:\\Puvi\\VIDVEDAA_PROJECT\\POSIntegration\\src\\services\\DataFetcher.js:414:33)\n    at DataFetcher.fetchData (D:\\Puvi\\VIDVEDAA_PROJECT\\POSIntegration\\src\\services\\DataFetcher.js:386:27)\n    at process.processTicksAndRejections (node:internal/process/task_queues:105:5)\n    at async IntegrationOrchestrator.processConfig (D:\\Puvi\\VIDVEDAA_PROJECT\\POSIntegration\\src\\services\\IntegrationOrchestrator.js:80:23)\n    at async IntegrationOrchestrator.executeIngestion (D:\\Puvi\\VIDVEDAA_PROJECT\\POSIntegration\\src\\services\\IntegrationOrchestrator.js:28:9)\n    at async D:\\Puvi\\VIDVEDAA_PROJECT\\POSIntegration\\index.js:62:7\n    at async Timeout._onTimeout (D:\\Puvi\\VIDVEDAA_PROJECT\\POSIntegration\\node_modules\\node-cron\\dist\\cjs\\scheduler\\runner.js:70:44)","timestamp":"2026-02-03T17:01:00.240Z"}
{"level":"info","message":"Data ingestion cycle completed","timestamp":"2026-02-03T17:01:00.254Z"}
{"level":"info","message":"Starting data ingestion cycle","timestamp":"2026-02-03T17:02:00.044Z"}
{"error":"ENOENT: no such file or directory, open 'D:\\Puvi\\VIDVEDAA_PROJECT\\POSIntegration\\vendordetails.txt'","level":"warn","message":"Could not load vendor filter","timestamp":"2026-02-03T17:02:00.047Z"}
{"level":"info","message":"Found 1 active configurations","timestamp":"2026-02-03T17:02:00.303Z"}
{"CUSTOMERID":"VVC00077","URL":"https://www.zohoapis.in/creator/custom/rayhan\n","configId":"d1b31091-169a-4edc-99c8-8ee78674bfce","level":"info","message":"Processing configuration","outlet":"BUS LOUNGE","sourceType":"multiapizoho","timestamp":"2026-02-03T17:02:00.305Z","vendor":"MYOP(MAKE YOUR OWN PERFUME)"}
{"configId":"d1b31091-169a-4edc-99c8-8ee78674bfce","error":"this.config.cac_multiple_apis is not iterable","level":"error","message":"Configuration processing failed","stack":"TypeError: this.config.cac_multiple_apis is not iterable\n    at DataFetcher.getCombinedDetailszoho (D:\\Puvi\\VIDVEDAA_PROJECT\\POSIntegration\\src\\services\\DataFetcher.js:414:33)\n    at DataFetcher.fetchData (D:\\Puvi\\VIDVEDAA_PROJECT\\POSIntegration\\src\\services\\DataFetcher.js:386:27)\n    at process.processTicksAndRejections (node:internal/process/task_queues:105:5)\n    at async IntegrationOrchestrator.processConfig (D:\\Puvi\\VIDVEDAA_PROJECT\\POSIntegration\\src\\services\\IntegrationOrchestrator.js:80:23)\n    at async IntegrationOrchestrator.executeIngestion (D:\\Puvi\\VIDVEDAA_PROJECT\\POSIntegration\\src\\services\\IntegrationOrchestrator.js:28:9)\n    at async D:\\Puvi\\VIDVEDAA_PROJECT\\POSIntegration\\index.js:62:7\n    at async Timeout._onTimeout (D:\\Puvi\\VIDVEDAA_PROJECT\\POSIntegration\\node_modules\\node-cron\\dist\\cjs\\scheduler\\runner.js:70:44)","timestamp":"2026-02-03T17:02:00.340Z"}
{"level":"info","message":"Data ingestion cycle completed","timestamp":"2026-02-03T17:02:00.367Z"}
{"level":"info","message":"Starting data ingestion cycle","timestamp":"2026-02-03T17:03:00.024Z"}
{"error":"ENOENT: no such file or directory, open 'D:\\Puvi\\VIDVEDAA_PROJECT\\POSIntegration\\vendordetails.txt'","level":"warn","message":"Could not load vendor filter","timestamp":"2026-02-03T17:03:00.028Z"}
{"level":"info","message":"Found 1 active configurations","timestamp":"2026-02-03T17:03:00.288Z"}
{"CUSTOMERID":"VVC00077","URL":"https://www.zohoapis.in/creator/custom/rayhan\n","configId":"d1b31091-169a-4edc-99c8-8ee78674bfce","level":"info","message":"Processing configuration","outlet":"BUS LOUNGE","sourceType":"multiapizoho","timestamp":"2026-02-03T17:03:00.290Z","vendor":"MYOP(MAKE YOUR OWN PERFUME)"}
{"configId":"d1b31091-169a-4edc-99c8-8ee78674bfce","error":"this.config.cac_multiple_apis is not iterable","level":"error","message":"Configuration processing failed","stack":"TypeError: this.config.cac_multiple_apis is not iterable\n    at DataFetcher.getCombinedDetailszoho (D:\\Puvi\\VIDVEDAA_PROJECT\\POSIntegration\\src\\services\\DataFetcher.js:414:33)\n    at DataFetcher.fetchData (D:\\Puvi\\VIDVEDAA_PROJECT\\POSIntegration\\src\\services\\DataFetcher.js:386:27)\n    at process.processTicksAndRejections (node:internal/process/task_queues:105:5)\n    at async IntegrationOrchestrator.processConfig (D:\\Puvi\\VIDVEDAA_PROJECT\\POSIntegration\\src\\services\\IntegrationOrchestrator.js:80:23)\n    at async IntegrationOrchestrator.executeIngestion (D:\\Puvi\\VIDVEDAA_PROJECT\\POSIntegration\\src\\services\\IntegrationOrchestrator.js:28:9)\n    at async D:\\Puvi\\VIDVEDAA_PROJECT\\POSIntegration\\index.js:62:7\n    at async Timeout._onTimeout (D:\\Puvi\\VIDVEDAA_PROJECT\\POSIntegration\\node_modules\\node-cron\\dist\\cjs\\scheduler\\runner.js:70:44)","timestamp":"2026-02-03T17:03:00.323Z"}
{"level":"info","message":"Data ingestion cycle completed","timestamp":"2026-02-03T17:03:00.341Z"}
{"level":"info","message":"Starting data ingestion cycle","timestamp":"2026-02-03T17:04:00.050Z"}
{"error":"ENOENT: no such file or directory, open 'D:\\Puvi\\VIDVEDAA_PROJECT\\POSIntegration\\vendordetails.txt'","level":"warn","message":"Could not load vendor filter","timestamp":"2026-02-03T17:04:00.052Z"}
{"level":"info","message":"Found 1 active configurations","timestamp":"2026-02-03T17:04:00.304Z"}
{"CUSTOMERID":"VVC00077","URL":"https://www.zohoapis.in/creator/custom/rayhan\n","configId":"d1b31091-169a-4edc-99c8-8ee78674bfce","level":"info","message":"Processing configuration","outlet":"BUS LOUNGE","sourceType":"multiapizoho","timestamp":"2026-02-03T17:04:00.305Z","vendor":"MYOP(MAKE YOUR OWN PERFUME)"}
{"configId":"d1b31091-169a-4edc-99c8-8ee78674bfce","error":"this.config.cac_multiple_apis is not iterable","level":"error","message":"Configuration processing failed","stack":"TypeError: this.config.cac_multiple_apis is not iterable\n    at DataFetcher.getCombinedDetailszoho (D:\\Puvi\\VIDVEDAA_PROJECT\\POSIntegration\\src\\services\\DataFetcher.js:414:33)\n    at DataFetcher.fetchData (D:\\Puvi\\VIDVEDAA_PROJECT\\POSIntegration\\src\\services\\DataFetcher.js:386:27)\n    at process.processTicksAndRejections (node:internal/process/task_queues:105:5)\n    at async IntegrationOrchestrator.processConfig (D:\\Puvi\\VIDVEDAA_PROJECT\\POSIntegration\\src\\services\\IntegrationOrchestrator.js:80:23)\n    at async IntegrationOrchestrator.executeIngestion (D:\\Puvi\\VIDVEDAA_PROJECT\\POSIntegration\\src\\services\\IntegrationOrchestrator.js:28:9)\n    at async D:\\Puvi\\VIDVEDAA_PROJECT\\POSIntegration\\index.js:62:7\n    at async Timeout._onTimeout (D:\\Puvi\\VIDVEDAA_PROJECT\\POSIntegration\\node_modules\\node-cron\\dist\\cjs\\scheduler\\runner.js:70:44)","timestamp":"2026-02-03T17:04:00.325Z"}
{"level":"info","message":"Data ingestion cycle completed","timestamp":"2026-02-03T17:04:00.342Z"}
{"level":"info","message":"Starting data ingestion cycle","timestamp":"2026-02-03T17:05:00.035Z"}
{"error":"ENOENT: no such file or directory, open 'D:\\Puvi\\VIDVEDAA_PROJECT\\POSIntegration\\vendordetails.txt'","level":"warn","message":"Could not load vendor filter","timestamp":"2026-02-03T17:05:00.041Z"}
{"level":"info","message":"Found 1 active configurations","timestamp":"2026-02-03T17:05:00.302Z"}
{"CUSTOMERID":"VVC00077","URL":"https://www.zohoapis.in/creator/custom/rayhan\n","configId":"d1b31091-169a-4edc-99c8-8ee78674bfce","level":"info","message":"Processing configuration","outlet":"BUS LOUNGE","sourceType":"multiapizoho","timestamp":"2026-02-03T17:05:00.304Z","vendor":"MYOP(MAKE YOUR OWN PERFUME)"}
{"configId":"d1b31091-169a-4edc-99c8-8ee78674bfce","error":"this.config.cac_multiple_apis is not iterable","level":"error","message":"Configuration processing failed","stack":"TypeError: this.config.cac_multiple_apis is not iterable\n    at DataFetcher.getCombinedDetailszoho (D:\\Puvi\\VIDVEDAA_PROJECT\\POSIntegration\\src\\services\\DataFetcher.js:414:33)\n    at DataFetcher.fetchData (D:\\Puvi\\VIDVEDAA_PROJECT\\POSIntegration\\src\\services\\DataFetcher.js:386:27)\n    at process.processTicksAndRejections (node:internal/process/task_queues:105:5)\n    at async IntegrationOrchestrator.processConfig (D:\\Puvi\\VIDVEDAA_PROJECT\\POSIntegration\\src\\services\\IntegrationOrchestrator.js:80:23)\n    at async IntegrationOrchestrator.executeIngestion (D:\\Puvi\\VIDVEDAA_PROJECT\\POSIntegration\\src\\services\\IntegrationOrchestrator.js:28:9)\n    at async D:\\Puvi\\VIDVEDAA_PROJECT\\POSIntegration\\index.js:62:7\n    at async Timeout._onTimeout (D:\\Puvi\\VIDVEDAA_PROJECT\\POSIntegration\\node_modules\\node-cron\\dist\\cjs\\scheduler\\runner.js:70:44)","timestamp":"2026-02-03T17:05:00.327Z"}
{"level":"info","message":"Data ingestion cycle completed","timestamp":"2026-02-03T17:05:00.348Z"}
{"level":"info","message":"Starting data ingestion cycle","timestamp":"2026-02-03T17:06:00.036Z"}
{"error":"ENOENT: no such file or directory, open 'D:\\Puvi\\VIDVEDAA_PROJECT\\POSIntegration\\vendordetails.txt'","level":"warn","message":"Could not load vendor filter","timestamp":"2026-02-03T17:06:00.039Z"}
{"level":"info","message":"Found 1 active configurations","timestamp":"2026-02-03T17:06:00.054Z"}
{"CUSTOMERID":"VVC00077","URL":"https://www.zohoapis.in/creator/custom/rayhan\n","configId":"d1b31091-169a-4edc-99c8-8ee78674bfce","level":"info","message":"Processing configuration","outlet":"BUS LOUNGE","sourceType":"multiapizoho","timestamp":"2026-02-03T17:06:00.059Z","vendor":"MYOP(MAKE YOUR OWN PERFUME)"}
{"configId":"d1b31091-169a-4edc-99c8-8ee78674bfce","level":"warn","message":"No data fetched","timestamp":"2026-02-03T17:06:12.853Z"}
{"level":"info","message":"Data ingestion cycle completed","timestamp":"2026-02-03T17:06:12.855Z"}
{"level":"info","message":"Starting data ingestion cycle","timestamp":"2026-02-03T17:07:00.055Z"}
{"error":"ENOENT: no such file or directory, open 'D:\\Puvi\\VIDVEDAA_PROJECT\\POSIntegration\\vendordetails.txt'","level":"warn","message":"Could not load vendor filter","timestamp":"2026-02-03T17:07:00.058Z"}
{"level":"info","message":"Found 1 active configurations","timestamp":"2026-02-03T17:07:00.238Z"}
{"CUSTOMERID":"VVC00077","URL":"https://www.zohoapis.in/creator/custom/rayhan\n","configId":"d1b31091-169a-4edc-99c8-8ee78674bfce","level":"info","message":"Processing configuration","outlet":"BUS LOUNGE","sourceType":"multiapizoho","timestamp":"2026-02-03T17:07:00.239Z","vendor":"MYOP(MAKE YOUR OWN PERFUME)"}
{"configId":"d1b31091-169a-4edc-99c8-8ee78674bfce","level":"warn","message":"No data fetched","timestamp":"2026-02-03T17:07:13.169Z"}
{"level":"info","message":"Data ingestion cycle completed","timestamp":"2026-02-03T17:07:13.171Z"}
{"level":"info","message":"Starting data ingestion cycle","timestamp":"2026-02-03T17:08:00.025Z"}
{"error":"ENOENT: no such file or directory, open 'D:\\Puvi\\VIDVEDAA_PROJECT\\POSIntegration\\vendordetails.txt'","level":"warn","message":"Could not load vendor filter","timestamp":"2026-02-03T17:08:00.026Z"}
{"level":"info","message":"Found 1 active configurations","timestamp":"2026-02-03T17:08:00.173Z"}
{"CUSTOMERID":"VVC00077","URL":"https://www.zohoapis.in/creator/custom/rayhan\n","configId":"d1b31091-169a-4edc-99c8-8ee78674bfce","level":"info","message":"Processing configuration","outlet":"BUS LOUNGE","sourceType":"multiapizoho","timestamp":"2026-02-03T17:08:00.174Z","vendor":"MYOP(MAKE YOUR OWN PERFUME)"}
{"configId":"d1b31091-169a-4edc-99c8-8ee78674bfce","level":"warn","message":"No data fetched","timestamp":"2026-02-03T17:08:12.393Z"}
{"level":"info","message":"Data ingestion cycle completed","timestamp":"2026-02-03T17:08:12.395Z"}
{"level":"info","message":"Starting data ingestion cycle","timestamp":"2026-02-03T17:09:00.047Z"}
{"error":"ENOENT: no such file or directory, open 'D:\\Puvi\\VIDVEDAA_PROJECT\\POSIntegration\\vendordetails.txt'","level":"warn","message":"Could not load vendor filter","timestamp":"2026-02-03T17:09:00.049Z"}
{"level":"info","message":"Found 1 active configurations","timestamp":"2026-02-03T17:09:00.353Z"}
{"CUSTOMERID":"VVC00077","URL":"https://www.zohoapis.in/creator/custom/rayhan\n","configId":"d1b31091-169a-4edc-99c8-8ee78674bfce","level":"info","message":"Processing configuration","outlet":"BUS LOUNGE","sourceType":"multiapizoho","timestamp":"2026-02-03T17:09:00.355Z","vendor":"MYOP(MAKE YOUR OWN PERFUME)"}
{"configId":"d1b31091-169a-4edc-99c8-8ee78674bfce","level":"warn","message":"No data fetched","timestamp":"2026-02-03T17:09:13.575Z"}
{"level":"info","message":"Data ingestion cycle completed","timestamp":"2026-02-03T17:09:13.577Z"}
{"level":"info","message":"Starting data ingestion cycle","timestamp":"2026-02-03T17:10:00.057Z"}
{"error":"ENOENT: no such file or directory, open 'D:\\Puvi\\VIDVEDAA_PROJECT\\POSIntegration\\vendordetails.txt'","level":"warn","message":"Could not load vendor filter","timestamp":"2026-02-03T17:10:00.060Z"}
{"level":"info","message":"Found 1 active configurations","timestamp":"2026-02-03T17:10:00.272Z"}
{"CUSTOMERID":"VVC00077","URL":"https://www.zohoapis.in/creator/custom/rayhan/\n","configId":"d1b31091-169a-4edc-99c8-8ee78674bfce","level":"info","message":"Processing configuration","outlet":"BUS LOUNGE","sourceType":"multiapizoho","timestamp":"2026-02-03T17:10:00.275Z","vendor":"MYOP(MAKE YOUR OWN PERFUME)"}
{"configId":"d1b31091-169a-4edc-99c8-8ee78674bfce","level":"warn","message":"No data fetched","timestamp":"2026-02-03T17:10:12.628Z"}
{"level":"info","message":"Data ingestion cycle completed","timestamp":"2026-02-03T17:10:12.630Z"}
{"level":"info","message":"Starting data ingestion cycle","timestamp":"2026-02-03T17:11:00.050Z"}
{"error":"ENOENT: no such file or directory, open 'D:\\Puvi\\VIDVEDAA_PROJECT\\POSIntegration\\vendordetails.txt'","level":"warn","message":"Could not load vendor filter","timestamp":"2026-02-03T17:11:00.052Z"}
{"level":"info","message":"Found 1 active configurations","timestamp":"2026-02-03T17:11:00.306Z"}
{"CUSTOMERID":"VVC00077","URL":"https://www.zohoapis.in/creator/custom/rayhan/\n","configId":"d1b31091-169a-4edc-99c8-8ee78674bfce","level":"info","message":"Processing configuration","outlet":"BUS LOUNGE","sourceType":"multiapizoho","timestamp":"2026-02-03T17:11:00.307Z","vendor":"MYOP(MAKE YOUR OWN PERFUME)"}
{"configId":"d1b31091-169a-4edc-99c8-8ee78674bfce","level":"warn","message":"No data fetched","timestamp":"2026-02-03T17:11:12.194Z"}
{"level":"info","message":"Data ingestion cycle completed","timestamp":"2026-02-03T17:11:12.196Z"}
{"level":"info","message":"Starting data ingestion cycle","timestamp":"2026-02-03T17:18:00.049Z"}
{"error":"ENOENT: no such file or directory, open 'D:\\Puvi\\VIDVEDAA_PROJECT\\POSIntegration\\vendordetails.txt'","level":"warn","message":"Could not load vendor filter","timestamp":"2026-02-03T17:18:00.051Z"}
{"level":"info","message":"Found 1 active configurations","timestamp":"2026-02-03T17:18:00.219Z"}
{"CUSTOMERID":"VVC00077","URL":"https://www.zohoapis.in/creator/custom/rayhan\n","configId":"d1b31091-169a-4edc-99c8-8ee78674bfce","level":"info","message":"Processing configuration","outlet":"BUS LOUNGE","sourceType":"multiapizoho","timestamp":"2026-02-03T17:18:00.221Z","vendor":"MYOP(MAKE YOUR OWN PERFUME)"}
{"configId":"d1b31091-169a-4edc-99c8-8ee78674bfce","error":"transactions.forEach is not a function","level":"error","message":"Configuration processing failed","stack":"TypeError: transactions.forEach is not a function\n    at DataFetcher.groupByReceiptmultiapi (D:\\Puvi\\VIDVEDAA_PROJECT\\POSIntegration\\src\\services\\DataFetcher.js:317:18)\n    at DataFetcher.getCombinedDetailszoho (D:\\Puvi\\VIDVEDAA_PROJECT\\POSIntegration\\src\\services\\DataFetcher.js:453:15)\n    at process.processTicksAndRejections (node:internal/process/task_queues:105:5)\n    at async DataFetcher.fetchData (D:\\Puvi\\VIDVEDAA_PROJECT\\POSIntegration\\src\\services\\DataFetcher.js:386:16)\n    at async IntegrationOrchestrator.processConfig (D:\\Puvi\\VIDVEDAA_PROJECT\\POSIntegration\\src\\services\\IntegrationOrchestrator.js:80:23)\n    at async IntegrationOrchestrator.executeIngestion (D:\\Puvi\\VIDVEDAA_PROJECT\\POSIntegration\\src\\services\\IntegrationOrchestrator.js:28:9)\n    at async D:\\Puvi\\VIDVEDAA_PROJECT\\POSIntegration\\index.js:62:7\n    at async Timeout._onTimeout (D:\\Puvi\\VIDVEDAA_PROJECT\\POSIntegration\\node_modules\\node-cron\\dist\\cjs\\scheduler\\runner.js:70:44)","timestamp":"2026-02-03T17:18:01.111Z"}
{"level":"info","message":"Data ingestion cycle completed","timestamp":"2026-02-03T17:18:01.134Z"}
{"level":"info","message":"Starting data ingestion cycle","timestamp":"2026-02-03T17:19:00.027Z"}
{"error":"ENOENT: no such file or directory, open 'D:\\Puvi\\VIDVEDAA_PROJECT\\POSIntegration\\vendordetails.txt'","level":"warn","message":"Could not load vendor filter","timestamp":"2026-02-03T17:19:00.028Z"}
{"level":"info","message":"Found 1 active configurations","timestamp":"2026-02-03T17:19:00.145Z"}
{"CUSTOMERID":"VVC00077","URL":"https://www.zohoapis.in/creator/custom/rayhan\n","configId":"d1b31091-169a-4edc-99c8-8ee78674bfce","level":"info","message":"Processing configuration","outlet":"BUS LOUNGE","sourceType":"multiapizoho","timestamp":"2026-02-03T17:19:00.145Z","vendor":"MYOP(MAKE YOUR OWN PERFUME)"}
{"configId":"d1b31091-169a-4edc-99c8-8ee78674bfce","error":"transactions.forEach is not a function","level":"error","message":"Configuration processing failed","stack":"TypeError: transactions.forEach is not a function\n    at DataFetcher.groupByReceiptmultiapi (D:\\Puvi\\VIDVEDAA_PROJECT\\POSIntegration\\src\\services\\DataFetcher.js:317:18)\n    at DataFetcher.getCombinedDetailszoho (D:\\Puvi\\VIDVEDAA_PROJECT\\POSIntegration\\src\\services\\DataFetcher.js:453:15)\n    at process.processTicksAndRejections (node:internal/process/task_queues:105:5)\n    at async DataFetcher.fetchData (D:\\Puvi\\VIDVEDAA_PROJECT\\POSIntegration\\src\\services\\DataFetcher.js:386:16)\n    at async IntegrationOrchestrator.processConfig (D:\\Puvi\\VIDVEDAA_PROJECT\\POSIntegration\\src\\services\\IntegrationOrchestrator.js:80:23)\n    at async IntegrationOrchestrator.executeIngestion (D:\\Puvi\\VIDVEDAA_PROJECT\\POSIntegration\\src\\services\\IntegrationOrchestrator.js:28:9)\n    at async D:\\Puvi\\VIDVEDAA_PROJECT\\POSIntegration\\index.js:62:7\n    at async Timeout._onTimeout (D:\\Puvi\\VIDVEDAA_PROJECT\\POSIntegration\\node_modules\\node-cron\\dist\\cjs\\scheduler\\runner.js:70:44)","timestamp":"2026-02-03T17:19:00.872Z"}
{"level":"info","message":"Data ingestion cycle completed","timestamp":"2026-02-03T17:19:00.888Z"}
{"level":"info","message":"Starting data ingestion cycle","timestamp":"2026-02-03T17:20:00.051Z"}
{"error":"ENOENT: no such file or directory, open 'D:\\Puvi\\VIDVEDAA_PROJECT\\POSIntegration\\vendordetails.txt'","level":"warn","message":"Could not load vendor filter","timestamp":"2026-02-03T17:20:00.054Z"}
{"level":"info","message":"Found 1 active configurations","timestamp":"2026-02-03T17:20:00.386Z"}
{"CUSTOMERID":"VVC00077","URL":"https://www.zohoapis.in/creator/custom/rayhan\n","configId":"d1b31091-169a-4edc-99c8-8ee78674bfce","level":"info","message":"Processing configuration","outlet":"BUS LOUNGE","sourceType":"multiapizoho","timestamp":"2026-02-03T17:20:00.387Z","vendor":"MYOP(MAKE YOUR OWN PERFUME)"}
{"configId":"d1b31091-169a-4edc-99c8-8ee78674bfce","error":"transactions.forEach is not a function","level":"error","message":"Configuration processing failed","stack":"TypeError: transactions.forEach is not a function\n    at DataFetcher.groupByReceiptmultiapi (D:\\Puvi\\VIDVEDAA_PROJECT\\POSIntegration\\src\\services\\DataFetcher.js:317:18)\n    at DataFetcher.getCombinedDetailszoho (D:\\Puvi\\VIDVEDAA_PROJECT\\POSIntegration\\src\\services\\DataFetcher.js:453:15)\n    at process.processTicksAndRejections (node:internal/process/task_queues:105:5)\n    at async DataFetcher.fetchData (D:\\Puvi\\VIDVEDAA_PROJECT\\POSIntegration\\src\\services\\DataFetcher.js:386:16)\n    at async IntegrationOrchestrator.processConfig (D:\\Puvi\\VIDVEDAA_PROJECT\\POSIntegration\\src\\services\\IntegrationOrchestrator.js:80:23)\n    at async IntegrationOrchestrator.executeIngestion (D:\\Puvi\\VIDVEDAA_PROJECT\\POSIntegration\\src\\services\\IntegrationOrchestrator.js:28:9)\n    at async D:\\Puvi\\VIDVEDAA_PROJECT\\POSIntegration\\index.js:62:7\n    at async Timeout._onTimeout (D:\\Puvi\\VIDVEDAA_PROJECT\\POSIntegration\\node_modules\\node-cron\\dist\\cjs\\scheduler\\runner.js:70:44)","timestamp":"2026-02-03T17:20:01.119Z"}
{"level":"info","message":"Data ingestion cycle completed","timestamp":"2026-02-03T17:20:01.139Z"}
{"level":"info","message":"Starting data ingestion cycle","timestamp":"2026-02-03T17:21:00.040Z"}
{"error":"ENOENT: no such file or directory, open 'D:\\Puvi\\VIDVEDAA_PROJECT\\POSIntegration\\vendordetails.txt'","level":"warn","message":"Could not load vendor filter","timestamp":"2026-02-03T17:21:00.044Z"}
{"level":"info","message":"Found 1 active configurations","timestamp":"2026-02-03T17:21:00.274Z"}
{"CUSTOMERID":"VVC00077","URL":"https://www.zohoapis.in/creator/custom/rayhan\n","configId":"d1b31091-169a-4edc-99c8-8ee78674bfce","level":"info","message":"Processing configuration","outlet":"BUS LOUNGE","sourceType":"multiapizoho","timestamp":"2026-02-03T17:21:00.277Z","vendor":"MYOP(MAKE YOUR OWN PERFUME)"}
{"configId":"d1b31091-169a-4edc-99c8-8ee78674bfce","level":"warn","message":"No data fetched","timestamp":"2026-02-03T17:21:01.295Z"}
{"level":"info","message":"Data ingestion cycle completed","timestamp":"2026-02-03T17:21:01.296Z"}
{"level":"info","message":"Starting data ingestion cycle","timestamp":"2026-02-03T17:22:00.105Z"}
{"error":"ENOENT: no such file or directory, open 'D:\\Puvi\\VIDVEDAA_PROJECT\\POSIntegration\\vendordetails.txt'","level":"warn","message":"Could not load vendor filter","timestamp":"2026-02-03T17:22:00.108Z"}
{"level":"info","message":"Found 1 active configurations","timestamp":"2026-02-03T17:22:00.326Z"}
{"CUSTOMERID":"VVC00077","URL":"https://www.zohoapis.in/creator/custom/rayhan\n","configId":"d1b31091-169a-4edc-99c8-8ee78674bfce","level":"info","message":"Processing configuration","outlet":"BUS LOUNGE","sourceType":"multiapizoho","timestamp":"2026-02-03T17:22:00.327Z","vendor":"MYOP(MAKE YOUR OWN PERFUME)"}
{"configId":"d1b31091-169a-4edc-99c8-8ee78674bfce","level":"warn","message":"No data fetched","timestamp":"2026-02-03T17:22:01.084Z"}
{"level":"info","message":"Data ingestion cycle completed","timestamp":"2026-02-03T17:22:01.085Z"}
{"level":"info","message":"Starting data ingestion cycle","timestamp":"2026-02-03T17:23:00.034Z"}
{"error":"ENOENT: no such file or directory, open 'D:\\Puvi\\VIDVEDAA_PROJECT\\POSIntegration\\vendordetails.txt'","level":"warn","message":"Could not load vendor filter","timestamp":"2026-02-03T17:23:00.036Z"}
{"level":"info","message":"Found 1 active configurations","timestamp":"2026-02-03T17:23:00.318Z"}
{"CUSTOMERID":"VVC00077","URL":"https://www.zohoapis.in/creator/custom/rayhan\n","configId":"d1b31091-169a-4edc-99c8-8ee78674bfce","level":"info","message":"Processing configuration","outlet":"BUS LOUNGE","sourceType":"multiapizoho","timestamp":"2026-02-03T17:23:00.319Z","vendor":"MYOP(MAKE YOUR OWN PERFUME)"}
{"configId":"d1b31091-169a-4edc-99c8-8ee78674bfce","level":"warn","message":"No data fetched","timestamp":"2026-02-03T17:23:01.231Z"}
{"level":"info","message":"Data ingestion cycle completed","timestamp":"2026-02-03T17:23:01.233Z"}
{"level":"info","message":"Starting data ingestion cycle","timestamp":"2026-02-03T17:31:00.043Z"}
{"error":"ENOENT: no such file or directory, open 'D:\\Puvi\\VIDVEDAA_PROJECT\\POSIntegration\\vendordetails.txt'","level":"warn","message":"Could not load vendor filter","timestamp":"2026-02-03T17:31:00.046Z"}
{"level":"info","message":"Found 1 active configurations","timestamp":"2026-02-03T17:31:00.320Z"}
{"CUSTOMERID":"VVC00077","URL":"https://www.zohoapis.in/creator/custom/rayhan\n","configId":"d1b31091-169a-4edc-99c8-8ee78674bfce","level":"info","message":"Processing configuration","outlet":"BUS LOUNGE","sourceType":"multiapizoho","timestamp":"2026-02-03T17:31:00.322Z","vendor":"MYOP(MAKE YOUR OWN PERFUME)"}
{"configId":"d1b31091-169a-4edc-99c8-8ee78674bfce","level":"warn","message":"No data fetched","timestamp":"2026-02-03T17:31:02.829Z"}
{"level":"info","message":"Data ingestion cycle completed","timestamp":"2026-02-03T17:31:02.831Z"}
{"level":"info","message":"Starting data ingestion cycle","timestamp":"2026-02-03T17:32:00.052Z"}
{"error":"ENOENT: no such file or directory, open 'D:\\Puvi\\VIDVEDAA_PROJECT\\POSIntegration\\vendordetails.txt'","level":"warn","message":"Could not load vendor filter","timestamp":"2026-02-03T17:32:00.054Z"}
{"level":"info","message":"Found 1 active configurations","timestamp":"2026-02-03T17:32:00.333Z"}
{"CUSTOMERID":"VVC00077","URL":"https://www.zohoapis.in/creator/custom/rayhan\n","configId":"d1b31091-169a-4edc-99c8-8ee78674bfce","level":"info","message":"Processing configuration","outlet":"BUS LOUNGE","sourceType":"multiapizoho","timestamp":"2026-02-03T17:32:00.335Z","vendor":"MYOP(MAKE YOUR OWN PERFUME)"}
{"configId":"d1b31091-169a-4edc-99c8-8ee78674bfce","level":"warn","message":"No data fetched","timestamp":"2026-02-03T17:32:01.365Z"}
{"level":"info","message":"Data ingestion cycle completed","timestamp":"2026-02-03T17:32:01.366Z"}
{"level":"info","message":"Starting data ingestion cycle","timestamp":"2026-02-03T17:35:00.048Z"}
{"error":"ENOENT: no such file or directory, open 'D:\\Puvi\\VIDVEDAA_PROJECT\\POSIntegration\\vendordetails.txt'","level":"warn","message":"Could not load vendor filter","timestamp":"2026-02-03T17:35:00.051Z"}
{"level":"info","message":"Found 1 active configurations","timestamp":"2026-02-03T17:35:00.069Z"}
{"CUSTOMERID":"VVC00077","URL":"https://www.zohoapis.in/creator/custom/rayhan\n","configId":"d1b31091-169a-4edc-99c8-8ee78674bfce","level":"info","message":"Processing configuration","outlet":"BUS LOUNGE","sourceType":"multiapizoho","timestamp":"2026-02-03T17:35:00.074Z","vendor":"MYOP(MAKE YOUR OWN PERFUME)"}
{"configId":"d1b31091-169a-4edc-99c8-8ee78674bfce","level":"warn","message":"No data fetched","timestamp":"2026-02-03T17:35:01.721Z"}
{"level":"info","message":"Data ingestion cycle completed","timestamp":"2026-02-03T17:35:01.723Z"}
{"level":"info","message":"Starting data ingestion cycle","timestamp":"2026-02-03T17:36:00.047Z"}
{"error":"ENOENT: no such file or directory, open 'D:\\Puvi\\VIDVEDAA_PROJECT\\POSIntegration\\vendordetails.txt'","level":"warn","message":"Could not load vendor filter","timestamp":"2026-02-03T17:36:00.049Z"}
{"level":"info","message":"Found 1 active configurations","timestamp":"2026-02-03T17:36:00.327Z"}
{"CUSTOMERID":"VVC00077","URL":"https://www.zohoapis.in/creator/custom/rayhan\n","configId":"d1b31091-169a-4edc-99c8-8ee78674bfce","level":"info","message":"Processing configuration","outlet":"BUS LOUNGE","sourceType":"multiapizoho","timestamp":"2026-02-03T17:36:00.329Z","vendor":"MYOP(MAKE YOUR OWN PERFUME)"}
{"configId":"d1b31091-169a-4edc-99c8-8ee78674bfce","level":"warn","message":"No data fetched","timestamp":"2026-02-03T17:36:01.391Z"}
{"level":"info","message":"Data ingestion cycle completed","timestamp":"2026-02-03T17:36:01.392Z"}
{"level":"info","message":"Starting data ingestion cycle","timestamp":"2026-02-03T17:37:00.047Z"}
{"error":"ENOENT: no such file or directory, open 'D:\\Puvi\\VIDVEDAA_PROJECT\\POSIntegration\\vendordetails.txt'","level":"warn","message":"Could not load vendor filter","timestamp":"2026-02-03T17:37:00.050Z"}
{"level":"info","message":"Found 1 active configurations","timestamp":"2026-02-03T17:37:00.066Z"}
{"CUSTOMERID":"VVC00077","URL":"https://www.zohoapis.in/creator/custom/rayhan\n","configId":"d1b31091-169a-4edc-99c8-8ee78674bfce","level":"info","message":"Processing configuration","outlet":"BUS LOUNGE","sourceType":"multiapizoho","timestamp":"2026-02-03T17:37:00.070Z","vendor":"MYOP(MAKE YOUR OWN PERFUME)"}
{"configId":"d1b31091-169a-4edc-99c8-8ee78674bfce","level":"warn","message":"No data fetched","timestamp":"2026-02-03T17:37:01.225Z"}
{"level":"info","message":"Data ingestion cycle completed","timestamp":"2026-02-03T17:37:01.226Z"}
{"level":"info","message":"Starting data ingestion cycle","timestamp":"2026-02-03T17:38:00.045Z"}
{"error":"ENOENT: no such file or directory, open 'D:\\Puvi\\VIDVEDAA_PROJECT\\POSIntegration\\vendordetails.txt'","level":"warn","message":"Could not load vendor filter","timestamp":"2026-02-03T17:38:00.046Z"}
{"level":"info","message":"Found 1 active configurations","timestamp":"2026-02-03T17:38:00.235Z"}
{"CUSTOMERID":"VVC00077","URL":"https://www.zohoapis.in/creator/custom/rayhan\n","configId":"d1b31091-169a-4edc-99c8-8ee78674bfce","level":"info","message":"Processing configuration","outlet":"BUS LOUNGE","sourceType":"multiapizoho","timestamp":"2026-02-03T17:38:00.236Z","vendor":"MYOP(MAKE YOUR OWN PERFUME)"}
{"configId":"d1b31091-169a-4edc-99c8-8ee78674bfce","level":"warn","message":"No data fetched","timestamp":"2026-02-03T17:38:01.337Z"}
{"level":"info","message":"Data ingestion cycle completed","timestamp":"2026-02-03T17:38:01.338Z"}
{"level":"info","message":"Starting data ingestion cycle","timestamp":"2026-02-03T17:39:00.046Z"}
{"error":"ENOENT: no such file or directory, open 'D:\\Puvi\\VIDVEDAA_PROJECT\\POSIntegration\\vendordetails.txt'","level":"warn","message":"Could not load vendor filter","timestamp":"2026-02-03T17:39:00.048Z"}
{"level":"info","message":"Found 1 active configurations","timestamp":"2026-02-03T17:39:00.247Z"}
{"CUSTOMERID":"VVC00077","URL":"https://www.zohoapis.in/creator/custom/rayhan\n","configId":"d1b31091-169a-4edc-99c8-8ee78674bfce","level":"info","message":"Processing configuration","outlet":"BUS LOUNGE","sourceType":"multiapizoho","timestamp":"2026-02-03T17:39:00.248Z","vendor":"MYOP(MAKE YOUR OWN PERFUME)"}
{"configId":"d1b31091-169a-4edc-99c8-8ee78674bfce","level":"warn","message":"No data fetched","timestamp":"2026-02-03T17:39:01.137Z"}
{"level":"info","message":"Data ingestion cycle completed","timestamp":"2026-02-03T17:39:01.138Z"}
{"level":"info","message":"Starting data ingestion cycle","timestamp":"2026-02-03T17:40:00.038Z"}
{"error":"ENOENT: no such file or directory, open 'D:\\Puvi\\VIDVEDAA_PROJECT\\POSIntegration\\vendordetails.txt'","level":"warn","message":"Could not load vendor filter","timestamp":"2026-02-03T17:40:00.040Z"}
{"level":"info","message":"Found 1 active configurations","timestamp":"2026-02-03T17:40:00.267Z"}
{"CUSTOMERID":"VVC00077","URL":"https://www.zohoapis.in/creator/custom/rayhan\n","configId":"d1b31091-169a-4edc-99c8-8ee78674bfce","level":"info","message":"Processing configuration","outlet":"BUS LOUNGE","sourceType":"multiapizoho","timestamp":"2026-02-03T17:40:00.268Z","vendor":"MYOP(MAKE YOUR OWN PERFUME)"}
{"configId":"d1b31091-169a-4edc-99c8-8ee78674bfce","level":"warn","message":"No data fetched","timestamp":"2026-02-03T17:40:01.336Z"}
{"level":"info","message":"Data ingestion cycle completed","timestamp":"2026-02-03T17:40:01.337Z"}
{"level":"info","message":"Starting data ingestion cycle","timestamp":"2026-02-03T17:41:00.065Z"}
{"error":"ENOENT: no such file or directory, open 'D:\\Puvi\\VIDVEDAA_PROJECT\\POSIntegration\\vendordetails.txt'","level":"warn","message":"Could not load vendor filter","timestamp":"2026-02-03T17:41:00.067Z"}
{"level":"info","message":"Found 1 active configurations","timestamp":"2026-02-03T17:41:00.360Z"}
{"CUSTOMERID":"VVC00077","URL":"https://www.zohoapis.in/creator/custom/rayhan\n","configId":"d1b31091-169a-4edc-99c8-8ee78674bfce","level":"info","message":"Processing configuration","outlet":"BUS LOUNGE","sourceType":"multiapizoho","timestamp":"2026-02-03T17:41:00.361Z","vendor":"MYOP(MAKE YOUR OWN PERFUME)"}
{"configId":"d1b31091-169a-4edc-99c8-8ee78674bfce","level":"warn","message":"No data fetched","timestamp":"2026-02-03T17:41:01.454Z"}
{"level":"info","message":"Data ingestion cycle completed","timestamp":"2026-02-03T17:41:01.456Z"}
{"level":"info","message":"Starting data ingestion cycle","timestamp":"2026-02-03T17:42:00.060Z"}
{"error":"ENOENT: no such file or directory, open 'D:\\Puvi\\VIDVEDAA_PROJECT\\POSIntegration\\vendordetails.txt'","level":"warn","message":"Could not load vendor filter","timestamp":"2026-02-03T17:42:00.062Z"}
{"level":"info","message":"Found 1 active configurations","timestamp":"2026-02-03T17:42:00.317Z"}
{"CUSTOMERID":"VVC00077","URL":"https://www.zohoapis.in/creator/custom/rayhan\n","configId":"d1b31091-169a-4edc-99c8-8ee78674bfce","level":"info","message":"Processing configuration","outlet":"BUS LOUNGE","sourceType":"multiapizoho","timestamp":"2026-02-03T17:42:00.318Z","vendor":"MYOP(MAKE YOUR OWN PERFUME)"}
{"configId":"d1b31091-169a-4edc-99c8-8ee78674bfce","level":"warn","message":"No data fetched","timestamp":"2026-02-03T17:42:01.452Z"}
{"level":"info","message":"Data ingestion cycle completed","timestamp":"2026-02-03T17:42:01.454Z"}
{"level":"info","message":"Starting data ingestion cycle","timestamp":"2026-02-03T17:43:00.040Z"}
{"error":"ENOENT: no such file or directory, open 'D:\\Puvi\\VIDVEDAA_PROJECT\\POSIntegration\\vendordetails.txt'","level":"warn","message":"Could not load vendor filter","timestamp":"2026-02-03T17:43:00.041Z"}
{"level":"info","message":"Found 1 active configurations","timestamp":"2026-02-03T17:43:00.298Z"}
{"CUSTOMERID":"VVC00077","URL":"https://www.zohoapis.in/creator/custom/rayhan\n","configId":"d1b31091-169a-4edc-99c8-8ee78674bfce","level":"info","message":"Processing configuration","outlet":"BUS LOUNGE","sourceType":"multiapizoho","timestamp":"2026-02-03T17:43:00.299Z","vendor":"MYOP(MAKE YOUR OWN PERFUME)"}
{"configId":"d1b31091-169a-4edc-99c8-8ee78674bfce","level":"warn","message":"No data fetched","timestamp":"2026-02-03T17:43:01.159Z"}
{"level":"info","message":"Data ingestion cycle completed","timestamp":"2026-02-03T17:43:01.160Z"}
{"level":"info","message":"Starting data ingestion cycle","timestamp":"2026-02-03T17:44:00.043Z"}
{"error":"ENOENT: no such file or directory, open 'D:\\Puvi\\VIDVEDAA_PROJECT\\POSIntegration\\vendordetails.txt'","level":"warn","message":"Could not load vendor filter","timestamp":"2026-02-03T17:44:00.046Z"}
{"level":"info","message":"Found 1 active configurations","timestamp":"2026-02-03T17:44:00.319Z"}
{"CUSTOMERID":"VVC00077","URL":"https://www.zohoapis.in/creator/custom/rayhan\n","configId":"d1b31091-169a-4edc-99c8-8ee78674bfce","level":"info","message":"Processing configuration","outlet":"BUS LOUNGE","sourceType":"multiapizoho","timestamp":"2026-02-03T17:44:00.320Z","vendor":"MYOP(MAKE YOUR OWN PERFUME)"}
{"configId":"d1b31091-169a-4edc-99c8-8ee78674bfce","level":"warn","message":"No data fetched","timestamp":"2026-02-03T17:44:01.275Z"}
{"level":"info","message":"Data ingestion cycle completed","timestamp":"2026-02-03T17:44:01.276Z"}
{"level":"info","message":"Starting data ingestion cycle","timestamp":"2026-02-03T17:45:00.037Z"}
{"error":"ENOENT: no such file or directory, open 'D:\\Puvi\\VIDVEDAA_PROJECT\\POSIntegration\\vendordetails.txt'","level":"warn","message":"Could not load vendor filter","timestamp":"2026-02-03T17:45:00.041Z"}
{"level":"info","message":"Found 1 active configurations","timestamp":"2026-02-03T17:45:00.059Z"}
{"CUSTOMERID":"VVC00077","URL":"https://www.zohoapis.in/creator/custom/rayhan\n","configId":"d1b31091-169a-4edc-99c8-8ee78674bfce","level":"info","message":"Processing configuration","outlet":"BUS LOUNGE","sourceType":"multiapizoho","timestamp":"2026-02-03T17:45:00.065Z","vendor":"MYOP(MAKE YOUR OWN PERFUME)"}
{"configId":"d1b31091-169a-4edc-99c8-8ee78674bfce","level":"warn","message":"No data fetched","timestamp":"2026-02-03T17:45:01.481Z"}
{"level":"info","message":"Data ingestion cycle completed","timestamp":"2026-02-03T17:45:01.482Z"}
{"level":"info","message":"Starting data ingestion cycle","timestamp":"2026-02-03T17:46:00.044Z"}
{"error":"ENOENT: no such file or directory, open 'D:\\Puvi\\VIDVEDAA_PROJECT\\POSIntegration\\vendordetails.txt'","level":"warn","message":"Could not load vendor filter","timestamp":"2026-02-03T17:46:00.045Z"}
{"level":"info","message":"Found 1 active configurations","timestamp":"2026-02-03T17:46:00.173Z"}
{"CUSTOMERID":"VVC00077","URL":"https://www.zohoapis.in/creator/custom/rayhan\n","configId":"d1b31091-169a-4edc-99c8-8ee78674bfce","level":"info","message":"Processing configuration","outlet":"BUS LOUNGE","sourceType":"multiapizoho","timestamp":"2026-02-03T17:46:00.174Z","vendor":"MYOP(MAKE YOUR OWN PERFUME)"}
{"configId":"d1b31091-169a-4edc-99c8-8ee78674bfce","level":"warn","message":"No data fetched","timestamp":"2026-02-03T17:46:01.088Z"}
{"level":"info","message":"Data ingestion cycle completed","timestamp":"2026-02-03T17:46:01.089Z"}
{"level":"info","message":"Starting data ingestion cycle","timestamp":"2026-02-03T17:47:00.039Z"}
{"error":"ENOENT: no such file or directory, open 'D:\\Puvi\\VIDVEDAA_PROJECT\\POSIntegration\\vendordetails.txt'","level":"warn","message":"Could not load vendor filter","timestamp":"2026-02-03T17:47:00.042Z"}
{"level":"info","message":"Found 1 active configurations","timestamp":"2026-02-03T17:47:00.055Z"}
{"CUSTOMERID":"VVC00077","URL":"https://www.zohoapis.in/creator/custom/rayhan\n","configId":"d1b31091-169a-4edc-99c8-8ee78674bfce","level":"info","message":"Processing configuration","outlet":"BUS LOUNGE","sourceType":"multiapizoho","timestamp":"2026-02-03T17:47:00.059Z","vendor":"MYOP(MAKE YOUR OWN PERFUME)"}
{"level":"info","message":"Data fetched successfully","recordCount":1,"timestamp":"2026-02-03T17:47:01.703Z"}
{"level":"info","message":"Data mapped successfully","timestamp":"2026-02-03T17:47:01.762Z","transactionCount":1}
{"configId":"d1b31091-169a-4edc-99c8-8ee78674bfce","errors":0,"level":"info","message":"Configuration processed successfully","records":1,"skipped":0,"timestamp":"2026-02-03T17:47:02.003Z"}
{"level":"info","message":"Data ingestion cycle completed","timestamp":"2026-02-03T17:47:02.004Z"}
{"level":"info","message":"Starting data ingestion cycle","timestamp":"2026-02-03T18:02:00.036Z"}
{"error":"ENOENT: no such file or directory, open 'D:\\Puvi\\VIDVEDAA_PROJECT\\POSIntegration\\vendordetails.txt'","level":"warn","message":"Could not load vendor filter","timestamp":"2026-02-03T18:02:00.041Z"}
{"level":"info","message":"Found 1 active configurations","timestamp":"2026-02-03T18:02:00.316Z"}
{"CUSTOMERID":"VVC00077","URL":"https://www.zohoapis.in/creator/custom/rayhan\n","configId":"d1b31091-169a-4edc-99c8-8ee78674bfce","level":"info","message":"Processing configuration","outlet":"BUS LOUNGE","sourceType":"multiapizoho","timestamp":"2026-02-03T18:02:00.319Z","vendor":"MYOP(MAKE YOUR OWN PERFUME)"}
{"level":"info","message":"Data fetched successfully","recordCount":34,"timestamp":"2026-02-03T18:02:02.002Z"}
{"level":"info","message":"Data mapped successfully","timestamp":"2026-02-03T18:02:02.091Z","transactionCount":34}
{"configId":"d1b31091-169a-4edc-99c8-8ee78674bfce","errors":0,"level":"info","message":"Configuration processed successfully","records":0,"skipped":34,"timestamp":"2026-02-03T18:02:02.353Z"}
{"level":"info","message":"Data ingestion cycle completed","timestamp":"2026-02-03T18:02:02.354Z"}
