{"level":"info","message":"Starting data ingestion cycle","timestamp":"2026-01-17T16:37:00.038Z"}
{"error":"ENOENT: no such file or directory, open 'D:\\Puvi\\VIDVEDAA_PROJECT\\POSIntegration\\vendordetails.txt'","level":"warn","message":"Could not load vendor filter","timestamp":"2026-01-17T16:37:00.042Z"}
{"level":"info","message":"Found 1 active configurations","timestamp":"2026-01-17T16:37:00.056Z"}
{"CUSTOMERID":"VVC00043","URL":"https://kmjl.seaerpnxt.app/api/SEAapi/ManageKMJLAPI","configId":"46a5b516-c484-4ca6-99e6-89f8ae23971a","level":"info","message":"Processing configuration","outlet":"DOMESTIC 1","sourceType":"API","timestamp":"2026-01-17T16:37:00.060Z","vendor":"KALAMANDIR"}
{"level":"info","message":"Data fetched successfully","recordCount":1,"timestamp":"2026-01-17T16:37:01.041Z"}
{"level":"info","message":"Data mapped successfully","timestamp":"2026-01-17T16:37:01.067Z","transactionCount":1}
{"configId":"46a5b516-c484-4ca6-99e6-89f8ae23971a","errors":0,"level":"info","message":"Configuration processed successfully","records":0,"skipped":0,"timestamp":"2026-01-17T16:37:01.362Z"}
{"level":"info","message":"Data ingestion cycle completed","timestamp":"2026-01-17T16:37:01.363Z"}
{"level":"info","message":"Starting data ingestion cycle","timestamp":"2026-01-17T16:44:00.056Z"}
{"error":"ENOENT: no such file or directory, open 'D:\\Puvi\\VIDVEDAA_PROJECT\\POSIntegration\\vendordetails.txt'","level":"warn","message":"Could not load vendor filter","timestamp":"2026-01-17T16:44:00.060Z"}
{"level":"info","message":"Found 1 active configurations","timestamp":"2026-01-17T16:44:00.076Z"}
{"CUSTOMERID":"VVC00043","URL":"https://kmjl.seaerpnxt.app/api/SEAapi/ManageKMJLAPI","configId":"46a5b516-c484-4ca6-99e6-89f8ae23971a","level":"info","message":"Processing configuration","outlet":"DOMESTIC 1","sourceType":"API","timestamp":"2026-01-17T16:44:00.081Z","vendor":"KALAMANDIR"}
{"level":"info","message":"Data fetched successfully","recordCount":1,"timestamp":"2026-01-17T16:44:00.831Z"}
{"level":"info","message":"Data mapped successfully","timestamp":"2026-01-17T16:44:00.851Z","transactionCount":1}
{"configId":"46a5b516-c484-4ca6-99e6-89f8ae23971a","errors":0,"level":"info","message":"Configuration processed successfully","records":0,"skipped":0,"timestamp":"2026-01-17T16:44:01.050Z"}
{"level":"info","message":"Data ingestion cycle completed","timestamp":"2026-01-17T16:44:01.051Z"}
{"level":"info","message":"Starting data ingestion cycle","timestamp":"2026-01-17T16:45:00.038Z"}
{"error":"ENOENT: no such file or directory, open 'D:\\Puvi\\VIDVEDAA_PROJECT\\POSIntegration\\vendordetails.txt'","level":"warn","message":"Could not load vendor filter","timestamp":"2026-01-17T16:45:00.042Z"}
{"level":"info","message":"Found 1 active configurations","timestamp":"2026-01-17T16:45:00.055Z"}
{"CUSTOMERID":"VVC00043","URL":"https://kmjl.seaerpnxt.app/api/SEAapi/ManageKMJLAPI","configId":"46a5b516-c484-4ca6-99e6-89f8ae23971a","level":"info","message":"Processing configuration","outlet":"DOMESTIC 1","sourceType":"API","timestamp":"2026-01-17T16:45:00.060Z","vendor":"KALAMANDIR"}
{"level":"info","message":"Data fetched successfully","recordCount":1,"timestamp":"2026-01-17T16:45:00.792Z"}
{"level":"info","message":"Data mapped successfully","timestamp":"2026-01-17T16:45:00.818Z","transactionCount":1}
{"configId":"46a5b516-c484-4ca6-99e6-89f8ae23971a","errors":0,"level":"info","message":"Configuration processed successfully","records":0,"skipped":0,"timestamp":"2026-01-17T16:45:00.965Z"}
{"level":"info","message":"Data ingestion cycle completed","timestamp":"2026-01-17T16:45:00.966Z"}
{"level":"info","message":"Starting data ingestion cycle","timestamp":"2026-01-17T16:46:00.034Z"}
{"error":"ENOENT: no such file or directory, open 'D:\\Puvi\\VIDVEDAA_PROJECT\\POSIntegration\\vendordetails.txt'","level":"warn","message":"Could not load vendor filter","timestamp":"2026-01-17T16:46:00.038Z"}
{"level":"info","message":"Found 1 active configurations","timestamp":"2026-01-17T16:46:00.051Z"}
{"CUSTOMERID":"VVC00043","URL":"https://kmjl.seaerpnxt.app/api/SEAapi/ManageKMJLAPI","configId":"46a5b516-c484-4ca6-99e6-89f8ae23971a","level":"info","message":"Processing configuration","outlet":"DOMESTIC 1","sourceType":"API","timestamp":"2026-01-17T16:46:00.056Z","vendor":"KALAMANDIR"}
{"level":"info","message":"Data fetched successfully","recordCount":1,"timestamp":"2026-01-17T16:46:02.002Z"}
{"level":"info","message":"Data mapped successfully","timestamp":"2026-01-17T16:46:02.017Z","transactionCount":1}
{"configId":"46a5b516-c484-4ca6-99e6-89f8ae23971a","errors":0,"level":"info","message":"Configuration processed successfully","records":0,"skipped":0,"timestamp":"2026-01-17T16:46:02.220Z"}
{"level":"info","message":"Data ingestion cycle completed","timestamp":"2026-01-17T16:46:02.221Z"}
{"level":"info","message":"Starting data ingestion cycle","timestamp":"2026-01-17T16:47:00.047Z"}
{"error":"ENOENT: no such file or directory, open 'D:\\Puvi\\VIDVEDAA_PROJECT\\POSIntegration\\vendordetails.txt'","level":"warn","message":"Could not load vendor filter","timestamp":"2026-01-17T16:47:00.052Z"}
{"level":"info","message":"Found 1 active configurations","timestamp":"2026-01-17T16:47:00.068Z"}
{"CUSTOMERID":"VVC00043","URL":"https://kmjl.seaerpnxt.app/api/SEAapi/ManageKMJLAPI","configId":"46a5b516-c484-4ca6-99e6-89f8ae23971a","level":"info","message":"Processing configuration","outlet":"DOMESTIC 1","sourceType":"API","timestamp":"2026-01-17T16:47:00.072Z","vendor":"KALAMANDIR"}
{"level":"info","message":"Data fetched successfully","recordCount":1,"timestamp":"2026-01-17T16:47:02.314Z"}
{"level":"info","message":"Data mapped successfully","timestamp":"2026-01-17T16:47:02.330Z","transactionCount":1}
{"configId":"46a5b516-c484-4ca6-99e6-89f8ae23971a","errors":0,"level":"info","message":"Configuration processed successfully","records":0,"skipped":0,"timestamp":"2026-01-17T16:47:02.470Z"}
{"level":"info","message":"Data ingestion cycle completed","timestamp":"2026-01-17T16:47:02.471Z"}
{"level":"info","message":"Starting data ingestion cycle","timestamp":"2026-01-17T16:49:00.038Z"}
{"error":"ENOENT: no such file or directory, open 'D:\\Puvi\\VIDVEDAA_PROJECT\\POSIntegration\\vendordetails.txt'","level":"warn","message":"Could not load vendor filter","timestamp":"2026-01-17T16:49:00.042Z"}
{"level":"info","message":"Found 1 active configurations","timestamp":"2026-01-17T16:49:00.055Z"}
{"CUSTOMERID":"VVC00043","URL":"https://kmjl.seaerpnxt.app/api/SEAapi/ManageKMJLAPI","configId":"46a5b516-c484-4ca6-99e6-89f8ae23971a","level":"info","message":"Processing configuration","outlet":"DOMESTIC 1","sourceType":"API","timestamp":"2026-01-17T16:49:00.060Z","vendor":"KALAMANDIR"}
{"level":"info","message":"Data fetched successfully","recordCount":1,"timestamp":"2026-01-17T16:49:01.519Z"}
{"level":"info","message":"Data mapped successfully","timestamp":"2026-01-17T16:49:01.542Z","transactionCount":1}
{"configId":"46a5b516-c484-4ca6-99e6-89f8ae23971a","error":"transaction is not defined","level":"error","message":"Configuration processing failed","stack":"ReferenceError: transaction is not defined\n    at IntegrationOrchestrator.processConfig (D:\\Puvi\\VIDVEDAA_PROJECT\\POSIntegration\\src\\services\\IntegrationOrchestrator.js:146:58)\n    at process.processTicksAndRejections (node:internal/process/task_queues:105:5)\n    at async IntegrationOrchestrator.executeIngestion (D:\\Puvi\\VIDVEDAA_PROJECT\\POSIntegration\\src\\services\\IntegrationOrchestrator.js:27:9)\n    at async D:\\Puvi\\VIDVEDAA_PROJECT\\POSIntegration\\index.js:62:7\n    at async Timeout._onTimeout (D:\\Puvi\\VIDVEDAA_PROJECT\\POSIntegration\\node_modules\\node-cron\\dist\\cjs\\scheduler\\runner.js:70:44)","timestamp":"2026-01-17T16:49:01.558Z"}
{"level":"info","message":"Data ingestion cycle completed","timestamp":"2026-01-17T16:49:01.816Z"}
{"level":"info","message":"Starting data ingestion cycle","timestamp":"2026-01-17T16:50:00.045Z"}
{"error":"ENOENT: no such file or directory, open 'D:\\Puvi\\VIDVEDAA_PROJECT\\POSIntegration\\vendordetails.txt'","level":"warn","message":"Could not load vendor filter","timestamp":"2026-01-17T16:50:00.048Z"}
{"level":"info","message":"Found 1 active configurations","timestamp":"2026-01-17T16:50:00.060Z"}
{"CUSTOMERID":"VVC00043","URL":"https://kmjl.seaerpnxt.app/api/SEAapi/ManageKMJLAPI","configId":"46a5b516-c484-4ca6-99e6-89f8ae23971a","level":"info","message":"Processing configuration","outlet":"DOMESTIC 1","sourceType":"API","timestamp":"2026-01-17T16:50:00.064Z","vendor":"KALAMANDIR"}
{"level":"info","message":"Data fetched successfully","recordCount":1,"timestamp":"2026-01-17T16:50:01.736Z"}
{"level":"info","message":"Data mapped successfully","timestamp":"2026-01-17T16:50:01.749Z","transactionCount":1}
{"configId":"46a5b516-c484-4ca6-99e6-89f8ae23971a","errors":0,"level":"info","message":"Configuration processed successfully","records":0,"skipped":0,"timestamp":"2026-01-17T16:50:01.958Z"}
{"level":"info","message":"Data ingestion cycle completed","timestamp":"2026-01-17T16:50:01.959Z"}
{"level":"info","message":"Starting data ingestion cycle","timestamp":"2026-01-17T16:52:00.050Z"}
{"error":"ENOENT: no such file or directory, open 'D:\\Puvi\\VIDVEDAA_PROJECT\\POSIntegration\\vendordetails.txt'","level":"warn","message":"Could not load vendor filter","timestamp":"2026-01-17T16:52:00.054Z"}
{"level":"info","message":"Found 1 active configurations","timestamp":"2026-01-17T16:52:00.231Z"}
{"CUSTOMERID":"VVC00043","URL":"https://kmjl.seaerpnxt.app/api/SEAapi/ManageKMJLAPI","configId":"46a5b516-c484-4ca6-99e6-89f8ae23971a","level":"info","message":"Processing configuration","outlet":"DOMESTIC 1","sourceType":"API","timestamp":"2026-01-17T16:52:00.233Z","vendor":"KALAMANDIR"}
{"level":"info","message":"Data fetched successfully","recordCount":1,"timestamp":"2026-01-17T16:52:02.033Z"}
{"level":"info","message":"Data mapped successfully","timestamp":"2026-01-17T16:52:02.056Z","transactionCount":1}
{"configId":"46a5b516-c484-4ca6-99e6-89f8ae23971a","error":"Cannot read properties of undefined (reading 'invoice_no')","level":"error","message":"Configuration processing failed","stack":"TypeError: Cannot read properties of undefined (reading 'invoice_no')\n    at IntegrationOrchestrator.processConfig (D:\\Puvi\\VIDVEDAA_PROJECT\\POSIntegration\\src\\services\\IntegrationOrchestrator.js:146:75)\n    at process.processTicksAndRejections (node:internal/process/task_queues:105:5)\n    at async IntegrationOrchestrator.executeIngestion (D:\\Puvi\\VIDVEDAA_PROJECT\\POSIntegration\\src\\services\\IntegrationOrchestrator.js:27:9)\n    at async D:\\Puvi\\VIDVEDAA_PROJECT\\POSIntegration\\index.js:62:7\n    at async Timeout._onTimeout (D:\\Puvi\\VIDVEDAA_PROJECT\\POSIntegration\\node_modules\\node-cron\\dist\\cjs\\scheduler\\runner.js:70:44)","timestamp":"2026-01-17T16:52:02.061Z"}
{"level":"info","message":"Data ingestion cycle completed","timestamp":"2026-01-17T16:52:02.250Z"}
{"level":"info","message":"Starting data ingestion cycle","timestamp":"2026-01-17T16:55:00.038Z"}
{"error":"ENOENT: no such file or directory, open 'D:\\Puvi\\VIDVEDAA_PROJECT\\POSIntegration\\vendordetails.txt'","level":"warn","message":"Could not load vendor filter","timestamp":"2026-01-17T16:55:00.042Z"}
{"level":"info","message":"Found 1 active configurations","timestamp":"2026-01-17T16:55:00.303Z"}
{"CUSTOMERID":"VVC00043","URL":"https://kmjl.seaerpnxt.app/api/SEAapi/ManageKMJLAPI","configId":"46a5b516-c484-4ca6-99e6-89f8ae23971a","level":"info","message":"Processing configuration","outlet":"DOMESTIC 1","sourceType":"API","timestamp":"2026-01-17T16:55:00.305Z","vendor":"KALAMANDIR"}
{"level":"info","message":"Data fetched successfully","recordCount":1,"timestamp":"2026-01-17T16:55:01.964Z"}
{"level":"info","message":"Data mapped successfully","timestamp":"2026-01-17T16:55:01.984Z","transactionCount":1}
{"configId":"46a5b516-c484-4ca6-99e6-89f8ae23971a","error":"Cannot read properties of undefined (reading 'invoice_no')","level":"error","message":"Configuration processing failed","stack":"TypeError: Cannot read properties of undefined (reading 'invoice_no')\n    at IntegrationOrchestrator.processConfig (D:\\Puvi\\VIDVEDAA_PROJECT\\POSIntegration\\src\\services\\IntegrationOrchestrator.js:146:75)\n    at process.processTicksAndRejections (node:internal/process/task_queues:105:5)\n    at async IntegrationOrchestrator.executeIngestion (D:\\Puvi\\VIDVEDAA_PROJECT\\POSIntegration\\src\\services\\IntegrationOrchestrator.js:27:9)\n    at async D:\\Puvi\\VIDVEDAA_PROJECT\\POSIntegration\\index.js:62:7\n    at async Timeout._onTimeout (D:\\Puvi\\VIDVEDAA_PROJECT\\POSIntegration\\node_modules\\node-cron\\dist\\cjs\\scheduler\\runner.js:70:44)","timestamp":"2026-01-17T16:55:01.988Z"}
{"level":"info","message":"Data ingestion cycle completed","timestamp":"2026-01-17T16:55:02.152Z"}
{"level":"info","message":"Starting data ingestion cycle","timestamp":"2026-01-17T16:56:00.055Z"}
{"error":"ENOENT: no such file or directory, open 'D:\\Puvi\\VIDVEDAA_PROJECT\\POSIntegration\\vendordetails.txt'","level":"warn","message":"Could not load vendor filter","timestamp":"2026-01-17T16:56:00.057Z"}
{"level":"info","message":"Found 1 active configurations","timestamp":"2026-01-17T16:56:00.312Z"}
{"CUSTOMERID":"VVC00043","URL":"https://kmjl.seaerpnxt.app/api/SEAapi/ManageKMJLAPI","configId":"46a5b516-c484-4ca6-99e6-89f8ae23971a","level":"info","message":"Processing configuration","outlet":"DOMESTIC 1","sourceType":"API","timestamp":"2026-01-17T16:56:00.313Z","vendor":"KALAMANDIR"}
{"level":"info","message":"Data fetched successfully","recordCount":1,"timestamp":"2026-01-17T16:56:00.963Z"}
{"level":"info","message":"Data mapped successfully","timestamp":"2026-01-17T16:56:00.984Z","transactionCount":1}
{"configId":"46a5b516-c484-4ca6-99e6-89f8ae23971a","error":"Cannot read properties of undefined (reading 'invoice_no')","level":"error","message":"Configuration processing failed","stack":"TypeError: Cannot read properties of undefined (reading 'invoice_no')\n    at IntegrationOrchestrator.processConfig (D:\\Puvi\\VIDVEDAA_PROJECT\\POSIntegration\\src\\services\\IntegrationOrchestrator.js:146:75)\n    at process.processTicksAndRejections (node:internal/process/task_queues:105:5)\n    at async IntegrationOrchestrator.executeIngestion (D:\\Puvi\\VIDVEDAA_PROJECT\\POSIntegration\\src\\services\\IntegrationOrchestrator.js:27:9)\n    at async D:\\Puvi\\VIDVEDAA_PROJECT\\POSIntegration\\index.js:62:7\n    at async Timeout._onTimeout (D:\\Puvi\\VIDVEDAA_PROJECT\\POSIntegration\\node_modules\\node-cron\\dist\\cjs\\scheduler\\runner.js:70:44)","timestamp":"2026-01-17T16:56:00.989Z"}
{"level":"info","message":"Data ingestion cycle completed","timestamp":"2026-01-17T16:56:01.225Z"}
{"level":"info","message":"Starting data ingestion cycle","timestamp":"2026-01-17T16:57:00.030Z"}
{"error":"ENOENT: no such file or directory, open 'D:\\Puvi\\VIDVEDAA_PROJECT\\POSIntegration\\vendordetails.txt'","level":"warn","message":"Could not load vendor filter","timestamp":"2026-01-17T16:57:00.034Z"}
{"level":"info","message":"Found 1 active configurations","timestamp":"2026-01-17T16:57:00.312Z"}
{"CUSTOMERID":"VVC00043","URL":"https://kmjl.seaerpnxt.app/api/SEAapi/ManageKMJLAPI","configId":"46a5b516-c484-4ca6-99e6-89f8ae23971a","level":"info","message":"Processing configuration","outlet":"DOMESTIC 1","sourceType":"API","timestamp":"2026-01-17T16:57:00.314Z","vendor":"KALAMANDIR"}
{"level":"info","message":"Data fetched successfully","recordCount":1,"timestamp":"2026-01-17T16:57:00.868Z"}
{"level":"info","message":"Data mapped successfully","timestamp":"2026-01-17T16:57:00.876Z","transactionCount":1}
{"configId":"46a5b516-c484-4ca6-99e6-89f8ae23971a","error":"Cannot read properties of undefined (reading 'invoice_no')","level":"error","message":"Configuration processing failed","stack":"TypeError: Cannot read properties of undefined (reading 'invoice_no')\n    at IntegrationOrchestrator.processConfig (D:\\Puvi\\VIDVEDAA_PROJECT\\POSIntegration\\src\\services\\IntegrationOrchestrator.js:146:75)\n    at process.processTicksAndRejections (node:internal/process/task_queues:105:5)\n    at async IntegrationOrchestrator.executeIngestion (D:\\Puvi\\VIDVEDAA_PROJECT\\POSIntegration\\src\\services\\IntegrationOrchestrator.js:27:9)\n    at async D:\\Puvi\\VIDVEDAA_PROJECT\\POSIntegration\\index.js:62:7\n    at async Timeout._onTimeout (D:\\Puvi\\VIDVEDAA_PROJECT\\POSIntegration\\node_modules\\node-cron\\dist\\cjs\\scheduler\\runner.js:70:44)","timestamp":"2026-01-17T16:57:00.878Z"}
{"level":"info","message":"Data ingestion cycle completed","timestamp":"2026-01-17T16:57:01.031Z"}
{"level":"info","message":"Starting data ingestion cycle","timestamp":"2026-01-17T16:58:00.030Z"}
{"error":"ENOENT: no such file or directory, open 'D:\\Puvi\\VIDVEDAA_PROJECT\\POSIntegration\\vendordetails.txt'","level":"warn","message":"Could not load vendor filter","timestamp":"2026-01-17T16:58:00.032Z"}
{"level":"info","message":"Found 1 active configurations","timestamp":"2026-01-17T16:58:00.269Z"}
{"CUSTOMERID":"VVC00043","URL":"https://kmjl.seaerpnxt.app/api/SEAapi/ManageKMJLAPI","configId":"46a5b516-c484-4ca6-99e6-89f8ae23971a","level":"info","message":"Processing configuration","outlet":"DOMESTIC 1","sourceType":"API","timestamp":"2026-01-17T16:58:00.270Z","vendor":"KALAMANDIR"}
{"level":"info","message":"Data fetched successfully","recordCount":1,"timestamp":"2026-01-17T16:58:01.210Z"}
{"level":"info","message":"Data mapped successfully","timestamp":"2026-01-17T16:58:01.220Z","transactionCount":1}
{"configId":"46a5b516-c484-4ca6-99e6-89f8ae23971a","error":"Cannot read properties of undefined (reading 'invoice_no')","level":"error","message":"Configuration processing failed","stack":"TypeError: Cannot read properties of undefined (reading 'invoice_no')\n    at IntegrationOrchestrator.processConfig (D:\\Puvi\\VIDVEDAA_PROJECT\\POSIntegration\\src\\services\\IntegrationOrchestrator.js:146:75)\n    at process.processTicksAndRejections (node:internal/process/task_queues:105:5)\n    at async IntegrationOrchestrator.executeIngestion (D:\\Puvi\\VIDVEDAA_PROJECT\\POSIntegration\\src\\services\\IntegrationOrchestrator.js:27:9)\n    at async D:\\Puvi\\VIDVEDAA_PROJECT\\POSIntegration\\index.js:62:7\n    at async Timeout._onTimeout (D:\\Puvi\\VIDVEDAA_PROJECT\\POSIntegration\\node_modules\\node-cron\\dist\\cjs\\scheduler\\runner.js:70:44)","timestamp":"2026-01-17T16:58:01.224Z"}
{"level":"info","message":"Data ingestion cycle completed","timestamp":"2026-01-17T16:58:01.390Z"}
{"level":"info","message":"Starting data ingestion cycle","timestamp":"2026-01-17T16:59:00.054Z"}
{"error":"ENOENT: no such file or directory, open 'D:\\Puvi\\VIDVEDAA_PROJECT\\POSIntegration\\vendordetails.txt'","level":"warn","message":"Could not load vendor filter","timestamp":"2026-01-17T16:59:00.058Z"}
{"level":"info","message":"Found 1 active configurations","timestamp":"2026-01-17T16:59:00.071Z"}
{"CUSTOMERID":"VVC00043","URL":"https://kmjl.seaerpnxt.app/api/SEAapi/ManageKMJLAPI","configId":"46a5b516-c484-4ca6-99e6-89f8ae23971a","level":"info","message":"Processing configuration","outlet":"DOMESTIC 1","sourceType":"API","timestamp":"2026-01-17T16:59:00.075Z","vendor":"KALAMANDIR"}
{"level":"info","message":"Data fetched successfully","recordCount":1,"timestamp":"2026-01-17T16:59:01.090Z"}
{"level":"info","message":"Data mapped successfully","timestamp":"2026-01-17T16:59:01.116Z","transactionCount":1}
{"configId":"46a5b516-c484-4ca6-99e6-89f8ae23971a","error":"Cannot read properties of undefined (reading 'invoice_no')","level":"error","message":"Configuration processing failed","stack":"TypeError: Cannot read properties of undefined (reading 'invoice_no')\n    at IntegrationOrchestrator.processConfig (D:\\Puvi\\VIDVEDAA_PROJECT\\POSIntegration\\src\\services\\IntegrationOrchestrator.js:146:75)\n    at process.processTicksAndRejections (node:internal/process/task_queues:105:5)\n    at async IntegrationOrchestrator.executeIngestion (D:\\Puvi\\VIDVEDAA_PROJECT\\POSIntegration\\src\\services\\IntegrationOrchestrator.js:27:9)\n    at async D:\\Puvi\\VIDVEDAA_PROJECT\\POSIntegration\\index.js:62:7\n    at async Timeout._onTimeout (D:\\Puvi\\VIDVEDAA_PROJECT\\POSIntegration\\node_modules\\node-cron\\dist\\cjs\\scheduler\\runner.js:70:44)","timestamp":"2026-01-17T16:59:01.121Z"}
{"level":"info","message":"Data ingestion cycle completed","timestamp":"2026-01-17T16:59:01.323Z"}
{"level":"info","message":"Starting data ingestion cycle","timestamp":"2026-01-17T17:01:00.041Z"}
{"error":"ENOENT: no such file or directory, open 'D:\\Puvi\\VIDVEDAA_PROJECT\\POSIntegration\\vendordetails.txt'","level":"warn","message":"Could not load vendor filter","timestamp":"2026-01-17T17:01:00.044Z"}
{"level":"info","message":"Found 1 active configurations","timestamp":"2026-01-17T17:01:00.057Z"}
{"CUSTOMERID":"VVC00043","URL":"https://kmjl.seaerpnxt.app/api/SEAapi/ManageKMJLAPI","configId":"46a5b516-c484-4ca6-99e6-89f8ae23971a","level":"info","message":"Processing configuration","outlet":"DOMESTIC 1","sourceType":"API","timestamp":"2026-01-17T17:01:00.061Z","vendor":"KALAMANDIR"}
{"level":"info","message":"Data fetched successfully","recordCount":1,"timestamp":"2026-01-17T17:01:00.910Z"}
{"level":"info","message":"Data mapped successfully","timestamp":"2026-01-17T17:01:00.936Z","transactionCount":1}
{"configId":"46a5b516-c484-4ca6-99e6-89f8ae23971a","errors":0,"level":"info","message":"Configuration processed successfully","records":0,"skipped":0,"timestamp":"2026-01-17T17:01:01.146Z"}
{"level":"info","message":"Data ingestion cycle completed","timestamp":"2026-01-17T17:01:01.147Z"}
{"level":"info","message":"Starting data ingestion cycle","timestamp":"2026-01-17T17:11:00.041Z"}
{"error":"ENOENT: no such file or directory, open 'D:\\Puvi\\VIDVEDAA_PROJECT\\POSIntegration\\vendordetails.txt'","level":"warn","message":"Could not load vendor filter","timestamp":"2026-01-17T17:11:00.045Z"}
{"level":"info","message":"Found 1 active configurations","timestamp":"2026-01-17T17:11:00.236Z"}
{"CUSTOMERID":"VVC00043","URL":"https://kmjl.seaerpnxt.app/api/SEAapi/ManageKMJLAPI","configId":"46a5b516-c484-4ca6-99e6-89f8ae23971a","level":"info","message":"Processing configuration","outlet":"DOMESTIC 1","sourceType":"API","timestamp":"2026-01-17T17:11:00.239Z","vendor":"KALAMANDIR"}
{"level":"info","message":"Data fetched successfully","recordCount":1,"timestamp":"2026-01-17T17:11:02.775Z"}
{"level":"info","message":"Data mapped successfully","timestamp":"2026-01-17T17:11:02.805Z","transactionCount":1}
{"error":"invalid input syntax for type numeric: \"{\"104562.72\",\"48998.29\"}\"","level":"error","message":"Transaction insert failed","stack":"error: invalid input syntax for type numeric: \"{\"104562.72\",\"48998.29\"}\"\n    at D:\\Puvi\\VIDVEDAA_PROJECT\\POSIntegration\\node_modules\\pg\\lib\\client.js:545:17\n    at process.processTicksAndRejections (node:internal/process/task_queues:105:5)\n    at async DataInserter.insertTransaction (D:\\Puvi\\VIDVEDAA_PROJECT\\POSIntegration\\src\\services\\DataInserter.js:184:5)\n    at async IntegrationOrchestrator.processConfig (D:\\Puvi\\VIDVEDAA_PROJECT\\POSIntegration\\src\\services\\IntegrationOrchestrator.js:164:13)\n    at async IntegrationOrchestrator.executeIngestion (D:\\Puvi\\VIDVEDAA_PROJECT\\POSIntegration\\src\\services\\IntegrationOrchestrator.js:27:9)\n    at async D:\\Puvi\\VIDVEDAA_PROJECT\\POSIntegration\\index.js:62:7\n    at async Timeout._onTimeout (D:\\Puvi\\VIDVEDAA_PROJECT\\POSIntegration\\node_modules\\node-cron\\dist\\cjs\\scheduler\\runner.js:70:44)","timestamp":"2026-01-17T17:11:02.848Z","transactionId":"407INV25-94"}
{"configId":"46a5b516-c484-4ca6-99e6-89f8ae23971a","error":"current transaction is aborted, commands ignored until end of transaction block","level":"error","message":"Configuration processing failed","stack":"error: current transaction is aborted, commands ignored until end of transaction block\n    at D:\\Puvi\\VIDVEDAA_PROJECT\\POSIntegration\\node_modules\\pg\\lib\\client.js:545:17\n    at process.processTicksAndRejections (node:internal/process/task_queues:105:5)\n    at async DataInserter.logException (D:\\Puvi\\VIDVEDAA_PROJECT\\POSIntegration\\src\\services\\DataInserter.js:405:5)\n    at async IntegrationOrchestrator.processConfig (D:\\Puvi\\VIDVEDAA_PROJECT\\POSIntegration\\src\\services\\IntegrationOrchestrator.js:186:13)\n    at async IntegrationOrchestrator.executeIngestion (D:\\Puvi\\VIDVEDAA_PROJECT\\POSIntegration\\src\\services\\IntegrationOrchestrator.js:27:9)\n    at async D:\\Puvi\\VIDVEDAA_PROJECT\\POSIntegration\\index.js:62:7\n    at async Timeout._onTimeout (D:\\Puvi\\VIDVEDAA_PROJECT\\POSIntegration\\node_modules\\node-cron\\dist\\cjs\\scheduler\\runner.js:70:44)","timestamp":"2026-01-17T17:11:02.857Z"}
{"level":"info","message":"Data ingestion cycle completed","timestamp":"2026-01-17T17:11:03.055Z"}
{"level":"info","message":"Starting data ingestion cycle","timestamp":"2026-01-17T17:12:00.044Z"}
{"error":"ENOENT: no such file or directory, open 'D:\\Puvi\\VIDVEDAA_PROJECT\\POSIntegration\\vendordetails.txt'","level":"warn","message":"Could not load vendor filter","timestamp":"2026-01-17T17:12:00.047Z"}
{"level":"info","message":"Found 1 active configurations","timestamp":"2026-01-17T17:12:00.298Z"}
{"CUSTOMERID":"VVC00043","URL":"https://kmjl.seaerpnxt.app/api/SEAapi/ManageKMJLAPI","configId":"46a5b516-c484-4ca6-99e6-89f8ae23971a","level":"info","message":"Processing configuration","outlet":"DOMESTIC 1","sourceType":"API","timestamp":"2026-01-17T17:12:00.299Z","vendor":"KALAMANDIR"}
{"level":"info","message":"Data fetched successfully","recordCount":1,"timestamp":"2026-01-17T17:12:01.969Z"}
{"level":"info","message":"Data mapped successfully","timestamp":"2026-01-17T17:12:01.991Z","transactionCount":1}
{"error":"invalid input syntax for type numeric: \"{\"104562.72\",\"48998.29\"}\"","level":"error","message":"Transaction insert failed","stack":"error: invalid input syntax for type numeric: \"{\"104562.72\",\"48998.29\"}\"\n    at D:\\Puvi\\VIDVEDAA_PROJECT\\POSIntegration\\node_modules\\pg\\lib\\client.js:545:17\n    at process.processTicksAndRejections (node:internal/process/task_queues:105:5)\n    at async DataInserter.insertTransaction (D:\\Puvi\\VIDVEDAA_PROJECT\\POSIntegration\\src\\services\\DataInserter.js:184:5)\n    at async IntegrationOrchestrator.processConfig (D:\\Puvi\\VIDVEDAA_PROJECT\\POSIntegration\\src\\services\\IntegrationOrchestrator.js:164:13)\n    at async IntegrationOrchestrator.executeIngestion (D:\\Puvi\\VIDVEDAA_PROJECT\\POSIntegration\\src\\services\\IntegrationOrchestrator.js:27:9)\n    at async D:\\Puvi\\VIDVEDAA_PROJECT\\POSIntegration\\index.js:62:7\n    at async Timeout._onTimeout (D:\\Puvi\\VIDVEDAA_PROJECT\\POSIntegration\\node_modules\\node-cron\\dist\\cjs\\scheduler\\runner.js:70:44)","timestamp":"2026-01-17T17:12:02.012Z","transactionId":"407INV25-94"}
{"configId":"46a5b516-c484-4ca6-99e6-89f8ae23971a","error":"current transaction is aborted, commands ignored until end of transaction block","level":"error","message":"Configuration processing failed","stack":"error: current transaction is aborted, commands ignored until end of transaction block\n    at D:\\Puvi\\VIDVEDAA_PROJECT\\POSIntegration\\node_modules\\pg\\lib\\client.js:545:17\n    at process.processTicksAndRejections (node:internal/process/task_queues:105:5)\n    at async DataInserter.logException (D:\\Puvi\\VIDVEDAA_PROJECT\\POSIntegration\\src\\services\\DataInserter.js:405:5)\n    at async IntegrationOrchestrator.processConfig (D:\\Puvi\\VIDVEDAA_PROJECT\\POSIntegration\\src\\services\\IntegrationOrchestrator.js:186:13)\n    at async IntegrationOrchestrator.executeIngestion (D:\\Puvi\\VIDVEDAA_PROJECT\\POSIntegration\\src\\services\\IntegrationOrchestrator.js:27:9)\n    at async D:\\Puvi\\VIDVEDAA_PROJECT\\POSIntegration\\index.js:62:7\n    at async Timeout._onTimeout (D:\\Puvi\\VIDVEDAA_PROJECT\\POSIntegration\\node_modules\\node-cron\\dist\\cjs\\scheduler\\runner.js:70:44)","timestamp":"2026-01-17T17:12:02.018Z"}
{"level":"info","message":"Data ingestion cycle completed","timestamp":"2026-01-17T17:12:02.306Z"}
{"level":"info","message":"Starting data ingestion cycle","timestamp":"2026-01-17T17:13:00.034Z"}
{"error":"ENOENT: no such file or directory, open 'D:\\Puvi\\VIDVEDAA_PROJECT\\POSIntegration\\vendordetails.txt'","level":"warn","message":"Could not load vendor filter","timestamp":"2026-01-17T17:13:00.035Z"}
{"level":"info","message":"Found 1 active configurations","timestamp":"2026-01-17T17:13:00.216Z"}
{"CUSTOMERID":"VVC00043","URL":"https://kmjl.seaerpnxt.app/api/SEAapi/ManageKMJLAPI","configId":"46a5b516-c484-4ca6-99e6-89f8ae23971a","level":"info","message":"Processing configuration","outlet":"DOMESTIC 1","sourceType":"API","timestamp":"2026-01-17T17:13:00.216Z","vendor":"KALAMANDIR"}
{"level":"info","message":"Data fetched successfully","recordCount":1,"timestamp":"2026-01-17T17:13:03.405Z"}
{"level":"info","message":"Data mapped successfully","timestamp":"2026-01-17T17:13:03.424Z","transactionCount":1}
{"error":"invalid input syntax for type numeric: \"{\"104562.72\",\"48998.29\"}\"","level":"error","message":"Transaction insert failed","stack":"error: invalid input syntax for type numeric: \"{\"104562.72\",\"48998.29\"}\"\n    at D:\\Puvi\\VIDVEDAA_PROJECT\\POSIntegration\\node_modules\\pg\\lib\\client.js:545:17\n    at process.processTicksAndRejections (node:internal/process/task_queues:105:5)\n    at async DataInserter.insertTransaction (D:\\Puvi\\VIDVEDAA_PROJECT\\POSIntegration\\src\\services\\DataInserter.js:184:5)\n    at async IntegrationOrchestrator.processConfig (D:\\Puvi\\VIDVEDAA_PROJECT\\POSIntegration\\src\\services\\IntegrationOrchestrator.js:164:13)\n    at async IntegrationOrchestrator.executeIngestion (D:\\Puvi\\VIDVEDAA_PROJECT\\POSIntegration\\src\\services\\IntegrationOrchestrator.js:27:9)\n    at async D:\\Puvi\\VIDVEDAA_PROJECT\\POSIntegration\\index.js:62:7\n    at async Timeout._onTimeout (D:\\Puvi\\VIDVEDAA_PROJECT\\POSIntegration\\node_modules\\node-cron\\dist\\cjs\\scheduler\\runner.js:70:44)","timestamp":"2026-01-17T17:13:03.440Z","transactionId":"407INV25-94"}
{"configId":"46a5b516-c484-4ca6-99e6-89f8ae23971a","error":"current transaction is aborted, commands ignored until end of transaction block","level":"error","message":"Configuration processing failed","stack":"error: current transaction is aborted, commands ignored until end of transaction block\n    at D:\\Puvi\\VIDVEDAA_PROJECT\\POSIntegration\\node_modules\\pg\\lib\\client.js:545:17\n    at process.processTicksAndRejections (node:internal/process/task_queues:105:5)\n    at async DataInserter.logException (D:\\Puvi\\VIDVEDAA_PROJECT\\POSIntegration\\src\\services\\DataInserter.js:405:5)\n    at async IntegrationOrchestrator.processConfig (D:\\Puvi\\VIDVEDAA_PROJECT\\POSIntegration\\src\\services\\IntegrationOrchestrator.js:186:13)\n    at async IntegrationOrchestrator.executeIngestion (D:\\Puvi\\VIDVEDAA_PROJECT\\POSIntegration\\src\\services\\IntegrationOrchestrator.js:27:9)\n    at async D:\\Puvi\\VIDVEDAA_PROJECT\\POSIntegration\\index.js:62:7\n    at async Timeout._onTimeout (D:\\Puvi\\VIDVEDAA_PROJECT\\POSIntegration\\node_modules\\node-cron\\dist\\cjs\\scheduler\\runner.js:70:44)","timestamp":"2026-01-17T17:13:03.445Z"}
{"level":"info","message":"Data ingestion cycle completed","timestamp":"2026-01-17T17:13:03.631Z"}
{"level":"info","message":"Starting data ingestion cycle","timestamp":"2026-01-17T17:14:00.042Z"}
{"error":"ENOENT: no such file or directory, open 'D:\\Puvi\\VIDVEDAA_PROJECT\\POSIntegration\\vendordetails.txt'","level":"warn","message":"Could not load vendor filter","timestamp":"2026-01-17T17:14:00.046Z"}
{"level":"info","message":"Found 1 active configurations","timestamp":"2026-01-17T17:14:00.264Z"}
{"CUSTOMERID":"VVC00043","URL":"https://kmjl.seaerpnxt.app/api/SEAapi/ManageKMJLAPI","configId":"46a5b516-c484-4ca6-99e6-89f8ae23971a","level":"info","message":"Processing configuration","outlet":"DOMESTIC 1","sourceType":"API","timestamp":"2026-01-17T17:14:00.264Z","vendor":"KALAMANDIR"}
{"level":"info","message":"Data fetched successfully","recordCount":1,"timestamp":"2026-01-17T17:14:01.892Z"}
{"level":"info","message":"Data mapped successfully","timestamp":"2026-01-17T17:14:01.913Z","transactionCount":1}
{"error":"invalid input syntax for type numeric: \"{\"104562.72\",\"48998.29\"}\"","level":"error","message":"Transaction insert failed","stack":"error: invalid input syntax for type numeric: \"{\"104562.72\",\"48998.29\"}\"\n    at D:\\Puvi\\VIDVEDAA_PROJECT\\POSIntegration\\node_modules\\pg\\lib\\client.js:545:17\n    at process.processTicksAndRejections (node:internal/process/task_queues:105:5)\n    at async DataInserter.insertTransaction (D:\\Puvi\\VIDVEDAA_PROJECT\\POSIntegration\\src\\services\\DataInserter.js:184:5)\n    at async IntegrationOrchestrator.processConfig (D:\\Puvi\\VIDVEDAA_PROJECT\\POSIntegration\\src\\services\\IntegrationOrchestrator.js:164:13)\n    at async IntegrationOrchestrator.executeIngestion (D:\\Puvi\\VIDVEDAA_PROJECT\\POSIntegration\\src\\services\\IntegrationOrchestrator.js:27:9)\n    at async D:\\Puvi\\VIDVEDAA_PROJECT\\POSIntegration\\index.js:62:7\n    at async Timeout._onTimeout (D:\\Puvi\\VIDVEDAA_PROJECT\\POSIntegration\\node_modules\\node-cron\\dist\\cjs\\scheduler\\runner.js:70:44)","timestamp":"2026-01-17T17:14:01.933Z","transactionId":"407INV25-94"}
{"configId":"46a5b516-c484-4ca6-99e6-89f8ae23971a","error":"current transaction is aborted, commands ignored until end of transaction block","level":"error","message":"Configuration processing failed","stack":"error: current transaction is aborted, commands ignored until end of transaction block\n    at D:\\Puvi\\VIDVEDAA_PROJECT\\POSIntegration\\node_modules\\pg\\lib\\client.js:545:17\n    at process.processTicksAndRejections (node:internal/process/task_queues:105:5)\n    at async DataInserter.logException (D:\\Puvi\\VIDVEDAA_PROJECT\\POSIntegration\\src\\services\\DataInserter.js:405:5)\n    at async IntegrationOrchestrator.processConfig (D:\\Puvi\\VIDVEDAA_PROJECT\\POSIntegration\\src\\services\\IntegrationOrchestrator.js:186:13)\n    at async IntegrationOrchestrator.executeIngestion (D:\\Puvi\\VIDVEDAA_PROJECT\\POSIntegration\\src\\services\\IntegrationOrchestrator.js:27:9)\n    at async D:\\Puvi\\VIDVEDAA_PROJECT\\POSIntegration\\index.js:62:7\n    at async Timeout._onTimeout (D:\\Puvi\\VIDVEDAA_PROJECT\\POSIntegration\\node_modules\\node-cron\\dist\\cjs\\scheduler\\runner.js:70:44)","timestamp":"2026-01-17T17:14:01.940Z"}
{"level":"info","message":"Data ingestion cycle completed","timestamp":"2026-01-17T17:14:02.230Z"}
{"level":"info","message":"Starting data ingestion cycle","timestamp":"2026-01-17T17:15:00.043Z"}
{"error":"ENOENT: no such file or directory, open 'D:\\Puvi\\VIDVEDAA_PROJECT\\POSIntegration\\vendordetails.txt'","level":"warn","message":"Could not load vendor filter","timestamp":"2026-01-17T17:15:00.045Z"}
{"level":"info","message":"Found 1 active configurations","timestamp":"2026-01-17T17:15:00.240Z"}
{"CUSTOMERID":"VVC00043","URL":"https://kmjl.seaerpnxt.app/api/SEAapi/ManageKMJLAPI","configId":"46a5b516-c484-4ca6-99e6-89f8ae23971a","level":"info","message":"Processing configuration","outlet":"DOMESTIC 1","sourceType":"API","timestamp":"2026-01-17T17:15:00.241Z","vendor":"KALAMANDIR"}
{"level":"info","message":"Data fetched successfully","recordCount":1,"timestamp":"2026-01-17T17:15:01.885Z"}
{"level":"info","message":"Data mapped successfully","timestamp":"2026-01-17T17:15:01.904Z","transactionCount":1}
{"error":"invalid input syntax for type numeric: \"{\"104562.72\",\"48998.29\"}\"","level":"error","message":"Transaction insert failed","stack":"error: invalid input syntax for type numeric: \"{\"104562.72\",\"48998.29\"}\"\n    at D:\\Puvi\\VIDVEDAA_PROJECT\\POSIntegration\\node_modules\\pg\\lib\\client.js:545:17\n    at process.processTicksAndRejections (node:internal/process/task_queues:105:5)\n    at async DataInserter.insertTransaction (D:\\Puvi\\VIDVEDAA_PROJECT\\POSIntegration\\src\\services\\DataInserter.js:184:5)\n    at async IntegrationOrchestrator.processConfig (D:\\Puvi\\VIDVEDAA_PROJECT\\POSIntegration\\src\\services\\IntegrationOrchestrator.js:164:13)\n    at async IntegrationOrchestrator.executeIngestion (D:\\Puvi\\VIDVEDAA_PROJECT\\POSIntegration\\src\\services\\IntegrationOrchestrator.js:27:9)\n    at async D:\\Puvi\\VIDVEDAA_PROJECT\\POSIntegration\\index.js:62:7\n    at async Timeout._onTimeout (D:\\Puvi\\VIDVEDAA_PROJECT\\POSIntegration\\node_modules\\node-cron\\dist\\cjs\\scheduler\\runner.js:70:44)","timestamp":"2026-01-17T17:15:01.920Z","transactionId":"407INV25-94"}
{"configId":"46a5b516-c484-4ca6-99e6-89f8ae23971a","error":"current transaction is aborted, commands ignored until end of transaction block","level":"error","message":"Configuration processing failed","stack":"error: current transaction is aborted, commands ignored until end of transaction block\n    at D:\\Puvi\\VIDVEDAA_PROJECT\\POSIntegration\\node_modules\\pg\\lib\\client.js:545:17\n    at process.processTicksAndRejections (node:internal/process/task_queues:105:5)\n    at async DataInserter.logException (D:\\Puvi\\VIDVEDAA_PROJECT\\POSIntegration\\src\\services\\DataInserter.js:405:5)\n    at async IntegrationOrchestrator.processConfig (D:\\Puvi\\VIDVEDAA_PROJECT\\POSIntegration\\src\\services\\IntegrationOrchestrator.js:186:13)\n    at async IntegrationOrchestrator.executeIngestion (D:\\Puvi\\VIDVEDAA_PROJECT\\POSIntegration\\src\\services\\IntegrationOrchestrator.js:27:9)\n    at async D:\\Puvi\\VIDVEDAA_PROJECT\\POSIntegration\\index.js:62:7\n    at async Timeout._onTimeout (D:\\Puvi\\VIDVEDAA_PROJECT\\POSIntegration\\node_modules\\node-cron\\dist\\cjs\\scheduler\\runner.js:70:44)","timestamp":"2026-01-17T17:15:01.924Z"}
{"level":"info","message":"Data ingestion cycle completed","timestamp":"2026-01-17T17:15:02.136Z"}
{"level":"info","message":"Starting data ingestion cycle","timestamp":"2026-01-17T17:16:00.041Z"}
{"error":"ENOENT: no such file or directory, open 'D:\\Puvi\\VIDVEDAA_PROJECT\\POSIntegration\\vendordetails.txt'","level":"warn","message":"Could not load vendor filter","timestamp":"2026-01-17T17:16:00.043Z"}
{"level":"info","message":"Found 1 active configurations","timestamp":"2026-01-17T17:16:00.231Z"}
{"CUSTOMERID":"VVC00043","URL":"https://kmjl.seaerpnxt.app/api/SEAapi/ManageKMJLAPI","configId":"46a5b516-c484-4ca6-99e6-89f8ae23971a","level":"info","message":"Processing configuration","outlet":"DOMESTIC 1","sourceType":"API","timestamp":"2026-01-17T17:16:00.232Z","vendor":"KALAMANDIR"}
{"level":"info","message":"Data fetched successfully","recordCount":1,"timestamp":"2026-01-17T17:16:02.518Z"}
{"level":"info","message":"Data mapped successfully","timestamp":"2026-01-17T17:16:02.534Z","transactionCount":1}
{"error":"invalid input syntax for type numeric: \"{\"104562.72\",\"48998.29\"}\"","level":"error","message":"Transaction insert failed","stack":"error: invalid input syntax for type numeric: \"{\"104562.72\",\"48998.29\"}\"\n    at D:\\Puvi\\VIDVEDAA_PROJECT\\POSIntegration\\node_modules\\pg\\lib\\client.js:545:17\n    at process.processTicksAndRejections (node:internal/process/task_queues:105:5)\n    at async DataInserter.insertTransaction (D:\\Puvi\\VIDVEDAA_PROJECT\\POSIntegration\\src\\services\\DataInserter.js:184:5)\n    at async IntegrationOrchestrator.processConfig (D:\\Puvi\\VIDVEDAA_PROJECT\\POSIntegration\\src\\services\\IntegrationOrchestrator.js:164:13)\n    at async IntegrationOrchestrator.executeIngestion (D:\\Puvi\\VIDVEDAA_PROJECT\\POSIntegration\\src\\services\\IntegrationOrchestrator.js:27:9)\n    at async D:\\Puvi\\VIDVEDAA_PROJECT\\POSIntegration\\index.js:62:7\n    at async Timeout._onTimeout (D:\\Puvi\\VIDVEDAA_PROJECT\\POSIntegration\\node_modules\\node-cron\\dist\\cjs\\scheduler\\runner.js:70:44)","timestamp":"2026-01-17T17:16:02.552Z","transactionId":"407INV25-94"}
{"configId":"46a5b516-c484-4ca6-99e6-89f8ae23971a","error":"current transaction is aborted, commands ignored until end of transaction block","level":"error","message":"Configuration processing failed","stack":"error: current transaction is aborted, commands ignored until end of transaction block\n    at D:\\Puvi\\VIDVEDAA_PROJECT\\POSIntegration\\node_modules\\pg\\lib\\client.js:545:17\n    at process.processTicksAndRejections (node:internal/process/task_queues:105:5)\n    at async DataInserter.logException (D:\\Puvi\\VIDVEDAA_PROJECT\\POSIntegration\\src\\services\\DataInserter.js:405:5)\n    at async IntegrationOrchestrator.processConfig (D:\\Puvi\\VIDVEDAA_PROJECT\\POSIntegration\\src\\services\\IntegrationOrchestrator.js:186:13)\n    at async IntegrationOrchestrator.executeIngestion (D:\\Puvi\\VIDVEDAA_PROJECT\\POSIntegration\\src\\services\\IntegrationOrchestrator.js:27:9)\n    at async D:\\Puvi\\VIDVEDAA_PROJECT\\POSIntegration\\index.js:62:7\n    at async Timeout._onTimeout (D:\\Puvi\\VIDVEDAA_PROJECT\\POSIntegration\\node_modules\\node-cron\\dist\\cjs\\scheduler\\runner.js:70:44)","timestamp":"2026-01-17T17:16:02.557Z"}
{"level":"info","message":"Data ingestion cycle completed","timestamp":"2026-01-17T17:16:02.745Z"}
{"level":"info","message":"Starting data ingestion cycle","timestamp":"2026-01-17T17:17:00.044Z"}
{"error":"ENOENT: no such file or directory, open 'D:\\Puvi\\VIDVEDAA_PROJECT\\POSIntegration\\vendordetails.txt'","level":"warn","message":"Could not load vendor filter","timestamp":"2026-01-17T17:17:00.046Z"}
{"level":"info","message":"Found 1 active configurations","timestamp":"2026-01-17T17:17:00.271Z"}
{"CUSTOMERID":"VVC00043","URL":"https://kmjl.seaerpnxt.app/api/SEAapi/ManageKMJLAPI","configId":"46a5b516-c484-4ca6-99e6-89f8ae23971a","level":"info","message":"Processing configuration","outlet":"DOMESTIC 1","sourceType":"API","timestamp":"2026-01-17T17:17:00.272Z","vendor":"KALAMANDIR"}
{"level":"info","message":"Data fetched successfully","recordCount":1,"timestamp":"2026-01-17T17:17:02.652Z"}
{"level":"info","message":"Data mapped successfully","timestamp":"2026-01-17T17:17:02.672Z","transactionCount":1}
{"error":"invalid input syntax for type numeric: \"{\"104562.72\",\"48998.29\"}\"","level":"error","message":"Transaction insert failed","stack":"error: invalid input syntax for type numeric: \"{\"104562.72\",\"48998.29\"}\"\n    at D:\\Puvi\\VIDVEDAA_PROJECT\\POSIntegration\\node_modules\\pg\\lib\\client.js:545:17\n    at process.processTicksAndRejections (node:internal/process/task_queues:105:5)\n    at async DataInserter.insertTransaction (D:\\Puvi\\VIDVEDAA_PROJECT\\POSIntegration\\src\\services\\DataInserter.js:184:5)\n    at async IntegrationOrchestrator.processConfig (D:\\Puvi\\VIDVEDAA_PROJECT\\POSIntegration\\src\\services\\IntegrationOrchestrator.js:164:13)\n    at async IntegrationOrchestrator.executeIngestion (D:\\Puvi\\VIDVEDAA_PROJECT\\POSIntegration\\src\\services\\IntegrationOrchestrator.js:27:9)\n    at async D:\\Puvi\\VIDVEDAA_PROJECT\\POSIntegration\\index.js:62:7\n    at async Timeout._onTimeout (D:\\Puvi\\VIDVEDAA_PROJECT\\POSIntegration\\node_modules\\node-cron\\dist\\cjs\\scheduler\\runner.js:70:44)","timestamp":"2026-01-17T17:17:02.692Z","transactionId":"407INV25-94"}
{"configId":"46a5b516-c484-4ca6-99e6-89f8ae23971a","error":"current transaction is aborted, commands ignored until end of transaction block","level":"error","message":"Configuration processing failed","stack":"error: current transaction is aborted, commands ignored until end of transaction block\n    at D:\\Puvi\\VIDVEDAA_PROJECT\\POSIntegration\\node_modules\\pg\\lib\\client.js:545:17\n    at process.processTicksAndRejections (node:internal/process/task_queues:105:5)\n    at async DataInserter.logException (D:\\Puvi\\VIDVEDAA_PROJECT\\POSIntegration\\src\\services\\DataInserter.js:405:5)\n    at async IntegrationOrchestrator.processConfig (D:\\Puvi\\VIDVEDAA_PROJECT\\POSIntegration\\src\\services\\IntegrationOrchestrator.js:186:13)\n    at async IntegrationOrchestrator.executeIngestion (D:\\Puvi\\VIDVEDAA_PROJECT\\POSIntegration\\src\\services\\IntegrationOrchestrator.js:27:9)\n    at async D:\\Puvi\\VIDVEDAA_PROJECT\\POSIntegration\\index.js:62:7\n    at async Timeout._onTimeout (D:\\Puvi\\VIDVEDAA_PROJECT\\POSIntegration\\node_modules\\node-cron\\dist\\cjs\\scheduler\\runner.js:70:44)","timestamp":"2026-01-17T17:17:02.696Z"}
{"level":"info","message":"Data ingestion cycle completed","timestamp":"2026-01-17T17:17:02.893Z"}
{"level":"info","message":"Starting data ingestion cycle","timestamp":"2026-01-17T17:18:00.053Z"}
{"error":"ENOENT: no such file or directory, open 'D:\\Puvi\\VIDVEDAA_PROJECT\\POSIntegration\\vendordetails.txt'","level":"warn","message":"Could not load vendor filter","timestamp":"2026-01-17T17:18:00.056Z"}
{"level":"info","message":"Found 1 active configurations","timestamp":"2026-01-17T17:18:00.394Z"}
{"CUSTOMERID":"VVC00043","URL":"https://kmjl.seaerpnxt.app/api/SEAapi/ManageKMJLAPI","configId":"46a5b516-c484-4ca6-99e6-89f8ae23971a","level":"info","message":"Processing configuration","outlet":"DOMESTIC 1","sourceType":"API","timestamp":"2026-01-17T17:18:00.395Z","vendor":"KALAMANDIR"}
{"level":"info","message":"Data fetched successfully","recordCount":1,"timestamp":"2026-01-17T17:18:01.785Z"}
{"level":"info","message":"Data mapped successfully","timestamp":"2026-01-17T17:18:01.805Z","transactionCount":1}
{"error":"invalid input syntax for type numeric: \"{\"104562.72\",\"48998.29\"}\"","level":"error","message":"Transaction insert failed","stack":"error: invalid input syntax for type numeric: \"{\"104562.72\",\"48998.29\"}\"\n    at D:\\Puvi\\VIDVEDAA_PROJECT\\POSIntegration\\node_modules\\pg\\lib\\client.js:545:17\n    at process.processTicksAndRejections (node:internal/process/task_queues:105:5)\n    at async DataInserter.insertTransaction (D:\\Puvi\\VIDVEDAA_PROJECT\\POSIntegration\\src\\services\\DataInserter.js:184:5)\n    at async IntegrationOrchestrator.processConfig (D:\\Puvi\\VIDVEDAA_PROJECT\\POSIntegration\\src\\services\\IntegrationOrchestrator.js:164:13)\n    at async IntegrationOrchestrator.executeIngestion (D:\\Puvi\\VIDVEDAA_PROJECT\\POSIntegration\\src\\services\\IntegrationOrchestrator.js:27:9)\n    at async D:\\Puvi\\VIDVEDAA_PROJECT\\POSIntegration\\index.js:62:7\n    at async Timeout._onTimeout (D:\\Puvi\\VIDVEDAA_PROJECT\\POSIntegration\\node_modules\\node-cron\\dist\\cjs\\scheduler\\runner.js:70:44)","timestamp":"2026-01-17T17:18:01.817Z","transactionId":"407INV25-94"}
{"configId":"46a5b516-c484-4ca6-99e6-89f8ae23971a","error":"current transaction is aborted, commands ignored until end of transaction block","level":"error","message":"Configuration processing failed","stack":"error: current transaction is aborted, commands ignored until end of transaction block\n    at D:\\Puvi\\VIDVEDAA_PROJECT\\POSIntegration\\node_modules\\pg\\lib\\client.js:545:17\n    at process.processTicksAndRejections (node:internal/process/task_queues:105:5)\n    at async DataInserter.logException (D:\\Puvi\\VIDVEDAA_PROJECT\\POSIntegration\\src\\services\\DataInserter.js:405:5)\n    at async IntegrationOrchestrator.processConfig (D:\\Puvi\\VIDVEDAA_PROJECT\\POSIntegration\\src\\services\\IntegrationOrchestrator.js:186:13)\n    at async IntegrationOrchestrator.executeIngestion (D:\\Puvi\\VIDVEDAA_PROJECT\\POSIntegration\\src\\services\\IntegrationOrchestrator.js:27:9)\n    at async D:\\Puvi\\VIDVEDAA_PROJECT\\POSIntegration\\index.js:62:7\n    at async Timeout._onTimeout (D:\\Puvi\\VIDVEDAA_PROJECT\\POSIntegration\\node_modules\\node-cron\\dist\\cjs\\scheduler\\runner.js:70:44)","timestamp":"2026-01-17T17:18:01.820Z"}
{"level":"info","message":"Data ingestion cycle completed","timestamp":"2026-01-17T17:18:01.956Z"}
{"level":"info","message":"Starting data ingestion cycle","timestamp":"2026-01-17T17:19:00.039Z"}
{"error":"ENOENT: no such file or directory, open 'D:\\Puvi\\VIDVEDAA_PROJECT\\POSIntegration\\vendordetails.txt'","level":"warn","message":"Could not load vendor filter","timestamp":"2026-01-17T17:19:00.043Z"}
{"level":"info","message":"Found 1 active configurations","timestamp":"2026-01-17T17:19:00.231Z"}
{"CUSTOMERID":"VVC00043","URL":"https://kmjl.seaerpnxt.app/api/SEAapi/ManageKMJLAPI","configId":"46a5b516-c484-4ca6-99e6-89f8ae23971a","level":"info","message":"Processing configuration","outlet":"DOMESTIC 1","sourceType":"API","timestamp":"2026-01-17T17:19:00.233Z","vendor":"KALAMANDIR"}
{"level":"info","message":"Data fetched successfully","recordCount":1,"timestamp":"2026-01-17T17:19:02.062Z"}
{"level":"info","message":"Data mapped successfully","timestamp":"2026-01-17T17:19:02.092Z","transactionCount":1}
{"configId":"46a5b516-c484-4ca6-99e6-89f8ae23971a","errors":0,"level":"info","message":"Configuration processed successfully","records":1,"skipped":0,"timestamp":"2026-01-17T17:19:02.339Z"}
{"level":"info","message":"Data ingestion cycle completed","timestamp":"2026-01-17T17:19:02.340Z"}
