{"level":"info","maxDate":"2025-12-31","message":"Max transaction date retrieved","timestamp":"2026-01-01T18:02:23.112Z"}
{"config":"c1c98150-c3f0-4534-bcee-d66e386d181b","error":"Unknown source type: undefined","level":"error","message":"Data fetch failed","timestamp":"2026-01-01T18:02:23.113Z"}
{"level":"info","maxDate":"2025-12-31","message":"Max transaction date retrieved","timestamp":"2026-01-01T18:02:36.801Z"}
{"config":"c1c98150-c3f0-4534-bcee-d66e386d181b","error":"Unknown source type: undefined","level":"error","message":"Data fetch failed","timestamp":"2026-01-01T18:02:36.803Z"}
{"level":"info","maxDate":"2025-12-31","message":"Max transaction date retrieved","timestamp":"2026-01-01T18:04:31.323Z"}
{"config":"c1c98150-c3f0-4534-bcee-d66e386d181b","error":"API URL or field mapping missing","level":"error","message":"Data fetch failed","timestamp":"2026-01-01T18:04:31.324Z"}
{"level":"info","maxDate":"2025-12-31","message":"Max transaction date retrieved","timestamp":"2026-01-01T18:05:00.062Z"}
{"config":"c1c98150-c3f0-4534-bcee-d66e386d181b","error":"API URL or field mapping missing","level":"error","message":"Data fetch failed","timestamp":"2026-01-01T18:05:00.064Z"}
{"level":"info","maxDate":"2025-12-31","message":"Max transaction date retrieved","timestamp":"2026-01-01T18:07:41.327Z"}
{"config":"c1c98150-c3f0-4534-bcee-d66e386d181b","error":"Cannot read properties of null (reading 'headers')","level":"error","message":"Data fetch failed","timestamp":"2026-01-01T18:07:41.328Z"}
{"level":"info","maxDate":"2025-12-31","message":"Max transaction date retrieved","timestamp":"2026-01-01T18:10:00.305Z"}
{"config":"c1c98150-c3f0-4534-bcee-d66e386d181b","error":"Cannot read properties of null (reading 'headers')","level":"error","message":"Data fetch failed","timestamp":"2026-01-01T18:10:00.306Z"}
{"level":"info","maxDate":"2025-12-31","message":"Max transaction date retrieved","timestamp":"2026-01-01T18:13:47.735Z"}
{"config":"c1c98150-c3f0-4534-bcee-d66e386d181b","error":"Cannot read properties of null (reading 'headers')","level":"error","message":"Data fetch failed","timestamp":"2026-01-01T18:13:47.737Z"}
{"level":"info","maxDate":"2025-12-31","message":"Max transaction date retrieved","timestamp":"2026-01-01T18:14:25.583Z"}
{"config":"c1c98150-c3f0-4534-bcee-d66e386d181b","error":"Cannot read properties of null (reading 'headers')","level":"error","message":"Data fetch failed","timestamp":"2026-01-01T18:14:25.585Z"}
{"level":"info","maxDate":"2025-12-31","message":"Max transaction date retrieved","timestamp":"2026-01-01T18:15:00.322Z"}
{"config":"c1c98150-c3f0-4534-bcee-d66e386d181b","error":"Cannot read properties of null (reading 'headers')","level":"error","message":"Data fetch failed","timestamp":"2026-01-01T18:15:00.324Z"}
{"level":"info","maxDate":"2025-12-31","message":"Max transaction date retrieved","timestamp":"2026-01-01T18:17:07.512Z"}
{"config":"c1c98150-c3f0-4534-bcee-d66e386d181b","error":"cac_xmlbody is not defined","level":"error","message":"Data fetch failed","timestamp":"2026-01-01T18:17:07.515Z"}
{"level":"info","maxDate":"2025-12-31","message":"Max transaction date retrieved","timestamp":"2026-01-01T18:17:58.661Z"}
{"config":"c1c98150-c3f0-4534-bcee-d66e386d181b","error":"headers is not defined","level":"error","message":"Data fetch failed","timestamp":"2026-01-01T18:17:58.663Z"}
{"level":"info","maxDate":"2025-12-31","message":"Max transaction date retrieved","timestamp":"2026-01-01T18:19:51.902Z"}
{"isArray":false,"level":"info","message":"RAW API RESPONSE STRUCTURE","timestamp":"2026-01-01T18:19:53.315Z","topKeys":"NOT_OBJECT","type":"string"}
{"level":"info","maxDate":"2025-12-31","message":"Max transaction date retrieved","timestamp":"2026-01-01T18:20:00.061Z"}
{"isArray":false,"level":"info","message":"RAW API RESPONSE STRUCTURE","timestamp":"2026-01-01T18:20:00.191Z","topKeys":"NOT_OBJECT","type":"string"}
{"level":"info","maxDate":"2025-12-31","message":"Max transaction date retrieved","timestamp":"2026-01-01T18:20:24.633Z"}
{"isArray":false,"level":"info","message":"RAW API RESPONSE STRUCTURE","timestamp":"2026-01-01T18:20:24.811Z","topKeys":"NOT_OBJECT","type":"string"}
{"level":"info","maxDate":"2025-12-31","message":"Max transaction date retrieved","timestamp":"2026-01-01T18:20:46.153Z"}
{"isArray":false,"level":"info","message":"RAW API RESPONSE STRUCTURE","timestamp":"2026-01-01T18:20:46.464Z","topKeys":"NOT_OBJECT","type":"string"}
{"level":"info","maxDate":"2025-12-31","message":"Max transaction date retrieved","timestamp":"2026-01-01T18:22:43.032Z"}
{"isArray":false,"level":"info","message":"RAW API RESPONSE STRUCTURE","timestamp":"2026-01-01T18:22:43.230Z","topKeys":"NOT_OBJECT","type":"string"}
