<<<<<<< HEAD
{"level":"info","message":"Starting vendor data seeding process","timestamp":"2026-02-05T14:35:26.720Z"}
{"level":"warn","message":"No vendor data found in file","timestamp":"2026-02-05T14:35:26.730Z"}
{"level":"info","message":"Starting vendor data seeding process","timestamp":"2026-02-05T14:38:23.173Z"}
{"level":"warn","message":"No vendor data found in file","timestamp":"2026-02-05T14:38:23.187Z"}
{"level":"info","message":"Starting vendor data seeding process","timestamp":"2026-02-05T14:39:41.480Z"}
{"level":"warn","message":"No vendor data found in file","timestamp":"2026-02-05T14:39:41.489Z"}
{"level":"info","message":"Starting vendor data seeding process","timestamp":"2026-02-05T14:42:39.715Z"}
{"level":"warn","message":"No vendor data found in file","timestamp":"2026-02-05T14:42:39.724Z"}
{"level":"info","message":"Starting vendor data seeding process","timestamp":"2026-02-05T14:45:15.497Z"}
{"level":"warn","message":"No vendor data found in file","timestamp":"2026-02-05T14:45:15.506Z"}
{"level":"info","message":"Starting vendor data seeding process","timestamp":"2026-02-05T14:50:15.255Z"}
{"level":"warn","message":"No vendor data found in file","timestamp":"2026-02-05T14:50:15.263Z"}
{"level":"info","message":"Starting vendor data seeding process","timestamp":"2026-02-05T14:51:34.014Z"}
{"level":"warn","message":"No vendor data found in file","timestamp":"2026-02-05T14:51:34.023Z"}
{"level":"info","message":"Starting vendor data seeding process","timestamp":"2026-02-05T14:56:07.771Z"}
{"level":"warn","message":"No vendor data found in file","timestamp":"2026-02-05T14:56:07.780Z"}
{"level":"info","message":"Starting vendor data seeding process","timestamp":"2026-02-05T15:00:17.265Z"}
{"level":"warn","message":"No vendor data found in file","timestamp":"2026-02-05T15:00:17.273Z"}
{"level":"info","message":"Starting vendor data seeding process","timestamp":"2026-02-05T18:42:39.592Z"}
{"level":"warn","message":"No vendor data found in file","timestamp":"2026-02-05T18:42:39.615Z"}
{"level":"info","message":"Starting vendor data seeding process","timestamp":"2026-02-05T18:44:05.978Z"}
{"level":"warn","message":"No vendor data found in file","timestamp":"2026-02-05T18:44:06.000Z"}
{"level":"info","message":"Starting vendor data seeding process","timestamp":"2026-02-05T18:47:55.167Z"}
{"level":"warn","message":"No vendor data found in file","timestamp":"2026-02-05T18:47:55.193Z"}
{"level":"info","message":"Starting vendor data seeding process","timestamp":"2026-02-05T18:50:37.842Z"}
{"level":"warn","message":"No vendor data found in file","timestamp":"2026-02-05T18:50:37.891Z"}
{"level":"info","message":"Starting vendor data seeding process","timestamp":"2026-02-05T18:54:41.258Z"}
{"level":"warn","message":"No vendor data found in file","timestamp":"2026-02-05T18:54:41.278Z"}
{"level":"info","message":"Starting vendor data seeding process","timestamp":"2026-02-05T19:02:21.839Z"}
{"level":"warn","message":"No vendor data found in file","timestamp":"2026-02-05T19:02:21.859Z"}
{"level":"info","message":"Starting vendor data seeding process","timestamp":"2026-02-05T19:07:49.972Z"}
{"level":"warn","message":"No vendor data found in file","timestamp":"2026-02-05T19:07:49.996Z"}
{"level":"info","message":"Starting vendor data seeding process","timestamp":"2026-02-05T19:12:31.465Z"}
{"level":"warn","message":"No vendor data found in file","timestamp":"2026-02-05T19:12:31.484Z"}
{"level":"info","message":"Starting vendor data seeding process","timestamp":"2026-02-05T19:30:59.368Z"}
{"level":"warn","message":"No vendor data found in file","timestamp":"2026-02-05T19:30:59.427Z"}
{"level":"info","message":"Starting vendor data seeding process","timestamp":"2026-02-05T19:31:47.446Z"}
{"level":"warn","message":"No vendor data found in file","timestamp":"2026-02-05T19:31:47.470Z"}
{"level":"info","message":"Starting vendor data seeding process","timestamp":"2026-02-05T19:32:58.102Z"}
{"level":"warn","message":"No vendor data found in file","timestamp":"2026-02-05T19:32:58.125Z"}
{"level":"info","message":"Starting vendor data seeding process","timestamp":"2026-02-05T19:34:24.125Z"}
{"level":"warn","message":"No vendor data found in file","timestamp":"2026-02-05T19:34:24.159Z"}
{"level":"info","message":"Starting vendor data seeding process","timestamp":"2026-02-05T19:34:27.070Z"}
{"level":"warn","message":"No vendor data found in file","timestamp":"2026-02-05T19:34:27.094Z"}
{"level":"info","message":"Starting vendor data seeding process","timestamp":"2026-02-05T19:34:39.202Z"}
{"level":"warn","message":"No vendor data found in file","timestamp":"2026-02-05T19:34:39.231Z"}
=======
{"level":"info","message":"Starting vendor data seeding process","timestamp":"2026-02-05T15:59:39.716Z"}
{"level":"warn","message":"No vendor data found in file","timestamp":"2026-02-05T15:59:39.737Z"}
{"level":"info","message":"Starting vendor data seeding process","timestamp":"2026-02-05T16:00:03.080Z"}
{"level":"warn","message":"No vendor data found in file","timestamp":"2026-02-05T16:00:03.098Z"}
>>>>>>> 4fdb4db9b5f3167e890761cc54ff0316715cfff9
