<<<<<<< Updated upstream
{"level":"info","message":"Starting vendor data seeding process","timestamp":"2026-01-31T13:33:51.624Z"}
{"level":"warn","message":"No vendor data found in file","timestamp":"2026-01-31T13:33:51.649Z"}
{"level":"info","message":"Starting vendor data seeding process","timestamp":"2026-01-31T13:36:02.001Z"}
{"level":"warn","message":"No vendor data found in file","timestamp":"2026-01-31T13:36:02.021Z"}
{"level":"info","message":"Starting vendor data seeding process","timestamp":"2026-01-31T13:40:06.911Z"}
{"level":"warn","message":"No vendor data found in file","timestamp":"2026-01-31T13:40:06.951Z"}
{"level":"info","message":"Starting vendor data seeding process","timestamp":"2026-01-31T13:44:47.793Z"}
{"level":"warn","message":"No vendor data found in file","timestamp":"2026-01-31T13:44:47.817Z"}
{"level":"info","message":"Starting vendor data seeding process","timestamp":"2026-01-31T13:45:25.371Z"}
{"level":"warn","message":"No vendor data found in file","timestamp":"2026-01-31T13:45:25.394Z"}
{"level":"info","message":"Starting vendor data seeding process","timestamp":"2026-01-31T13:47:30.555Z"}
{"level":"warn","message":"No vendor data found in file","timestamp":"2026-01-31T13:47:30.578Z"}
{"level":"info","message":"Starting vendor data seeding process","timestamp":"2026-01-31T13:50:24.357Z"}
{"level":"warn","message":"No vendor data found in file","timestamp":"2026-01-31T13:50:24.376Z"}
{"level":"info","message":"Starting vendor data seeding process","timestamp":"2026-01-31T13:50:30.738Z"}
{"level":"warn","message":"No vendor data found in file","timestamp":"2026-01-31T13:50:30.761Z"}
{"level":"info","message":"Starting vendor data seeding process","timestamp":"2026-01-31T13:52:15.515Z"}
{"level":"warn","message":"No vendor data found in file","timestamp":"2026-01-31T13:52:15.539Z"}
{"level":"info","message":"Starting vendor data seeding process","timestamp":"2026-01-31T13:54:57.879Z"}
{"level":"warn","message":"No vendor data found in file","timestamp":"2026-01-31T13:54:57.907Z"}
{"level":"info","message":"Starting vendor data seeding process","timestamp":"2026-01-31T13:55:08.798Z"}
{"level":"warn","message":"No vendor data found in file","timestamp":"2026-01-31T13:55:08.827Z"}
{"level":"info","message":"Starting vendor data seeding process","timestamp":"2026-01-31T14:05:55.207Z"}
{"level":"warn","message":"No vendor data found in file","timestamp":"2026-01-31T14:05:55.225Z"}
{"level":"info","message":"Starting vendor data seeding process","timestamp":"2026-01-31T14:14:32.103Z"}
{"level":"warn","message":"No vendor data found in file","timestamp":"2026-01-31T14:14:32.120Z"}
{"level":"info","message":"Starting vendor data seeding process","timestamp":"2026-01-31T14:17:56.091Z"}
{"level":"warn","message":"No vendor data found in file","timestamp":"2026-01-31T14:17:56.112Z"}
{"level":"info","message":"Starting vendor data seeding process","timestamp":"2026-01-31T14:18:17.126Z"}
{"level":"warn","message":"No vendor data found in file","timestamp":"2026-01-31T14:18:17.147Z"}
{"level":"info","message":"Starting vendor data seeding process","timestamp":"2026-01-31T14:20:42.596Z"}
{"level":"warn","message":"No vendor data found in file","timestamp":"2026-01-31T14:20:42.645Z"}
=======
{"level":"info","message":"Starting vendor data seeding process","timestamp":"2026-01-31T11:21:10.995Z"}
{"level":"warn","message":"No vendor data found in file","timestamp":"2026-01-31T11:21:11.023Z"}
{"level":"info","message":"Starting vendor data seeding process","timestamp":"2026-01-31T13:17:02.894Z"}
{"level":"warn","message":"No vendor data found in file","timestamp":"2026-01-31T13:17:02.915Z"}
{"level":"info","message":"Starting vendor data seeding process","timestamp":"2026-01-31T13:19:52.664Z"}
{"level":"warn","message":"No vendor data found in file","timestamp":"2026-01-31T13:19:52.684Z"}
{"level":"info","message":"Starting vendor data seeding process","timestamp":"2026-01-31T13:20:04.504Z"}
{"level":"warn","message":"No vendor data found in file","timestamp":"2026-01-31T13:20:04.547Z"}
{"level":"info","message":"Starting vendor data seeding process","timestamp":"2026-01-31T13:26:01.841Z"}
{"level":"warn","message":"No vendor data found in file","timestamp":"2026-01-31T13:26:01.857Z"}
{"level":"info","message":"Starting vendor data seeding process","timestamp":"2026-01-31T13:31:05.983Z"}
{"level":"warn","message":"No vendor data found in file","timestamp":"2026-01-31T13:31:05.999Z"}
{"level":"info","message":"Starting vendor data seeding process","timestamp":"2026-01-31T13:33:21.624Z"}
{"level":"warn","message":"No vendor data found in file","timestamp":"2026-01-31T13:33:21.641Z"}
{"level":"info","message":"Starting vendor data seeding process","timestamp":"2026-01-31T14:21:32.208Z"}
{"level":"warn","message":"No vendor data found in file","timestamp":"2026-01-31T14:21:32.232Z"}
{"level":"info","message":"Starting vendor data seeding process","timestamp":"2026-01-31T14:39:03.508Z"}
{"level":"warn","message":"No vendor data found in file","timestamp":"2026-01-31T14:39:03.524Z"}
{"level":"info","message":"Starting vendor data seeding process","timestamp":"2026-01-31T16:14:11.776Z"}
{"level":"warn","message":"No vendor data found in file","timestamp":"2026-01-31T16:14:11.793Z"}
{"level":"info","message":"Starting vendor data seeding process","timestamp":"2026-01-31T16:17:51.045Z"}
{"level":"warn","message":"No vendor data found in file","timestamp":"2026-01-31T16:17:51.063Z"}
{"level":"info","message":"Starting vendor data seeding process","timestamp":"2026-01-31T16:39:41.110Z"}
{"level":"warn","message":"No vendor data found in file","timestamp":"2026-01-31T16:39:41.125Z"}
>>>>>>> Stashed changes
