{"level":"info","message":"Fetching XML/SOAP data from API","timestamp":"2025-12-26T11:31:06.950Z","url":"https://accessorize.eshopaid.com/accessorizeMallInt/eShopaidServices.asmx"}
{"config":"5836e259-a2d5-4dfb-8d7f-0336956f6818","error":"Request failed with status code 500","level":"error","message":"Data fetch failed","timestamp":"2025-12-26T11:31:07.063Z"}
{"level":"info","message":"Fetching XML/SOAP data from API","timestamp":"2025-12-26T11:34:08.730Z","url":"https://accessorize.eshopaid.com/accessorizeMallInt/eShopaidServices.asmx"}
{"config":"5836e259-a2d5-4dfb-8d7f-0336956f6818","error":"Request failed with status code 500","level":"error","message":"Data fetch failed","timestamp":"2025-12-26T11:34:08.838Z"}
{"level":"info","message":"Fetching XML/SOAP data from API","timestamp":"2025-12-26T11:35:30.284Z","url":"https://accessorize.eshopaid.com/accessorizeMallInt/eShopaidServices.asmx"}
{"config":"5836e259-a2d5-4dfb-8d7f-0336956f6818","error":"timeout of 30000ms exceeded","level":"error","message":"Data fetch failed","timestamp":"2025-12-26T11:36:00.291Z"}
{"level":"info","message":"Fetching XML/SOAP data from API","timestamp":"2025-12-26T11:38:31.899Z","url":"https://accessorize.eshopaid.com/accessorizeMallInt/eShopaidServices.asmx"}
{"config":"5836e259-a2d5-4dfb-8d7f-0336956f6818","error":"Request failed with status code 500","level":"error","message":"Data fetch failed","timestamp":"2025-12-26T11:38:32.011Z"}
{"level":"info","message":"Fetching XML/SOAP data from API","timestamp":"2025-12-26T11:40:00.347Z","url":"https://accessorize.eshopaid.com/accessorizeMallInt/eShopaidServices.asmx"}
{"config":"5836e259-a2d5-4dfb-8d7f-0336956f6818","error":"Request failed with status code 500","level":"error","message":"Data fetch failed","timestamp":"2025-12-26T11:40:00.492Z"}
{"level":"info","message":"Fetching XML/SOAP data from API","timestamp":"2025-12-26T11:42:37.240Z","url":"https://accessorize.eshopaid.com/accessorizeMallInt/eShopaidServices.asmx"}
{"config":"5836e259-a2d5-4dfb-8d7f-0336956f6818","error":"Request failed with status code 500","level":"error","message":"Data fetch failed","timestamp":"2025-12-26T11:42:37.394Z"}
{"level":"info","message":"Fetching XML/SOAP data from API","timestamp":"2025-12-26T11:45:00.096Z","url":"https://accessorize.eshopaid.com/accessorizeMallInt/eShopaidServices.asmx"}
{"config":"5836e259-a2d5-4dfb-8d7f-0336956f6818","error":"Request failed with status code 500","level":"error","message":"Data fetch failed","timestamp":"2025-12-26T11:45:00.295Z"}
{"level":"info","message":"Fetching XML/SOAP data from API","timestamp":"2025-12-26T11:46:25.939Z","url":"https://accessorize.eshopaid.com/accessorizeMallInt/eShopaidServices.asmx"}
{"config":"5836e259-a2d5-4dfb-8d7f-0336956f6818","error":"Request failed with status code 500","level":"error","message":"Data fetch failed","timestamp":"2025-12-26T11:46:26.122Z"}
{"level":"info","message":"Fetching XML/SOAP data from API","timestamp":"2025-12-26T11:52:03.119Z","url":"https://accessorize.eshopaid.com/accessorizeMallInt/eShopaidServices.asmx"}
{"config":"5836e259-a2d5-4dfb-8d7f-0336956f6818","error":"Request failed with status code 500","level":"error","message":"Data fetch failed","timestamp":"2025-12-26T11:52:03.365Z"}
{"level":"info","message":"Fetching XML/SOAP data from API","timestamp":"2025-12-26T11:55:00.214Z","url":"https://accessorize.eshopaid.com/accessorizeMallInt/eShopaidServices.asmx"}
{"config":"5836e259-a2d5-4dfb-8d7f-0336956f6818","error":"Request failed with status code 500","level":"error","message":"Data fetch failed","timestamp":"2025-12-26T11:55:00.377Z"}
{"level":"info","message":"Fetching XML/SOAP data from API","timestamp":"2025-12-26T12:00:00.301Z","url":"https://accessorize.eshopaid.com/accessorizeMallInt/eShopaidServices.asmx"}
{"config":"5836e259-a2d5-4dfb-8d7f-0336956f6818","error":"Request failed with status code 500","level":"error","message":"Data fetch failed","timestamp":"2025-12-26T12:00:00.617Z"}
{"level":"info","message":"Fetching XML/SOAP data from API","timestamp":"2025-12-26T12:05:00.239Z","url":"https://accessorize.eshopaid.com/accessorizeMallInt/eShopaidServices.asmx"}
{"config":"5836e259-a2d5-4dfb-8d7f-0336956f6818","error":"Request failed with status code 500","level":"error","message":"Data fetch failed","timestamp":"2025-12-26T12:05:00.459Z"}
{"level":"info","message":"Fetching XML/SOAP data from API","timestamp":"2025-12-26T12:10:00.194Z","url":"https://accessorize.eshopaid.com/accessorizeMallInt/eShopaidServices.asmx"}
{"config":"5836e259-a2d5-4dfb-8d7f-0336956f6818","error":"Request failed with status code 500","level":"error","message":"Data fetch failed","timestamp":"2025-12-26T12:10:00.430Z"}
{"level":"info","message":"Fetching XML/SOAP data from API","timestamp":"2025-12-26T12:15:00.242Z","url":"https://accessorize.eshopaid.com/accessorizeMallInt/eShopaidServices.asmx"}
{"config":"5836e259-a2d5-4dfb-8d7f-0336956f6818","error":"Request failed with status code 500","level":"error","message":"Data fetch failed","timestamp":"2025-12-26T12:15:00.387Z"}
{"level":"info","message":"Fetching XML/SOAP data from API","timestamp":"2025-12-26T12:20:00.340Z","url":"https://accessorize.eshopaid.com/accessorizeMallInt/eShopaidServices.asmx"}
{"config":"5836e259-a2d5-4dfb-8d7f-0336956f6818","error":"Request failed with status code 500","level":"error","message":"Data fetch failed","timestamp":"2025-12-26T12:20:00.572Z"}
{"level":"info","message":"Fetching XML/SOAP data from API","timestamp":"2025-12-26T12:25:00.347Z","url":"https://accessorize.eshopaid.com/accessorizeMallInt/eShopaidServices.asmx"}
{"config":"5836e259-a2d5-4dfb-8d7f-0336956f6818","error":"Request failed with status code 500","level":"error","message":"Data fetch failed","timestamp":"2025-12-26T12:25:00.564Z"}
{"level":"info","message":"Fetching XML/SOAP data from API","timestamp":"2025-12-26T12:30:00.279Z","url":"https://accessorize.eshopaid.com/accessorizeMallInt/eShopaidServices.asmx"}
{"config":"5836e259-a2d5-4dfb-8d7f-0336956f6818","error":"Request failed with status code 500","level":"error","message":"Data fetch failed","timestamp":"2025-12-26T12:30:00.524Z"}
{"level":"info","message":"Fetching XML/SOAP data from API","timestamp":"2025-12-26T12:35:00.319Z","url":"https://accessorize.eshopaid.com/accessorizeMallInt/eShopaidServices.asmx"}
{"config":"5836e259-a2d5-4dfb-8d7f-0336956f6818","error":"Request failed with status code 500","level":"error","message":"Data fetch failed","timestamp":"2025-12-26T12:35:00.518Z"}
{"level":"info","message":"Fetching XML/SOAP data from API","timestamp":"2025-12-26T12:37:56.143Z","url":"https://accessorize.eshopaid.com/accessorizeMallInt/eShopaidServices.asmx"}
{"config":"5836e259-a2d5-4dfb-8d7f-0336956f6818","error":"Request failed with status code 500","level":"error","message":"Data fetch failed","timestamp":"2025-12-26T12:37:56.394Z"}
{"level":"info","message":"Fetching XML/SOAP data from API","timestamp":"2025-12-26T12:40:00.240Z","url":"https://accessorize.eshopaid.com/accessorizeMallInt/eShopaidServices.asmx"}
{"config":"5836e259-a2d5-4dfb-8d7f-0336956f6818","error":"Request failed with status code 500","level":"error","message":"Data fetch failed","timestamp":"2025-12-26T12:40:00.364Z"}
{"level":"info","message":"Fetching XML/SOAP data from API","timestamp":"2025-12-26T12:45:00.360Z","url":"https://accessorize.eshopaid.com/accessorizeMallInt/eShopaidServices.asmx"}
{"config":"5836e259-a2d5-4dfb-8d7f-0336956f6818","error":"Request failed with status code 500","level":"error","message":"Data fetch failed","timestamp":"2025-12-26T12:45:00.525Z"}
{"level":"info","message":"Fetching XML/SOAP data from API","timestamp":"2025-12-26T12:50:00.332Z","url":"https://accessorize.eshopaid.com/accessorizeMallInt/eShopaidServices.asmx"}
{"config":"5836e259-a2d5-4dfb-8d7f-0336956f6818","error":"Request failed with status code 500","level":"error","message":"Data fetch failed","timestamp":"2025-12-26T12:50:00.645Z"}
{"level":"info","message":"Fetching XML/SOAP data from API","timestamp":"2025-12-26T12:55:00.422Z","url":"https://accessorize.eshopaid.com/accessorizeMallInt/eShopaidServices.asmx"}
{"config":"5836e259-a2d5-4dfb-8d7f-0336956f6818","error":"Request failed with status code 500","level":"error","message":"Data fetch failed","timestamp":"2025-12-26T12:55:00.601Z"}
{"level":"info","message":"Fetching XML/SOAP data from API","timestamp":"2025-12-26T13:00:00.210Z","url":"https://accessorize.eshopaid.com/accessorizeMallInt/eShopaidServices.asmx"}
{"config":"5836e259-a2d5-4dfb-8d7f-0336956f6818","error":"Request failed with status code 500","level":"error","message":"Data fetch failed","timestamp":"2025-12-26T13:00:00.591Z"}
{"level":"info","message":"Fetching XML/SOAP data from API","timestamp":"2025-12-26T13:02:24.829Z","url":"https://accessorize.eshopaid.com/accessorizeMallInt/eShopaidServices.asmx"}
{"level":"info","message":"Fetching XML/SOAP data from API","timestamp":"2025-12-26T13:02:40.650Z","url":"https://accessorize.eshopaid.com/accessorizeMallInt/eShopaidServices.asmx"}
{"config":"5836e259-a2d5-4dfb-8d7f-0336956f6818","error":"Request failed with status code 500","level":"error","message":"Data fetch failed","timestamp":"2025-12-26T13:02:40.907Z"}
{"level":"info","message":"Fetching XML/SOAP data from API","timestamp":"2025-12-26T13:04:37.774Z","url":"https://accessorize.eshopaid.com/accessorizeMallInt/eShopaidServices.asmx"}
{"config":"5836e259-a2d5-4dfb-8d7f-0336956f6818","error":"Request failed with status code 500","level":"error","message":"Data fetch failed","timestamp":"2025-12-26T13:04:38.027Z"}
{"level":"info","message":"Fetching XML/SOAP data from API","timestamp":"2025-12-26T13:05:00.087Z","url":"https://accessorize.eshopaid.com/accessorizeMallInt/eShopaidServices.asmx"}
{"config":"5836e259-a2d5-4dfb-8d7f-0336956f6818","error":"Request failed with status code 500","level":"error","message":"Data fetch failed","timestamp":"2025-12-26T13:05:00.405Z"}
{"level":"info","message":"Fetching XML/SOAP data from API","timestamp":"2025-12-26T13:10:00.229Z","url":"https://accessorize.eshopaid.com/accessorizeMallInt/eShopaidServices.asmx"}
{"config":"5836e259-a2d5-4dfb-8d7f-0336956f6818","error":"Request failed with status code 500","level":"error","message":"Data fetch failed","timestamp":"2025-12-26T13:10:01.004Z"}
{"level":"info","message":"Fetching XML/SOAP data from API","timestamp":"2025-12-26T13:15:00.240Z","url":"https://accessorize.eshopaid.com/accessorizeMallInt/eShopaidServices.asmx"}
{"config":"5836e259-a2d5-4dfb-8d7f-0336956f6818","error":"Request failed with status code 500","level":"error","message":"Data fetch failed","timestamp":"2025-12-26T13:15:00.391Z"}
{"level":"info","message":"Fetching XML/SOAP data from API","timestamp":"2025-12-26T13:20:00.095Z","url":"https://accessorize.eshopaid.com/accessorizeMallInt/eShopaidServices.asmx"}
{"config":"5836e259-a2d5-4dfb-8d7f-0336956f6818","error":"Request failed with status code 500","level":"error","message":"Data fetch failed","timestamp":"2025-12-26T13:20:00.189Z"}
{"level":"info","message":"Fetching XML/SOAP data from API","timestamp":"2025-12-26T13:25:00.101Z","url":"https://accessorize.eshopaid.com/accessorizeMallInt/eShopaidServices.asmx"}
{"config":"5836e259-a2d5-4dfb-8d7f-0336956f6818","error":"Request failed with status code 500","level":"error","message":"Data fetch failed","timestamp":"2025-12-26T13:25:00.266Z"}
{"level":"info","message":"Fetching XML/SOAP data from API","timestamp":"2025-12-26T14:40:00.127Z","url":"https://accessorize.eshopaid.com/accessorizeMallInt/eShopaidServices.asmx"}
{"config":"5836e259-a2d5-4dfb-8d7f-0336956f6818","error":"Request failed with status code 500","level":"error","message":"Data fetch failed","timestamp":"2025-12-26T14:40:00.233Z"}
{"level":"info","message":"Fetching XML/SOAP data from API","timestamp":"2025-12-26T14:45:00.103Z","url":"https://accessorize.eshopaid.com/accessorizeMallInt/eShopaidServices.asmx"}
{"config":"5836e259-a2d5-4dfb-8d7f-0336956f6818","error":"Request failed with status code 500","level":"error","message":"Data fetch failed","timestamp":"2025-12-26T14:45:00.184Z"}
{"level":"info","message":"Fetching XML/SOAP data from API","timestamp":"2025-12-26T14:50:00.115Z","url":"https://accessorize.eshopaid.com/accessorizeMallInt/eShopaidServices.asmx"}
{"config":"5836e259-a2d5-4dfb-8d7f-0336956f6818","error":"Request failed with status code 500","level":"error","message":"Data fetch failed","timestamp":"2025-12-26T14:50:00.201Z"}
{"level":"info","message":"Fetching XML/SOAP data from API","timestamp":"2025-12-26T14:55:00.089Z","url":"https://accessorize.eshopaid.com/accessorizeMallInt/eShopaidServices.asmx"}
{"config":"5836e259-a2d5-4dfb-8d7f-0336956f6818","error":"Request failed with status code 500","level":"error","message":"Data fetch failed","timestamp":"2025-12-26T14:55:00.170Z"}
{"level":"info","message":"Fetching XML/SOAP data from API","timestamp":"2025-12-26T15:00:00.088Z","url":"https://accessorize.eshopaid.com/accessorizeMallInt/eShopaidServices.asmx"}
{"config":"5836e259-a2d5-4dfb-8d7f-0336956f6818","error":"Request failed with status code 500","level":"error","message":"Data fetch failed","timestamp":"2025-12-26T15:00:00.174Z"}
{"level":"info","message":"Fetching XML/SOAP data from API","timestamp":"2025-12-26T15:05:00.100Z","url":"https://accessorize.eshopaid.com/accessorizeMallInt/eShopaidServices.asmx"}
{"config":"5836e259-a2d5-4dfb-8d7f-0336956f6818","error":"Request failed with status code 500","level":"error","message":"Data fetch failed","timestamp":"2025-12-26T15:05:00.194Z"}
{"level":"info","message":"Fetching XML/SOAP data from API","timestamp":"2025-12-26T15:30:00.156Z","url":"https://accessorize.eshopaid.com/accessorizeMallInt/eShopaidServices.asmx"}
{"config":"5836e259-a2d5-4dfb-8d7f-0336956f6818","error":"Request failed with status code 500","level":"error","message":"Data fetch failed","timestamp":"2025-12-26T15:30:00.293Z"}
{"level":"info","message":"Fetching XML/SOAP data from API","timestamp":"2025-12-26T15:32:42.383Z","url":"https://accessorize.eshopaid.com/accessorizeMallInt/eShopaidServices.asmx"}
{"config":"5836e259-a2d5-4dfb-8d7f-0336956f6818","error":"Request failed with status code 500","level":"error","message":"Data fetch failed","timestamp":"2025-12-26T15:32:42.678Z"}
{"level":"info","message":"Fetching XML/SOAP data from API","timestamp":"2025-12-26T15:35:00.224Z","url":"https://accessorize.eshopaid.com/accessorizeMallInt/eShopaidServices.asmx"}
{"config":"5836e259-a2d5-4dfb-8d7f-0336956f6818","error":"Request failed with status code 500","level":"error","message":"Data fetch failed","timestamp":"2025-12-26T15:35:00.333Z"}
{"level":"info","message":"Fetching XML/SOAP data from API","timestamp":"2025-12-26T15:40:00.178Z","url":"https://accessorize.eshopaid.com/accessorizeMallInt/eShopaidServices.asmx"}
{"config":"5836e259-a2d5-4dfb-8d7f-0336956f6818","error":"Request failed with status code 500","level":"error","message":"Data fetch failed","timestamp":"2025-12-26T15:40:00.266Z"}
{"level":"info","message":"Fetching XML/SOAP data from API","timestamp":"2025-12-26T15:45:00.193Z","url":"https://accessorize.eshopaid.com/accessorizeMallInt/eShopaidServices.asmx"}
{"config":"5836e259-a2d5-4dfb-8d7f-0336956f6818","error":"Request failed with status code 500","level":"error","message":"Data fetch failed","timestamp":"2025-12-26T15:45:00.276Z"}
{"level":"info","message":"Fetching XML/SOAP data from API","timestamp":"2025-12-26T15:50:00.219Z","url":"https://accessorize.eshopaid.com/accessorizeMallInt/eShopaidServices.asmx"}
{"config":"5836e259-a2d5-4dfb-8d7f-0336956f6818","error":"Request failed with status code 500","level":"error","message":"Data fetch failed","timestamp":"2025-12-26T15:50:00.325Z"}
{"level":"info","maxDate":"2025-12-25","message":"Max transaction date retrieved","timestamp":"2025-12-26T17:18:14.131Z"}
{"fromDate":"2025-12-25","level":"info","message":"Fetching XML/SOAP data from API","timestamp":"2025-12-26T17:18:14.133Z","url":"https://accessorize.eshopaid.com/accessorizeMallInt/eShopaidServices.asmx"}
{"config":"5836e259-a2d5-4dfb-8d7f-0336956f6818","error":"Request failed with status code 500","level":"error","message":"Data fetch failed","timestamp":"2025-12-26T17:18:14.370Z"}
{"level":"info","maxDate":"2025-12-25","message":"Max transaction date retrieved","timestamp":"2025-12-26T17:20:00.290Z"}
{"fromDate":"2025-12-25","level":"info","message":"Fetching XML/SOAP data from API","timestamp":"2025-12-26T17:20:00.291Z","url":"https://accessorize.eshopaid.com/accessorizeMallInt/eShopaidServices.asmx"}
{"config":"5836e259-a2d5-4dfb-8d7f-0336956f6818","error":"Request failed with status code 500","level":"error","message":"Data fetch failed","timestamp":"2025-12-26T17:20:00.394Z"}
{"level":"info","maxDate":"2025-12-25","message":"Max transaction date retrieved","timestamp":"2025-12-26T17:25:00.225Z"}
{"fromDate":"2025-12-25","level":"info","message":"Fetching XML/SOAP data from API","timestamp":"2025-12-26T17:25:00.225Z","url":"https://accessorize.eshopaid.com/accessorizeMallInt/eShopaidServices.asmx"}
{"config":"5836e259-a2d5-4dfb-8d7f-0336956f6818","error":"Request failed with status code 500","level":"error","message":"Data fetch failed","timestamp":"2025-12-26T17:25:00.328Z"}
{"level":"info","maxDate":"2025-12-25","message":"Max transaction date retrieved","timestamp":"2025-12-26T17:30:00.231Z"}
{"fromDate":"2025-12-25","level":"info","message":"Fetching XML/SOAP data from API","timestamp":"2025-12-26T17:30:00.231Z","url":"https://accessorize.eshopaid.com/accessorizeMallInt/eShopaidServices.asmx"}
{"config":"5836e259-a2d5-4dfb-8d7f-0336956f6818","error":"Request failed with status code 500","level":"error","message":"Data fetch failed","timestamp":"2025-12-26T17:30:00.397Z"}
{"level":"info","maxDate":"2025-12-25","message":"Max transaction date retrieved","timestamp":"2025-12-26T17:35:00.285Z"}
{"fromDate":"2025-12-25","level":"info","message":"Fetching XML/SOAP data from API","timestamp":"2025-12-26T17:35:00.286Z","url":"https://accessorize.eshopaid.com/accessorizeMallInt/eShopaidServices.asmx"}
{"config":"5836e259-a2d5-4dfb-8d7f-0336956f6818","error":"Request failed with status code 500","level":"error","message":"Data fetch failed","timestamp":"2025-12-26T17:35:00.408Z"}
{"level":"info","maxDate":"2025-12-25","message":"Max transaction date retrieved","timestamp":"2025-12-26T17:46:15.170Z"}
{"fromDate":"2025-12-25","level":"info","message":"Fetching XML/SOAP data from API","timestamp":"2025-12-26T17:46:15.171Z","url":"https://accessorize.eshopaid.com/accessorizeMallInt/eShopaidServices.asmx"}
{"config":"5836e259-a2d5-4dfb-8d7f-0336956f6818","error":"Request failed with status code 500","level":"error","message":"Data fetch failed","timestamp":"2025-12-26T17:46:15.404Z"}
{"level":"info","maxDate":"2025-12-25","message":"Max transaction date retrieved","timestamp":"2025-12-26T17:58:03.020Z"}
{"fromDate":"2025-12-25","level":"info","message":"Fetching XML/SOAP data from API","timestamp":"2025-12-26T17:58:03.022Z","url":"https://accessorize.eshopaid.com/accessorizeMallInt/eShopaidServices.asmx"}
{"config":"5836e259-a2d5-4dfb-8d7f-0336956f6818","error":"Request failed with status code 500","level":"error","message":"Data fetch failed","timestamp":"2025-12-26T17:58:03.260Z"}
{"level":"info","maxDate":"2025-12-25","message":"Max transaction date retrieved","timestamp":"2025-12-26T18:00:00.266Z"}
{"fromDate":"2025-12-25","level":"info","message":"Fetching XML/SOAP data from API","timestamp":"2025-12-26T18:00:00.267Z","url":"https://accessorize.eshopaid.com/accessorizeMallInt/eShopaidServices.asmx"}
{"config":"5836e259-a2d5-4dfb-8d7f-0336956f6818","error":"Request failed with status code 500","level":"error","message":"Data fetch failed","timestamp":"2025-12-26T18:00:00.362Z"}
{"level":"info","maxDate":"2025-12-25","message":"Max transaction date retrieved","timestamp":"2025-12-26T18:05:00.239Z"}
{"fromDate":"2025-12-25","level":"info","message":"Fetching XML/SOAP data from API","timestamp":"2025-12-26T18:05:00.239Z","url":"https://accessorize.eshopaid.com/accessorizeMallInt/eShopaidServices.asmx"}
{"config":"5836e259-a2d5-4dfb-8d7f-0336956f6818","error":"Request failed with status code 500","level":"error","message":"Data fetch failed","timestamp":"2025-12-26T18:05:00.358Z"}
{"level":"info","maxDate":"2025-12-25","message":"Max transaction date retrieved","timestamp":"2025-12-26T18:10:00.342Z"}
{"fromDate":"2025-12-25","level":"info","message":"Fetching XML/SOAP data from API","timestamp":"2025-12-26T18:10:00.343Z","url":"https://accessorize.eshopaid.com/accessorizeMallInt/eShopaidServices.asmx"}
{"config":"5836e259-a2d5-4dfb-8d7f-0336956f6818","error":"Request failed with status code 500","level":"error","message":"Data fetch failed","timestamp":"2025-12-26T18:10:00.426Z"}
{"level":"info","maxDate":"2025-12-25","message":"Max transaction date retrieved","timestamp":"2025-12-26T18:18:24.681Z"}
{"fromDate":"2025-12-25","level":"info","message":"Fetching XML/SOAP data from API","timestamp":"2025-12-26T18:18:24.682Z","url":"https://accessorize.eshopaid.com/accessorizeMallInt/eShopaidServices.asmx"}
{"config":"5836e259-a2d5-4dfb-8d7f-0336956f6818","error":"Request failed with status code 500","level":"error","message":"Data fetch failed","timestamp":"2025-12-26T18:18:25.009Z"}
